0.120000000000E+02 0.000000000000E+00 -.200000000000E+02 -.200000000000E+02 0.289061940105E+00 -.200000000000E+02 -.200000000000E+02 -.200000000000E+02 -.200000000000E+02 -.200000000000E+02 -.200000000000E+02 -.200000000000E+02 -.200000000000E+02
0.240000000000E+02 0.000000000000E+00 -.200000000000E+02 -.200000000000E+02 0.288981272691E+00 -.200000000000E+02 -.200000000000E+02 -.200000000000E+02 -.200000000000E+02 -.200000000000E+02 -.200000000000E+02 -.200000000000E+02 -.200000000000E+02
0.420000000000E+02 0.000000000000E+00 -.200000000000E+02 -.200000000000E+02 0.288979980017E+00 -.200000000000E+02 -.200000000000E+02 -.200000000000E+02 -.200000000000E+02 -.200000000000E+02 -.200000000000E+02 -.200000000000E+02 -.200000000000E+02
0.690000000000E+02 0.000000000000E+00 -.200000000000E+02 -.200000000000E+02 0.288975332890E+00 -.200000000000E+02 -.200000000000E+02 -.200000000000E+02 -.200000000000E+02 -.200000000000E+02 -.200000000000E+02 -.200000000000E+02 -.200000000000E+02
0.109500000000E+03 0.000000000000E+00 -.200000000000E+02 -.200000000000E+02 0.288964272863E+00 -.200000000000E+02 -.200000000000E+02 -.200000000000E+02 -.200000000000E+02 -.200000000000E+02 -.200000000000E+02 -.200000000000E+02 -.200000000000E+02
0.170250000000E+03 0.000000000000E+00 -.200000000000E+02 -.200000000000E+02 0.288944045747E+00 -.200000000000E+02 -.200000000000E+02 -.200000000000E+02 -.200000000000E+02 -.200000000000E+02 -.200000000000E+02 -.200000000000E+02 -.200000000000E+02
0.261375000000E+03 0.000000000000E+00 -.200000000000E+02 -.200000000000E+02 0.288912196370E+00 -.200000000000E+02 -.200000000000E+02 -.200000000000E+02 -.200000000000E+02 -.200000000000E+02 -.200000000000E+02 -.200000000000E+02 -.200000000000E+02
0.398062500000E+03 0.000000000000E+00 -.200000000000E+02 -.200000000000E+02 0.288864091843E+00 -.200000000000E+02 -.200000000000E+02 -.200000000000E+02 -.200000000000E+02 -.200000000000E+02 -.200000000000E+02 -.200000000000E+02 -.200000000000E+02
0.603093750000E+03 0.000000000000E+00 -.200000000000E+02 -.200000000000E+02 0.288791790271E+00 -.200000000000E+02 -.200000000000E+02 -.200000000000E+02 -.200000000000E+02 -.200000000000E+02 -.200000000000E+02 -.200000000000E+02 -.200000000000E+02
0.910640625000E+03 0.000000000000E+00 -.200000000000E+02 -.200000000000E+02 0.288683118868E+00 -.200000000000E+02 -.200000000000E+02 -.200000000000E+02 -.200000000000E+02 -.200000000000E+02 -.200000000000E+02 -.200000000000E+02 -.200000000000E+02
0.137196093750E+04 0.000000000000E+00 -.200000000000E+02 -.200000000000E+02 0.288519620439E+00 -.200000000000E+02 -.200000000000E+02 -.200000000000E+02 -.200000000000E+02 -.200000000000E+02 -.200000000000E+02 -.200000000000E+02 -.200000000000E+02
0.206394140625E+04 0.000000000000E+00 -.200000000000E+02 -.200000000000E+02 0.288272837835E+00 -.200000000000E+02 -.200000000000E+02 -.200000000000E+02 -.200000000000E+02 -.200000000000E+02 -.200000000000E+02 -.200000000000E+02 -.200000000000E+02
0.310191210938E+04 0.000000000000E+00 -.200000000000E+02 -.200000000000E+02 0.287900883838E+00 -.200000000000E+02 -.200000000000E+02 -.200000000000E+02 -.200000000000E+02 -.200000000000E+02 -.200000000000E+02 -.200000000000E+02 -.200000000000E+02
0.465886816406E+04 0.000000000000E+00 -.200000000000E+02 -.200000000000E+02 0.287375998692E+00 -.200000000000E+02 -.200000000000E+02 -.200000000000E+02 -.200000000000E+02 -.200000000000E+02 -.200000000000E+02 -.200000000000E+02 -.200000000000E+02
0.699430224609E+04 0.000000000000E+00 -.200000000000E+02 -.200000000000E+02 0.286603371207E+00 -.200000000000E+02 -.200000000000E+02 -.200000000000E+02 -.200000000000E+02 -.200000000000E+02 -.200000000000E+02 -.200000000000E+02 -.200000000000E+02
0.104974533691E+05 0.000000000000E+00 -.200000000000E+02 -.200000000000E+02 0.285433139761E+00 -.200000000000E+02 -.200000000000E+02 -.200000000000E+02 -.200000000000E+02 -.200000000000E+02 -.200000000000E+02 -.200000000000E+02 -.200000000000E+02
0.157521800537E+05 0.000000000000E+00 -.200000000000E+02 -.200000000000E+02 0.283630049903E+00 -.200000000000E+02 -.200000000000E+02 -.200000000000E+02 -.200000000000E+02 -.200000000000E+02 -.200000000000E+02 -.200000000000E+02 -.200000000000E+02
0.236342700806E+05 0.000000000000E+00 -.200000000000E+02 -.200000000000E+02 0.280841162585E+00 -.200000000000E+02 -.200000000000E+02 -.200000000000E+02 -.200000000000E+02 -.200000000000E+02 -.200000000000E+02 -.200000000000E+02 -.200000000000E+02
0.354574051208E+05 0.000000000000E+00 -.200000000000E+02 -.200000000000E+02 0.276500066978E+00 -.200000000000E+02 -.200000000000E+02 -.200000000000E+02 -.200000000000E+02 -.200000000000E+02 -.200000000000E+02 -.200000000000E+02 -.200000000000E+02
0.531921076813E+05 0.000000000000E+00 -.200000000000E+02 -.200000000000E+02 0.270260989957E+00 -.200000000000E+02 -.200000000000E+02 -.200000000000E+02 -.200000000000E+02 -.200000000000E+02 -.200000000000E+02 -.200000000000E+02 -.200000000000E+02
0.764750956857E+05 0.000000000000E+00 -.200000000000E+02 -.200000000000E+02 0.262982776006E+00 -.200000000000E+02 -.200000000000E+02 -.200000000000E+02 -.200000000000E+02 -.200000000000E+02 -.200000000000E+02 -.200000000000E+02 -.200000000000E+02
0.100837012738E+06 0.000000000000E+00 -.200000000000E+02 -.200000000000E+02 0.258155310087E+00 -.200000000000E+02 -.200000000000E+02 -.200000000000E+02 -.200000000000E+02 -.200000000000E+02 -.200000000000E+02 -.200000000000E+02 -.200000000000E+02
0.126363888371E+06 0.000000000000E+00 -.200000000000E+02 -.200000000000E+02 0.253603819836E+00 -.200000000000E+02 -.200000000000E+02 -.200000000000E+02 -.200000000000E+02 -.200000000000E+02 -.200000000000E+02 -.200000000000E+02 -.200000000000E+02
0.152939765233E+06 0.000000000000E+00 -.200000000000E+02 -.200000000000E+02 0.248767954699E+00 -.200000000000E+02 -.200000000000E+02 -.200000000000E+02 -.200000000000E+02 -.200000000000E+02 -.200000000000E+02 -.200000000000E+02 -.200000000000E+02
0.180100821748E+06 0.000000000000E+00 -.200000000000E+02 -.200000000000E+02 0.243436940031E+00 -.200000000000E+02 -.200000000000E+02 -.200000000000E+02 -.200000000000E+02 -.200000000000E+02 -.200000000000E+02 -.200000000000E+02 -.200000000000E+02
0.207521643818E+06 0.000000000000E+00 -.200000000000E+02 -.200000000000E+02 0.238064815568E+00 -.200000000000E+02 -.200000000000E+02 -.200000000000E+02 -.200000000000E+02 -.200000000000E+02 -.200000000000E+02 -.200000000000E+02 -.200000000000E+02
0.235031870426E+06 0.000000000000E+00 -.200000000000E+02 -.200000000000E+02 0.232381298103E+00 -.200000000000E+02 -.200000000000E+02 -.200000000000E+02 -.200000000000E+02 -.200000000000E+02 -.200000000000E+02 -.200000000000E+02 -.200000000000E+02
0.262516850052E+06 0.000000000000E+00 -.200000000000E+02 -.200000000000E+02 0.226756497019E+00 -.200000000000E+02 -.200000000000E+02 -.200000000000E+02 -.200000000000E+02 -.200000000000E+02 -.200000000000E+02 -.200000000000E+02 -.200000000000E+02
0.291054574392E+06 0.000000000000E+00 -.200000000000E+02 -.200000000000E+02 0.220669647368E+00 -.200000000000E+02 -.200000000000E+02 -.200000000000E+02 -.200000000000E+02 -.200000000000E+02 -.200000000000E+02 -.200000000000E+02 -.200000000000E+02
0.320977062891E+06 0.000000000000E+00 -.200000000000E+02 -.200000000000E+02 0.214369724951E+00 -.200000000000E+02 -.200000000000E+02 -.200000000000E+02 -.200000000000E+02 -.200000000000E+02 -.200000000000E+02 -.200000000000E+02 -.200000000000E+02
0.351035922155E+06 0.000000000000E+00 -.200000000000E+02 -.200000000000E+02 0.207890267295E+00 -.200000000000E+02 -.200000000000E+02 -.200000000000E+02 -.200000000000E+02 -.200000000000E+02 -.200000000000E+02 -.200000000000E+02 -.200000000000E+02
0.380978580879E+06 0.000000000000E+00 -.200000000000E+02 -.200000000000E+02 0.201376279893E+00 -.200000000000E+02 -.200000000000E+02 -.200000000000E+02 -.200000000000E+02 -.200000000000E+02 -.200000000000E+02 -.200000000000E+02 -.200000000000E+02
0.410779093143E+06 0.000000000000E+00 -.200000000000E+02 -.200000000000E+02 0.194930259095E+00 -.200000000000E+02 -.200000000000E+02 -.200000000000E+02 -.200000000000E+02 -.200000000000E+02 -.200000000000E+02 -.200000000000E+02 -.200000000000E+02
0.440360593325E+06 0.000000000000E+00 -.200000000000E+02 -.200000000000E+02 0.188467394353E+00 -.200000000000E+02 -.200000000000E+02 -.200000000000E+02 -.200000000000E+02 -.200000000000E+02 -.200000000000E+02 -.200000000000E+02 -.200000000000E+02
0.471075668716E+06 0.000000000000E+00 -.200000000000E+02 -.200000000000E+02 0.181695363820E+00 -.200000000000E+02 -.200000000000E+02 -.200000000000E+02 -.200000000000E+02 -.200000000000E+02 -.200000000000E+02 -.200000000000E+02 -.200000000000E+02
0.502947134582E+06 0.000000000000E+00 -.200000000000E+02 -.200000000000E+02 0.174750486141E+00 -.200000000000E+02 -.200000000000E+02 -.200000000000E+02 -.200000000000E+02 -.200000000000E+02 -.200000000000E+02 -.200000000000E+02 -.200000000000E+02
0.534824814468E+06 0.000000000000E+00 -.200000000000E+02 -.200000000000E+02 0.167798415425E+00 -.200000000000E+02 -.200000000000E+02 -.200000000000E+02 -.200000000000E+02 -.200000000000E+02 -.200000000000E+02 -.200000000000E+02 -.200000000000E+02
0.566534284912E+06 0.000000000000E+00 -.200000000000E+02 -.200000000000E+02 0.160886203974E+00 -.200000000000E+02 -.200000000000E+02 -.200000000000E+02 -.200000000000E+02 -.200000000000E+02 -.200000000000E+02 -.200000000000E+02 -.200000000000E+02
0.597993873013E+06 0.000000000000E+00 -.200000000000E+02 -.200000000000E+02 0.154041344304E+00 -.200000000000E+02 -.200000000000E+02 -.200000000000E+02 -.200000000000E+02 -.200000000000E+02 -.200000000000E+02 -.200000000000E+02 -.200000000000E+02
0.629172430914E+06 0.000000000000E+00 -.200000000000E+02 -.200000000000E+02 0.147290342568E+00 -.200000000000E+02 -.200000000000E+02 -.200000000000E+02 -.200000000000E+02 -.200000000000E+02 -.200000000000E+02 -.200000000000E+02 -.200000000000E+02
0.662420706598E+06 0.000000000000E+00 -.200000000000E+02 -.200000000000E+02 0.140136784404E+00 -.200000000000E+02 -.200000000000E+02 -.200000000000E+02 -.200000000000E+02 -.200000000000E+02 -.200000000000E+02 -.200000000000E+02 -.200000000000E+02
0.695907836570E+06 0.000000000000E+00 -.200000000000E+02 -.200000000000E+02 0.132988587405E+00 -.200000000000E+02 -.200000000000E+02 -.200000000000E+02 -.200000000000E+02 -.200000000000E+02 -.200000000000E+02 -.200000000000E+02 -.200000000000E+02
0.729248066599E+06 0.000000000000E+00 -.200000000000E+02 -.200000000000E+02 0.125933217883E+00 -.200000000000E+02 -.200000000000E+02 -.200000000000E+02 -.200000000000E+02 -.200000000000E+02 -.200000000000E+02 -.200000000000E+02 -.200000000000E+02
0.762352281794E+06 0.000000000000E+00 -.200000000000E+02 -.200000000000E+02 0.118990406011E+00 -.200000000000E+02 -.200000000000E+02 -.200000000000E+02 -.200000000000E+02 -.200000000000E+02 -.200000000000E+02 -.200000000000E+02 -.200000000000E+02
0.795171595057E+06 0.000000000000E+00 -.200000000000E+02 -.200000000000E+02 0.112175689578E+00 -.200000000000E+02 -.200000000000E+02 -.200000000000E+02 -.200000000000E+02 -.200000000000E+02 -.200000000000E+02 -.200000000000E+02 -.200000000000E+02
0.828866098962E+06 0.000000000000E+00 -.200000000000E+02 -.200000000000E+02 0.105248504400E+00 -.200000000000E+02 -.200000000000E+02 -.200000000000E+02 -.200000000000E+02 -.200000000000E+02 -.200000000000E+02 -.200000000000E+02 -.200000000000E+02
0.863597404030E+06 0.000000000000E+00 -.200000000000E+02 -.200000000000E+02 0.982355852121E-01 -.200000000000E+02 -.200000000000E+02 -.200000000000E+02 -.200000000000E+02 -.200000000000E+02 -.200000000000E+02 -.200000000000E+02 -.200000000000E+02
0.898334797409E+06 0.000000000000E+00 -.200000000000E+02 -.200000000000E+02 0.913198563375E-01 -.200000000000E+02 -.200000000000E+02 -.200000000000E+02 -.200000000000E+02 -.200000000000E+02 -.200000000000E+02 -.200000000000E+02 -.200000000000E+02
0.932870392814E+06 0.000000000000E+00 -.200000000000E+02 -.200000000000E+02 0.845470593914E-01 -.200000000000E+02 -.200000000000E+02 -.200000000000E+02 -.200000000000E+02 -.200000000000E+02 -.200000000000E+02 -.200000000000E+02 -.200000000000E+02
0.967146077050E+06 0.000000000000E+00 -.200000000000E+02 -.200000000000E+02 0.779645030887E-01 -.200000000000E+02 -.200000000000E+02 -.200000000000E+02 -.200000000000E+02 -.200000000000E+02 -.200000000000E+02 -.200000000000E+02 -.200000000000E+02
0.100151752760E+07 0.000000000000E+00 -.200000000000E+02 -.200000000000E+02 0.714809586474E-01 -.200000000000E+02 -.200000000000E+02 -.200000000000E+02 -.200000000000E+02 -.200000000000E+02 -.200000000000E+02 -.200000000000E+02 -.200000000000E+02
0.103744808898E+07 0.000000000000E+00 -.200000000000E+02 -.200000000000E+02 0.648495630777E-01 -.200000000000E+02 -.200000000000E+02 -.200000000000E+02 -.200000000000E+02 -.200000000000E+02 -.200000000000E+02 -.200000000000E+02 -.200000000000E+02
0.107349262701E+07 0.000000000000E+00 -.200000000000E+02 -.200000000000E+02 0.583578253834E-01 -.200000000000E+02 -.200000000000E+02 -.200000000000E+02 -.200000000000E+02 -.200000000000E+02 -.200000000000E+02 -.200000000000E+02 -.200000000000E+02
0.110941138067E+07 0.000000000000E+00 -.200000000000E+02 -.200000000000E+02 0.520784253806E-01 -.200000000000E+02 -.200000000000E+02 -.200000000000E+02 -.200000000000E+02 -.200000000000E+02 -.200000000000E+02 -.200000000000E+02 -.200000000000E+02
0.114510892804E+07 0.000000000000E+00 -.200000000000E+02 -.200000000000E+02 0.460338664453E-01 -.200000000000E+02 -.200000000000E+02 -.200000000000E+02 -.200000000000E+02 -.200000000000E+02 -.200000000000E+02 -.200000000000E+02 -.200000000000E+02
0.118057519220E+07 0.000000000000E+00 -.200000000000E+02 -.200000000000E+02 0.402312051407E-01 -.200000000000E+02 -.200000000000E+02 -.200000000000E+02 -.200000000000E+02 -.200000000000E+02 -.200000000000E+02 -.200000000000E+02 -.200000000000E+02
0.121752208898E+07 0.000000000000E+00 -.200000000000E+02 -.200000000000E+02 0.344432830459E-01 -.200000000000E+02 -.200000000000E+02 -.200000000000E+02 -.200000000000E+02 -.200000000000E+02 -.200000000000E+02 -.200000000000E+02 -.200000000000E+02
0.125476475216E+07 0.000000000000E+00 -.200000000000E+02 -.200000000000E+02 0.288757824876E-01 -.200000000000E+02 -.200000000000E+02 -.200000000000E+02 -.200000000000E+02 -.200000000000E+02 -.200000000000E+02 -.200000000000E+02 -.200000000000E+02
0.129196229344E+07 0.000000000000E+00 -.200000000000E+02 -.200000000000E+02 0.236172237113E-01 -.200000000000E+02 -.200000000000E+02 -.200000000000E+02 -.200000000000E+02 -.200000000000E+02 -.200000000000E+02 -.200000000000E+02 -.200000000000E+02
0.132902766360E+07 0.000000000000E+00 -.200000000000E+02 -.200000000000E+02 0.187055270855E-01 -.200000000000E+02 -.200000000000E+02 -.200000000000E+02 -.200000000000E+02 -.200000000000E+02 -.200000000000E+02 -.200000000000E+02 -.200000000000E+02
0.136591888903E+07 0.000000000000E+00 -.200000000000E+02 -.200000000000E+02 0.141881976017E-01 -.200000000000E+02 -.200000000000E+02 -.200000000000E+02 -.200000000000E+02 -.200000000000E+02 -.200000000000E+02 -.200000000000E+02 -.200000000000E+02
0.140350128632E+07 0.000000000000E+00 -.200000000000E+02 -.200000000000E+02 0.100065906906E-01 -.200000000000E+02 -.200000000000E+02 -.200000000000E+02 -.200000000000E+02 -.200000000000E+02 -.200000000000E+02 -.200000000000E+02 -.200000000000E+02
0.144183563388E+07 0.000000000000E+00 -.200000000000E+02 -.200000000000E+02 0.625145065244E-02 -.200000000000E+02 -.200000000000E+02 -.200000000000E+02 -.200000000000E+02 -.200000000000E+02 -.200000000000E+02 -.200000000000E+02 -.200000000000E+02
0.148029897515E+07 0.000000000000E+00 -.200000000000E+02 -.200000000000E+02 0.311188373776E-02 -.200000000000E+02 -.200000000000E+02 -.200000000000E+02 -.200000000000E+02 -.200000000000E+02 -.200000000000E+02 -.200000000000E+02 -.200000000000E+02
0.151874019712E+07 0.000000000000E+00 -.200000000000E+02 -.200000000000E+02 0.798931628451E-03 -.200000000000E+02 -.200000000000E+02 -.200000000000E+02 -.200000000000E+02 -.200000000000E+02 -.200000000000E+02 -.200000000000E+02 -.200000000000E+02
0.155708643180E+07 -.200000000000E+02 -.200000000000E+02 -.200000000000E+02 -.200000000000E+02 -.200000000000E+02 -.200000000000E+02 -.200000000000E+02 -.200000000000E+02 -.200000000000E+02 -.200000000000E+02 -.200000000000E+02 -.200000000000E+02
0.159559496078E+07 -.200000000000E+02 -.200000000000E+02 -.200000000000E+02 -.200000000000E+02 -.200000000000E+02 -.200000000000E+02 -.200000000000E+02 -.200000000000E+02 -.200000000000E+02 -.200000000000E+02 -.200000000000E+02 -.200000000000E+02
0.163534053154E+07 -.200000000000E+02 -.200000000000E+02 -.200000000000E+02 -.200000000000E+02 -.200000000000E+02 -.200000000000E+02 -.200000000000E+02 -.200000000000E+02 -.200000000000E+02 -.200000000000E+02 -.200000000000E+02 -.200000000000E+02
0.167529437073E+07 -.200000000000E+02 -.200000000000E+02 -.200000000000E+02 -.200000000000E+02 -.200000000000E+02 -.200000000000E+02 -.200000000000E+02 -.200000000000E+02 -.200000000000E+02 -.200000000000E+02 -.200000000000E+02 -.200000000000E+02
0.171531462964E+07 -.200000000000E+02 -.200000000000E+02 -.200000000000E+02 -.200000000000E+02 -.200000000000E+02 -.200000000000E+02 -.200000000000E+02 -.200000000000E+02 -.200000000000E+02 -.200000000000E+02 -.200000000000E+02 -.200000000000E+02
0.175535775702E+07 -.200000000000E+02 -.200000000000E+02 -.200000000000E+02 -.200000000000E+02 -.200000000000E+02 -.200000000000E+02 -.200000000000E+02 -.200000000000E+02 -.200000000000E+02 -.200000000000E+02 -.200000000000E+02 -.200000000000E+02
0.179541299729E+07 -.200000000000E+02 -.200000000000E+02 -.200000000000E+02 -.200000000000E+02 -.200000000000E+02 -.200000000000E+02 -.200000000000E+02 -.200000000000E+02 -.200000000000E+02 -.200000000000E+02 -.200000000000E+02 -.200000000000E+02
0.183635013543E+07 -.200000000000E+02 -.200000000000E+02 -.200000000000E+02 -.200000000000E+02 -.200000000000E+02 -.200000000000E+02 -.200000000000E+02 -.200000000000E+02 -.200000000000E+02 -.200000000000E+02 -.200000000000E+02 -.200000000000E+02
0.187795215521E+07 -.200000000000E+02 -.200000000000E+02 -.200000000000E+02 -.200000000000E+02 -.200000000000E+02 -.200000000000E+02 -.200000000000E+02 -.200000000000E+02 -.200000000000E+02 -.200000000000E+02 -.200000000000E+02 -.200000000000E+02
0.191977070170E+07 -.200000000000E+02 -.200000000000E+02 -.200000000000E+02 -.200000000000E+02 -.200000000000E+02 -.200000000000E+02 -.200000000000E+02 -.200000000000E+02 -.200000000000E+02 -.200000000000E+02 -.200000000000E+02 -.200000000000E+02
0.196176022647E+07 -.200000000000E+02 -.200000000000E+02 -.200000000000E+02 -.200000000000E+02 -.200000000000E+02 -.200000000000E+02 -.200000000000E+02 -.200000000000E+02 -.200000000000E+02 -.200000000000E+02 -.200000000000E+02 -.200000000000E+02
0.200389740698E+07 -.200000000000E+02 -.200000000000E+02 -.200000000000E+02 -.200000000000E+02 -.200000000000E+02 -.200000000000E+02 -.200000000000E+02 -.200000000000E+02 -.200000000000E+02 -.200000000000E+02 -.200000000000E+02 -.200000000000E+02
0.204636902990E+07 -.200000000000E+02 -.200000000000E+02 -.200000000000E+02 -.200000000000E+02 -.200000000000E+02 -.200000000000E+02 -.200000000000E+02 -.200000000000E+02 -.200000000000E+02 -.200000000000E+02 -.200000000000E+02 -.200000000000E+02
0.209000938107E+07 -.200000000000E+02 -.200000000000E+02 -.200000000000E+02 -.200000000000E+02 -.200000000000E+02 -.200000000000E+02 -.200000000000E+02 -.200000000000E+02 -.200000000000E+02 -.200000000000E+02 -.200000000000E+02 -.200000000000E+02
0.213399863897E+07 -.200000000000E+02 -.200000000000E+02 -.200000000000E+02 -.200000000000E+02 -.200000000000E+02 -.200000000000E+02 -.200000000000E+02 -.200000000000E+02 -.200000000000E+02 -.200000000000E+02 -.200000000000E+02 -.200000000000E+02
0.217822511156E+07 -.200000000000E+02 -.200000000000E+02 -.200000000000E+02 -.200000000000E+02 -.200000000000E+02 -.200000000000E+02 -.200000000000E+02 -.200000000000E+02 -.200000000000E+02 -.200000000000E+02 -.200000000000E+02 -.200000000000E+02
0.222277091044E+07 -.200000000000E+02 -.200000000000E+02 -.200000000000E+02 -.200000000000E+02 -.200000000000E+02 -.200000000000E+02 -.200000000000E+02 -.200000000000E+02 -.200000000000E+02 -.200000000000E+02 -.200000000000E+02 -.200000000000E+02
0.226755742419E+07 -.200000000000E+02 -.200000000000E+02 -.200000000000E+02 -.200000000000E+02 -.200000000000E+02 -.200000000000E+02 -.200000000000E+02 -.200000000000E+02 -.200000000000E+02 -.200000000000E+02 -.200000000000E+02 -.200000000000E+02
0.231342648538E+07 -.200000000000E+02 -.200000000000E+02 -.200000000000E+02 -.200000000000E+02 -.200000000000E+02 -.200000000000E+02 -.200000000000E+02 -.200000000000E+02 -.200000000000E+02 -.200000000000E+02 -.200000000000E+02 -.200000000000E+02
0.235997699773E+07 -.200000000000E+02 -.200000000000E+02 -.200000000000E+02 -.200000000000E+02 -.200000000000E+02 -.200000000000E+02 -.200000000000E+02 -.200000000000E+02 -.200000000000E+02 -.200000000000E+02 -.200000000000E+02 -.200000000000E+02
0.240693218816E+07 -.200000000000E+02 -.200000000000E+02 -.200000000000E+02 -.200000000000E+02 -.200000000000E+02 -.200000000000E+02 -.200000000000E+02 -.200000000000E+02 -.200000000000E+02 -.200000000000E+02 -.200000000000E+02 -.200000000000E+02
0.245438308467E+07 -.200000000000E+02 -.200000000000E+02 -.200000000000E+02 -.200000000000E+02 -.200000000000E+02 -.200000000000E+02 -.200000000000E+02 -.200000000000E+02 -.200000000000E+02 -.200000000000E+02 -.200000000000E+02 -.200000000000E+02
0.250217350322E+07 -.200000000000E+02 -.200000000000E+02 -.200000000000E+02 -.200000000000E+02 -.200000000000E+02 -.200000000000E+02 -.200000000000E+02 -.200000000000E+02 -.200000000000E+02 -.200000000000E+02 -.200000000000E+02 -.200000000000E+02
0.255110323685E+07 -.200000000000E+02 -.200000000000E+02 -.200000000000E+02 -.200000000000E+02 -.200000000000E+02 -.200000000000E+02 -.200000000000E+02 -.200000000000E+02 -.200000000000E+02 -.200000000000E+02 -.200000000000E+02 -.200000000000E+02
0.260080988939E+07 -.200000000000E+02 -.200000000000E+02 -.200000000000E+02 -.200000000000E+02 -.200000000000E+02 -.200000000000E+02 -.200000000000E+02 -.200000000000E+02 -.200000000000E+02 -.200000000000E+02 -.200000000000E+02 -.200000000000E+02
0.265104014135E+07 -.200000000000E+02 -.200000000000E+02 -.200000000000E+02 -.200000000000E+02 -.200000000000E+02 -.200000000000E+02 -.200000000000E+02 -.200000000000E+02 -.200000000000E+02 -.200000000000E+02 -.200000000000E+02 -.200000000000E+02
0.270182717274E+07 -.200000000000E+02 -.200000000000E+02 -.200000000000E+02 -.200000000000E+02 -.200000000000E+02 -.200000000000E+02 -.200000000000E+02 -.200000000000E+02 -.200000000000E+02 -.200000000000E+02 -.200000000000E+02 -.200000000000E+02
0.275346529624E+07 -.200000000000E+02 -.200000000000E+02 -.200000000000E+02 -.200000000000E+02 -.200000000000E+02 -.200000000000E+02 -.200000000000E+02 -.200000000000E+02 -.200000000000E+02 -.200000000000E+02 -.200000000000E+02 -.200000000000E+02
0.280625366458E+07 -.200000000000E+02 -.200000000000E+02 -.200000000000E+02 -.200000000000E+02 -.200000000000E+02 -.200000000000E+02 -.200000000000E+02 -.200000000000E+02 -.200000000000E+02 -.200000000000E+02 -.200000000000E+02 -.200000000000E+02
0.285967145700E+07 -.200000000000E+02 -.200000000000E+02 -.200000000000E+02 -.200000000000E+02 -.200000000000E+02 -.200000000000E+02 -.200000000000E+02 -.200000000000E+02 -.200000000000E+02 -.200000000000E+02 -.200000000000E+02 -.200000000000E+02
0.291374767285E+07 -.200000000000E+02 -.200000000000E+02 -.200000000000E+02 -.200000000000E+02 -.200000000000E+02 -.200000000000E+02 -.200000000000E+02 -.200000000000E+02 -.200000000000E+02 -.200000000000E+02 -.200000000000E+02 -.200000000000E+02
0.296924853509E+07 -.200000000000E+02 -.200000000000E+02 -.200000000000E+02 -.200000000000E+02 -.200000000000E+02 -.200000000000E+02 -.200000000000E+02 -.200000000000E+02 -.200000000000E+02 -.200000000000E+02 -.200000000000E+02 -.200000000000E+02
0.302545043222E+07 -.200000000000E+02 -.200000000000E+02 -.200000000000E+02 -.200000000000E+02 -.200000000000E+02 -.200000000000E+02 -.200000000000E+02 -.200000000000E+02 -.200000000000E+02 -.200000000000E+02 -.200000000000E+02 -.200000000000E+02
0.308295527715E+07 -.200000000000E+02 -.200000000000E+02 -.200000000000E+02 -.200000000000E+02 -.200000000000E+02 -.200000000000E+02 -.200000000000E+02 -.200000000000E+02 -.200000000000E+02 -.200000000000E+02 -.200000000000E+02 -.200000000000E+02
0.314152973576E+07 -.200000000000E+02 -.200000000000E+02 -.200000000000E+02 -.200000000000E+02 -.200000000000E+02 -.200000000000E+02 -.200000000000E+02 -.200000000000E+02 -.200000000000E+02 -.200000000000E+02 -.200000000000E+02 -.200000000000E+02
0.320168426165E+07 -.200000000000E+02 -.200000000000E+02 -.200000000000E+02 -.200000000000E+02 -.200000000000E+02 -.200000000000E+02 -.200000000000E+02 -.200000000000E+02 -.200000000000E+02 -.200000000000E+02 -.200000000000E+02 -.200000000000E+02
0.326349182670E+07 -.200000000000E+02 -.200000000000E+02 -.200000000000E+02 -.200000000000E+02 -.200000000000E+02 -.200000000000E+02 -.200000000000E+02 -.200000000000E+02 -.200000000000E+02 -.200000000000E+02 -.200000000000E+02 -.200000000000E+02
0.332748686807E+07 -.200000000000E+02 -.200000000000E+02 -.200000000000E+02 -.200000000000E+02 -.200000000000E+02 -.200000000000E+02 -.200000000000E+02 -.200000000000E+02 -.200000000000E+02 -.200000000000E+02 -.200000000000E+02 -.200000000000E+02
0.339304261063E+07 -.200000000000E+02 -.200000000000E+02 -.200000000000E+02 -.200000000000E+02 -.200000000000E+02 -.200000000000E+02 -.200000000000E+02 -.200000000000E+02 -.200000000000E+02 -.200000000000E+02 -.200000000000E+02 -.200000000000E+02
0.345768791261E+07 -.200000000000E+02 -.200000000000E+02 -.200000000000E+02 -.200000000000E+02 -.200000000000E+02 -.200000000000E+02 -.200000000000E+02 -.200000000000E+02 -.200000000000E+02 -.200000000000E+02 -.200000000000E+02 -.200000000000E+02
