     1 0.120000000000E+02 0.100000000000E+01 -.667002774434E-01 0.376351722389E+01 0.186628961981E+01 0.712115181868E+01
     2 0.240000000000E+02 0.999999999998E+00 -.667744180637E-01 0.376355176200E+01 0.186625946342E+01 0.712113241702E+01
     3 0.420000000000E+02 0.999999999995E+00 -.668253809649E-01 0.376354364505E+01 0.186625550592E+01 0.712113297913E+01
     4 0.690000000000E+02 0.999999999990E+00 -.670220816897E-01 0.376351042581E+01 0.186624294821E+01 0.712113462096E+01
     5 0.109500000000E+03 0.999999999984E+00 -.669279761790E-01 0.376352671953E+01 0.186621331188E+01 0.712113839620E+01
     6 0.170250000000E+03 0.999999999973E+00 -.669464618815E-01 0.376352326671E+01 0.186616053871E+01 0.712114444353E+01
     7 0.261375000000E+03 0.999999999958E+00 -.669692119765E-01 0.376351869064E+01 0.186607844109E+01 0.712115337467E+01
     8 0.398062500000E+03 0.999999999935E+00 -.669966706396E-01 0.376351288675E+01 0.186595705093E+01 0.712116544574E+01
     9 0.603093750000E+03 0.999999999901E+00 -.670302811937E-01 0.376350533805E+01 0.186577860629E+01 0.712118151390E+01
    10 0.910640625000E+03 0.999999999849E+00 -.670710842920E-01 0.376349547167E+01 0.186551587203E+01 0.712120294513E+01
    11 0.137196093750E+04 0.999999999771E+00 -.671198815360E-01 0.376348254555E+01 0.186513100524E+01 0.712123008560E+01
    12 0.206394140625E+04 0.999999999655E+00 -.671773518517E-01 0.376346549823E+01 0.186453771124E+01 0.712125661243E+01
    13 0.310191210938E+04 0.999999999480E+00 -.672457426659E-01 0.376344275927E+01 0.186372201623E+01 0.712129058353E+01
    14 0.465886816406E+04 0.999999999219E+00 -.673242091145E-01 0.376341194847E+01 0.186254320452E+01 0.712132024321E+01
    15 0.699430224609E+04 0.999999998826E+00 -.674186735833E-01 0.376336917187E+01 0.186083865053E+01 0.712133284777E+01
    16 0.104974533691E+05 0.999999998237E+00 -.675455203749E-01 0.376330768855E+01 0.185840664657E+01 0.712130608259E+01
    17 0.157521800537E+05 0.999999997354E+00 -.677405860174E-01 0.376321495297E+01 0.185490860940E+01 0.712118357109E+01
    18 0.236342700806E+05 0.999999996031E+00 -.680965965678E-01 0.376306813366E+01 0.184992210620E+01 0.712089104955E+01
    19 0.354574051208E+05 0.999999994048E+00 -.688208373889E-01 0.376282367886E+01 0.184283802464E+01 0.712029896526E+01
    20 0.531921076813E+05 0.999999991082E+00 -.703724069063E-01 0.376239648468E+01 0.183280333414E+01 0.711920722676E+01
    21 0.764750956857E+05 0.999999987207E+00 -.724603270330E-01 0.376184300445E+01 0.182036495911E+01 0.711755048467E+01
    22 0.100837012738E+06 0.999999983162E+00 -.738368903246E-01 0.376140620474E+01 0.180798932883E+01 0.711566368551E+01
    23 0.126363888371E+06 0.999999978942E+00 -.758838242494E-01 0.376087606499E+01 0.179555536112E+01 0.711357731169E+01
    24 0.152939765233E+06 0.999999974578E+00 -.787856391467E-01 0.376022499354E+01 0.178307306589E+01 0.711132561284E+01
    25 0.180100821748E+06 0.999999970157E+00 -.825837539100E-01 0.375944621808E+01 0.177071935273E+01 0.710896885485E+01
    26 0.207521643818E+06 0.999999965744E+00 -.872703448886E-01 0.375853639324E+01 0.175859572585E+01 0.710655136734E+01
    27 0.235031870426E+06 0.999999961375E+00 -.928302234092E-01 0.375749068690E+01 0.174674132716E+01 0.710409882691E+01
    28 0.262516850052E+06 0.999999957063E+00 -.978042682946E-01 0.375653134142E+01 0.173517205085E+01 0.710163057811E+01
    29 0.291054574392E+06 0.999999952631E+00 -.102056210125E+00 0.375567992156E+01 0.172341563316E+01 0.709905563966E+01
    30 0.320977062891E+06 0.999999948038E+00 -.107034667626E+00 0.375470890561E+01 0.171133915235E+01 0.709634856716E+01
    31 0.351035922155E+06 0.999999943487E+00 -.112721109747E+00 0.375362437443E+01 0.169944350290E+01 0.709362644577E+01
    32 0.380978580879E+06 0.999999939023E+00 -.119127717147E+00 0.375241906670E+01 0.168782242154E+01 0.709091438714E+01
    33 0.410779093143E+06 0.999999934657E+00 -.126287469993E+00 0.375107979309E+01 0.167645202799E+01 0.708821958575E+01
    34 0.440360593325E+06 0.999999930387E+00 -.132521981831E+00 0.374987573214E+01 0.166535053573E+01 0.708555111068E+01
    35 0.471075668716E+06 0.999999926012E+00 -.138185826893E+00 0.374874777204E+01 0.165400694964E+01 0.708278689519E+01
    36 0.502947134582E+06 0.999999921539E+00 -.144497261599E+00 0.374749844694E+01 0.164240941844E+01 0.707992922528E+01
    37 0.534824814468E+06 0.999999917139E+00 -.151423683138E+00 0.374613512096E+01 0.163099402885E+01 0.707708071592E+01
    38 0.566534284912E+06 0.999999912839E+00 -.159032323585E+00 0.374463964807E+01 0.161979382177E+01 0.707426081084E+01
    39 0.597993873013E+06 0.999999908656E+00 -.167313740242E+00 0.374301036361E+01 0.160884228303E+01 0.707147345087E+01
    40 0.629172430914E+06 0.999999904569E+00 -.173531452586E+00 0.374171287668E+01 0.159812774673E+01 0.706872635392E+01
    41 0.662420706598E+06 0.999999900279E+00 -.180324303815E+00 0.374028696947E+01 0.158684812217E+01 0.706580918041E+01
    42 0.695907836570E+06 0.999999896029E+00 -.187658338869E+00 0.373874906576E+01 0.157563419216E+01 0.706288697507E+01
    43 0.729248066599E+06 0.999999891875E+00 -.195578901696E+00 0.373708907805E+01 0.156460642564E+01 0.705999403437E+01
    44 0.762352281794E+06 0.999999887829E+00 -.204125088162E+00 0.373529605890E+01 0.155379462341E+01 0.705713581298E+01
    45 0.795171595057E+06 0.999999883888E+00 -.211891774117E+00 0.373361788595E+01 0.154319588096E+01 0.705431865336E+01
    46 0.828866098962E+06 0.999999879906E+00 -.219045380271E+00 0.373201818268E+01 0.153243850096E+01 0.705144227095E+01
    47 0.863597404030E+06 0.999999875870E+00 -.226726540416E+00 0.373029504414E+01 0.152147631252E+01 0.704849352338E+01
    48 0.898334797409E+06 0.999999871907E+00 -.234935815102E+00 0.372845252100E+01 0.151063185031E+01 0.704556238770E+01
    49 0.932870392814E+06 0.999999868041E+00 -.243718024927E+00 0.372648029157E+01 0.149996986407E+01 0.704266488100E+01
    50 0.967146077050E+06 0.999999864280E+00 -.252632633100E+00 0.372445732885E+01 0.148950193198E+01 0.703980535801E+01
    51 0.100151752760E+07 0.999999860567E+00 -.260101698785E+00 0.372267811692E+01 0.147911139366E+01 0.703695578509E+01
    52 0.103744808898E+07 0.999999856752E+00 -.268092545532E+00 0.372076353856E+01 0.146835509081E+01 0.703399401067E+01
    53 0.107349262701E+07 0.999999852992E+00 -.276525747830E+00 0.371874121324E+01 0.145768052179E+01 0.703104021775E+01
    54 0.110941138067E+07 0.999999849317E+00 -.285502576989E+00 0.371658912421E+01 0.144714871190E+01 0.702811458064E+01
    55 0.114510892804E+07 0.999999845736E+00 -.294969776914E+00 0.371432145674E+01 0.143678152224E+01 0.702522414129E+01
    56 0.118057519220E+07 0.999999842237E+00 -.302919728887E+00 0.371232534007E+01 0.142658065441E+01 0.702237055024E+01
    57 0.121752208898E+07 0.999999838652E+00 -.311112480386E+00 0.371024058381E+01 0.141605462630E+01 0.701941433925E+01
    58 0.125476475216E+07 0.999999835101E+00 -.319643753683E+00 0.370806643767E+01 0.140554427596E+01 0.701645287913E+01
    59 0.129196229344E+07 0.999999831619E+00 -.328582533791E+00 0.370579088595E+01 0.139514369714E+01 0.701351320975E+01
    60 0.132902766360E+07 0.999999828214E+00 -.337964629896E+00 0.370340682986E+01 0.138487319994E+01 0.701060150202E+01
    61 0.136591888903E+07 0.999999824884E+00 -.346643177435E+00 0.370114229356E+01 0.137474612663E+01 0.700772081872E+01
    62 0.140350128632E+07 0.999999821546E+00 -.354797851955E+00 0.369895194526E+01 0.136452074450E+01 0.700480381805E+01
    63 0.144183563388E+07 0.999999818197E+00 -.363217642974E+00 0.369668206874E+01 0.135418152401E+01 0.700184638336E+01
    64 0.148029897515E+07 0.999999814893E+00 -.371963199541E+00 0.369432611169E+01 0.134389836539E+01 0.699889725287E+01
    65 0.151874019712E+07 0.999999811650E+00 -.381124170684E+00 0.369186450472E+01 0.133370950050E+01 0.699596758839E+01
    66 0.155708643180E+07 0.999999808472E+00 -.390335026163E+00 0.368937644332E+01 0.132363426065E+01 0.699306227491E+01
    67 0.159559496078E+07 0.999999805329E+00 -.398318851778E+00 0.368711881186E+01 0.131360400111E+01 0.699016292506E+01
    68 0.163534053154E+07 0.999999802135E+00 -.406588201056E+00 0.368476725846E+01 0.130333656130E+01 0.698718816045E+01
    69 0.167529437073E+07 0.999999798975E+00 -.415076511441E+00 0.368235226196E+01 0.129310275928E+01 0.698421642346E+01
    70 0.171531462964E+07 0.999999795861E+00 -.423840692283E+00 0.367986334013E+01 0.128293764786E+01 0.698125802595E+01
    71 0.175535775702E+07 0.999999792797E+00 -.432889213125E+00 0.367729993966E+01 0.127285027208E+01 0.697831573576E+01
    72 0.179541299729E+07 0.999999789779E+00 -.441140160162E+00 0.367488561040E+01 0.126284375001E+01 0.697539110991E+01
    73 0.183635013543E+07 0.999999786737E+00 -.449079042183E+00 0.367250833676E+01 0.125270103276E+01 0.697242029750E+01
    74 0.187795215521E+07 0.999999783691E+00 -.457209139500E+00 0.367006678582E+01 0.124247770732E+01 0.696941992822E+01
    75 0.191977070170E+07 0.999999780675E+00 -.465508383326E+00 0.366757447701E+01 0.123228555667E+01 0.696642286648E+01
    76 0.196176022647E+07 0.999999777691E+00 -.474017477572E+00 0.366502339115E+01 0.122213475968E+01 0.696343219299E+01
    77 0.200389740698E+07 0.999999774742E+00 -.482479418709E+00 0.366246823183E+01 0.121203040830E+01 0.696044967664E+01
    78 0.204636902990E+07 0.999999771806E+00 -.489889535001E+00 0.366012035815E+01 0.120192900723E+01 0.695746336680E+01
    79 0.209000938107E+07 0.999999768828E+00 -.497419868808E+00 0.365771712371E+01 0.119163185592E+01 0.695441421938E+01
    80 0.213399863897E+07 0.999999765865E+00 -.505056268692E+00 0.365527624051E+01 0.118133718784E+01 0.695136078852E+01
    81 0.217822511156E+07 0.999999762923E+00 -.512682732447E+00 0.365283014177E+01 0.117107211396E+01 0.694831081542E+01
    82 0.222277091044E+07 0.999999759999E+00 -.520433115268E+00 0.365034566903E+01 0.116081682559E+01 0.694525858670E+01
    83 0.226755742419E+07 0.999999757091E+00 -.527285008695E+00 0.364804081018E+01 0.115059144639E+01 0.694221111060E+01
    84 0.231342648538E+07 0.999999754144E+00 -.533860538560E+00 0.364577181250E+01 0.114020344882E+01 0.693911100228E+01
    85 0.235997699773E+07 0.999999751183E+00 -.540428119209E+00 0.364348888354E+01 0.112974782014E+01 0.693598646264E+01
    86 0.240693218816E+07 0.999999748226E+00 -.546829139078E+00 0.364123813605E+01 0.111928891021E+01 0.693285677270E+01
    87 0.245438308467E+07 0.999999745268E+00 -.553247749924E+00 0.363897390710E+01 0.110880700710E+01 0.692971608112E+01
    88 0.250217350322E+07 0.999999742311E+00 -.558753355673E+00 0.363689820376E+01 0.109834101699E+01 0.692657692503E+01
    89 0.255110323685E+07 0.999999739306E+00 -.563872098810E+00 0.363488598074E+01 0.108771518777E+01 0.692338662404E+01
    90 0.260080988939E+07 0.999999736272E+00 -.568830598476E+00 0.363289789660E+01 0.107701283623E+01 0.692017007015E+01
    91 0.265104014135E+07 0.999999733226E+00 -.573559297169E+00 0.363095778056E+01 0.106629115198E+01 0.691694452311E+01
    92 0.270182717274E+07 0.999999730162E+00 -.577771145293E+00 0.362912128381E+01 0.105554574468E+01 0.691370922872E+01
    93 0.275346529624E+07 0.999999727057E+00 -.581192125461E+00 0.362744222754E+01 0.104471752568E+01 0.691044701884E+01
    94 0.280625366458E+07 0.999999723892E+00 -.584419481895E+00 0.362578921249E+01 0.103374621193E+01 0.690713948768E+01
    95 0.285967145700E+07 0.999999720697E+00 -.587371778446E+00 0.362419406747E+01 0.102274498587E+01 0.690382081914E+01
    96 0.291374767285E+07 0.999999717464E+00 -.589371024888E+00 0.362278543918E+01 0.101171365870E+01 0.690049238344E+01
    97 0.296924853509E+07 0.999999714145E+00 -.591179565527E+00 0.362139563342E+01 0.100049695369E+01 0.689710648521E+01
    98 0.302545043222E+07 0.999999710778E+00 -.592239808013E+00 0.362015632246E+01 0.989249991571E+00 0.689371094369E+01
    99 0.308295527715E+07 0.999999707324E+00 -.592813456193E+00 0.361899474685E+01 0.977855823470E+00 0.689027082727E+01
   100 0.314152973576E+07 0.999999703789E+00 -.592557509168E+00 0.361798282248E+01 0.966369485615E+00 0.688680394352E+01
   101 0.320168426165E+07 0.999999700135E+00 -.591461045999E+00 0.361711158439E+01 0.954698751172E+00 0.688328299304E+01
   102 0.326349182670E+07 0.999999696346E+00 -.589149625968E+00 0.361644656643E+01 0.942843766343E+00 0.687971056937E+01
   103 0.332748686807E+07 0.999999692370E+00 -.584986563024E+00 0.361607740326E+01 0.930730321951E+00 0.687607037534E+01
   104 0.339304261063E+07 0.999999688196E+00 -.576190170168E+00 0.361643427165E+01 0.919334244843E+00 0.687233991263E+01
   105 0.345768791261E+07 0.999999683979E+00 -.567184629056E+00 0.361685453138E+01 0.908378454644E+00 0.686870254654E+01
   106 0.352431334077E+07 0.999999679520E+00 -.557987155354E+00 0.361729253274E+01 0.897243361786E+00 0.686500538668E+01
   107 0.359208058079E+07 0.999999674869E+00 -.548732320056E+00 0.361774001786E+01 0.886079831268E+00 0.686129840782E+01
   108 0.366086508853E+07 0.999999670024E+00 -.539433962437E+00 0.361819807438E+01 0.874914781208E+00 0.685759051691E+01
   109 0.373070150763E+07 0.999999664977E+00 -.530108144004E+00 0.361866284381E+01 0.863748631254E+00 0.685388184772E+01
