0.120000000000E+02 0.649395458114E+00 0.575497204573E-34 0.000000000000E+00 0.631765108604E+00 0.176303495100E-01 0.000000000000E+00 0.126224853874E-07 0.918483560883E-09 0.366610530202E-07 0.517455775234E-30 0.385636634561E-08
0.240000000000E+02 0.649260333314E+00 0.574584047298E-34 0.000000000000E+00 0.631644495820E+00 0.176158374939E-01 0.000000000000E+00 0.126807060065E-07 0.909129676919E-09 0.363360708757E-07 0.517455775233E-30 0.386714978446E-08
0.420000000000E+02 0.649256799767E+00 0.574635257618E-34 0.000000000000E+00 0.631640390916E+00 0.176164088504E-01 0.000000000000E+00 0.126806632716E-07 0.909131799265E-09 0.363362652220E-07 0.517455775232E-30 0.386716198647E-08
0.690000000000E+02 0.649246405800E+00 0.574863747994E-34 0.000000000000E+00 0.631627154501E+00 0.176192512993E-01 0.000000000000E+00 0.126808000074E-07 0.909097658169E-09 0.363354358876E-07 0.517455775229E-30 0.386725087880E-08
0.109500000000E+03 0.649224881695E+00 0.575671072822E-34 0.000000000000E+00 0.631595771388E+00 0.176291103069E-01 0.000000000000E+00 0.126811755123E-07 0.909009283167E-09 0.363332266769E-07 0.517455775226E-30 0.386746841089E-08
0.170250000000E+03 0.649189003446E+00 0.577540852586E-34 0.000000000000E+00 0.631538109508E+00 0.176508939379E-01 0.000000000000E+00 0.126818333778E-07 0.908846184398E-09 0.363291055175E-07 0.517455775220E-30 0.386784974898E-08
0.261375000000E+03 0.649132824861E+00 0.580594697329E-34 0.000000000000E+00 0.631447125789E+00 0.176856990719E-01 0.000000000000E+00 0.126828544970E-07 0.908586875485E-09 0.363224844123E-07 0.517455775212E-30 0.386844073107E-08
0.398062500000E+03 0.649043957790E+00 0.584860209485E-34 0.000000000000E+00 0.631309171732E+00 0.177347860582E-01 0.000000000000E+00 0.126843156044E-07 0.908195364417E-09 0.363124378192E-07 0.517455775201E-30 0.386930059912E-08
0.603093750000E+03 0.648901958103E+00 0.590466876340E-34 0.000000000000E+00 0.631100962004E+00 0.178009960986E-01 0.000000000000E+00 0.126863575968E-07 0.907610841744E-09 0.362973670508E-07 0.517455775183E-30 0.387053869853E-08
0.910640625000E+03 0.648675225591E+00 0.597618561491E-34 0.000000000000E+00 0.630787083588E+00 0.178881420032E-01 0.000000000000E+00 0.126892093399E-07 0.906739103709E-09 0.362747908569E-07 0.517455775156E-30 0.387232569462E-08
0.137196093750E+04 0.648313860312E+00 0.606521656409E-34 0.000000000000E+00 0.630313235643E+00 0.180006246685E-01 0.000000000000E+00 0.126930948538E-07 0.905439224422E-09 0.362409364076E-07 0.517455775116E-30 0.387487192076E-08
0.206394140625E+04 0.651667026091E+00 0.825448060769E-34 0.000000000000E+00 0.629594037507E+00 0.220729885843E-01 0.000000000000E+00 0.127070044042E-07 0.903490869928E-09 0.361988301259E-07 0.517455775056E-30 0.387838180418E-08
0.310191210938E+04 0.649903223020E+00 0.802815994257E-34 0.000000000000E+00 0.628511068841E+00 0.213921541793E-01 0.000000000000E+00 0.127067794713E-07 0.900578463444E-09 0.361145759927E-07 0.517455774965E-30 0.388337348007E-08
0.465886816406E+04 0.646549562662E+00 0.739566421247E-34 0.000000000000E+00 0.626873985743E+00 0.196755769186E-01 0.000000000000E+00 0.126994841853E-07 0.896318608851E-09 0.359858755525E-07 0.517455774830E-30 0.389011434124E-08
0.699430224609E+04 0.643200042011E+00 0.707218242121E-34 0.000000000000E+00 0.624395494461E+00 0.188045475507E-01 0.000000000000E+00 0.124395448818E-07 0.928853034632E-09 0.371683612262E-07 0.517455774627E-30 0.385141828787E-08
0.104974533691E+05 0.620950359832E+00 0.889805435607E-40 0.000000000000E+00 0.620698530134E+00 0.251829697638E-03 0.000000000000E+00 0.122969408855E-07 0.919283568643E-09 0.362647331678E-07 0.517455774322E-30 0.386168077275E-08
0.157521800537E+05 0.615431241871E+00 0.518966258468E-36 0.000000000000E+00 0.615053545494E+00 0.377696377290E-03 0.000000000000E+00 0.122995899406E-07 0.906243000518E-09 0.361426077888E-07 0.517455773865E-30 0.386710996660E-08
0.236342700806E+05 0.607109859129E+00 0.129140971063E-35 0.000000000000E+00 0.606575299116E+00 0.534560012564E-03 0.000000000000E+00 0.122813866154E-07 0.888286712489E-09 0.361800015129E-07 0.517455773180E-30 0.386411707543E-08
0.354574051208E+05 0.594944960181E+00 0.320085766137E-35 0.000000000000E+00 0.593905274916E+00 0.103968526409E-02 0.000000000000E+00 0.122203059376E-07 0.861968573173E-09 0.361390292887E-07 0.517455772154E-30 0.385653904044E-08
0.531921076813E+05 0.575291625250E+00 0.000000000000E+00 0.000000000000E+00 0.575175409381E+00 0.116215868558E-03 0.000000000000E+00 0.120666661667E-07 0.824079340275E-09 0.358857225245E-07 0.517455770620E-30 0.384121177806E-08
0.764750956857E+05 0.551676638709E+00 0.962144913122E-36 0.000000000000E+00 0.551263610019E+00 0.413028689448E-03 0.000000000000E+00 0.118310574558E-07 0.776955179973E-09 0.354298856665E-07 0.517455768614E-30 0.381789823491E-08
0.100837012738E+06 0.527805423455E+00 0.129969429929E-35 0.000000000000E+00 0.527244039376E+00 0.561384078738E-03 0.000000000000E+00 0.115561140924E-07 0.730717803724E-09 0.348247988706E-07 0.517455766521E-30 0.379282287418E-08
0.126363888371E+06 0.503670164651E+00 0.984721924046E-36 0.000000000000E+00 0.503188031061E+00 0.482133589939E-03 0.000000000000E+00 0.110038439963E-07 0.715372456389E-09 0.355744944072E-07 0.517455764338E-30 0.372091193878E-08
0.152939765233E+06 0.480007510666E+00 0.127263393763E-35 0.000000000000E+00 0.479337740602E+00 0.669770064270E-03 0.000000000000E+00 0.106804717918E-07 0.670326948859E-09 0.347715353719E-07 0.517455762079E-30 0.369444060896E-08
0.180100821748E+06 0.456772641673E+00 0.946064443104E-36 0.000000000000E+00 0.456198597920E+00 0.574043752806E-03 0.000000000000E+00 0.101094081686E-07 0.654131749083E-09 0.353252079000E-07 0.517455759792E-30 0.362956295011E-08
0.207521643818E+06 0.434541897567E+00 0.688295410090E-36 0.000000000000E+00 0.434057449473E+00 0.484448093925E-03 0.000000000000E+00 0.977853427906E-08 0.612731192569E-09 0.344065990390E-07 0.517455757508E-30 0.360629348831E-08
0.235031870426E+06 0.413425405735E+00 0.500371682070E-36 0.000000000000E+00 0.413015783713E+00 0.409622022683E-03 0.000000000000E+00 0.945222552304E-08 0.574345206294E-09 0.334849167321E-07 0.517455755248E-30 0.358629967330E-08
0.262516850052E+06 0.393672438247E+00 0.612671855323E-36 0.000000000000E+00 0.393108869016E+00 0.563569231599E-03 0.000000000000E+00 0.891793119368E-08 0.560746328493E-09 0.339012651359E-07 0.517455753016E-30 0.353207058857E-08
0.291054574392E+06 0.374264925007E+00 0.673281999659E-36 0.000000000000E+00 0.373553616530E+00 0.711308476784E-03 0.000000000000E+00 0.839167191973E-08 0.546057182318E-09 0.342415648146E-07 0.517455750723E-30 0.348391549791E-08
0.320977062891E+06 0.354981964448E+00 0.629757157762E-36 0.000000000000E+00 0.354197708097E+00 0.784256351909E-03 0.000000000000E+00 0.808171143046E-08 0.510138574182E-09 0.332049491105E-07 0.517455748346E-30 0.347033169766E-08
0.351035922155E+06 0.336663174073E+00 0.534123967315E-36 0.000000000000E+00 0.335872085809E+00 0.791088264512E-03 0.000000000000E+00 0.757799844271E-08 0.495237353094E-09 0.334150818644E-07 0.517455745991E-30 0.342982245851E-08
0.380978580879E+06 0.319451221201E+00 0.445796373840E-36 0.000000000000E+00 0.318662436504E+00 0.788784697732E-03 0.000000000000E+00 0.729672795783E-08 0.463297204767E-09 0.323754555446E-07 0.517455743681E-30 0.342259466970E-08
0.410779093143E+06 0.303275072390E+00 0.362121562236E-36 0.000000000000E+00 0.302506138949E+00 0.768933440706E-03 0.000000000000E+00 0.683662855864E-08 0.450173807170E-09 0.325370517075E-07 0.517455741422E-30 0.338960983544E-08
0.440360593325E+06 0.288095097030E+00 0.281600335262E-36 0.000000000000E+00 0.287374220230E+00 0.720876800374E-03 0.000000000000E+00 0.640097021717E-08 0.437477210909E-09 0.326653064962E-07 0.517455739212E-30 0.336140237127E-08
0.471075668716E+06 0.273224686853E+00 0.212111615931E-36 0.000000000000E+00 0.272550103694E+00 0.674583158954E-03 0.000000000000E+00 0.597915149337E-08 0.423954274850E-09 0.327183687293E-07 0.517455736948E-30 0.333738357040E-08
0.502947134582E+06 0.258684321017E+00 0.153335810213E-36 0.000000000000E+00 0.258066658356E+00 0.617662661053E-03 0.000000000000E+00 0.574444620512E-08 0.395953739099E-09 0.316068509294E-07 0.517455734634E-30 0.333914072731E-08
0.534824814468E+06 0.244995925541E+00 0.108408394500E-36 0.000000000000E+00 0.244435136969E+00 0.560788572663E-03 0.000000000000E+00 0.535448157152E-08 0.382821449042E-09 0.315738116119E-07 0.517455732357E-30 0.332066590407E-08
0.566534284912E+06 0.232180298533E+00 0.726297647105E-37 0.000000000000E+00 0.231673866684E+00 0.506431849424E-03 0.000000000000E+00 0.498861456320E-08 0.370106521601E-09 0.315135436875E-07 0.517455730132E-30 0.330550650599E-08
0.597993873013E+06 0.220198397276E+00 0.449706786701E-37 0.000000000000E+00 0.219743332117E+00 0.455065159201E-03 0.000000000000E+00 0.464592122311E-08 0.357854259414E-09 0.314273015258E-07 0.517455727968E-30 0.329324215838E-08
0.629172430914E+06 0.209006284500E+00 0.262813127546E-37 0.000000000000E+00 0.208598381276E+00 0.407903223864E-03 0.000000000000E+00 0.432557015085E-08 0.346074300416E-09 0.313213814027E-07 0.517455725853E-30 0.328345490952E-08
0.662420706598E+06 0.197761447689E+00 0.119075168456E-37 0.000000000000E+00 0.197399792735E+00 0.361654953173E-03 0.000000000000E+00 0.401432124909E-08 0.333132352561E-09 0.311151534891E-07 0.517455723633E-30 0.327653158560E-08
0.695907836570E+06 0.187115254257E+00 0.316368045511E-38 0.000000000000E+00 0.186795920399E+00 0.319333857887E-03 0.000000000000E+00 0.372257599810E-08 0.320385717125E-09 0.308715665304E-07 0.517455721434E-30 0.327181551032E-08
0.729248066599E+06 0.177149753114E+00 0.000000000000E+00 0.000000000000E+00 0.176868203694E+00 0.281549419876E-03 0.000000000000E+00 0.345097524480E-08 0.308101212599E-09 0.306069830481E-07 0.517455719284E-30 0.326890347487E-08
0.762352281794E+06 0.167835476802E+00 0.000000000000E+00 0.000000000000E+00 0.167587851165E+00 0.247625637574E-03 0.000000000000E+00 0.319847112088E-08 0.296320153504E-09 0.303245751992E-07 0.517455717191E-30 0.326752627325E-08
0.795171595057E+06 0.159140721086E+00 0.000000000000E+00 0.000000000000E+00 0.158922644170E+00 0.218076915363E-03 0.000000000000E+00 0.285297135098E-08 0.292513317126E-09 0.308093423086E-07 0.517455715151E-30 0.325509938554E-08
0.828866098962E+06 0.150732205462E+00 0.000000000000E+00 0.000000000000E+00 0.150541458255E+00 0.190747207324E-03 0.000000000000E+00 0.263766292203E-08 0.280574435461E-09 0.304313738150E-07 0.517455713091E-30 0.325695962713E-08
0.863597404030E+06 0.142579397707E+00 0.000000000000E+00 0.000000000000E+00 0.142413247523E+00 0.166150183431E-03 0.000000000000E+00 0.233804035908E-08 0.274877208074E-09 0.307075925556E-07 0.517455711003E-30 0.325034415276E-08
0.898334797409E+06 0.134914056828E+00 0.000000000000E+00 0.000000000000E+00 0.134769469325E+00 0.144587502814E-03 0.000000000000E+00 0.215564453495E-08 0.262756834449E-09 0.302277850686E-07 0.517455708951E-30 0.325475528992E-08
0.932870392814E+06 0.127744713599E+00 0.000000000000E+00 0.000000000000E+00 0.127619062647E+00 0.125650952464E-03 0.000000000000E+00 0.190409637828E-08 0.256621429256E-09 0.303762053371E-07 0.517455706951E-30 0.325149664605E-08
0.967146077050E+06 0.121045083572E+00 0.000000000000E+00 0.000000000000E+00 0.120935690761E+00 0.109392810644E-03 0.000000000000E+00 0.175387231206E-08 0.245235594289E-09 0.298559457372E-07 0.517455705005E-30 0.325727063499E-08
0.100151752760E+07 0.114717324559E+00 0.000000000000E+00 0.000000000000E+00 0.114622185724E+00 0.951388350781E-04 0.000000000000E+00 0.154370524035E-08 0.238840937921E-09 0.298919979666E-07 0.517455703084E-30 0.325630626829E-08
0.103744808898E+07 0.108491625578E+00 0.000000000000E+00 0.000000000000E+00 0.108409540523E+00 0.820850544295E-04 0.000000000000E+00 0.135282361797E-08 0.231446160768E-09 0.298049036024E-07 0.517455701110E-30 0.325726777657E-08
0.107349262701E+07 0.102619258234E+00 0.000000000000E+00 0.000000000000E+00 0.102548392000E+00 0.708662336927E-04 0.000000000000E+00 0.118243156579E-08 0.223809816214E-09 0.296468356041E-07 0.517455699164E-30 0.325931184705E-08
0.110941138067E+07 0.971157987627E-01 0.000000000000E+00 0.000000000000E+00 0.970545933537E-01 0.612054090095E-04 0.000000000000E+00 0.980620046867E-09 0.219438435412E-09 0.298821861594E-07 0.517455697262E-30 0.325734853132E-08
0.114510892804E+07 0.919661583501E-01 0.000000000000E+00 0.000000000000E+00 0.919133068693E-01 0.528514807391E-04 0.000000000000E+00 0.851659121207E-09 0.211408279870E-09 0.295849128777E-07 0.517455695410E-30 0.326110032994E-08
0.118057519220E+07 0.871493691918E-01 0.000000000000E+00 0.000000000000E+00 0.871036785930E-01 0.456905988779E-04 0.000000000000E+00 0.698953762833E-09 0.206133878936E-09 0.296260366200E-07 0.517455693599E-30 0.326154442476E-08
0.121752208898E+07 0.824227853744E-01 0.000000000000E+00 0.000000000000E+00 0.823834942482E-01 0.392911262029E-04 0.000000000000E+00 0.568601332580E-09 0.199765222823E-09 0.295103438291E-07 0.517455691744E-30 0.326360135300E-08
0.125476475216E+07 0.779433766221E-01 0.000000000000E+00 0.000000000000E+00 0.779096389222E-01 0.337376998981E-04 0.000000000000E+00 0.431982856653E-09 0.194899805599E-09 0.295878129777E-07 0.517455689906E-30 0.326402654481E-08
0.129196229344E+07 0.737359532484E-01 0.000000000000E+00 0.000000000000E+00 0.737069819800E-01 0.289712683926E-04 0.000000000000E+00 0.322950225918E-09 0.189225732190E-09 0.295116798143E-07 0.517455688104E-30 0.326577884062E-08
0.132902766360E+07 0.697897136114E-01 0.000000000000E+00 0.000000000000E+00 0.697648109774E-01 0.249026339157E-04 0.000000000000E+00 0.220560332192E-09 0.184369132397E-09 0.295272380398E-07 0.517455686343E-30 0.326682882739E-08
0.136591888903E+07 0.660922321097E-01 0.000000000000E+00 0.000000000000E+00 0.660708027320E-01 0.214293777199E-04 0.000000000000E+00 0.133377627466E-09 0.179760658953E-09 0.295498108628E-07 0.517455684620E-30 0.326786298335E-08
0.140350128632E+07 0.625448039163E-01 0.000000000000E+00 0.000000000000E+00 0.625264164903E-01 0.183874260688E-04 0.000000000000E+00 0.667280893803E-10 0.174673910381E-09 0.294786086451E-07 0.517455682892E-30 0.326948883253E-08
0.144183563388E+07 0.591399440443E-01 0.000000000000E+00 0.000000000000E+00 0.591242127131E-01 0.157313312176E-04 0.000000000000E+00 0.160875387426E-10 0.169973728109E-09 0.294557258028E-07 0.517455681159E-30 0.327079149281E-08
0.148029897515E+07 0.559278922836E-01 0.000000000000E+00 0.000000000000E+00 0.559144339326E-01 0.134583510365E-04 0.000000000000E+00 0.000000000000E+00 0.169972979463E-09 0.294555974705E-07 0.517455679449E-30 0.327079208908E-08
0.151874019712E+07 0.529072687418E-01 0.000000000000E+00 0.000000000000E+00 0.528957503438E-01 0.115183979343E-04 0.000000000000E+00 0.000000000000E+00 0.169972978911E-09 0.294555973750E-07 0.517455677771E-30 0.327079207847E-08
0.155708643180E+07 0.500711665620E-01 0.000000000000E+00 0.000000000000E+00 0.500613028085E-01 0.986375355886E-05 0.000000000000E+00 0.000000000000E+00 0.169972978371E-09 0.294555972814E-07 0.517455676127E-30 0.327079206808E-08
0.159559496078E+07 0.473905018133E-01 0.000000000000E+00 0.000000000000E+00 0.473820573409E-01 0.844447233714E-05 0.000000000000E+00 0.000000000000E+00 0.169972977837E-09 0.294555971888E-07 0.517455674500E-30 0.327079205780E-08
0.163534053154E+07 0.447872847314E-01 0.000000000000E+00 0.000000000000E+00 0.447800877652E-01 0.719696621101E-05 0.000000000000E+00 0.000000000000E+00 0.169972977294E-09 0.294555970947E-07 0.517455672848E-30 0.327079204735E-08
0.167529437073E+07 0.423277118781E-01 0.000000000000E+00 0.000000000000E+00 0.423215805529E-01 0.613132526042E-05 0.000000000000E+00 0.000000000000E+00 0.169972976757E-09 0.294555970016E-07 0.517455671212E-30 0.327079203701E-08
0.171531462964E+07 0.400113533111E-01 0.000000000000E+00 0.000000000000E+00 0.400061298359E-01 0.522347525799E-05 0.000000000000E+00 0.000000000000E+00 0.169972976228E-09 0.294555969099E-07 0.517455669601E-30 0.327079202683E-08
0.175535775702E+07 0.378313331368E-01 0.000000000000E+00 0.000000000000E+00 0.378268821132E-01 0.445102365685E-05 0.000000000000E+00 0.000000000000E+00 0.169972975707E-09 0.294555968197E-07 0.517455668016E-30 0.327079201681E-08
0.179541299729E+07 0.357806408451E-01 0.000000000000E+00 0.000000000000E+00 0.357768460034E-01 0.379484169377E-05 0.000000000000E+00 0.000000000000E+00 0.169972975194E-09 0.294555967308E-07 0.517455666454E-30 0.327079200693E-08
0.183635013543E+07 0.338098608253E-01 0.000000000000E+00 0.000000000000E+00 0.338066346603E-01 0.322616499680E-05 0.000000000000E+00 0.000000000000E+00 0.169972974677E-09 0.294555966412E-07 0.517455664880E-30 0.327079199699E-08
0.187795215521E+07 0.319279117654E-01 0.000000000000E+00 0.000000000000E+00 0.319251748507E-01 0.273691467863E-05 0.000000000000E+00 0.000000000000E+00 0.169972974159E-09 0.294555965515E-07 0.517455663304E-30 0.327079198702E-08
0.191977070170E+07 0.301509774125E-01 0.000000000000E+00 0.000000000000E+00 0.301486565160E-01 0.232089651999E-05 0.000000000000E+00 0.000000000000E+00 0.169972973646E-09 0.294555964626E-07 0.517455661743E-30 0.327079197716E-08
0.196176022647E+07 0.284749324263E-01 0.000000000000E+00 0.000000000000E+00 0.284729647622E-01 0.196766413246E-05 0.000000000000E+00 0.000000000000E+00 0.169972973139E-09 0.294555963747E-07 0.517455660199E-30 0.327079196740E-08
0.200389740698E+07 0.268944369015E-01 0.000000000000E+00 0.000000000000E+00 0.268927688057E-01 0.166809576180E-05 0.000000000000E+00 0.000000000000E+00 0.169972972638E-09 0.294555962878E-07 0.517455658673E-30 0.327079195775E-08
0.204636902990E+07 0.253983144547E-01 0.000000000000E+00 0.000000000000E+00 0.253969012202E-01 0.141323443106E-05 0.000000000000E+00 0.000000000000E+00 0.169972972139E-09 0.294555962014E-07 0.517455657154E-30 0.327079194815E-08
0.209000938107E+07 0.239551472273E-01 0.000000000000E+00 0.000000000000E+00 0.239539546160E-01 0.119261137735E-05 0.000000000000E+00 0.000000000000E+00 0.169972971633E-09 0.294555961137E-07 0.517455655613E-30 0.327079193841E-08
0.213399863897E+07 0.225907162056E-01 0.000000000000E+00 0.000000000000E+00 0.225897105203E-01 0.100568533032E-05 0.000000000000E+00 0.000000000000E+00 0.169972971129E-09 0.294555960264E-07 0.517455654080E-30 0.327079192872E-08
0.217822511156E+07 0.213037216614E-01 0.000000000000E+00 0.000000000000E+00 0.213028738621E-01 0.847799320560E-06 0.000000000000E+00 0.000000000000E+00 0.169972970629E-09 0.294555959397E-07 0.517455652558E-30 0.327079191910E-08
0.222277091044E+07 0.200879112303E-01 0.000000000000E+00 0.000000000000E+00 0.200871969623E-01 0.714268080514E-06 0.000000000000E+00 0.000000000000E+00 0.169972970132E-09 0.294555958536E-07 0.517455651044E-30 0.327079190953E-08
0.226755742419E+07 0.189418908584E-01 0.000000000000E+00 0.000000000000E+00 0.189412892295E-01 0.601628916461E-06 0.000000000000E+00 0.000000000000E+00 0.169972969638E-09 0.294555957679E-07 0.517455649540E-30 0.327079190002E-08
0.231342648538E+07 0.178418477671E-01 0.000000000000E+00 0.000000000000E+00 0.178413427712E-01 0.504995909485E-06 0.000000000000E+00 0.000000000000E+00 0.169972969137E-09 0.294555956811E-07 0.517455648015E-30 0.327079189038E-08
0.235997699773E+07 0.167964764352E-01 0.000000000000E+00 0.000000000000E+00 0.167960533348E-01 0.423100401496E-06 0.000000000000E+00 0.000000000000E+00 0.169972968634E-09 0.294555955939E-07 0.517455646483E-30 0.327079188070E-08
0.240693218816E+07 0.158097208747E-01 0.000000000000E+00 0.000000000000E+00 0.158093666633E-01 0.354211391389E-06 0.000000000000E+00 0.000000000000E+00 0.169972968131E-09 0.294555955068E-07 0.517455644952E-30 0.327079187103E-08
0.245438308467E+07 0.148766231016E-01 0.000000000000E+00 0.000000000000E+00 0.148763268949E-01 0.296206709313E-06 0.000000000000E+00 0.000000000000E+00 0.169972967628E-09 0.294555954197E-07 0.517455643421E-30 0.327079186135E-08
0.250217350322E+07 0.139977797033E-01 0.000000000000E+00 0.000000000000E+00 0.139975321102E-01 0.247593140708E-06 0.000000000000E+00 0.000000000000E+00 0.169972967126E-09 0.294555953326E-07 0.517455641892E-30 0.327079185168E-08
0.255110323685E+07 0.131567361189E-01 0.000000000000E+00 0.000000000000E+00 0.131565298782E-01 0.206240721139E-06 0.000000000000E+00 0.000000000000E+00 0.169972966615E-09 0.294555952440E-07 0.517455640336E-30 0.327079184185E-08
0.260080988939E+07 0.123587513712E-01 0.000000000000E+00 0.000000000000E+00 0.123585799297E-01 0.171441500433E-06 0.000000000000E+00 0.000000000000E+00 0.169972966099E-09 0.294555951547E-07 0.517455638767E-30 0.327079183193E-08
0.265104014135E+07 0.116061920509E-01 0.000000000000E+00 0.000000000000E+00 0.116060496749E-01 0.142376041402E-06 0.000000000000E+00 0.000000000000E+00 0.169972965581E-09 0.294555950650E-07 0.517455637191E-30 0.327079182196E-08
0.270182717274E+07 0.108963553384E-01 0.000000000000E+00 0.000000000000E+00 0.108962372147E-01 0.118123724983E-06 0.000000000000E+00 0.000000000000E+00 0.169972965061E-09 0.294555949747E-07 0.517455635605E-30 0.327079181194E-08
0.275346529624E+07 0.102235045518E-01 0.000000000000E+00 0.000000000000E+00 0.102234067446E-01 0.978072108633E-07 0.000000000000E+00 0.000000000000E+00 0.169972964533E-09 0.294555948833E-07 0.517455633998E-30 0.327079180179E-08
0.280625366458E+07 0.958276740787E-02 0.000000000000E+00 0.000000000000E+00 0.958268667408E-02 0.807337960627E-07 0.000000000000E+00 0.000000000000E+00 0.169972963995E-09 0.294555947900E-07 0.517455632360E-30 0.327079179143E-08
0.285967145700E+07 0.897934647463E-02 0.000000000000E+00 0.000000000000E+00 0.897927991186E-02 0.665627713669E-07 0.000000000000E+00 0.000000000000E+00 0.169972963452E-09 0.294555946959E-07 0.517455630707E-30 0.327079178098E-08
0.291374767285E+07 0.841141530953E-02 0.000000000000E+00 0.000000000000E+00 0.841136049152E-02 0.548180090933E-07 0.000000000000E+00 0.000000000000E+00 0.169972962902E-09 0.294555946007E-07 0.517455629034E-30 0.327079177041E-08
0.296924853509E+07 0.786979019831E-02 0.000000000000E+00 0.000000000000E+00 0.786974522478E-02 0.449735294686E-07 0.000000000000E+00 0.000000000000E+00 0.169972962338E-09 0.294555945029E-07 0.517455627317E-30 0.327079175955E-08
0.302545043222E+07 0.736095450559E-02 0.000000000000E+00 0.000000000000E+00 0.736091764567E-02 0.368599263431E-07 0.000000000000E+00 0.000000000000E+00 0.169972961766E-09 0.294555944038E-07 0.517455625575E-30 0.327079174854E-08
0.308295527715E+07 0.687827060597E-02 0.000000000000E+00 0.000000000000E+00 0.687824048969E-02 0.301162775531E-07 0.000000000000E+00 0.000000000000E+00 0.169972961179E-09 0.294555943020E-07 0.517455623787E-30 0.327079173724E-08
0.314152973576E+07 0.642308752214E-02 0.000000000000E+00 0.000000000000E+00 0.642306296801E-02 0.245541367383E-07 0.000000000000E+00 0.000000000000E+00 0.169972960578E-09 0.294555941979E-07 0.517455621958E-30 0.327079172568E-08
0.320168426165E+07 0.599085399144E-02 0.000000000000E+00 0.000000000000E+00 0.599083404667E-02 0.199447690122E-07 0.000000000000E+00 0.000000000000E+00 0.169972959957E-09 0.294555940903E-07 0.517455620067E-30 0.327079171373E-08
0.326349182670E+07 0.558124246499E-02 0.000000000000E+00 0.000000000000E+00 0.558122631640E-02 0.161485950676E-07 0.000000000000E+00 0.000000000000E+00 0.169972959313E-09 0.294555939787E-07 0.517455618107E-30 0.327079170134E-08
0.332748686807E+07 0.519163768464E-02 0.000000000000E+00 0.000000000000E+00 0.519162462896E-02 0.130556795511E-07 0.000000000000E+00 0.000000000000E+00 0.169972958637E-09 0.294555938615E-07 0.517455616049E-30 0.327079168833E-08
0.339304261063E+07 0.482585391572E-02 0.000000000000E+00 0.000000000000E+00 0.482584210923E-02 0.118064932877E-07 0.000000000000E+00 0.000000000000E+00 0.169972957928E-09 0.294555937386E-07 0.517455613890E-30 0.327079167468E-08
0.345768791261E+07 0.449426073881E-02 0.000000000000E+00 0.000000000000E+00 0.449425047920E-02 0.102596124229E-07 0.000000000000E+00 0.000000000000E+00 0.169972957211E-09 0.294555936144E-07 0.517455611707E-30 0.327079166089E-08
