0.120000000000E+02 0.769745780859E+14 0.714287744836E+17 0.637941304498E+17 -.968849312640E+15
0.240000000000E+02 0.769608242729E+14 0.714206198298E+17 0.637868512831E+17 -.968768137857E+15
0.420000000000E+02 0.769612227174E+14 0.714200392920E+17 0.637863526825E+17 -.968755760975E+15
0.690000000000E+02 0.769623865215E+14 0.714181748924E+17 0.637847497705E+17 -.968716571677E+15
0.109500000000E+03 0.769650626471E+14 0.714137624592E+17 0.637809581734E+17 -.968623868876E+15
0.170250000000E+03 0.769693495615E+14 0.714058117656E+17 0.637741309131E+17 -.968458064220E+15
0.261375000000E+03 0.769756812313E+14 0.713933803500E+17 0.637634612459E+17 -.968199475073E+15
0.398062500000E+03 0.769842397625E+14 0.713748254339E+17 0.637475230853E+17 -.967817801251E+15
0.603093750000E+03 0.769956337526E+14 0.713472849086E+17 0.637238361277E+17 -.967258845359E+15
0.910640625000E+03 0.770108333349E+14 0.713063866005E+17 0.636886143008E+17 -.966439382091E+15
0.137196093750E+04 0.770300863689E+14 0.712458273501E+17 0.636363841073E+17 -.965244823317E+15
0.206394140625E+04 0.770489087455E+14 0.711527188326E+17 0.635585516137E+17 -.963178324637E+15
0.310191210938E+04 0.770730199927E+14 0.710209909169E+17 0.634445573003E+17 -.960697951628E+15
0.465886816406E+04 0.770940773525E+14 0.708278884229E+17 0.632770449703E+17 -.957160799999E+15
0.699430224609E+04 0.771030278977E+14 0.705448412684E+17 0.630311958145E+17 -.952047283671E+15
0.104974533691E+05 0.770840230828E+14 0.701360117286E+17 0.626744517075E+17 -.945247440779E+15
0.157521800537E+05 0.769970926303E+14 0.695392903287E+17 0.621543869074E+17 -.934945567695E+15
0.236342700806E+05 0.767899245060E+14 0.686796631079E+17 0.614037105321E+17 -.920509915363E+15
0.354574051208E+05 0.763723059074E+14 0.674506338864E+17 0.603282227172E+17 -.900457048036E+15
0.531921076813E+05 0.756082087907E+14 0.657109368081E+17 0.588023713267E+17 -.872945159790E+15
0.764750956857E+05 0.744632489189E+14 0.635747948957E+17 0.569248124970E+17 -.840085269525E+15
0.100837012738E+06 0.731804009219E+14 0.614865993396E+17 0.550858757910E+17 -.808702741152E+15
0.126363888371E+06 0.717875760167E+14 0.594331767548E+17 0.532746498734E+17 -.778417200172E+15
0.152939765233E+06 0.703141115711E+14 0.574213317389E+17 0.514976491312E+17 -.749188981009E+15
0.180100821748E+06 0.688042811479E+14 0.554820143615E+17 0.497825766265E+17 -.721382402333E+15
0.207521643818E+06 0.672892227375E+14 0.536305201695E+17 0.481433789037E+17 -.695119965839E+15
0.235031870426E+06 0.657862831647E+14 0.518700901615E+17 0.465832619664E+17 -.670382316182E+15
0.262516850052E+06 0.643076078616E+14 0.501997661138E+17 0.451016978398E+17 -.647090366705E+15
0.291054574392E+06 0.628004276351E+14 0.485506461786E+17 0.436377237819E+17 -.624257751215E+15
0.320977062891E+06 0.612539798098E+14 0.469068768364E+17 0.421773229807E+17 -.601650848174E+15
0.351035922155E+06 0.597373324602E+14 0.453368329136E+17 0.407813497202E+17 -.580190220791E+15
0.380978580879E+06 0.582636369705E+14 0.438489083023E+17 0.394574350612E+17 -.559968568964E+15
0.410779093143E+06 0.568353299288E+14 0.424366999341E+17 0.382000592190E+17 -.540867305782E+15
0.440360593325E+06 0.554554820927E+14 0.410985703991E+17 0.370078906499E+17 -.522849508152E+15
0.471075668716E+06 0.540614416966E+14 0.397717136626E+17 0.358250530611E+17 -.505059184512E+15
0.502947134582E+06 0.526571007445E+14 0.384569232194E+17 0.346522869854E+17 -.487495963696E+15
0.534824814468E+06 0.512935675589E+14 0.372024583794E+17 0.335326784221E+17 -.470805915538E+15
0.566534284912E+06 0.499785078507E+14 0.360095740998E+17 0.324674631413E+17 -.454983823312E+15
0.597993873013E+06 0.487117627588E+14 0.348779804166E+17 0.314564465120E+17 -.440027311206E+15
0.629172430914E+06 0.474947338245E+14 0.338039226136E+17 0.304963749482E+17 -.425867812575E+15
0.662420706598E+06 0.462356283398E+14 0.327072359007E+17 0.295155996945E+17 -.411452039904E+15
0.695907836570E+06 0.450078163465E+14 0.316507844774E+17 0.285703562196E+17 -.397601512792E+15
0.729248066599E+06 0.438244202856E+14 0.306439609815E+17 0.276691054506E+17 -.384432737055E+15
0.762352281794E+06 0.426857871359E+14 0.296866094821E+17 0.268117551821E+17 -.371943635957E+15
0.795171595057E+06 0.415924646197E+14 0.287762804366E+17 0.259961776724E+17 -.360091182303E+15
0.828866098962E+06 0.405050456717E+14 0.278798999227E+17 0.251927668846E+17 -.348444829272E+15
0.863597404030E+06 0.394197745303E+14 0.269942049199E+17 0.243986092499E+17 -.336961192757E+15
0.898334797409E+06 0.383698050992E+14 0.261449781111E+17 0.236368504202E+17 -.325969670654E+15
0.932870392814E+06 0.373593719278E+14 0.253352838152E+17 0.229102711324E+17 -.315509790734E+15
0.967146077050E+06 0.363882755267E+14 0.245639906390E+17 0.222178941745E+17 -.305563811544E+15
0.100151752760E+07 0.354456694216E+14 0.238210964122E+17 0.215507751314E+17 -.295997864203E+15
0.103744808898E+07 0.344918179405E+14 0.230751658983E+17 0.208806935521E+17 -.286406892634E+15
0.107349262701E+07 0.335661022663E+14 0.223573369567E+17 0.202356270558E+17 -.277192764378E+15
0.110941138067E+07 0.326737035960E+14 0.216705066612E+17 0.196182075407E+17 -.268388714452E+15
0.114510892804E+07 0.318153428420E+14 0.210145841300E+17 0.190283787406E+17 -.259991820846E+15
0.118057519220E+07 0.309900476033E+14 0.203881836036E+17 0.184649194357E+17 -.251982401534E+15
0.121752208898E+07 0.301576432505E+14 0.197609190674E+17 0.179005046601E+17 -.243972694163E+15
0.125476475216E+07 0.293461787775E+14 0.191534800225E+17 0.173537587215E+17 -.236225025623E+15
0.129196229344E+07 0.285622805995E+14 0.185704341933E+17 0.168288093710E+17 -.228796553923E+15
0.132902766360E+07 0.278064822500E+14 0.180117874002E+17 0.163256796200E+17 -.221686341324E+15
0.136591888903E+07 0.270784198246E+14 0.174770616336E+17 0.158439548237E+17 -.214888159249E+15
0.140350128632E+07 0.263606014250E+14 0.169529708598E+17 0.153716784524E+17 -.208231594788E+15
0.144183563388E+07 0.256522566182E+14 0.164387670873E+17 0.149081829236E+17 -.201706463302E+15
0.148029897515E+07 0.249648553407E+14 0.159425811121E+17 0.144608060165E+17 -.195415385386E+15
0.151874019712E+07 0.243002306598E+14 0.154654881515E+17 0.140305289639E+17 -.189371437633E+15
0.155708643180E+07 0.236586054698E+14 0.150075071603E+17 0.136173801323E+17 -.183574824010E+15
0.159559496078E+07 0.230351870240E+14 0.145648429903E+17 0.132179474045E+17 -.177976276773E+15
0.163534053154E+07 0.224126229096E+14 0.141250431986E+17 0.128209995362E+17 -.172417851028E+15
0.167529437073E+07 0.218074927234E+14 0.136997205402E+17 0.124370223253E+17 -.167046009717E+15
0.171531462964E+07 0.212213078805E+14 0.132897605410E+17 0.120668237785E+17 -.161871562736E+15
0.175535775702E+07 0.206539435373E+14 0.128948995872E+17 0.117101745040E+17 -.156890819529E+15
0.179541299729E+07 0.201050187308E+14 0.125146521558E+17 0.113666445749E+17 -.152097061493E+15
0.183635013543E+07 0.195623593499E+14 0.121405184398E+17 0.110285600677E+17 -.147383073235E+15
0.187795215521E+07 0.190291660264E+14 0.117745930743E+17 0.106978173876E+17 -.142774834586E+15
0.191977070170E+07 0.185110693702E+14 0.114206331071E+17 0.103778174676E+17 -.138319409994E+15
0.196176022647E+07 0.180081381778E+14 0.110785609388E+17 0.100684963160E+17 -.134015575761E+15
0.200389740698E+07 0.175201874727E+14 0.107481144682E+17 0.976962299705E+16 -.129859726595E+15
0.204636902990E+07 0.170448627930E+14 0.104275244707E+17 0.947960301495E+16 -.125829076843E+15
0.209000938107E+07 0.165728393281E+14 0.101104660374E+17 0.919271737116E+16 -.121844060398E+15
0.213399863897E+07 0.161132518987E+14 0.980302649216E+16 0.891447689681E+16 -.117981075808E+15
0.217822511156E+07 0.156669083940E+14 0.950568078357E+16 0.864531596522E+16 -.114246058279E+15
0.222277091044E+07 0.152326123223E+14 0.921753210598E+16 0.838442735022E+16 -.110627538043E+15
0.226755742419E+07 0.148110035078E+14 0.893885086237E+16 0.813206053041E+16 -.107128430411E+15
0.231342648538E+07 0.143940846216E+14 0.866429592965E+16 0.788338158614E+16 -.103681559776E+15
0.235997699773E+07 0.139857542554E+14 0.839640087808E+16 0.764068738901E+16 -.100318658287E+15
0.240693218816E+07 0.135883627838E+14 0.813664458359E+16 0.740532087528E+16 -.970581757264E+14
0.245438308467E+07 0.132009250980E+14 0.788431795696E+16 0.717664288379E+16 -.938911119132E+14
0.250217350322E+07 0.128247155855E+14 0.764013707204E+16 0.695530594299E+16 -.908261195817E+14
0.255110323685E+07 0.124533598784E+14 0.739991958283E+16 0.673752137919E+16 -.878106232557E+14
0.260080988939E+07 0.120898335885E+14 0.716556352327E+16 0.652501176165E+16 -.848684059705E+14
0.265104014135E+07 0.117359468733E+14 0.693818618824E+16 0.631879280322E+16 -.820134236237E+14
0.270182717274E+07 0.113913962037E+14 0.671751446730E+16 0.611861968841E+16 -.792420627064E+14
0.275346529624E+07 0.110542203597E+14 0.650222131188E+16 0.592329111216E+16 -.765374703520E+14
0.280625366458E+07 0.107225478533E+14 0.629109673172E+16 0.573171092800E+16 -.738844747619E+14
0.285967145700E+07 0.103997600473E+14 0.608625862824E+16 0.554580290303E+16 -.713096516772E+14
0.291374767285E+07 0.100857819846E+14 0.588755553764E+16 0.536543222935E+16 -.688107724422E+14
0.296924853509E+07 0.977610783134E+13 0.569215161338E+16 0.518802615309E+16 -.663523719528E+14
0.302545043222E+07 0.947510032661E+13 0.550273285632E+16 0.501602507911E+16 -.639680248674E+14
0.308295527715E+07 0.917959142297E+13 0.531726689036E+16 0.484758531559E+16 -.616320987331E+14
0.314152973576E+07 0.889110658429E+13 0.513664610682E+16 0.468351900047E+16 -.593556219330E+14
0.320168426165E+07 0.860740056953E+13 0.495943279401E+16 0.452252160119E+16 -.571204192812E+14
0.326349182670E+07 0.832879782192E+13 0.478573081977E+16 0.436468892119E+16 -.549273624839E+14
0.332748686807E+07 0.805418394055E+13 0.461463662920E+16 0.420920185721E+16 -.527639809755E+14
0.339304261063E+07 0.778215170971E+13 0.445617004039E+16 0.406513443648E+16 -.508106236986E+14
0.345768791261E+07 0.752575764690E+13 0.430846007005E+16 0.393081817491E+16 -.489964835111E+14
