           1  9.999999998831127E-002  -3.06222551894182     
   12.0795021312225        3.43232322933921        2.51938812375548     
  0.433587091518942        17.3977421785604      -0.872380224730860     
  0.999999999994606       0.000000000000000E+000  -4.82159543173530     
  0.206105167074790       7.034344322365342E-010   15.3735113669015     
           7  0.197435048519893       -2.26249443482229     
   11.5751952979578        3.51660340934125        2.13169985296756     
  0.618335281303402        17.0767617921024      -0.641075042664986     
   1.00000000000000       0.000000000000000E+000  -5.44476373308682     
  0.591923651182702       1.315641401637583E-006   11.8497045490805     
          13  0.389805983888996       -1.66941753046751     
   11.2775426444611        3.56204505254269        1.84906865732078     
  0.787843179221733        16.8797945961770      -0.435419876899801     
   1.00000000000000       0.353709036643276       -5.58495524116161     
   1.05946500766114       1.530831370352961E-004   4.72475862655210     
          19  0.769613632152376      -0.682640055146295     
   10.5861894192260        3.66608293831352        1.88666916360610     
   1.09961776116398        17.0595479226552      -0.150106910735457     
  0.999999999935401       0.923228387911984       -6.44613842785573     
   5.55100502375279       0.171234902756202        2.20633745318959     
          25   1.51948703445138       0.720834704888853     
   9.47813890610651        3.85928832630522        1.91449383803942     
   1.84829511482928        17.3105422962014       0.165219693230527     
  5.359419176453876E-002  0.000000000000000E+000  -7.59545023816491     
   59.3920556207313        38.0463645439646       0.859860230875579     
          31   2.99999996519369        1.90757922719810     
   8.58681863481429        4.08776943084655        1.58379247344399     
   2.37455670095910        17.0890872476353       0.301629745324642     
  0.198753119375576       0.000000000000000E+000  -9.17439286670285     
   90.1621874884997        1976.78955468034       0.526106101293780     
          37   6.19725849676248        3.06009179010424     
   7.74938443381600        4.28155909122865        1.15201427203205     
   2.75819899062597        16.7312794339260       0.490306705976343     
  0.267389352146981       0.000000000000000E+000  -8.94845927976878     
   60.1930226872712        13798.7389806667       0.387850114186164     
          43   12.8020044643798        4.08605765792495     
   7.03849692871568        4.44782878684937       0.791813925179338     
   3.17150466472344        16.4601276763235       0.670750248682340     
  0.361348103018797       0.000000000000000E+000  -8.90415168158079     
   41.5610503415029        60007.4874281636       0.334997510846491     
          49   26.4457773298692        4.94940591626951     
   6.49022703297230        4.57545465680378       0.515706452160265     
   3.55463217578963        16.2930817493791       0.847172637837906     
  0.521393840411955       0.000000000000000E+000  -9.09740221682914     
   30.9358463337560        179451.876158786       0.319482815104368     
          55   54.6304400498414        5.63777536658055     
   6.11693594453472        4.65816558735520       0.304459786742821     
   3.87828274083662        16.2089301188961        1.02593550200623     
  0.691488552586655       0.000000000000000E+000  -9.20750932824593     
   24.3723499265265        391147.327184352       0.314005374127424     
