           1  9.999999998892267E-002  -3.06092259998623     
   12.0781992122696        3.44496646802037        2.59332215437335     
  0.412108679441968        17.4961607791839      -0.897015242614903     
  0.999999999980332       0.000000000000000E+000  -4.31838197926234     
  0.210112041053244       5.320813756201603E-011   11.2307113766593     
           7  0.197435048506312       -2.15820201858466     
   11.4709028816903        3.55278984919804        2.19247553400162     
  0.614239515736148        17.1577364376313      -0.661301716650870     
   1.00000000000000       0.000000000000000E+000  -5.06653239753230     
  0.754400490584484       2.850365117983002E-007   8.87007096756670     
          13  0.389805983858485       -1.60067581986592     
   11.2088009338255        3.58314241649556        1.90901172650360     
  0.774987093931782        16.9517808265560      -0.443243749505470     
   1.00000000000000       0.524483581643132       -5.41868569592658     
   1.28215741719522       2.654251040620271E-005   3.19803911315594     
          19  0.769613630796108      -0.438704345834886     
   10.3422537091492        3.73300645980568        1.95499495194595     
   1.16412169020515        17.1702907370813      -0.161986099106949     
  0.999999999966015       0.968611995445388       -6.36948068679694     
   9.56476039328602       0.129046817498595        1.33756923838643     
          25   1.51948703048207       0.901860375116199     
   9.29711323474467        3.95153337695690        1.98303113313203     
   1.94639976107355        17.4188095290189       7.124242706291352E-002
  7.424404203271229E-002  0.000000000000000E+000  -8.48674579275721     
   98.2708259966570        24.9608763968530       0.614111257012955     
          31   2.99999996313786        2.02414154017974     
   8.47025632153504        4.16272985482350        1.68820296668560     
   2.52839134787721        17.2374448494350       0.209990053861579     
  0.222475881425337       0.000000000000000E+000  -8.94714383699647     
   165.749234563017        2254.29135636749       0.428839013718623     
          37   6.19725850186191        3.10672803565064     
   7.70274818862697        4.33573443234616        1.27859544616876     
   2.97122361058242        16.9054845421571       0.405274146545339     
  0.287711570221281       0.000000000000000E+000  -8.78005412754789     
   117.392470746221        14564.5095396702       0.358788622120871     
          43   12.8020044769939        4.08238545655394     
   7.04216913051460        4.48419812299069       0.922017634225801     
   3.42867597671120        16.6367368750353       0.596175475714204     
  0.373607629349970       0.000000000000000E+000  -8.78842089425564     
   80.8484394909350        57773.0087291304       0.331834771966807     
          49   26.4457773423528        4.92677301774129     
   6.51285993170552        4.60387349213330       0.641394793457192     
   3.85246514904966        16.4626500125109       0.779018517912292     
  0.524576252987609       0.000000000000000E+000  -8.94753797760711     
   59.2492827065180        166172.855286672       0.322771242018117     
          55   54.6304400572770        5.61555300678469     
   6.13915830438969        4.68814562974081       0.426867887953482     
   4.21666432868899        16.3737199527042       0.954864237329322     
  0.695042661037232       0.000000000000000E+000  -8.99375745253083     
   46.2540153825576        361865.895808977       0.318712586418340     
