           1  9.999999998753328E-002  -2.98589501935442     
   12.0031716316317        3.47557844347937        2.66359328244086     
  0.409255844115248        17.5897820568237      -0.920725403222267     
  0.999999999907346       0.000000000000000E+000  -3.62392679082581     
  0.249762731529239       1.481697827511597E-012   9.33829181687108     
           7  0.197435048483832       -2.02882509326553     
   11.3415259563217        3.59430733907727        2.24732282587508     
  0.628928978658986        17.2308352217189      -0.679648231510180     
   1.00000000000000       0.000000000000000E+000  -4.67292017845005     
   1.00940305241782       1.476702702441531E-008   8.06224205342232     
          13  0.389805983790756       -1.46858909207236     
   11.0767142059565        3.62682563655361        1.93981741443005     
  0.805045729658466        17.0035530119235      -0.464566825724727     
   1.00000000000000       0.450734729298570       -5.04174525140291     
   1.71874882291484       1.680337695814578E-006   2.54668195686638     
          19  0.769613629554634      -0.291207400821182     
   10.1947567634349        3.77386238739939        1.98596625040240     
   1.21992587738611        17.2257667892044      -0.169949481721143     
  1.663115872607973E-002  0.000000000000000E+000  -6.56994840716336     
   13.0045220670076       8.833092360425791E-003   1.08282815753428     
          25   1.51948703021136        1.00223950914634     
   9.19673410063716        4.02414444098132        2.01530160902525     
   2.01777115485833        17.4708941619755      -2.379013396452141E-002
  7.753060803342736E-002  0.000000000000000E+000  -8.95463325788769     
   128.471220740265        1.29887206849994       0.542633260071989     
          31   2.99999996707592        2.10755795799012     
   8.38683990429475        4.24982565131685        1.89347238632887     
   2.95805780463366        17.5152383559220       7.750666978002993E-002
  0.208736451228189       0.000000000000000E+000  -8.65695935705761     
   492.333057568441        1375.00203439842       0.393679048876812     
          37   6.19725851197527        3.14987396426354     
   7.65960226072279        4.41206889169537        1.53871016963969     
   3.61837890496766        17.2550656296543       0.274178192159385     
  0.297150686961478       0.000000000000000E+000  -8.54897266495761     
   404.286880725837        13725.7496824647       0.343917693905876     
          43   12.8020044904345        4.09819466013028     
   7.02635992739422        4.54734000015498        1.19709448068207     
   4.21527186683639        17.0046517656254       0.477796323190673     
  0.382654358277709       0.000000000000000E+000  -8.63968226166969     
   281.168281557753        54554.3342188253       0.325216877353651     
          49   26.4457773542777        4.93011626323407     
   6.50951668640858        4.66091759405480       0.924538096412564     
   4.76912782725946        16.8406719545450       0.666601936852576     
  0.527339636682731       0.000000000000000E+000  -8.71078497098427     
   207.620249742753        154457.952768919       0.317845850641521     
          55   54.6304400642925        5.61667055995236     
   6.13804075127779        4.74463988137127       0.716054759227549     
   5.25071470111179        16.7595705071727       0.842434510652250     
  0.693677297615465       0.000000000000000E+000  -8.71528235779965     
   163.739623032884        333704.382371651       0.314129844550222     
