0.320750149550E+04 0.000000000000E+00 0.000000000000E+00 0.392651901120E-01 0.165254685133E+01 -.200000000000E+02 -.200000000000E+02 -.200000000000E+02 -.200000000000E+02 -.200000000000E+02 -.200000000000E+02 -.200000000000E+02 -.200000000000E+02
0.499536281899E+06 0.000000000000E+00 0.000000000000E+00 0.381424567185E-01 0.165437215042E+01 -.200000000000E+02 -.200000000000E+02 -.200000000000E+02 -.200000000000E+02 -.200000000000E+02 -.200000000000E+02 -.200000000000E+02 -.200000000000E+02
0.196300637536E+08 0.000000000000E+00 0.000000000000E+00 0.413752661979E-01 0.162760569294E+01 -.200000000000E+02 -.200000000000E+02 -.200000000000E+02 -.200000000000E+02 -.200000000000E+02 -.200000000000E+02 -.200000000000E+02 -.200000000000E+02
0.194208844112E+09 0.000000000000E+00 0.000000000000E+00 0.718814628739E-01 0.133181312750E+01 -.200000000000E+02 -.200000000000E+02 -.200000000000E+02 -.200000000000E+02 -.200000000000E+02 -.200000000000E+02 -.200000000000E+02 -.200000000000E+02
0.309048301344E+09 0.000000000000E+00 0.000000000000E+00 0.862395180302E-01 0.975338755046E+00 -.200000000000E+02 -.200000000000E+02 -.200000000000E+02 -.200000000000E+02 -.200000000000E+02 -.200000000000E+02 -.200000000000E+02 -.200000000000E+02
0.339750797906E+09 0.000000000000E+00 0.000000000000E+00 0.854076542057E-01 0.826385362552E+00 -.200000000000E+02 -.200000000000E+02 -.200000000000E+02 -.200000000000E+02 -.200000000000E+02 -.200000000000E+02 -.200000000000E+02 -.200000000000E+02
0.361989392505E+09 0.000000000000E+00 0.000000000000E+00 0.869194923044E-01 0.923221508583E+00 -.200000000000E+02 -.200000000000E+02 -.200000000000E+02 -.200000000000E+02 -.200000000000E+02 -.200000000000E+02 -.200000000000E+02 -.200000000000E+02
0.362865489607E+09 0.000000000000E+00 0.282137322490E+00 0.451819012062E+00 0.110034694335E+01 -.200000000000E+02 -.200000000000E+02 -.200000000000E+02 -.200000000000E+02 -.200000000000E+02 -.200000000000E+02 -.200000000000E+02 -.200000000000E+02
0.363173986395E+09 0.398883544106E-01 0.268851899778E+00 0.433730505399E+00 0.963528828321E+00 -.200000000000E+02 -.200000000000E+02 -.200000000000E+02 -.200000000000E+02 -.200000000000E+02 -.200000000000E+02 -.200000000000E+02 -.200000000000E+02
0.363757233667E+09 0.942258562018E-01 0.270848569895E+00 0.428224939047E+00 0.868946504895E+00 -.200000000000E+02 -.200000000000E+02 -.200000000000E+02 -.200000000000E+02 -.200000000000E+02 -.200000000000E+02 -.200000000000E+02 -.200000000000E+02
0.364006492796E+09 0.116022951854E+00 0.274465162404E+00 0.428475667595E+00 0.836915713086E+00 -.200000000000E+02 -.200000000000E+02 -.200000000000E+02 -.200000000000E+02 -.200000000000E+02 -.200000000000E+02 -.200000000000E+02 -.200000000000E+02
0.364918499206E+09 0.192374116064E+00 0.294707578357E+00 0.426154250557E+00 0.703964397849E+00 -.200000000000E+02 -.200000000000E+02 -.200000000000E+02 -.200000000000E+02 -.200000000000E+02 -.200000000000E+02 -.200000000000E+02 -.200000000000E+02
0.365478042723E+09 0.229595098036E+00 0.309125212714E+00 0.419234433875E+00 0.601192616758E+00 -.200000000000E+02 -.200000000000E+02 -.200000000000E+02 -.200000000000E+02 -.200000000000E+02 -.200000000000E+02 -.200000000000E+02 -.200000000000E+02
0.365790500993E+09 0.252417314323E+00 0.319130707987E+00 0.412581191035E+00 0.542068788164E+00 -.200000000000E+02 -.200000000000E+02 -.200000000000E+02 -.200000000000E+02 -.200000000000E+02 -.200000000000E+02 -.200000000000E+02 -.200000000000E+02
0.366086866020E+09 0.273197601816E+00 0.328370803971E+00 0.405596651498E+00 0.493959270581E+00 -.200000000000E+02 -.200000000000E+02 -.200000000000E+02 -.200000000000E+02 -.200000000000E+02 -.200000000000E+02 -.200000000000E+02 -.200000000000E+02
0.366434371932E+09 0.297228893681E+00 0.339963265117E+00 0.403647225206E+00 0.462462469057E+00 -.200000000000E+02 -.200000000000E+02 -.200000000000E+02 -.200000000000E+02 -.200000000000E+02 -.200000000000E+02 -.200000000000E+02 -.200000000000E+02
0.366893330615E+09 0.328777328184E+00 0.357790264017E+00 0.409067990833E+00 0.447319726710E+00 -.200000000000E+02 -.200000000000E+02 -.200000000000E+02 -.200000000000E+02 -.200000000000E+02 -.200000000000E+02 -.200000000000E+02 -.200000000000E+02
0.367379715962E+09 0.357719705638E+00 0.377289007497E+00 0.417361977094E+00 0.441987825060E+00 -.200000000000E+02 -.200000000000E+02 -.200000000000E+02 -.200000000000E+02 -.200000000000E+02 -.200000000000E+02 -.200000000000E+02 -.200000000000E+02
0.367871409239E+09 0.000000000000E+00 -.200000000000E+02 -.200000000000E+02 0.164133688211E-02 0.385126419380E+00 0.398145478951E+00 0.428496724427E+00 0.443964251348E+00 -.200000000000E+02 -.200000000000E+02 -.200000000000E+02 -.200000000000E+02
0.367946638927E+09 0.000000000000E+00 -.200000000000E+02 -.200000000000E+02 0.790723788672E-02 0.388756551759E+00 0.401351296590E+00 0.430335123860E+00 0.444999635273E+00 -.200000000000E+02 -.200000000000E+02 -.200000000000E+02 -.200000000000E+02
0.368319963659E+09 0.000000000000E+00 0.000000000000E+00 0.118281263529E-01 0.583372851383E-01 0.406300995858E+00 0.417104759234E+00 0.441473705374E+00 0.452200640658E+00 -.200000000000E+02 -.200000000000E+02 -.200000000000E+02 -.200000000000E+02
0.368974949719E+09 0.000000000000E+00 0.000000000000E+00 0.748612032443E-02 0.594499356109E-01 0.427157311616E+00 0.437653133642E+00 0.461571877571E+00 0.472755917158E+00 -.200000000000E+02 -.200000000000E+02 -.200000000000E+02 -.200000000000E+02
0.370453211361E+09 0.000000000000E+00 0.000000000000E+00 0.894232897953E-02 0.670783775971E-01 0.451098731455E+00 0.462434439065E+00 0.484066972697E+00 0.496781364211E+00 -.200000000000E+02 -.200000000000E+02 -.200000000000E+02 -.200000000000E+02
0.371900351533E+09 0.000000000000E+00 0.000000000000E+00 0.968907466136E-02 0.721944360064E-01 0.462841972841E+00 0.473581592826E+00 0.494574430748E+00 0.510085955336E+00 -.200000000000E+02 -.200000000000E+02 -.200000000000E+02 -.200000000000E+02
0.372935556342E+09 0.000000000000E+00 0.000000000000E+00 0.100732505080E-01 0.750194410116E-01 0.468688192025E+00 0.479390308945E+00 0.499550530355E+00 0.517071674352E+00 -.200000000000E+02 -.200000000000E+02 -.200000000000E+02 -.200000000000E+02
0.374737915952E+09 0.000000000000E+00 0.000000000000E+00 0.106115769526E-01 0.795078463503E-01 0.474932985440E+00 0.486315906089E+00 0.505858467127E+00 0.526207814237E+00 -.200000000000E+02 -.200000000000E+02 -.200000000000E+02 -.200000000000E+02
0.378515947429E+09 0.000000000000E+00 0.000000000000E+00 0.114717598490E-01 0.865779187614E-01 0.485746763621E+00 0.495857522251E+00 0.515161387261E+00 0.539649146485E+00 -.200000000000E+02 -.200000000000E+02 -.200000000000E+02 -.200000000000E+02
0.381724542773E+09 0.000000000000E+00 0.000000000000E+00 0.121417816012E-01 0.920396420329E-01 0.491281965858E+00 0.502841753487E+00 0.521521233595E+00 0.548436594968E+00 -.200000000000E+02 -.200000000000E+02 -.200000000000E+02 -.200000000000E+02
0.386002911452E+09 0.000000000000E+00 0.000000000000E+00 0.129955814901E-01 0.983987673441E-01 0.498319361284E+00 0.510000214583E+00 0.529199255311E+00 0.558460162468E+00 -.200000000000E+02 -.200000000000E+02 -.200000000000E+02 -.200000000000E+02
0.396473577944E+09 0.000000000000E+00 0.000000000000E+00 0.151461991031E-01 0.111994902896E+00 0.515890589052E+00 0.526128023000E+00 0.546765253134E+00 0.580083679275E+00 -.200000000000E+02 -.200000000000E+02 -.200000000000E+02 -.200000000000E+02
0.407364964208E+09 0.000000000000E+00 0.000000000000E+00 0.177160436760E-01 0.125049155636E+00 0.530791619431E+00 0.543114544190E+00 0.565176709386E+00 0.601519265375E+00 -.200000000000E+02 -.200000000000E+02 -.200000000000E+02 -.200000000000E+02
0.417903228795E+09 0.000000000000E+00 0.000000000000E+00 0.207830532783E-01 0.138440791549E+00 0.545897775323E+00 0.559888524737E+00 0.582906362127E+00 0.622531340940E+00 -.200000000000E+02 -.200000000000E+02 -.200000000000E+02 -.200000000000E+02
0.425062451107E+09 0.000000000000E+00 0.000000000000E+00 0.232481633991E-01 0.147766368367E+00 0.558299903650E+00 0.570466067665E+00 0.594756803211E+00 0.636671076405E+00 -.200000000000E+02 -.200000000000E+02 -.200000000000E+02 -.200000000000E+02
0.434859047484E+09 0.000000000000E+00 0.000000000000E+00 0.272832271497E-01 0.161387445294E+00 0.571714591189E+00 0.585324495010E+00 0.610379524485E+00 0.654966368972E+00 -.200000000000E+02 -.200000000000E+02 -.200000000000E+02 -.200000000000E+02
0.443472651745E+09 0.000000000000E+00 0.000000000000E+00 0.319077878769E-01 0.174817505783E+00 0.584234476656E+00 0.598882226586E+00 0.623045916268E+00 0.668908695255E+00 -.200000000000E+02 -.200000000000E+02 -.200000000000E+02 -.200000000000E+02
0.449652654657E+09 0.000000000000E+00 0.000000000000E+00 0.361688946888E-01 0.186223126184E+00 0.594508415827E+00 0.607164909538E+00 0.631927077639E+00 0.676383523511E+00 -.200000000000E+02 -.200000000000E+02 -.200000000000E+02 -.200000000000E+02
0.457007297891E+09 0.000000000000E+00 0.000000000000E+00 0.422257175693E-01 0.201744169706E+00 0.604099809157E+00 0.618058168977E+00 0.641230966398E+00 0.681676462403E+00 -.200000000000E+02 -.200000000000E+02 -.200000000000E+02 -.200000000000E+02
0.463562856361E+09 0.000000000000E+00 0.000000000000E+00 0.487235238460E-01 0.230210417084E+00 0.617059620254E+00 0.628897989616E+00 0.648842923132E+00 0.671648000196E+00 -.200000000000E+02 -.200000000000E+02 -.200000000000E+02 -.200000000000E+02
0.463795017428E+09 0.000000000000E+00 -.200000000000E+02 -.200000000000E+02 0.320186500918E-01 0.521377995069E-01 -.200000000000E+02 -.200000000000E+02 0.384366997207E+00 0.626298825554E+00 0.629531186286E+00 0.647080872564E+00 0.659991303009E+00
0.463874841477E+09 0.606208838942E-01 -.200000000000E+02 -.200000000000E+02 0.425487616652E+00 0.622475671846E+00 0.629219545782E+00 0.645893927540E+00 0.654522956297E+00 -.200000000000E+02 -.200000000000E+02 -.200000000000E+02 -.200000000000E+02
0.463960515736E+09 0.110285466160E+00 0.242947960729E+00 0.351604452353E+00 0.445824824201E+00 0.626728044702E+00 0.632069371061E+00 0.646331085192E+00 0.653512268900E+00 -.200000000000E+02 -.200000000000E+02 -.200000000000E+02 -.200000000000E+02
0.464029309104E+09 0.132451674538E+00 0.244345335295E+00 0.375129216829E+00 0.454536915910E+00 0.628128702846E+00 0.633206202386E+00 0.647294353970E+00 0.655792292666E+00 -.200000000000E+02 -.200000000000E+02 -.200000000000E+02 -.200000000000E+02
0.464315709252E+09 0.169071241025E+00 0.262165282290E+00 0.406905021095E+00 0.465589051726E+00 0.628843655188E+00 0.633351684938E+00 0.647621938262E+00 0.658745230670E+00 -.200000000000E+02 -.200000000000E+02 -.200000000000E+02 -.200000000000E+02
0.465021048585E+09 0.223091232727E+00 0.310248536516E+00 0.449822806897E+00 0.486787167644E+00 0.627294358241E+00 0.631945332380E+00 0.642639323204E+00 0.651861024079E+00 -.200000000000E+02 -.200000000000E+02 -.200000000000E+02 -.200000000000E+02
0.465679975922E+09 0.274062558751E+00 0.359300390441E+00 0.483350312107E+00 0.513064522915E+00 0.625016279895E+00 0.631536999187E+00 0.636547932732E+00 0.645732764684E+00 -.200000000000E+02 -.200000000000E+02 -.200000000000E+02 -.200000000000E+02
0.466206955341E+09 0.356069178762E+00 0.418788693288E+00 0.522814564419E+00 0.543336425972E+00 0.625750807885E+00 0.631937272269E+00 0.632593990761E+00 0.642381208924E+00 -.200000000000E+02 -.200000000000E+02 -.200000000000E+02 -.200000000000E+02
0.467050286917E+09 0.579930956310E+00 0.602059338606E+00 0.640264269620E+00 0.643597102824E+00 0.649275529511E+00 0.649602482218E+00 0.651296936369E+00 0.651713489249E+00 -.200000000000E+02 -.200000000000E+02 -.200000000000E+02 -.200000000000E+02
0.467886385930E+09 0.742074710652E+00 0.750708212950E+00 0.765310221524E+00 0.765874514837E+00 0.766394194357E+00 0.766460568182E+00 0.766692937947E+00 0.766740982257E+00 -.200000000000E+02 -.200000000000E+02 -.200000000000E+02 -.200000000000E+02
0.468629543279E+09 0.971986320577E+00 0.973659974016E+00 0.979883831569E+00 0.979970853916E+00 0.980005106859E+00 0.980018485404E+00 0.980060690272E+00 0.980064072903E+00 -.200000000000E+02 -.200000000000E+02 -.200000000000E+02 -.200000000000E+02
0.468771101461E+09 0.103105027022E+01 0.103105027022E+01 0.103431313225E+01 0.103436855259E+01 0.103439509881E+01 0.103439509881E+01 0.103440377780E+01 0.103440377780E+01 0.103440905113E+01 0.103440905113E+01 0.103442186374E+01 0.103442283640E+01
