   3207.50149549792        1.90870545982418       0.301738682486223        4.08799652042225        3.00000000000000       0.000000000000000E+000  0.000000000000000E+000
   499536.281899482        1.90919903116864       0.301443390494870        4.08826755924987        2.99999457727571       0.000000000000000E+000  0.000000000000000E+000
   19630063.7536062        1.91888548116279       0.311752269102107        4.08553473245505        2.99978046353388       0.000000000000000E+000  0.000000000000000E+000
   194208844.111513        2.03671576858868       0.432495530049075        4.05462067383194        2.99713908396624       0.000000000000000E+000  0.000000000000000E+000
   309048301.344087        2.13414485013942       0.594376701796532        3.99803735834634        2.99406531873696       0.000000000000000E+000  0.000000000000000E+000
   339750797.905876        2.15922750520700       0.671631662062419        3.96568054196117        2.99280641159812       0.431954576935881       0.268748324053292
   361989392.504582        2.22613662617956       0.692350834418992        3.97204823604472        2.99167280631642       0.431804536779634       0.235030746127761
   362865489.607047        2.25703488614440       0.664709519739515        3.99359345827132        2.99162248839640       0.429613947017791       0.188012664148214
   363173986.394906        2.29631994463301       0.757373055343433        3.95708295519561        2.99160160608325       0.429519955106212       0.180972243570896
   363757233.667009        2.30337714631463       0.824147049510886        3.92546025852918        2.99155235517998       0.430813897971695       0.175793874088394
   364006492.796352        2.30145791648538       0.847986256331495        3.91306084766014        2.99152917596758       0.431465323858721       0.173622741147674
   364918499.206429        2.27061843150401       0.966932151902580        3.84587802858522        2.99143323991452       0.433880128416445       0.163652657607199
   365478042.722790        2.19943681402356        1.09837754673970        3.76235992684534        2.99136275481748       0.435030753507864       0.155070001613703
   365790500.992791        2.10702071695205        1.11342424154768        3.73173255579314        2.99132380255230       0.435476907030024       0.149324285640384
   366086866.019745        2.02060559867686        1.11274541459849        3.71046818935374        2.99129472991410       0.435732987245643       0.144088357234499
   366434371.932449        2.09770994447197        1.18996401186364        3.69113497689360        2.99125759132999       0.435952616545491       0.141747127028760
   366893330.615105        2.25040837790116        1.29604739664695        3.67626789286533        2.99117441893745       0.436123030855789       0.141611587287916
   367379715.961807        2.42121825206089        1.40868796798842        3.66265007573487        2.99100977898177       0.436201117413587       0.137797909781439
   367871409.238998        2.60055427089811        1.52623367801260        3.64871122542394        2.99068429821362       0.436234300682457       0.119762165114101
   367946638.927341        2.62883780309106        1.54493626061595        3.64643081718597        2.99061146700899       0.436261956192937       0.115046799223895
   368319963.659065        2.75177237549507        1.62670920444773        3.63627798835921        2.99011110585957       0.438291746185640       8.837990975869978E-002
   368974949.718970        2.63692432180850        1.54912060262057        3.64636027585069        2.98928355708952       0.453923339557607       7.877346179677960E-002
   370453211.360819        2.38826889334913        1.38280641359483        3.66735351321082        2.98831946307554       0.475820772757998       7.368021875098814E-002
   371900351.533164        2.22977892823190        1.27750953337428        3.68037946208034        2.98791260638460       0.485853682411781       7.172584479447272E-002
   372935556.342009        2.17396766928856        1.23992482544538        3.68521900130860        2.98771417228276       0.490406820046541       7.124515209212180E-002
   374737915.952120        2.12783762518382        1.20774793694167        3.68977493453536        2.98743124320966       0.496192548537805       7.115944220378391E-002
   378515947.429236        2.09980370059030        1.18597693936141        3.69365195217620        2.98691990620845       0.504900915656883       7.189885790173638E-002
   381724542.773433        2.09646476845814        1.18169103479088        3.69496017142811        2.98650785074567       0.510944311196117       7.275816984960519E-002
   386002911.452150        2.10040066960720        1.18213553205584        3.69572189808321        2.98595898712982       0.518305226514422       7.397879648390136E-002
   396473577.944118        2.12144701540851        1.19229119865981        3.69590565123155        2.98455847871845       0.535410871350449       7.708812142428033E-002
   407364964.207976        2.14758394580985        1.20644617349127        3.69536239641611        2.98297149796211       0.552646535646983       8.022494472461689E-002
   417903228.795016        2.17428630421060        1.22111206913379        3.69470503819514        2.98128276348424       0.569254951408001       8.325696568722499E-002
   425062451.106568        2.19256935765587        1.23137884599466        3.69414241313595        2.98003934373391       0.580557002855673       8.535090552900894E-002
   434859047.484341        2.21751545405129        1.24589016192948        3.69312327925737        2.97819751715646       0.596152972037715       8.831755726814625E-002
   443472651.745126        2.23944221576158        1.25965859388388        3.69172075404146        2.97643163369201       0.608859787344453       9.038875379858588E-002
   449652654.657195        2.25637737322450        1.27171129962206        3.68992819020439        2.97506734593424       0.617508475989109       9.125775960743028E-002
   457007297.891196        2.28427896167837        1.29354337038400        3.68598755196340        2.97329431510562       0.627968835984216       9.118405280440066E-002
   463562856.361201        2.41343007943693        1.38866241964038        3.67071580668735        2.97133533438491       0.638142387080902       8.269668603803509E-002
   463795017.428179        2.54175964870364        1.47737976317391        3.65843943499534        2.97121598672969       0.638042259281575       7.785633996297549E-002
   463874841.477426        2.69669587996799        1.58262888227028        3.64454903657832        2.97113685176293       0.638443878488593       7.450342532037887E-002
   463960515.735721        2.78313394403951        1.64127075793641        3.63683754628332        2.97099684684025       0.639446271080681       7.133655893958653E-002
   464029309.103945        2.73417723240237        1.60792640588626        3.64127060916947        2.97088368781723       0.640010809923910       7.222594401782682E-002
   464315709.251756        2.63891314608206        1.54311680460937        3.64985943374741        2.97055218546061       0.640721749905977       7.847345465064544E-002
   465021048.584602        2.72743574126959        1.60354701448603        3.64177496245853        2.96973510159917       0.640311258132625       9.153361530603282E-002
   465679975.922143        2.91440066628268        1.73103838484393        3.62477049116199        2.96832982809407       0.639915152259742       0.106828859063693
   466206955.341264        3.11989297273846        1.87206062493012        3.60563248099879        2.96592046271748       0.639734154017628       0.120279469400550
