0.320750149550E+04 0.841230834329E+02 0.833467536773E-25 0.000000000000E+00 0.133735879785E+02 0.707494954544E+02 0.000000000000E+00 0.214498878466E-05 0.186435663341E-08 0.155305143557E-05 0.155236732570E-29 0.627883393276E-06
0.499536281899E+06 0.843858961062E+02 0.813735856302E-25 0.000000000000E+00 0.134605384626E+02 0.709253576436E+02 0.000000000000E+00 0.216311124555E-05 0.187780281225E-08 0.156593014679E-05 0.155236451968E-29 0.632805594773E-06
0.196300637536E+08 0.862870802384E+02 0.933049450650E-25 0.000000000000E+00 0.126612265108E+02 0.736258537276E+02 0.000000000000E+00 0.217975708109E-05 0.174491857869E-08 0.159697057589E-05 0.155225372529E-29 0.618291131898E-06
0.194208844112E+09 0.113187144037E+03 0.743813626665E-24 0.000000000000E+00 0.646176134199E+01 0.106725382695E+03 0.000000000000E+00 0.290062133927E-05 0.963160790815E-09 0.235925750194E-05 0.155088692818E-29 0.585832526051E-06
0.309048301344E+09 0.141502434844E+03 0.135155477554E-22 0.000000000000E+00 0.180825644321E+01 0.139694178401E+03 0.000000000000E+00 0.417270317112E-05 0.601203380219E-09 0.359447409347E-05 0.154929639061E-29 0.627496957877E-06
0.339750797906E+09 0.149835087745E+03 0.848619123031E-22 0.000000000000E+00 0.762350142584E+00 0.149072737603E+03 0.555750029255E-32 0.515731146369E-05 0.571894876080E-09 0.449063439126E-05 0.154864496184E-29 0.721503023439E-06
0.361989392505E+09 0.170157839929E+03 0.698418664241E-19 0.000000000000E+00 0.714495244777E+00 0.169443344684E+03 0.616058801336E-27 0.142236005549E-04 0.173817277839E-08 0.118600912593E-04 0.154805837124E-29 0.241939164666E-05
0.362865489607E+09 0.223476934542E+03 0.494867364874E-18 0.000000000000E+00 0.187781612234E+01 0.221599118420E+03 0.136630030115E-25 0.260481881653E-04 0.155434009562E-07 0.215594345409E-04 0.154803233394E-29 0.452482955927E-05
0.363173986395E+09 0.220799624509E+03 0.188124320690E-18 0.000000000000E+00 0.135333156738E+01 0.219446292941E+03 0.235372794841E-26 0.235023825107E-04 0.309068780934E-07 0.195844771528E-04 0.154802152827E-29 0.393723290409E-05
0.363757233667E+09 0.218723797624E+03 0.290381828294E-18 0.000000000000E+00 0.104519951839E+01 0.217678598106E+03 0.537621498137E-26 0.241888416017E-04 0.628315401147E-07 0.201013808291E-04 0.154799604310E-29 0.408046046157E-05
0.364006492796E+09 0.218078667019E+03 0.498070333100E-18 0.000000000000E+00 0.953362767620E+00 0.217125304251E+03 0.153462688870E-25 0.251915873542E-04 0.848262087205E-07 0.208704445980E-04 0.154798404889E-29 0.429329492939E-05
0.364918499206E+09 0.210200475551E+03 0.269047443492E-16 0.000000000000E+00 0.601046477315E+00 0.209599429074E+03 0.256213318039E-22 0.346840994563E-04 0.359529340220E-06 0.282002871199E-04 0.154793440622E-29 0.618847942470E-05
0.365478042723E+09 0.191570680582E+03 0.248742157138E-14 0.000000000000E+00 0.354029074908E+00 0.191216651507E+03 0.630367071619E-19 0.557032515084E-04 0.135860336906E-05 0.443630956469E-04 0.154789793330E-29 0.100525207306E-04
0.365790500993E+09 0.169986251232E+03 0.646743140480E-13 0.000000000000E+00 0.226432751201E+00 0.169759818481E+03 0.129940023233E-16 0.882774348089E-04 0.343224371756E-05 0.677939052696E-04 0.154787777723E-29 0.171396098713E-04
0.366086866020E+09 0.145524031719E+03 0.198622604345E-11 0.000000000000E+00 0.134798691259E+00 0.145389233028E+03 0.282408752657E-14 0.162172708110E-03 0.917928983216E-05 0.115545546412E-03 0.154786273342E-29 0.375945018357E-04
0.366434371932E+09 0.144778819475E+03 0.898370024388E-10 0.000000000000E+00 0.830848707394E-01 0.144695734604E+03 0.897295574052E-12 0.354396155376E-03 0.288550899033E-04 0.227683486550E-03 0.154784351585E-29 0.980017724213E-04
0.366893330615E+09 0.190763738207E+03 0.895312986461E-08 0.000000000000E+00 0.595870805100E-01 0.190704151126E+03 0.619051964310E-09 0.965021316684E-03 0.119804356920E-03 0.558684680922E-03 0.154780047781E-29 0.286667495949E-03
0.367379715962E+09 0.278735598251E+03 0.207512584477E-05 0.000000000000E+00 0.491889733262E-01 0.278686409277E+03 0.102113895458E-05 0.281272022794E-02 0.507977238070E-03 0.146305641640E-02 0.154771528392E-29 0.841826212821E-03
0.367871409239E+09 0.421412787059E+03 0.389301165132E-02 0.000000000000E+00 0.438799055544E-01 0.421368907154E+03 0.373546979703E-02 0.858151644380E-02 0.207678158629E-02 0.387067830342E-02 0.154754686201E-29 0.263420160086E-02
0.367946638927E+09 0.450103711196E+03 0.124599589160E-01 0.000000000000E+00 0.432624148165E-01 0.450060448781E+03 0.121146325313E-01 0.102044686887E-01 0.256390546019E-02 0.448693063454E-02 0.154750917509E-29 0.315377810569E-02
0.368319963659E+09 0.597684310278E+03 0.276717387177E+02 0.109571384874E-35 0.406001990870E-01 0.597643710079E+03 0.272333539839E+02 0.246396331271E-01 0.575117244461E-02 0.976856147922E-02 0.154725026032E-29 0.912006149306E-02
0.368974949719E+09 0.460654235719E+03 0.120239931691E+02 0.481280473449E-34 0.655187131160E-01 0.460588717006E+03 0.116915663538E+02 0.237997917255E-01 0.278735556066E-02 0.100183888272E-01 0.154682204043E-29 0.109941558842E-01
0.370453211361E+09 0.251755849704E+03 0.149629396211E+02 0.726970748308E-33 0.107503536383E+00 0.251648346167E+03 0.143521145547E+02 0.273985336273E-01 0.238216800488E-02 0.116432723658E-01 0.154632316441E-29 0.133731786310E-01
0.371900351533E+09 0.168235279573E+03 0.165353758982E+02 0.271332958296E-32 0.173437051065E+00 0.168061842522E+03 0.156870781264E+02 0.295829472464E-01 0.220862216887E-02 0.126896682575E-01 0.154611263407E-29 0.146847351429E-01
0.372935556342E+09 0.145007000016E+03 0.173753468915E+02 0.527899018450E-32 0.227003190629E+00 0.144779996825E+03 0.163678996297E+02 0.308009945656E-01 0.213932249658E-02 0.132978351266E-01 0.154600995320E-29 0.153639169124E-01
0.374737915952E+09 0.127347311111E+03 0.185623728922E+02 0.129235882059E-31 0.310700730863E+00 0.127036610380E+03 0.172842027842E+02 0.325857771745E-01 0.206024004471E-02 0.142566974851E-01 0.154586354991E-29 0.162689244786E-01
0.378515947429E+09 0.116043586968E+03 0.205297240825E+02 0.443551113349E-31 0.425924271899E+00 0.115617662696E+03 0.187340227681E+02 0.358389286175E-01 0.195129241717E-02 0.160784767305E-01 0.154559895563E-29 0.178092525646E-01
0.381724542773E+09 0.113283972528E+03 0.220395191405E+02 0.995314334678E-31 0.481886257913E+00 0.112802086270E+03 0.197917102306E+02 0.385700852457E-01 0.188284818627E-02 0.176678761971E-01 0.154538573515E-29 0.190194590347E-01
0.386002911452E+09 0.112253171890E+03 0.240257621309E+02 0.242103263930E-30 0.527314984607E+00 0.111725856906E+03 0.211513314155E+02 0.423829556916E-01 0.180584934600E-02 0.199090801540E-01 0.154510172250E-29 0.206681001170E-01
0.396473577944E+09 0.113020281552E+03 0.293183882874E+02 0.140804197597E-29 0.584577664409E+00 0.112435703888E+03 0.246670111940E+02 0.532217627978E-01 0.165672993686E-02 0.263192633209E-01 0.154437702134E-29 0.252458507872E-01
0.407364964208E+09 0.114240574215E+03 0.360674540893E+02 0.754168902157E-29 0.620038139745E+00 0.113620536075E+03 0.288065969620E+02 0.683744203698E-01 0.154587614968E-02 0.353998655198E-01 0.154379334674E-29 0.314287669768E-01
0.417903228795E+09 0.114430928244E+03 0.443979540008E+02 0.406365461206E-28 0.645877570718E+00 0.113785050673E+03 0.332179705317E+02 0.894851204647E-01 0.148215931505E-02 0.481957202411E-01 0.156093913346E-29 0.398073366411E-01
0.425062451107E+09 0.113451507999E+03 0.513875580952E+02 0.140821262637E-27 0.658346188479E+00 0.112793161810E+03 0.363196147426E+02 0.109777441366E+00 0.147064397046E-02 0.605384452979E-01 0.170724406854E-29 0.477684249267E-01
0.434859047484E+09 0.110017265986E+03 0.632145194605E+02 0.987794700747E-27 0.664932113684E+00 0.109352333873E+03 0.401648431674E+02 0.151543148730E+00 0.152335210787E-02 0.859821663153E-01 0.593904403631E-29 0.640377087413E-01
0.443472651745E+09 0.104226025454E+03 0.765169400466E+02 0.885610080635E-26 0.653179700926E+00 0.103572845753E+03 0.416422283401E+02 0.216974989636E+00 0.171636800522E-02 0.125472358207E+00 0.175128289403E-27 0.897863470620E-01
0.449652654657E+09 0.989959332031E+02 0.878320243623E+02 0.667935964090E-25 0.625781193632E+00 0.983701520095E+02 0.396083590375E+02 0.301460575446E+00 0.205530979983E-02 0.175581736819E+00 0.524634783219E-26 0.123823615972E+00
0.457007297891E+09 0.956431256750E+02 0.102476972439E+03 0.149534252329E-23 0.567947528491E+00 0.950751781465E+02 0.312947628207E+02 0.503874907079E+00 0.306037150687E-02 0.292161892723E+00 0.106217123550E-23 0.208652733496E+00
0.463562856361E+09 0.156232815803E+03 0.105247750440E+03 0.166187509999E-19 0.407404128892E+00 0.155825411675E+03 0.971043235752E+00 0.205514990886E+01 0.175148509199E-01 0.110955553791E+01 0.125908636068E-17 0.928079595088E+00
0.463795017428E+09 0.270316995668E+03 0.703980839614E+01 0.246703387664E-17 0.229770595352E+00 0.270087225072E+03 0.123291860320E-01 0.412496259031E+01 0.658319757037E-01 0.213905116932E+01 0.228321034015E-15 0.192007955202E+01
0.463874841477E+09 0.401220499218E+03 0.269387499871E+02 0.512772374290E-16 0.152314289299E+00 0.401068184928E+03 0.103920440466E+01 0.678961769555E+01 0.182990820905E+00 0.343459167846E+01 0.263051539831E-14 0.317203533774E+01
0.463960515736E+09 0.493996822517E+03 0.127353738733E+03 0.252124119008E-15 0.145189839497E+00 0.493851632677E+03 0.287773550607E+02 0.883905214772E+01 0.356738145425E+00 0.442926896073E+01 0.671664915997E-14 0.405304521999E+01
0.464029309104E+09 0.391530167154E+03 0.187031788706E+03 0.773460043928E-16 0.176519992030E+00 0.391353647162E+03 0.625601505804E+02 0.770570882466E+01 0.393985326657E+00 0.393478344192E+01 0.839980643082E-15 0.337694020042E+01
0.464315709252E+09 0.158367347532E+03 0.287674740304E+03 0.614504557072E-17 0.158507159304E+00 0.158208840373E+03 0.138894759741E+03 0.627250385079E+01 0.563293421440E+00 0.325234759354E+01 0.560752859632E-17 0.245686293465E+01
0.465021048585E+09 0.238911756051E+02 0.509460829086E+03 0.358997750496E-17 0.355540746607E-01 0.238556215304E+02 0.308302746326E+03 0.743240328405E+01 0.135688830709E+01 0.362113666803E+01 0.208963391662E-18 0.245437844797E+01
0.465679975922E+09 0.568286995308E+01 0.811545497309E+03 0.112609126302E-16 0.674613082371E-02 0.567612382226E+01 0.495496758981E+03 0.112824971036E+02 0.324482648510E+01 0.490648565434E+01 0.208941800484E-18 0.313118510624E+01
0.466206955341E+09 0.325244034122E+01 0.129878364515E+04 0.120546991249E-15 0.198182869470E-02 0.325045851253E+01 0.800854289975E+03 0.205395264261E+02 0.821151314717E+01 0.763719291940E+01 0.375290024790E-17 0.469082055831E+01
0.467050286917E+09 0.392469701136E+04 0.188125630964E+04 0.374863539019E-11 0.169691604582E-01 0.392468004220E+04 0.120243479555E+04 0.132488504452E+03 0.902556041546E+02 0.262650751869E+02 0.616769951611E-12 0.159678352328E+02
0.467886385930E+09 0.153589085204E+05 0.276454802676E+04 0.154095511039E-12 0.305446893956E-02 0.153589054660E+05 0.192203405861E+04 0.818728461209E+02 0.689795308892E+02 0.868192828498E+01 0.257089072965E-14 0.421164998421E+01
0.468629543279E+09 0.279345275957E+05 0.487431817025E+04 0.844706191984E-10 0.723558488958E-03 0.279345268721E+05 0.348619049540E+04 0.154180141338E+03 0.136666333122E+03 0.113867597797E+02 0.165745468343E-11 0.612798217875E+01
0.468771101461E+09 0.290309199483E+05 0.426379260701E+05 0.287620955601E-09 0.536379540403E-03 0.290309194119E+05 0.386375336124E+04 0.174380765246E+03 0.156299422272E+03 0.117261862571E+02 0.499144550467E-11 0.635556303223E+01
