0.320750149550E+04 0.801810467000E+15 0.643279114753E+17 0.579568872858E+17 -.318062909967E+15
0.499536281899E+06 0.805256520586E+15 0.645463641373E+17 0.581417643158E+17 -.319109297683E+15
0.196300637536E+08 0.805640003073E+15 0.629888880085E+17 0.563283154451E+17 -.310531364061E+15
0.194208844112E+09 0.929456059987E+15 0.546942746996E+17 0.438626309547E+17 -.265811527653E+15
0.309048301344E+09 0.123529799304E+16 0.545468025080E+17 0.358831491466E+17 -.273180273458E+15
0.339750797906E+09 0.149864323588E+16 0.597312018963E+17 0.347191367644E+17 -.308276942500E+15
0.361989392505E+09 0.307848676839E+16 0.110926591557E+18 0.548911416949E+17 -.590348066276E+15
0.362865489607E+09 0.310766747878E+16 0.412882796946E+18 0.200052306860E+18 -.387198077000E+16
0.363173986395E+09 0.249557135489E+16 0.699635159047E+18 0.333976693953E+18 -.871220807418E+16
0.363757233667E+09 0.247779764597E+16 0.112432211746E+19 0.527256025575E+18 -.162786318501E+17
0.364006492796E+09 0.262711983332E+16 0.134542655840E+19 0.626630561697E+18 -.200588620524E+17
0.364918499206E+09 0.426468636949E+16 0.292882874616E+19 0.132467081832E+19 -.449275613220E+17
0.365478042723E+09 0.746558744083E+16 0.562011594495E+19 0.247958896613E+19 -.827542028769E+17
0.365790500993E+09 0.112787315080E+17 0.869350824026E+19 0.376983470283E+19 -.122506084673E+18
0.366086866020E+09 0.176112585685E+17 0.137105894768E+20 0.583203318169E+19 -.183071182762E+18
0.366434371932E+09 0.293434124462E+17 0.233895452440E+20 0.968974028245E+19 -.292469905611E+18
0.366893330615E+09 0.543561892443E+17 0.457620901861E+20 0.182039152594E+20 -.525862866432E+18
0.367379715962E+09 0.100861575843E+18 0.905565594588E+20 0.343053370503E+20 -.950592690542E+18
0.367871409239E+09 0.184187290070E+18 0.176289434992E+21 0.632430160933E+20 -.168934704753E+19
0.367946638927E+09 0.201879364964E+18 0.194773247255E+21 0.692825632077E+20 -.184058752904E+19
0.368319963659E+09 0.447403455575E+18 0.251735221614E+21 0.940352875261E+20 -.209192649853E+19
0.368974949719E+09 0.445146333944E+18 0.149195397967E+21 0.604310955138E+20 -.122932482343E+19
0.370453211361E+09 0.468693807759E+18 0.129131893130E+21 0.530370554354E+20 -.107476010955E+19
0.371900351533E+09 0.481390588601E+18 0.120631112651E+21 0.495638331391E+20 -.102353392505E+19
0.372935556342E+09 0.488014160973E+18 0.117200104119E+21 0.480092144414E+20 -.101092685195E+19
0.374737915952E+09 0.497514743878E+18 0.113255768407E+21 0.460197300878E+20 -.100758653182E+19
0.378515947429E+09 0.513666062145E+18 0.107770127742E+21 0.430013753101E+20 -.101508958509E+19
0.381724542773E+09 0.526444364183E+18 0.104274577590E+21 0.408901208339E+20 -.102865497262E+19
0.386002911452E+09 0.543261268918E+18 0.100267056238E+21 0.383942524819E+20 -.104549690992E+19
0.396473577944E+09 0.586465333550E+18 0.921078100378E+20 0.331940841697E+20 -.107368674623E+19
0.407364964208E+09 0.639533940327E+18 0.853886050395E+20 0.285452808637E+20 -.109954143155E+19
0.417903228795E+09 0.704999079987E+18 0.804287322562E+20 0.245258489454E+20 -.113189530376E+19
0.425062451107E+09 0.761928543860E+18 0.780377325087E+20 0.220389552463E+20 -.116253555716E+19
0.434859047484E+09 0.867897497258E+18 0.765702290746E+20 0.189642394394E+20 -.122828476331E+19
0.443472651745E+09 0.101542130681E+19 0.785883164855E+20 0.166717628605E+20 -.134306241386E+19
0.449652654657E+09 0.118487887277E+19 0.837200345220E+20 0.154841044897E+20 -.149118645969E+19
0.457007297891E+09 0.153241683060E+19 0.983540032388E+20 0.151929773036E+20 -.182436654118E+19
0.463562856361E+09 0.339833511762E+19 0.220226254953E+21 0.267020997997E+20 -.426422640304E+19
0.463795017428E+09 0.491741918289E+19 0.440591210369E+21 0.506347736449E+20 -.902978808139E+19
0.463874841477E+09 0.598066670676E+19 0.772389959270E+21 0.841810785724E+20 -.166996521078E+20
0.463960515736E+09 0.658797719514E+19 0.114487653627E+22 0.118667494863E+21 -.256357432435E+20
0.464029309104E+09 0.584452047413E+19 0.129542982854E+22 0.129636318846E+21 -.302152344884E+20
0.464315709252E+09 0.443759677453E+19 0.186937787962E+22 0.167238985533E+21 -.474139468427E+20
0.465021048585E+09 0.376659391261E+19 0.363785133864E+22 0.267372502990E+21 -.964980483870E+20
0.465679975922E+09 0.356344722690E+19 0.661388508790E+22 0.403191769315E+21 -.174769828945E+21
0.466206955341E+09 0.321653220482E+19 0.122948352510E+23 0.601457833833E+21 -.318046420811E+21
0.467050286917E+09 0.715902392147E+18 0.976150029344E+23 0.164498599312E+22 -.227492711125E+22
0.467886385930E+09 0.146491174627E+18 0.507398760146E+24 0.334935994679E+22 -.107009633342E+23
0.468629543279E+09 0.237051667126E+18 0.333558899020E+25 0.140239984032E+23 -.628220799139E+23
0.468771101461E+09 0.296612125665E+18 0.538541620284E+25 0.208691715465E+23 -.993818414971E+23
