0.120000000000E+02 0.000000000000E+00 -.200000000000E+02 -.200000000000E+02 0.314948624516E+00 -.200000000000E+02 -.200000000000E+02 -.200000000000E+02 -.200000000000E+02 -.200000000000E+02 -.200000000000E+02 -.200000000000E+02 -.200000000000E+02
0.240000000000E+02 0.000000000000E+00 -.200000000000E+02 -.200000000000E+02 0.314868759672E+00 -.200000000000E+02 -.200000000000E+02 -.200000000000E+02 -.200000000000E+02 -.200000000000E+02 -.200000000000E+02 -.200000000000E+02 -.200000000000E+02
0.420000000000E+02 0.000000000000E+00 -.200000000000E+02 -.200000000000E+02 0.314867951258E+00 -.200000000000E+02 -.200000000000E+02 -.200000000000E+02 -.200000000000E+02 -.200000000000E+02 -.200000000000E+02 -.200000000000E+02 -.200000000000E+02
0.690000000000E+02 0.000000000000E+00 -.200000000000E+02 -.200000000000E+02 0.314865702166E+00 -.200000000000E+02 -.200000000000E+02 -.200000000000E+02 -.200000000000E+02 -.200000000000E+02 -.200000000000E+02 -.200000000000E+02 -.200000000000E+02
0.109500000000E+03 0.000000000000E+00 -.200000000000E+02 -.200000000000E+02 0.314860588924E+00 -.200000000000E+02 -.200000000000E+02 -.200000000000E+02 -.200000000000E+02 -.200000000000E+02 -.200000000000E+02 -.200000000000E+02 -.200000000000E+02
0.170250000000E+03 0.000000000000E+00 -.200000000000E+02 -.200000000000E+02 0.314851548234E+00 -.200000000000E+02 -.200000000000E+02 -.200000000000E+02 -.200000000000E+02 -.200000000000E+02 -.200000000000E+02 -.200000000000E+02 -.200000000000E+02
0.261375000000E+03 0.000000000000E+00 -.200000000000E+02 -.200000000000E+02 0.314837508988E+00 -.200000000000E+02 -.200000000000E+02 -.200000000000E+02 -.200000000000E+02 -.200000000000E+02 -.200000000000E+02 -.200000000000E+02 -.200000000000E+02
0.398062500000E+03 0.000000000000E+00 -.200000000000E+02 -.200000000000E+02 0.314816355938E+00 -.200000000000E+02 -.200000000000E+02 -.200000000000E+02 -.200000000000E+02 -.200000000000E+02 -.200000000000E+02 -.200000000000E+02 -.200000000000E+02
0.603093750000E+03 0.000000000000E+00 -.200000000000E+02 -.200000000000E+02 0.314784565680E+00 -.200000000000E+02 -.200000000000E+02 -.200000000000E+02 -.200000000000E+02 -.200000000000E+02 -.200000000000E+02 -.200000000000E+02 -.200000000000E+02
0.910640625000E+03 0.000000000000E+00 -.200000000000E+02 -.200000000000E+02 0.314736751221E+00 -.200000000000E+02 -.200000000000E+02 -.200000000000E+02 -.200000000000E+02 -.200000000000E+02 -.200000000000E+02 -.200000000000E+02 -.200000000000E+02
0.137196093750E+04 0.000000000000E+00 -.200000000000E+02 -.200000000000E+02 0.314664784902E+00 -.200000000000E+02 -.200000000000E+02 -.200000000000E+02 -.200000000000E+02 -.200000000000E+02 -.200000000000E+02 -.200000000000E+02 -.200000000000E+02
0.206394140625E+04 0.000000000000E+00 -.200000000000E+02 -.200000000000E+02 0.314556090267E+00 -.200000000000E+02 -.200000000000E+02 -.200000000000E+02 -.200000000000E+02 -.200000000000E+02 -.200000000000E+02 -.200000000000E+02 -.200000000000E+02
0.310191210938E+04 0.000000000000E+00 -.200000000000E+02 -.200000000000E+02 0.314392743200E+00 -.200000000000E+02 -.200000000000E+02 -.200000000000E+02 -.200000000000E+02 -.200000000000E+02 -.200000000000E+02 -.200000000000E+02 -.200000000000E+02
0.465886816406E+04 0.000000000000E+00 -.200000000000E+02 -.200000000000E+02 0.314145575211E+00 -.200000000000E+02 -.200000000000E+02 -.200000000000E+02 -.200000000000E+02 -.200000000000E+02 -.200000000000E+02 -.200000000000E+02 -.200000000000E+02
0.699430224609E+04 0.000000000000E+00 -.200000000000E+02 -.200000000000E+02 0.313771560419E+00 -.200000000000E+02 -.200000000000E+02 -.200000000000E+02 -.200000000000E+02 -.200000000000E+02 -.200000000000E+02 -.200000000000E+02 -.200000000000E+02
0.104974533691E+05 0.000000000000E+00 -.200000000000E+02 -.200000000000E+02 0.313204518391E+00 -.200000000000E+02 -.200000000000E+02 -.200000000000E+02 -.200000000000E+02 -.200000000000E+02 -.200000000000E+02 -.200000000000E+02 -.200000000000E+02
0.157521800537E+05 0.000000000000E+00 -.200000000000E+02 -.200000000000E+02 0.312342332245E+00 -.200000000000E+02 -.200000000000E+02 -.200000000000E+02 -.200000000000E+02 -.200000000000E+02 -.200000000000E+02 -.200000000000E+02 -.200000000000E+02
0.236342700806E+05 0.000000000000E+00 -.200000000000E+02 -.200000000000E+02 0.311025801901E+00 -.200000000000E+02 -.200000000000E+02 -.200000000000E+02 -.200000000000E+02 -.200000000000E+02 -.200000000000E+02 -.200000000000E+02 -.200000000000E+02
0.354574051208E+05 0.000000000000E+00 -.200000000000E+02 -.200000000000E+02 0.309003906918E+00 -.200000000000E+02 -.200000000000E+02 -.200000000000E+02 -.200000000000E+02 -.200000000000E+02 -.200000000000E+02 -.200000000000E+02 -.200000000000E+02
0.531921076813E+05 0.000000000000E+00 -.200000000000E+02 -.200000000000E+02 0.305869253213E+00 -.200000000000E+02 -.200000000000E+02 -.200000000000E+02 -.200000000000E+02 -.200000000000E+02 -.200000000000E+02 -.200000000000E+02 -.200000000000E+02
0.797941615219E+05 0.000000000000E+00 -.200000000000E+02 -.200000000000E+02 0.301203102945E+00 -.200000000000E+02 -.200000000000E+02 -.200000000000E+02 -.200000000000E+02 -.200000000000E+02 -.200000000000E+02 -.200000000000E+02 -.200000000000E+02
0.119697242283E+06 0.000000000000E+00 -.200000000000E+02 -.200000000000E+02 0.294204783949E+00 -.200000000000E+02 -.200000000000E+02 -.200000000000E+02 -.200000000000E+02 -.200000000000E+02 -.200000000000E+02 -.200000000000E+02 -.200000000000E+02
0.165825628915E+06 0.000000000000E+00 -.200000000000E+02 -.200000000000E+02 0.286723891840E+00 -.200000000000E+02 -.200000000000E+02 -.200000000000E+02 -.200000000000E+02 -.200000000000E+02 -.200000000000E+02 -.200000000000E+02 -.200000000000E+02
0.212141023939E+06 0.000000000000E+00 -.200000000000E+02 -.200000000000E+02 0.280165736026E+00 -.200000000000E+02 -.200000000000E+02 -.200000000000E+02 -.200000000000E+02 -.200000000000E+02 -.200000000000E+02 -.200000000000E+02 -.200000000000E+02
0.258850203775E+06 0.000000000000E+00 -.200000000000E+02 -.200000000000E+02 0.275200081000E+00 -.200000000000E+02 -.200000000000E+02 -.200000000000E+02 -.200000000000E+02 -.200000000000E+02 -.200000000000E+02 -.200000000000E+02 -.200000000000E+02
0.306260164151E+06 0.000000000000E+00 -.200000000000E+02 -.200000000000E+02 0.270837614885E+00 -.200000000000E+02 -.200000000000E+02 -.200000000000E+02 -.200000000000E+02 -.200000000000E+02 -.200000000000E+02 -.200000000000E+02 -.200000000000E+02
0.354765708515E+06 0.000000000000E+00 -.200000000000E+02 -.200000000000E+02 0.266361224131E+00 -.200000000000E+02 -.200000000000E+02 -.200000000000E+02 -.200000000000E+02 -.200000000000E+02 -.200000000000E+02 -.200000000000E+02 -.200000000000E+02
0.408130372989E+06 0.000000000000E+00 -.200000000000E+02 -.200000000000E+02 0.261373919889E+00 -.200000000000E+02 -.200000000000E+02 -.200000000000E+02 -.200000000000E+02 -.200000000000E+02 -.200000000000E+02 -.200000000000E+02 -.200000000000E+02
0.462069732006E+06 0.000000000000E+00 -.200000000000E+02 -.200000000000E+02 0.256027342624E+00 -.200000000000E+02 -.200000000000E+02 -.200000000000E+02 -.200000000000E+02 -.200000000000E+02 -.200000000000E+02 -.200000000000E+02 -.200000000000E+02
0.515625830970E+06 0.000000000000E+00 -.200000000000E+02 -.200000000000E+02 0.250808833228E+00 -.200000000000E+02 -.200000000000E+02 -.200000000000E+02 -.200000000000E+02 -.200000000000E+02 -.200000000000E+02 -.200000000000E+02 -.200000000000E+02
0.568855621233E+06 0.000000000000E+00 -.200000000000E+02 -.200000000000E+02 0.245386498926E+00 -.200000000000E+02 -.200000000000E+02 -.200000000000E+02 -.200000000000E+02 -.200000000000E+02 -.200000000000E+02 -.200000000000E+02 -.200000000000E+02
0.621678837806E+06 0.000000000000E+00 -.200000000000E+02 -.200000000000E+02 0.240040716562E+00 -.200000000000E+02 -.200000000000E+02 -.200000000000E+02 -.200000000000E+02 -.200000000000E+02 -.200000000000E+02 -.200000000000E+02 -.200000000000E+02
0.677974055096E+06 0.000000000000E+00 -.200000000000E+02 -.200000000000E+02 0.234203756167E+00 -.200000000000E+02 -.200000000000E+02 -.200000000000E+02 -.200000000000E+02 -.200000000000E+02 -.200000000000E+02 -.200000000000E+02 -.200000000000E+02
0.736391653867E+06 0.000000000000E+00 -.200000000000E+02 -.200000000000E+02 0.228172565949E+00 -.200000000000E+02 -.200000000000E+02 -.200000000000E+02 -.200000000000E+02 -.200000000000E+02 -.200000000000E+02 -.200000000000E+02 -.200000000000E+02
0.794454308364E+06 0.000000000000E+00 -.200000000000E+02 -.200000000000E+02 0.222032924723E+00 -.200000000000E+02 -.200000000000E+02 -.200000000000E+02 -.200000000000E+02 -.200000000000E+02 -.200000000000E+02 -.200000000000E+02 -.200000000000E+02
0.851836597624E+06 0.000000000000E+00 -.200000000000E+02 -.200000000000E+02 0.216066294931E+00 -.200000000000E+02 -.200000000000E+02 -.200000000000E+02 -.200000000000E+02 -.200000000000E+02 -.200000000000E+02 -.200000000000E+02 -.200000000000E+02
0.908581216683E+06 0.000000000000E+00 -.200000000000E+02 -.200000000000E+02 0.210025592984E+00 -.200000000000E+02 -.200000000000E+02 -.200000000000E+02 -.200000000000E+02 -.200000000000E+02 -.200000000000E+02 -.200000000000E+02 -.200000000000E+02
0.967542457649E+06 0.000000000000E+00 -.200000000000E+02 -.200000000000E+02 0.203832886026E+00 -.200000000000E+02 -.200000000000E+02 -.200000000000E+02 -.200000000000E+02 -.200000000000E+02 -.200000000000E+02 -.200000000000E+02 -.200000000000E+02
0.102934988608E+07 0.000000000000E+00 -.200000000000E+02 -.200000000000E+02 0.197301675998E+00 -.200000000000E+02 -.200000000000E+02 -.200000000000E+02 -.200000000000E+02 -.200000000000E+02 -.200000000000E+02 -.200000000000E+02 -.200000000000E+02
0.109086973383E+07 0.000000000000E+00 -.200000000000E+02 -.200000000000E+02 0.190738702483E+00 -.200000000000E+02 -.200000000000E+02 -.200000000000E+02 -.200000000000E+02 -.200000000000E+02 -.200000000000E+02 -.200000000000E+02 -.200000000000E+02
0.115172256209E+07 0.000000000000E+00 -.200000000000E+02 -.200000000000E+02 0.184341330754E+00 -.200000000000E+02 -.200000000000E+02 -.200000000000E+02 -.200000000000E+02 -.200000000000E+02 -.200000000000E+02 -.200000000000E+02 -.200000000000E+02
0.121184521419E+07 0.000000000000E+00 -.200000000000E+02 -.200000000000E+02 0.178012656920E+00 -.200000000000E+02 -.200000000000E+02 -.200000000000E+02 -.200000000000E+02 -.200000000000E+02 -.200000000000E+02 -.200000000000E+02 -.200000000000E+02
0.127407657261E+07 0.000000000000E+00 -.200000000000E+02 -.200000000000E+02 0.171447383892E+00 -.200000000000E+02 -.200000000000E+02 -.200000000000E+02 -.200000000000E+02 -.200000000000E+02 -.200000000000E+02 -.200000000000E+02 -.200000000000E+02
0.133894817120E+07 0.000000000000E+00 -.200000000000E+02 -.200000000000E+02 0.164620345827E+00 -.200000000000E+02 -.200000000000E+02 -.200000000000E+02 -.200000000000E+02 -.200000000000E+02 -.200000000000E+02 -.200000000000E+02 -.200000000000E+02
0.140353862736E+07 0.000000000000E+00 -.200000000000E+02 -.200000000000E+02 0.157907730141E+00 -.200000000000E+02 -.200000000000E+02 -.200000000000E+02 -.200000000000E+02 -.200000000000E+02 -.200000000000E+02 -.200000000000E+02 -.200000000000E+02
0.146741540617E+07 0.000000000000E+00 -.200000000000E+02 -.200000000000E+02 0.151305664587E+00 -.200000000000E+02 -.200000000000E+02 -.200000000000E+02 -.200000000000E+02 -.200000000000E+02 -.200000000000E+02 -.200000000000E+02 -.200000000000E+02
0.153051651186E+07 0.000000000000E+00 -.200000000000E+02 -.200000000000E+02 0.144819090654E+00 -.200000000000E+02 -.200000000000E+02 -.200000000000E+02 -.200000000000E+02 -.200000000000E+02 -.200000000000E+02 -.200000000000E+02 -.200000000000E+02
0.159638265039E+07 0.000000000000E+00 -.200000000000E+02 -.200000000000E+02 0.138092436421E+00 -.200000000000E+02 -.200000000000E+02 -.200000000000E+02 -.200000000000E+02 -.200000000000E+02 -.200000000000E+02 -.200000000000E+02 -.200000000000E+02
0.166409834862E+07 0.000000000000E+00 -.200000000000E+02 -.200000000000E+02 0.131234868120E+00 -.200000000000E+02 -.200000000000E+02 -.200000000000E+02 -.200000000000E+02 -.200000000000E+02 -.200000000000E+02 -.200000000000E+02 -.200000000000E+02
0.173149660998E+07 0.000000000000E+00 -.200000000000E+02 -.200000000000E+02 0.124474728588E+00 -.200000000000E+02 -.200000000000E+02 -.200000000000E+02 -.200000000000E+02 -.200000000000E+02 -.200000000000E+02 -.200000000000E+02 -.200000000000E+02
0.179824686624E+07 0.000000000000E+00 -.200000000000E+02 -.200000000000E+02 0.117846459900E+00 -.200000000000E+02 -.200000000000E+02 -.200000000000E+02 -.200000000000E+02 -.200000000000E+02 -.200000000000E+02 -.200000000000E+02 -.200000000000E+02
0.186422618279E+07 0.000000000000E+00 -.200000000000E+02 -.200000000000E+02 0.111369103254E+00 -.200000000000E+02 -.200000000000E+02 -.200000000000E+02 -.200000000000E+02 -.200000000000E+02 -.200000000000E+02 -.200000000000E+02 -.200000000000E+02
0.193420692173E+07 0.000000000000E+00 -.200000000000E+02 -.200000000000E+02 0.104582347296E+00 -.200000000000E+02 -.200000000000E+02 -.200000000000E+02 -.200000000000E+02 -.200000000000E+02 -.200000000000E+02 -.200000000000E+02 -.200000000000E+02
0.200497344259E+07 0.000000000000E+00 -.200000000000E+02 -.200000000000E+02 0.978547242170E-01 -.200000000000E+02 -.200000000000E+02 -.200000000000E+02 -.200000000000E+02 -.200000000000E+02 -.200000000000E+02 -.200000000000E+02 -.200000000000E+02
0.207544910471E+07 0.000000000000E+00 -.200000000000E+02 -.200000000000E+02 0.912375630382E-01 -.200000000000E+02 -.200000000000E+02 -.200000000000E+02 -.200000000000E+02 -.200000000000E+02 -.200000000000E+02 -.200000000000E+02 -.200000000000E+02
0.214545557724E+07 0.000000000000E+00 -.200000000000E+02 -.200000000000E+02 0.847697080460E-01 -.200000000000E+02 -.200000000000E+02 -.200000000000E+02 -.200000000000E+02 -.200000000000E+02 -.200000000000E+02 -.200000000000E+02 -.200000000000E+02
0.221559768036E+07 0.000000000000E+00 -.200000000000E+02 -.200000000000E+02 0.784367608103E-01 -.200000000000E+02 -.200000000000E+02 -.200000000000E+02 -.200000000000E+02 -.200000000000E+02 -.200000000000E+02 -.200000000000E+02 -.200000000000E+02
0.228964739220E+07 0.000000000000E+00 -.200000000000E+02 -.200000000000E+02 0.718700435684E-01 -.200000000000E+02 -.200000000000E+02 -.200000000000E+02 -.200000000000E+02 -.200000000000E+02 -.200000000000E+02 -.200000000000E+02 -.200000000000E+02
0.236396288915E+07 0.000000000000E+00 -.200000000000E+02 -.200000000000E+02 0.654361887522E-01 -.200000000000E+02 -.200000000000E+02 -.200000000000E+02 -.200000000000E+02 -.200000000000E+02 -.200000000000E+02 -.200000000000E+02 -.200000000000E+02
0.243807378893E+07 0.000000000000E+00 -.200000000000E+02 -.200000000000E+02 0.591761130442E-01 -.200000000000E+02 -.200000000000E+02 -.200000000000E+02 -.200000000000E+02 -.200000000000E+02 -.200000000000E+02 -.200000000000E+02 -.200000000000E+02
0.251189329912E+07 0.000000000000E+00 -.200000000000E+02 -.200000000000E+02 0.531181903935E-01 -.200000000000E+02 -.200000000000E+02 -.200000000000E+02 -.200000000000E+02 -.200000000000E+02 -.200000000000E+02 -.200000000000E+02 -.200000000000E+02
0.258718121358E+07 0.000000000000E+00 -.200000000000E+02 -.200000000000E+02 0.471370037094E-01 -.200000000000E+02 -.200000000000E+02 -.200000000000E+02 -.200000000000E+02 -.200000000000E+02 -.200000000000E+02 -.200000000000E+02 -.200000000000E+02
0.266492022190E+07 0.000000000000E+00 -.200000000000E+02 -.200000000000E+02 0.411896481182E-01 -.200000000000E+02 -.200000000000E+02 -.200000000000E+02 -.200000000000E+02 -.200000000000E+02 -.200000000000E+02 -.200000000000E+02 -.200000000000E+02
0.274315804166E+07 0.000000000000E+00 -.200000000000E+02 -.200000000000E+02 0.354407576158E-01 -.200000000000E+02 -.200000000000E+02 -.200000000000E+02 -.200000000000E+02 -.200000000000E+02 -.200000000000E+02 -.200000000000E+02 -.200000000000E+02
0.282150166523E+07 0.000000000000E+00 -.200000000000E+02 -.200000000000E+02 0.299533207340E-01 -.200000000000E+02 -.200000000000E+02 -.200000000000E+02 -.200000000000E+02 -.200000000000E+02 -.200000000000E+02 -.200000000000E+02 -.200000000000E+02
0.289989654967E+07 0.000000000000E+00 -.200000000000E+02 -.200000000000E+02 0.247601293681E-01 -.200000000000E+02 -.200000000000E+02 -.200000000000E+02 -.200000000000E+02 -.200000000000E+02 -.200000000000E+02 -.200000000000E+02 -.200000000000E+02
0.298109301405E+07 0.000000000000E+00 -.200000000000E+02 -.200000000000E+02 0.197125309167E-01 -.200000000000E+02 -.200000000000E+02 -.200000000000E+02 -.200000000000E+02 -.200000000000E+02 -.200000000000E+02 -.200000000000E+02 -.200000000000E+02
0.306397201982E+07 0.000000000000E+00 -.200000000000E+02 -.200000000000E+02 0.149540103394E-01 -.200000000000E+02 -.200000000000E+02 -.200000000000E+02 -.200000000000E+02 -.200000000000E+02 -.200000000000E+02 -.200000000000E+02 -.200000000000E+02
0.314738604312E+07 0.000000000000E+00 -.200000000000E+02 -.200000000000E+02 0.106076189031E-01 -.200000000000E+02 -.200000000000E+02 -.200000000000E+02 -.200000000000E+02 -.200000000000E+02 -.200000000000E+02 -.200000000000E+02 -.200000000000E+02
0.323122163568E+07 0.000000000000E+00 -.200000000000E+02 -.200000000000E+02 0.675527568941E-02 -.200000000000E+02 -.200000000000E+02 -.200000000000E+02 -.200000000000E+02 -.200000000000E+02 -.200000000000E+02 -.200000000000E+02 -.200000000000E+02
0.331585675101E+07 0.000000000000E+00 -.200000000000E+02 -.200000000000E+02 0.349472715289E-02 -.200000000000E+02 -.200000000000E+02 -.200000000000E+02 -.200000000000E+02 -.200000000000E+02 -.200000000000E+02 -.200000000000E+02 -.200000000000E+02
0.340403253640E+07 0.000000000000E+00 -.200000000000E+02 -.200000000000E+02 0.960282769128E-03 -.200000000000E+02 -.200000000000E+02 -.200000000000E+02 -.200000000000E+02 -.200000000000E+02 -.200000000000E+02 -.200000000000E+02 -.200000000000E+02
0.349332069351E+07 -.200000000000E+02 -.200000000000E+02 -.200000000000E+02 -.200000000000E+02 -.200000000000E+02 -.200000000000E+02 -.200000000000E+02 -.200000000000E+02 -.200000000000E+02 -.200000000000E+02 -.200000000000E+02 -.200000000000E+02
0.358346520697E+07 -.200000000000E+02 -.200000000000E+02 -.200000000000E+02 -.200000000000E+02 -.200000000000E+02 -.200000000000E+02 -.200000000000E+02 -.200000000000E+02 -.200000000000E+02 -.200000000000E+02 -.200000000000E+02 -.200000000000E+02
0.367440853924E+07 -.200000000000E+02 -.200000000000E+02 -.200000000000E+02 -.200000000000E+02 -.200000000000E+02 -.200000000000E+02 -.200000000000E+02 -.200000000000E+02 -.200000000000E+02 -.200000000000E+02 -.200000000000E+02 -.200000000000E+02
0.376836633680E+07 -.200000000000E+02 -.200000000000E+02 -.200000000000E+02 -.200000000000E+02 -.200000000000E+02 -.200000000000E+02 -.200000000000E+02 -.200000000000E+02 -.200000000000E+02 -.200000000000E+02 -.200000000000E+02 -.200000000000E+02
0.386456347843E+07 -.200000000000E+02 -.200000000000E+02 -.200000000000E+02 -.200000000000E+02 -.200000000000E+02 -.200000000000E+02 -.200000000000E+02 -.200000000000E+02 -.200000000000E+02 -.200000000000E+02 -.200000000000E+02 -.200000000000E+02
0.396211532831E+07 -.200000000000E+02 -.200000000000E+02 -.200000000000E+02 -.200000000000E+02 -.200000000000E+02 -.200000000000E+02 -.200000000000E+02 -.200000000000E+02 -.200000000000E+02 -.200000000000E+02 -.200000000000E+02 -.200000000000E+02
0.406081844390E+07 -.200000000000E+02 -.200000000000E+02 -.200000000000E+02 -.200000000000E+02 -.200000000000E+02 -.200000000000E+02 -.200000000000E+02 -.200000000000E+02 -.200000000000E+02 -.200000000000E+02 -.200000000000E+02 -.200000000000E+02
0.416238924754E+07 -.200000000000E+02 -.200000000000E+02 -.200000000000E+02 -.200000000000E+02 -.200000000000E+02 -.200000000000E+02 -.200000000000E+02 -.200000000000E+02 -.200000000000E+02 -.200000000000E+02 -.200000000000E+02 -.200000000000E+02
0.426674754214E+07 -.200000000000E+02 -.200000000000E+02 -.200000000000E+02 -.200000000000E+02 -.200000000000E+02 -.200000000000E+02 -.200000000000E+02 -.200000000000E+02 -.200000000000E+02 -.200000000000E+02 -.200000000000E+02 -.200000000000E+02
0.437274745256E+07 -.200000000000E+02 -.200000000000E+02 -.200000000000E+02 -.200000000000E+02 -.200000000000E+02 -.200000000000E+02 -.200000000000E+02 -.200000000000E+02 -.200000000000E+02 -.200000000000E+02 -.200000000000E+02 -.200000000000E+02
0.448019925728E+07 -.200000000000E+02 -.200000000000E+02 -.200000000000E+02 -.200000000000E+02 -.200000000000E+02 -.200000000000E+02 -.200000000000E+02 -.200000000000E+02 -.200000000000E+02 -.200000000000E+02 -.200000000000E+02 -.200000000000E+02
0.459157666484E+07 -.200000000000E+02 -.200000000000E+02 -.200000000000E+02 -.200000000000E+02 -.200000000000E+02 -.200000000000E+02 -.200000000000E+02 -.200000000000E+02 -.200000000000E+02 -.200000000000E+02 -.200000000000E+02 -.200000000000E+02
0.470539972425E+07 -.200000000000E+02 -.200000000000E+02 -.200000000000E+02 -.200000000000E+02 -.200000000000E+02 -.200000000000E+02 -.200000000000E+02 -.200000000000E+02 -.200000000000E+02 -.200000000000E+02 -.200000000000E+02 -.200000000000E+02
0.482107531476E+07 -.200000000000E+02 -.200000000000E+02 -.200000000000E+02 -.200000000000E+02 -.200000000000E+02 -.200000000000E+02 -.200000000000E+02 -.200000000000E+02 -.200000000000E+02 -.200000000000E+02 -.200000000000E+02 -.200000000000E+02
0.493953518339E+07 -.200000000000E+02 -.200000000000E+02 -.200000000000E+02 -.200000000000E+02 -.200000000000E+02 -.200000000000E+02 -.200000000000E+02 -.200000000000E+02 -.200000000000E+02 -.200000000000E+02 -.200000000000E+02 -.200000000000E+02
0.506149636009E+07 -.200000000000E+02 -.200000000000E+02 -.200000000000E+02 -.200000000000E+02 -.200000000000E+02 -.200000000000E+02 -.200000000000E+02 -.200000000000E+02 -.200000000000E+02 -.200000000000E+02 -.200000000000E+02 -.200000000000E+02
0.518575191839E+07 -.200000000000E+02 -.200000000000E+02 -.200000000000E+02 -.200000000000E+02 -.200000000000E+02 -.200000000000E+02 -.200000000000E+02 -.200000000000E+02 -.200000000000E+02 -.200000000000E+02 -.200000000000E+02 -.200000000000E+02
0.531219604923E+07 -.200000000000E+02 -.200000000000E+02 -.200000000000E+02 -.200000000000E+02 -.200000000000E+02 -.200000000000E+02 -.200000000000E+02 -.200000000000E+02 -.200000000000E+02 -.200000000000E+02 -.200000000000E+02 -.200000000000E+02
0.544247381660E+07 -.200000000000E+02 -.200000000000E+02 -.200000000000E+02 -.200000000000E+02 -.200000000000E+02 -.200000000000E+02 -.200000000000E+02 -.200000000000E+02 -.200000000000E+02 -.200000000000E+02 -.200000000000E+02 -.200000000000E+02
0.557498668034E+07 -.200000000000E+02 -.200000000000E+02 -.200000000000E+02 -.200000000000E+02 -.200000000000E+02 -.200000000000E+02 -.200000000000E+02 -.200000000000E+02 -.200000000000E+02 -.200000000000E+02 -.200000000000E+02 -.200000000000E+02
0.570972594284E+07 -.200000000000E+02 -.200000000000E+02 -.200000000000E+02 -.200000000000E+02 -.200000000000E+02 -.200000000000E+02 -.200000000000E+02 -.200000000000E+02 -.200000000000E+02 -.200000000000E+02 -.200000000000E+02 -.200000000000E+02
0.584801825245E+07 -.200000000000E+02 -.200000000000E+02 -.200000000000E+02 -.200000000000E+02 -.200000000000E+02 -.200000000000E+02 -.200000000000E+02 -.200000000000E+02 -.200000000000E+02 -.200000000000E+02 -.200000000000E+02 -.200000000000E+02
0.598848998753E+07 -.200000000000E+02 -.200000000000E+02 -.200000000000E+02 -.200000000000E+02 -.200000000000E+02 -.200000000000E+02 -.200000000000E+02 -.200000000000E+02 -.200000000000E+02 -.200000000000E+02 -.200000000000E+02 -.200000000000E+02
0.613117887092E+07 -.200000000000E+02 -.200000000000E+02 -.200000000000E+02 -.200000000000E+02 -.200000000000E+02 -.200000000000E+02 -.200000000000E+02 -.200000000000E+02 -.200000000000E+02 -.200000000000E+02 -.200000000000E+02 -.200000000000E+02
0.627579514473E+07 -.200000000000E+02 -.200000000000E+02 -.200000000000E+02 -.200000000000E+02 -.200000000000E+02 -.200000000000E+02 -.200000000000E+02 -.200000000000E+02 -.200000000000E+02 -.200000000000E+02 -.200000000000E+02 -.200000000000E+02
0.642270916050E+07 -.200000000000E+02 -.200000000000E+02 -.200000000000E+02 -.200000000000E+02 -.200000000000E+02 -.200000000000E+02 -.200000000000E+02 -.200000000000E+02 -.200000000000E+02 -.200000000000E+02 -.200000000000E+02 -.200000000000E+02
0.657202271997E+07 -.200000000000E+02 -.200000000000E+02 -.200000000000E+02 -.200000000000E+02 -.200000000000E+02 -.200000000000E+02 -.200000000000E+02 -.200000000000E+02 -.200000000000E+02 -.200000000000E+02 -.200000000000E+02 -.200000000000E+02
0.672343681705E+07 -.200000000000E+02 -.200000000000E+02 -.200000000000E+02 -.200000000000E+02 -.200000000000E+02 -.200000000000E+02 -.200000000000E+02 -.200000000000E+02 -.200000000000E+02 -.200000000000E+02 -.200000000000E+02 -.200000000000E+02
0.687740662421E+07 -.200000000000E+02 -.200000000000E+02 -.200000000000E+02 -.200000000000E+02 -.200000000000E+02 -.200000000000E+02 -.200000000000E+02 -.200000000000E+02 -.200000000000E+02 -.200000000000E+02 -.200000000000E+02 -.200000000000E+02
0.703407965373E+07 -.200000000000E+02 -.200000000000E+02 -.200000000000E+02 -.200000000000E+02 -.200000000000E+02 -.200000000000E+02 -.200000000000E+02 -.200000000000E+02 -.200000000000E+02 -.200000000000E+02 -.200000000000E+02 -.200000000000E+02
0.719320563848E+07 -.200000000000E+02 -.200000000000E+02 -.200000000000E+02 -.200000000000E+02 -.200000000000E+02 -.200000000000E+02 -.200000000000E+02 -.200000000000E+02 -.200000000000E+02 -.200000000000E+02 -.200000000000E+02 -.200000000000E+02
0.735520195265E+07 -.200000000000E+02 -.200000000000E+02 -.200000000000E+02 -.200000000000E+02 -.200000000000E+02 -.200000000000E+02 -.200000000000E+02 -.200000000000E+02 -.200000000000E+02 -.200000000000E+02 -.200000000000E+02 -.200000000000E+02
0.752023765611E+07 -.200000000000E+02 -.200000000000E+02 -.200000000000E+02 -.200000000000E+02 -.200000000000E+02 -.200000000000E+02 -.200000000000E+02 -.200000000000E+02 -.200000000000E+02 -.200000000000E+02 -.200000000000E+02 -.200000000000E+02
0.768818135117E+07 -.200000000000E+02 -.200000000000E+02 -.200000000000E+02 -.200000000000E+02 -.200000000000E+02 -.200000000000E+02 -.200000000000E+02 -.200000000000E+02 -.200000000000E+02 -.200000000000E+02 -.200000000000E+02 -.200000000000E+02
0.785947721891E+07 -.200000000000E+02 -.200000000000E+02 -.200000000000E+02 -.200000000000E+02 -.200000000000E+02 -.200000000000E+02 -.200000000000E+02 -.200000000000E+02 -.200000000000E+02 -.200000000000E+02 -.200000000000E+02 -.200000000000E+02
0.803422604343E+07 -.200000000000E+02 -.200000000000E+02 -.200000000000E+02 -.200000000000E+02 -.200000000000E+02 -.200000000000E+02 -.200000000000E+02 -.200000000000E+02 -.200000000000E+02 -.200000000000E+02 -.200000000000E+02 -.200000000000E+02
0.821241275483E+07 -.200000000000E+02 -.200000000000E+02 -.200000000000E+02 -.200000000000E+02 -.200000000000E+02 -.200000000000E+02 -.200000000000E+02 -.200000000000E+02 -.200000000000E+02 -.200000000000E+02 -.200000000000E+02 -.200000000000E+02
0.839448601747E+07 -.200000000000E+02 -.200000000000E+02 -.200000000000E+02 -.200000000000E+02 -.200000000000E+02 -.200000000000E+02 -.200000000000E+02 -.200000000000E+02 -.200000000000E+02 -.200000000000E+02 -.200000000000E+02 -.200000000000E+02
0.858046549420E+07 -.200000000000E+02 -.200000000000E+02 -.200000000000E+02 -.200000000000E+02 -.200000000000E+02 -.200000000000E+02 -.200000000000E+02 -.200000000000E+02 -.200000000000E+02 -.200000000000E+02 -.200000000000E+02 -.200000000000E+02
0.877062004367E+07 -.200000000000E+02 -.200000000000E+02 -.200000000000E+02 -.200000000000E+02 -.200000000000E+02 -.200000000000E+02 -.200000000000E+02 -.200000000000E+02 -.200000000000E+02 -.200000000000E+02 -.200000000000E+02 -.200000000000E+02
0.896531591622E+07 -.200000000000E+02 -.200000000000E+02 -.200000000000E+02 -.200000000000E+02 -.200000000000E+02 -.200000000000E+02 -.200000000000E+02 -.200000000000E+02 -.200000000000E+02 -.200000000000E+02 -.200000000000E+02 -.200000000000E+02
0.916456399010E+07 -.200000000000E+02 -.200000000000E+02 -.200000000000E+02 -.200000000000E+02 -.200000000000E+02 -.200000000000E+02 -.200000000000E+02 -.200000000000E+02 -.200000000000E+02 -.200000000000E+02 -.200000000000E+02 -.200000000000E+02
0.936890520613E+07 -.200000000000E+02 -.200000000000E+02 -.200000000000E+02 -.200000000000E+02 -.200000000000E+02 -.200000000000E+02 -.200000000000E+02 -.200000000000E+02 -.200000000000E+02 -.200000000000E+02 -.200000000000E+02 -.200000000000E+02
0.957849557334E+07 -.200000000000E+02 -.200000000000E+02 -.200000000000E+02 -.200000000000E+02 -.200000000000E+02 -.200000000000E+02 -.200000000000E+02 -.200000000000E+02 -.200000000000E+02 -.200000000000E+02 -.200000000000E+02 -.200000000000E+02
0.979382758230E+07 -.200000000000E+02 -.200000000000E+02 -.200000000000E+02 -.200000000000E+02 -.200000000000E+02 -.200000000000E+02 -.200000000000E+02 -.200000000000E+02 -.200000000000E+02 -.200000000000E+02 -.200000000000E+02 -.200000000000E+02
0.100152870601E+08 -.200000000000E+02 -.200000000000E+02 -.200000000000E+02 -.200000000000E+02 -.200000000000E+02 -.200000000000E+02 -.200000000000E+02 -.200000000000E+02 -.200000000000E+02 -.200000000000E+02 -.200000000000E+02 -.200000000000E+02
0.102433332412E+08 -.200000000000E+02 -.200000000000E+02 -.200000000000E+02 -.200000000000E+02 -.200000000000E+02 -.200000000000E+02 -.200000000000E+02 -.200000000000E+02 -.200000000000E+02 -.200000000000E+02 -.200000000000E+02 -.200000000000E+02
0.104784736978E+08 -.200000000000E+02 -.200000000000E+02 -.200000000000E+02 -.200000000000E+02 -.200000000000E+02 -.200000000000E+02 -.200000000000E+02 -.200000000000E+02 -.200000000000E+02 -.200000000000E+02 -.200000000000E+02 -.200000000000E+02
0.107212438632E+08 -.200000000000E+02 -.200000000000E+02 -.200000000000E+02 -.200000000000E+02 -.200000000000E+02 -.200000000000E+02 -.200000000000E+02 -.200000000000E+02 -.200000000000E+02 -.200000000000E+02 -.200000000000E+02 -.200000000000E+02
0.109723669465E+08 -.200000000000E+02 -.200000000000E+02 -.200000000000E+02 -.200000000000E+02 -.200000000000E+02 -.200000000000E+02 -.200000000000E+02 -.200000000000E+02 -.200000000000E+02 -.200000000000E+02 -.200000000000E+02 -.200000000000E+02
0.112325734053E+08 -.200000000000E+02 -.200000000000E+02 -.200000000000E+02 -.200000000000E+02 -.200000000000E+02 -.200000000000E+02 -.200000000000E+02 -.200000000000E+02 -.200000000000E+02 -.200000000000E+02 -.200000000000E+02 -.200000000000E+02
0.115027150434E+08 -.200000000000E+02 -.200000000000E+02 -.200000000000E+02 -.200000000000E+02 -.200000000000E+02 -.200000000000E+02 -.200000000000E+02 -.200000000000E+02 -.200000000000E+02 -.200000000000E+02 -.200000000000E+02 -.200000000000E+02
0.117838835739E+08 -.200000000000E+02 -.200000000000E+02 -.200000000000E+02 -.200000000000E+02 -.200000000000E+02 -.200000000000E+02 -.200000000000E+02 -.200000000000E+02 -.200000000000E+02 -.200000000000E+02 -.200000000000E+02 -.200000000000E+02
0.120771538894E+08 -.200000000000E+02 -.200000000000E+02 -.200000000000E+02 -.200000000000E+02 -.200000000000E+02 -.200000000000E+02 -.200000000000E+02 -.200000000000E+02 -.200000000000E+02 -.200000000000E+02 -.200000000000E+02 -.200000000000E+02
0.123840765025E+08 -.200000000000E+02 -.200000000000E+02 -.200000000000E+02 -.200000000000E+02 -.200000000000E+02 -.200000000000E+02 -.200000000000E+02 -.200000000000E+02 -.200000000000E+02 -.200000000000E+02 -.200000000000E+02 -.200000000000E+02
0.127063244546E+08 -.200000000000E+02 -.200000000000E+02 -.200000000000E+02 -.200000000000E+02 -.200000000000E+02 -.200000000000E+02 -.200000000000E+02 -.200000000000E+02 -.200000000000E+02 -.200000000000E+02 -.200000000000E+02 -.200000000000E+02
0.130458578236E+08 -.200000000000E+02 -.200000000000E+02 -.200000000000E+02 -.200000000000E+02 -.200000000000E+02 -.200000000000E+02 -.200000000000E+02 -.200000000000E+02 -.200000000000E+02 -.200000000000E+02 -.200000000000E+02 -.200000000000E+02
0.134051497035E+08 -.200000000000E+02 -.200000000000E+02 -.200000000000E+02 -.200000000000E+02 -.200000000000E+02 -.200000000000E+02 -.200000000000E+02 -.200000000000E+02 -.200000000000E+02 -.200000000000E+02 -.200000000000E+02 -.200000000000E+02
0.137872023814E+08 -.200000000000E+02 -.200000000000E+02 -.200000000000E+02 -.200000000000E+02 -.200000000000E+02 -.200000000000E+02 -.200000000000E+02 -.200000000000E+02 -.200000000000E+02 -.200000000000E+02 -.200000000000E+02 -.200000000000E+02
0.141957723669E+08 -.200000000000E+02 -.200000000000E+02 -.200000000000E+02 -.200000000000E+02 -.200000000000E+02 -.200000000000E+02 -.200000000000E+02 -.200000000000E+02 -.200000000000E+02 -.200000000000E+02 -.200000000000E+02 -.200000000000E+02
0.146356236984E+08 -.200000000000E+02 -.200000000000E+02 -.200000000000E+02 -.200000000000E+02 -.200000000000E+02 -.200000000000E+02 -.200000000000E+02 -.200000000000E+02 -.200000000000E+02 -.200000000000E+02 -.200000000000E+02 -.200000000000E+02
0.151129367962E+08 -.200000000000E+02 -.200000000000E+02 -.200000000000E+02 -.200000000000E+02 -.200000000000E+02 -.200000000000E+02 -.200000000000E+02 -.200000000000E+02 -.200000000000E+02 -.200000000000E+02 -.200000000000E+02 -.200000000000E+02
0.156359060748E+08 -.200000000000E+02 -.200000000000E+02 -.200000000000E+02 -.200000000000E+02 -.200000000000E+02 -.200000000000E+02 -.200000000000E+02 -.200000000000E+02 -.200000000000E+02 -.200000000000E+02 -.200000000000E+02 -.200000000000E+02
0.162155180117E+08 -.200000000000E+02 -.200000000000E+02 -.200000000000E+02 -.200000000000E+02 -.200000000000E+02 -.200000000000E+02 -.200000000000E+02 -.200000000000E+02 -.200000000000E+02 -.200000000000E+02 -.200000000000E+02 -.200000000000E+02
0.168674931664E+08 -.200000000000E+02 -.200000000000E+02 -.200000000000E+02 -.200000000000E+02 -.200000000000E+02 -.200000000000E+02 -.200000000000E+02 -.200000000000E+02 -.200000000000E+02 -.200000000000E+02 -.200000000000E+02 -.200000000000E+02
0.176145057059E+08 -.200000000000E+02 -.200000000000E+02 -.200000000000E+02 -.200000000000E+02 -.200000000000E+02 -.200000000000E+02 -.200000000000E+02 -.200000000000E+02 -.200000000000E+02 -.200000000000E+02 -.200000000000E+02 -.200000000000E+02
0.184910374961E+08 -.200000000000E+02 -.200000000000E+02 -.200000000000E+02 -.200000000000E+02 -.200000000000E+02 -.200000000000E+02 -.200000000000E+02 -.200000000000E+02 -.200000000000E+02 -.200000000000E+02 -.200000000000E+02 -.200000000000E+02
0.195539904451E+08 -.200000000000E+02 -.200000000000E+02 -.200000000000E+02 -.200000000000E+02 -.200000000000E+02 -.200000000000E+02 -.200000000000E+02 -.200000000000E+02 -.200000000000E+02 -.200000000000E+02 -.200000000000E+02 -.200000000000E+02
0.209049010356E+08 -.200000000000E+02 -.200000000000E+02 -.200000000000E+02 -.200000000000E+02 -.200000000000E+02 -.200000000000E+02 -.200000000000E+02 -.200000000000E+02 -.200000000000E+02 -.200000000000E+02 -.200000000000E+02 -.200000000000E+02
0.227612466398E+08 -.200000000000E+02 -.200000000000E+02 -.200000000000E+02 -.200000000000E+02 -.200000000000E+02 -.200000000000E+02 -.200000000000E+02 -.200000000000E+02 -.200000000000E+02 -.200000000000E+02 -.200000000000E+02 -.200000000000E+02
0.255457650463E+08 -.200000000000E+02 -.200000000000E+02 -.200000000000E+02 -.200000000000E+02 -.200000000000E+02 -.200000000000E+02 -.200000000000E+02 -.200000000000E+02 -.200000000000E+02 -.200000000000E+02 -.200000000000E+02 -.200000000000E+02
0.297225426559E+08 -.200000000000E+02 -.200000000000E+02 -.200000000000E+02 -.200000000000E+02 -.200000000000E+02 -.200000000000E+02 -.200000000000E+02 -.200000000000E+02 -.200000000000E+02 -.200000000000E+02 -.200000000000E+02 -.200000000000E+02
0.359877090703E+08 -.200000000000E+02 -.200000000000E+02 -.200000000000E+02 -.200000000000E+02 -.200000000000E+02 -.200000000000E+02 -.200000000000E+02 -.200000000000E+02 -.200000000000E+02 -.200000000000E+02 -.200000000000E+02 -.200000000000E+02
0.453854586919E+08 -.200000000000E+02 -.200000000000E+02 -.200000000000E+02 -.200000000000E+02 -.200000000000E+02 -.200000000000E+02 -.200000000000E+02 -.200000000000E+02 -.200000000000E+02 -.200000000000E+02 -.200000000000E+02 -.200000000000E+02
0.594820831244E+08 -.200000000000E+02 -.200000000000E+02 -.200000000000E+02 -.200000000000E+02 -.200000000000E+02 -.200000000000E+02 -.200000000000E+02 -.200000000000E+02 -.200000000000E+02 -.200000000000E+02 -.200000000000E+02 -.200000000000E+02
0.806270197730E+08 -.200000000000E+02 -.200000000000E+02 -.200000000000E+02 -.200000000000E+02 -.200000000000E+02 -.200000000000E+02 -.200000000000E+02 -.200000000000E+02 -.200000000000E+02 -.200000000000E+02 -.200000000000E+02 -.200000000000E+02
