     1 0.120000000000E+02 0.100000000000E+01 -.502509473196E-01 0.376760907304E+01 0.190147415264E+01 0.713063006351E+01
     2 0.240000000000E+02 0.999999999998E+00 -.502168340129E-01 0.376765258225E+01 0.190145373960E+01 0.713061693464E+01
     3 0.420000000000E+02 0.999999999995E+00 -.502328799346E-01 0.376765014836E+01 0.190145113136E+01 0.713061749081E+01
     4 0.690000000000E+02 0.999999999990E+00 -.502539372160E-01 0.376764680845E+01 0.190144304906E+01 0.713061914554E+01
     5 0.109500000000E+03 0.999999999983E+00 -.502814661533E-01 0.376764237549E+01 0.190142467052E+01 0.713062282321E+01
     6 0.170250000000E+03 0.999999999972E+00 -.503174903582E-01 0.376763651552E+01 0.190139283375E+01 0.713062885279E+01
     7 0.261375000000E+03 0.999999999956E+00 -.503645192553E-01 0.376762881158E+01 0.190134389192E+01 0.713063784431E+01
     8 0.398062500000E+03 0.999999999933E+00 -.504251633378E-01 0.376761880627E+01 0.190127198187E+01 0.713065022034E+01
     9 0.603093750000E+03 0.999999999897E+00 -.505023215768E-01 0.376760593532E+01 0.190116550521E+01 0.713066787153E+01
    10 0.910640625000E+03 0.999999999843E+00 -.505987849679E-01 0.376758961629E+01 0.190101010468E+01 0.713069161405E+01
    11 0.137196093750E+04 0.999999999763E+00 -.507174535832E-01 0.376756913873E+01 0.190078294082E+01 0.713072358257E+01
    12 0.206394140625E+04 0.999999999642E+00 -.508613559191E-01 0.376754363859E+01 0.190042369744E+01 0.713076181269E+01
    13 0.310191210938E+04 0.999999999462E+00 -.510358413401E-01 0.376751186579E+01 0.189993993443E+01 0.713081523670E+01
    14 0.465886816406E+04 0.999999999191E+00 -.512447179348E-01 0.376747189387E+01 0.189924205082E+01 0.713088108256E+01
    15 0.699430224609E+04 0.999999998784E+00 -.514914563334E-01 0.376742188532E+01 0.189823991898E+01 0.713095513447E+01
    16 0.104974533691E+05 0.999999998175E+00 -.514987549691E-01 0.376740093898E+01 0.189680296938E+01 0.713103098820E+01
    17 0.157521800537E+05 0.999999997261E+00 -.514596785540E-01 0.376737686635E+01 0.189475646850E+01 0.713108994917E+01
    18 0.236342700806E+05 0.999999995889E+00 -.514002549752E-01 0.376734191325E+01 0.189184978973E+01 0.713110061218E+01
    19 0.354574051208E+05 0.999999993830E+00 -.513851768137E-01 0.376728209173E+01 0.188774038354E+01 0.713100515063E+01
    20 0.531921076813E+05 0.999999990743E+00 -.515764439686E-01 0.376716941219E+01 0.188194441936E+01 0.713070811163E+01
    21 0.797941615219E+05 0.999999986119E+00 -.523463519352E-01 0.376694758953E+01 0.187379723323E+01 0.713005580685E+01
    22 0.119697242283E+06 0.999999979218E+00 -.544874968742E-01 0.376650423151E+01 0.186239256933E+01 0.712881113387E+01
    23 0.165825628915E+06 0.999999971313E+00 -.582058043421E-01 0.376584522803E+01 0.185000788524E+01 0.712715733360E+01
    24 0.212141023939E+06 0.999999963474E+00 -.630745619475E-01 0.376503556627E+01 0.183820291026E+01 0.712535618925E+01
    25 0.258850203775E+06 0.999999955686E+00 -.689878299770E-01 0.376407458269E+01 0.182678319031E+01 0.712345056195E+01
    26 0.306260164151E+06 0.999999947910E+00 -.754223609738E-01 0.376302955318E+01 0.181561434853E+01 0.712145111692E+01
    27 0.354765708515E+06 0.999999940045E+00 -.799631840546E-01 0.376227697714E+01 0.180456619902E+01 0.711936435200E+01
    28 0.408130372989E+06 0.999999931517E+00 -.857287487761E-01 0.376134721107E+01 0.179278018062E+01 0.711703268696E+01
    29 0.462069732006E+06 0.999999923046E+00 -.925162066756E-01 0.376026764752E+01 0.178121233446E+01 0.711465174769E+01
    30 0.515625830970E+06 0.999999914798E+00 -.100201577209E+00 0.375904422543E+01 0.177002970001E+01 0.711227215999E+01
    31 0.568855621233E+06 0.999999906776E+00 -.108755672249E+00 0.375766776482E+01 0.175917404626E+01 0.710989849479E+01
    32 0.621678837806E+06 0.999999898954E+00 -.115741368312E+00 0.375651999547E+01 0.174864602502E+01 0.710753949693E+01
    33 0.677974055096E+06 0.999999890760E+00 -.122602582151E+00 0.375538529227E+01 0.173766228397E+01 0.710502529794E+01
    34 0.736391653867E+06 0.999999882423E+00 -.130480080685E+00 0.375408178158E+01 0.172650711344E+01 0.710241800045E+01
    35 0.794454308364E+06 0.999999874315E+00 -.139202634434E+00 0.375262618746E+01 0.171562820743E+01 0.709983122029E+01
    36 0.851836597624E+06 0.999999866490E+00 -.148735932764E+00 0.375101248415E+01 0.170508443387E+01 0.709727883809E+01
    37 0.908581216683E+06 0.999999858913E+00 -.157300278419E+00 0.374952830315E+01 0.169484242814E+01 0.709476340884E+01
    38 0.967542457649E+06 0.999999851187E+00 -.165030188925E+00 0.374816239863E+01 0.168438066455E+01 0.709216005317E+01
    39 0.102934988608E+07 0.999999843258E+00 -.173788821666E+00 0.374660147710E+01 0.167359767970E+01 0.708944151349E+01
    40 0.109086973383E+07 0.999999835547E+00 -.183329115475E+00 0.374488400706E+01 0.166304741595E+01 0.708674644770E+01
    41 0.115172256209E+07 0.999999828106E+00 -.193663705780E+00 0.374299670673E+01 0.165277589269E+01 0.708409138343E+01
    42 0.121184521419E+07 0.999999820916E+00 -.203022268006E+00 0.374124159770E+01 0.164278171649E+01 0.708148053750E+01
    43 0.127407657261E+07 0.999999813622E+00 -.211592369727E+00 0.373959188078E+01 0.163258876508E+01 0.707879133735E+01
    44 0.133894817120E+07 0.999999806186E+00 -.221091757904E+00 0.373774496397E+01 0.162211757598E+01 0.707600125276E+01
    45 0.140353862736E+07 0.999999798956E+00 -.231340310518E+00 0.373573046463E+01 0.161184326597E+01 0.707323703060E+01
    46 0.146741540617E+07 0.999999791985E+00 -.242308841907E+00 0.373354923411E+01 0.160182320890E+01 0.707051581245E+01
    47 0.153051651186E+07 0.999999785247E+00 -.251879854667E+00 0.373158080249E+01 0.159205940575E+01 0.706784181778E+01
    48 0.159638265039E+07 0.999999778359E+00 -.261180479912E+00 0.372961951622E+01 0.158200035687E+01 0.706506471762E+01
    49 0.166409834862E+07 0.999999771436E+00 -.271274441069E+00 0.372747029398E+01 0.157179432494E+01 0.706222408140E+01
    50 0.173149660998E+07 0.999999764708E+00 -.282043527288E+00 0.372515686565E+01 0.156176850434E+01 0.705941107638E+01
    51 0.179824686624E+07 0.999999758211E+00 -.293518574534E+00 0.372266823748E+01 0.155196257793E+01 0.705663801907E+01
    52 0.186422618279E+07 0.999999751917E+00 -.302876183280E+00 0.372054536914E+01 0.154238851803E+01 0.705391178633E+01
    53 0.193420692173E+07 0.999999745381E+00 -.312725083434E+00 0.371827379302E+01 0.153235474704E+01 0.705103415552E+01
    54 0.200497344259E+07 0.999999738917E+00 -.323158004216E+00 0.371585065392E+01 0.152233355490E+01 0.704813950643E+01
    55 0.207544910471E+07 0.999999732627E+00 -.334153485427E+00 0.371328242087E+01 0.151247381661E+01 0.704527139833E+01
    56 0.214545557724E+07 0.999999726524E+00 -.345308593613E+00 0.371064466927E+01 0.150279366794E+01 0.704243649394E+01
    57 0.221559768036E+07 0.999999720523E+00 -.354579289275E+00 0.370834368367E+01 0.149320784963E+01 0.703961269821E+01
    58 0.228964739220E+07 0.999999714314E+00 -.364499919107E+00 0.370585748134E+01 0.148319927868E+01 0.703664712607E+01
    59 0.236396288915E+07 0.999999708212E+00 -.374832252093E+00 0.370325608697E+01 0.147327349568E+01 0.703368689392E+01
    60 0.243807378893E+07 0.999999702257E+00 -.385613933850E+00 0.370053290464E+01 0.146348750596E+01 0.703075028686E+01
    61 0.251189329912E+07 0.999999696442E+00 -.395703812326E+00 0.369791836564E+01 0.145384902864E+01 0.702784163377E+01
    62 0.258718121358E+07 0.999999690615E+00 -.404772102210E+00 0.369547113678E+01 0.144412640896E+01 0.702489290779E+01
    63 0.266492022190E+07 0.999999684704E+00 -.414145652600E+00 0.369292000110E+01 0.143419482718E+01 0.702186598099E+01
    64 0.274315804166E+07 0.999999678865E+00 -.423863562246E+00 0.369026719648E+01 0.142431099219E+01 0.701883720635E+01
    65 0.282150166523E+07 0.999999673129E+00 -.433930696435E+00 0.368751460219E+01 0.141452148306E+01 0.701582137627E+01
    66 0.289989654967E+07 0.999999667480E+00 -.442620244708E+00 0.368501961740E+01 0.140483280193E+01 0.701282305154E+01
    67 0.298109301405E+07 0.999999661716E+00 -.450939569309E+00 0.368255675632E+01 0.139490270516E+01 0.700973753436E+01
    68 0.306397201982E+07 0.999999655921E+00 -.459466203779E+00 0.368001518091E+01 0.138487468648E+01 0.700660878601E+01
    69 0.314738604312E+07 0.999999650178E+00 -.468168014822E+00 0.367741314754E+01 0.137489019225E+01 0.700348057177E+01
    70 0.323122163568E+07 0.999999644494E+00 -.476828302657E+00 0.367479648769E+01 0.136496354216E+01 0.700035666382E+01
    71 0.331585675101E+07 0.999999638823E+00 -.483906728876E+00 0.367248367194E+01 0.135505149235E+01 0.699722645196E+01
    72 0.340403253640E+07 0.999999632983E+00 -.491067779356E+00 0.367010448727E+01 0.134483122961E+01 0.699398870585E+01
    73 0.349332069351E+07 0.999999627138E+00 -.498265727655E+00 0.366769366477E+01 0.133459369477E+01 0.699073479875E+01
    74 0.358346520697E+07 0.999999621305E+00 -.505527901302E+00 0.366524907689E+01 0.132436820498E+01 0.698747442405E+01
    75 0.367440853924E+07 0.999999615475E+00 -.511622517189E+00 0.366302968909E+01 0.131416469191E+01 0.698421253147E+01
    76 0.376836633680E+07 0.999999609498E+00 -.517179896440E+00 0.366088179963E+01 0.130373744376E+01 0.698087011293E+01
    77 0.386456347843E+07 0.999999603424E+00 -.522606818017E+00 0.365873355527E+01 0.129317887346E+01 0.697747714205E+01
    78 0.396211532831E+07 0.999999597310E+00 -.527971104424E+00 0.365657985972E+01 0.128259033014E+01 0.697406639290E+01
    79 0.406081844390E+07 0.999999591155E+00 -.532371940279E+00 0.365461235357E+01 0.127199858119E+01 0.697064810840E+01
    80 0.416238924754E+07 0.999999584842E+00 -.535978481341E+00 0.365277883533E+01 0.126122163783E+01 0.696716517933E+01
    81 0.426674754214E+07 0.999999578374E+00 -.539386687959E+00 0.365095820324E+01 0.125027460668E+01 0.696362245151E+01
    82 0.437274745256E+07 0.999999571822E+00 -.542663832063E+00 0.364914941860E+01 0.123928459295E+01 0.696006087824E+01
    83 0.448019925728E+07 0.999999565178E+00 -.544657290201E+00 0.364759813867E+01 0.122828048945E+01 0.695649111710E+01
    84 0.459157666484E+07 0.999999558281E+00 -.546153887990E+00 0.364611385266E+01 0.121701094988E+01 0.695283256168E+01
    85 0.470539972425E+07 0.999999551220E+00 -.547432721428E+00 0.364465680445E+01 0.120563651516E+01 0.694913726473E+01
    86 0.482107531476E+07 0.999999544020E+00 -.548105900485E+00 0.364331571261E+01 0.119422453874E+01 0.694542818430E+01
    87 0.493953518339E+07 0.999999536610E+00 -.547911888200E+00 0.364213185641E+01 0.118268985956E+01 0.694167965091E+01
    88 0.506149636009E+07 0.999999528934E+00 -.547377667459E+00 0.364099775733E+01 0.117096868352E+01 0.693787133827E+01
    89 0.518575191839E+07 0.999999521064E+00 -.546594648782E+00 0.363990359858E+01 0.115918800835E+01 0.693404454318E+01
    90 0.531219604923E+07 0.999999512984E+00 -.544811998285E+00 0.363900699324E+01 0.114736922784E+01 0.693020842330E+01
    91 0.544247381660E+07 0.999999504583E+00 -.542793807512E+00 0.363813593341E+01 0.113536129954E+01 0.692631456590E+01
    92 0.557498668034E+07 0.999999495954E+00 -.540610287042E+00 0.363729583888E+01 0.112332360048E+01 0.692241429602E+01
    93 0.570972594284E+07 0.999999487079E+00 -.537591053689E+00 0.363662031460E+01 0.111126961631E+01 0.691851404380E+01
    94 0.584801825245E+07 0.999999477861E+00 -.534402753305E+00 0.363596384501E+01 0.109908437787E+01 0.691457621300E+01
    95 0.598848998753E+07 0.999999468384E+00 -.531138202394E+00 0.363532475144E+01 0.108689885541E+01 0.691064322976E+01
    96 0.613117887092E+07 0.999999458625E+00 -.527200676347E+00 0.363482077961E+01 0.107472498250E+01 0.690672113661E+01
    97 0.627579514473E+07 0.999999448597E+00 -.523146227636E+00 0.363434719314E+01 0.106258669697E+01 0.690281774908E+01
    98 0.642270916050E+07 0.999999438268E+00 -.519101479097E+00 0.363387446338E+01 0.105045651886E+01 0.689892454410E+01
    99 0.657202271997E+07 0.999999427612E+00 -.514563231189E+00 0.363350055746E+01 0.103833804383E+01 0.689504520293E+01
   100 0.672343681705E+07 0.999999416642E+00 -.509967053944E+00 0.363314622332E+01 0.102625900748E+01 0.689118786610E+01
   101 0.687740662421E+07 0.999999405317E+00 -.505393344385E+00 0.363279225372E+01 0.101418743121E+01 0.688734260948E+01
   102 0.703407965373E+07 0.999999393609E+00 -.500414773707E+00 0.363252071481E+01 0.100212585762E+01 0.688351262948E+01
   103 0.719320563848E+07 0.999999381526E+00 -.495461418910E+00 0.363225033542E+01 0.990098092307E+00 0.687970449515E+01
   104 0.735520195265E+07 0.999999369028E+00 -.490520960891E+00 0.363198285889E+01 0.978079166935E+00 0.687591066586E+01
   105 0.752023765611E+07 0.999999356083E+00 -.485283467639E+00 0.363177715575E+01 0.966073285965E+00 0.687213330070E+01
   106 0.768818135117E+07 0.999999342690E+00 -.480082924132E+00 0.363157110756E+01 0.954097080137E+00 0.686837681959E+01
   107 0.785947721891E+07 0.999999328801E+00 -.474846799450E+00 0.363137699540E+01 0.942127130499E+00 0.686463522452E+01
   108 0.803422604343E+07 0.999999314389E+00 -.469448038452E+00 0.363121783879E+01 0.930170830890E+00 0.686091236043E+01
   109 0.821241275483E+07 0.999999299443E+00 -.464075042622E+00 0.363106238811E+01 0.918237617631E+00 0.685721038178E+01
   110 0.839448601747E+07 0.999999283905E+00 -.458607013496E+00 0.363092868027E+01 0.906313881759E+00 0.685352644215E+01
   111 0.858046549420E+07 0.999999267756E+00 -.453082083412E+00 0.363081187025E+01 0.894411365028E+00 0.684986450066E+01
   112 0.877062004367E+07 0.999999250957E+00 -.447600357210E+00 0.363069337313E+01 0.882524540959E+00 0.684622253087E+01
   113 0.896531591622E+07 0.999999233451E+00 -.441942800059E+00 0.363061253326E+01 0.870652268696E+00 0.684260247681E+01
   114 0.916456399010E+07 0.999999215218E+00 -.436343946103E+00 0.363052768906E+01 0.858805493502E+00 0.683900634217E+01
   115 0.936890520613E+07 0.999999196182E+00 -.430641247657E+00 0.363046724398E+01 0.846974094553E+00 0.683543290648E+01
   116 0.957849557334E+07 0.999999176306E+00 -.424923793015E+00 0.363041633333E+01 0.835170045214E+00 0.683188354062E+01
   117 0.979382758230E+07 0.999999155515E+00 -.419167968005E+00 0.363037773433E+01 0.823387108216E+00 0.682835781551E+01
   118 0.100152870601E+08 0.999999133742E+00 -.413350455379E+00 0.363035677663E+01 0.811628233045E+00 0.682485740582E+01
   119 0.102433332412E+08 0.999999110910E+00 -.407507128044E+00 0.363034643082E+01 0.799894024097E+00 0.682138266725E+01
   120 0.104784736978E+08 0.999999086931E+00 -.401605576756E+00 0.363035216890E+01 0.788188054782E+00 0.681793536987E+01
   121 0.107212438632E+08 0.999999061714E+00 -.395659589677E+00 0.363037285329E+01 0.776514133414E+00 0.681451658355E+01
   122 0.109723669465E+08 0.999999035139E+00 -.389670642265E+00 0.363040684714E+01 0.764871911974E+00 0.681112637988E+01
   123 0.112325734053E+08 0.999999007082E+00 -.383603189142E+00 0.363046203149E+01 0.753267203547E+00 0.680776678789E+01
   124 0.115027150434E+08 0.999998977402E+00 -.377530525899E+00 0.363052396720E+01 0.741700954515E+00 0.680443691276E+01
   125 0.117838835739E+08 0.999998945915E+00 -.371344935380E+00 0.363061214782E+01 0.730179414879E+00 0.680113982607E+01
   126 0.120771538894E+08 0.999998912438E+00 -.365132925254E+00 0.363071165909E+01 0.718709921902E+00 0.679787397397E+01
   127 0.123840765025E+08 0.999998876720E+00 -.358855533604E+00 0.363082927825E+01 0.707291326800E+00 0.679463962684E+01
   128 0.127063244546E+08 0.999998838478E+00 -.352488008999E+00 0.363096899223E+01 0.695932157310E+00 0.679143908169E+01
   129 0.130458578236E+08 0.999998797385E+00 -.346068035020E+00 0.363112442321E+01 0.684638769065E+00 0.678827200004E+01
   130 0.134051497035E+08 0.999998753030E+00 -.339586865332E+00 0.363129731154E+01 0.673417511590E+00 0.678513856492E+01
   131 0.137872023814E+08 0.999998704911E+00 -.333014360276E+00 0.363149369963E+01 0.662280398519E+00 0.678204052423E+01
   132 0.141957723669E+08 0.999998652398E+00 -.326359952550E+00 0.363171132023E+01 0.651240531402E+00 0.677897847363E+01
   133 0.146356236984E+08 0.999998594698E+00 -.319638445633E+00 0.363194767372E+01 0.640311157288E+00 0.677595199050E+01
   134 0.151129367962E+08 0.999998530780E+00 -.312833868155E+00 0.363220731671E+01 0.629509353984E+00 0.677296163651E+01
   135 0.156359060748E+08 0.999998459276E+00 -.305959154497E+00 0.363248775541E+01 0.618856103830E+00 0.677000815683E+01
   136 0.162155180117E+08 0.999998378349E+00 -.299011470715E+00 0.363279123843E+01 0.608388990839E+00 0.676709168718E+01
   137 0.168674931664E+08 0.999998285375E+00 -.291997038513E+00 0.363311826537E+01 0.598141263178E+00 0.676421581452E+01
   138 0.176145057059E+08 0.999998176567E+00 -.284934556688E+00 0.363346733885E+01 0.588169783842E+00 0.676138610952E+01
   139 0.184910374961E+08 0.999998046156E+00 -.277851695213E+00 0.363383956806E+01 0.578561109553E+00 0.675860794552E+01
   140 0.195539904451E+08 0.999997884640E+00 -.270782917867E+00 0.363423546627E+01 0.569439677877E+00 0.675589602862E+01
   141 0.209049010356E+08 0.999997675034E+00 -.263739777139E+00 0.363466542201E+01 0.561105723865E+00 0.675325928947E+01
   142 0.227612466398E+08 0.999997381239E+00 -.257035113532E+00 0.363509495157E+01 0.553648469189E+00 0.675077910979E+01
   143 0.255457650463E+08 0.999996933108E+00 -.251383155638E+00 0.363545758280E+01 0.547365327529E+00 0.674868944342E+01
   144 0.297225426559E+08 0.999996253728E+00 -.247795816954E+00 0.363568716491E+01 0.543373770240E+00 0.674736183828E+01
   145 0.359877090703E+08 0.999995230184E+00 -.246319183712E+00 0.363578177735E+01 0.541731121643E+00 0.674681528531E+01
   146 0.453854586919E+08 0.999993693607E+00 -.246043903200E+00 0.363579859404E+01 0.541419364156E+00 0.674671118607E+01
   147 0.594820831244E+08 0.999991388783E+00 -.246050323956E+00 0.363579837920E+01 0.541426701095E+00 0.674671298217E+01
   148 0.806270197730E+08 0.999987931544E+00 -.246051363210E+00 0.363579811652E+01 0.541425192621E+00 0.674671151347E+01
