0.120000000000E+02 0.786567101710E+00 0.163854144114E-33 0.000000000000E+00 0.757603025630E+00 0.289640760799E-01 0.000000000000E+00 0.152174614439E-07 0.103912815563E-08 0.387374916577E-07 0.517455775234E-30 0.413871357288E-08
0.240000000000E+02 0.786458583230E+00 0.163663787021E-33 0.000000000000E+00 0.757509952362E+00 0.289486308681E-01 0.000000000000E+00 0.152643364815E-07 0.103141058639E-08 0.384921123607E-07 0.517455775233E-30 0.414649780857E-08
0.420000000000E+02 0.786456435489E+00 0.163674130326E-33 0.000000000000E+00 0.757507277379E+00 0.289491581095E-01 0.000000000000E+00 0.152643095302E-07 0.103141335592E-08 0.384922839946E-07 0.517455775231E-30 0.414650904504E-08
0.690000000000E+02 0.786450176694E+00 0.163710629988E-33 0.000000000000E+00 0.757498939499E+00 0.289512371949E-01 0.000000000000E+00 0.152644305141E-07 0.103139094822E-08 0.384918180166E-07 0.517455775229E-30 0.414657853688E-08
0.109500000000E+03 0.786436753471E+00 0.163806242827E-33 0.000000000000E+00 0.757479742622E+00 0.289570108491E-01 0.000000000000E+00 0.152647169101E-07 0.103133755196E-08 0.384906841487E-07 0.517455775225E-30 0.414673827114E-08
0.170250000000E+03 0.786413897896E+00 0.163991802657E-33 0.000000000000E+00 0.757445506946E+00 0.289683909501E-01 0.000000000000E+00 0.152652245058E-07 0.103123985164E-08 0.384885633552E-07 0.517455775220E-30 0.414701641520E-08
0.261375000000E+03 0.786379089967E+00 0.164301539503E-33 0.000000000000E+00 0.757392116172E+00 0.289869737955E-01 0.000000000000E+00 0.152660112343E-07 0.103108592662E-08 0.384851914538E-07 0.517455775212E-30 0.414744456857E-08
0.398062500000E+03 0.786326395380E+00 0.164777722441E-33 0.000000000000E+00 0.757311182028E+00 0.290152133524E-01 0.000000000000E+00 0.152671453264E-07 0.103085387751E-08 0.384800678800E-07 0.517455775199E-30 0.414806840449E-08
0.603093750000E+03 0.786246340050E+00 0.165489219191E-33 0.000000000000E+00 0.757189322477E+00 0.290570175731E-01 0.000000000000E+00 0.152687907960E-07 0.103050786768E-08 0.384724185468E-07 0.517455775181E-30 0.414898524735E-08
0.910640625000E+03 0.786121916293E+00 0.166495627852E-33 0.000000000000E+00 0.757005120406E+00 0.291167958866E-01 0.000000000000E+00 0.152711097049E-07 0.102999087083E-08 0.384609139357E-07 0.517455775153E-30 0.415030484727E-08
0.137196093750E+04 0.785927084707E+00 0.167874431746E-33 0.000000000000E+00 0.756727001153E+00 0.292000835534E-01 0.000000000000E+00 0.152743529964E-07 0.102922160358E-08 0.384437153858E-07 0.517455775111E-30 0.415220143938E-08
0.206394140625E+04 0.790617354611E+00 0.220411751284E-33 0.000000000000E+00 0.756304685807E+00 0.343126688036E-01 0.000000000000E+00 0.152855420652E-07 0.102806531270E-08 0.384245533783E-07 0.517455775049E-30 0.415486526042E-08
0.310191210938E+04 0.790663705890E+00 0.226715819335E-33 0.000000000000E+00 0.755667362874E+00 0.349963430162E-01 0.000000000000E+00 0.152928593773E-07 0.102632110430E-08 0.383857310431E-07 0.517455774956E-30 0.415872766233E-08
0.465886816406E+04 0.790250691237E+00 0.231909542490E-33 0.000000000000E+00 0.754702952210E+00 0.355477390273E-01 0.000000000000E+00 0.153016485692E-07 0.102378836066E-08 0.383286838869E-07 0.517455774815E-30 0.416406868187E-08
0.699430224609E+04 0.789405451431E+00 0.237662017483E-33 0.000000000000E+00 0.753239853973E+00 0.361655974582E-01 0.000000000000E+00 0.153124826603E-07 0.102003990803E-08 0.382430571302E-07 0.517455774605E-30 0.417134440048E-08
0.104974533691E+05 0.787810200476E+00 0.243431232120E-33 0.000000000000E+00 0.751022545675E+00 0.367876548012E-01 0.000000000000E+00 0.153250554288E-07 0.101449852249E-08 0.381144506766E-07 0.517455774290E-30 0.418111980207E-08
0.157521800537E+05 0.783303298543E+00 0.236977234575E-33 0.000000000000E+00 0.747664381068E+00 0.356389174753E-01 0.000000000000E+00 0.153283749987E-07 0.100634514975E-08 0.379124306661E-07 0.517455773817E-30 0.419381910791E-08
0.236342700806E+05 0.775374694121E+00 0.218253394727E-33 0.000000000000E+00 0.742585816557E+00 0.327888775642E-01 0.000000000000E+00 0.153196166878E-07 0.994409629355E-09 0.376076562960E-07 0.517455773107E-30 0.420976319255E-08
0.354574051208E+05 0.763529639428E+00 0.189313074621E-33 0.000000000000E+00 0.734925945944E+00 0.286036934842E-01 0.000000000000E+00 0.150091732279E-07 0.102013189545E-08 0.385645671381E-07 0.517455772042E-30 0.417660856167E-08
0.531921076813E+05 0.749781302931E+00 0.171481974221E-33 0.000000000000E+00 0.723417296022E+00 0.263640069086E-01 0.000000000000E+00 0.149731983098E-07 0.994945849067E-09 0.379056828237E-07 0.517455770444E-30 0.418799043375E-08
0.797941615219E+05 0.731511602844E+00 0.158142073580E-33 0.000000000000E+00 0.706263439297E+00 0.252481635465E-01 0.000000000000E+00 0.148905704192E-07 0.961288731155E-09 0.377964990057E-07 0.517455768051E-30 0.417865358729E-08
0.119697242283E+06 0.703141836899E+00 0.128718734297E-33 0.000000000000E+00 0.681043142525E+00 0.220986943731E-01 0.000000000000E+00 0.146818507636E-07 0.913914010510E-09 0.375221523481E-07 0.517455764480E-30 0.415165010679E-08
0.165825628915E+06 0.672239643520E+00 0.102316548067E-33 0.000000000000E+00 0.652891517817E+00 0.193481257032E-01 0.000000000000E+00 0.143902584227E-07 0.862083408541E-09 0.370321744776E-07 0.517455760390E-30 0.411586862215E-08
0.212141023939E+06 0.643649996989E+00 0.849899647934E-34 0.000000000000E+00 0.625786128605E+00 0.178638683841E-01 0.000000000000E+00 0.138008192844E-07 0.849441667910E-09 0.380528519208E-07 0.517455756334E-30 0.402661280199E-08
0.258850203775E+06 0.616440982301E+00 0.714681817750E-34 0.000000000000E+00 0.599640433610E+00 0.168005486907E-01 0.000000000000E+00 0.134669484803E-07 0.801871674542E-09 0.373863757229E-07 0.517455752304E-30 0.398749343931E-08
0.306260164151E+06 0.589852353956E+00 0.588547117498E-34 0.000000000000E+00 0.574299672659E+00 0.155526812967E-01 0.000000000000E+00 0.131158384384E-07 0.757054630862E-09 0.366648443207E-07 0.517455748280E-30 0.394861586615E-08
0.354765708515E+06 0.563886356446E+00 0.476712026628E-34 0.000000000000E+00 0.549635647893E+00 0.142507085526E-01 0.000000000000E+00 0.127531085567E-07 0.714502218195E-09 0.359008190941E-07 0.517455744210E-30 0.391079802984E-08
0.408130372989E+06 0.536725169882E+00 0.374801745563E-34 0.000000000000E+00 0.523862738567E+00 0.128624313145E-01 0.000000000000E+00 0.120975115977E-07 0.700084454820E-09 0.365465376011E-07 0.517455739797E-30 0.382613150331E-08
0.462069732006E+06 0.510750692818E+00 0.292049521772E-34 0.000000000000E+00 0.499207320320E+00 0.115433724978E-01 0.000000000000E+00 0.117059515134E-07 0.657685039698E-09 0.356297294654E-07 0.517455735414E-30 0.378934322631E-08
0.515625830970E+06 0.486370866129E+00 0.226955231539E-34 0.000000000000E+00 0.476035357002E+00 0.103355091270E-01 0.000000000000E+00 0.110774499736E-07 0.644775393893E-09 0.361744629194E-07 0.517455731146E-30 0.371595262525E-08
0.568855621233E+06 0.463442464139E+00 0.175860583373E-34 0.000000000000E+00 0.454213163281E+00 0.922930085816E-02 0.000000000000E+00 0.107143674407E-07 0.607205590291E-09 0.352358938400E-07 0.517455726995E-30 0.368582444502E-08
0.621678837806E+06 0.441919081181E+00 0.135992915153E-34 0.000000000000E+00 0.433695880080E+00 0.822320110123E-02 0.000000000000E+00 0.101262792214E-07 0.596168645463E-09 0.357209700754E-07 0.517455722947E-30 0.362324113339E-08
0.677974055096E+06 0.420263211538E+00 0.102911002927E-34 0.000000000000E+00 0.412996627397E+00 0.726658414057E-02 0.000000000000E+00 0.977141095011E-08 0.560416867325E-09 0.347158991811E-07 0.517455718707E-30 0.359794887389E-08
0.736391653867E+06 0.399093241507E+00 0.771143505039E-35 0.000000000000E+00 0.392711844398E+00 0.638139710945E-02 0.000000000000E+00 0.918955184104E-08 0.547210749910E-09 0.350400925789E-07 0.517455714393E-30 0.354259877598E-08
0.794454308364E+06 0.379269329268E+00 0.574733307058E-35 0.000000000000E+00 0.373667043196E+00 0.560228607148E-02 0.000000000000E+00 0.885732185390E-08 0.514119793158E-09 0.340005156271E-07 0.517455710198E-30 0.352373597712E-08
0.851836597624E+06 0.360797038974E+00 0.431173060951E-35 0.000000000000E+00 0.355874395378E+00 0.492264359551E-02 0.000000000000E+00 0.832631488079E-08 0.502747682087E-09 0.342834274950E-07 0.517455706149E-30 0.347778138919E-08
0.908581216683E+06 0.343563786639E+00 0.321916549435E-35 0.000000000000E+00 0.339232331410E+00 0.433145522916E-02 0.000000000000E+00 0.803314265117E-08 0.473644890836E-09 0.332752904179E-07 0.517455702228E-30 0.346570462973E-08
0.967542457649E+06 0.326673553662E+00 0.236864449617E-35 0.000000000000E+00 0.322883676222E+00 0.378987744014E-02 0.000000000000E+00 0.753730532662E-08 0.462581708096E-09 0.334838910530E-07 0.517455698230E-30 0.342720623489E-08
0.102934988608E+07 0.309997686257E+00 0.171282428514E-35 0.000000000000E+00 0.306702316831E+00 0.329536942605E-02 0.000000000000E+00 0.705346838191E-08 0.450318803092E-09 0.336075360964E-07 0.517455694127E-30 0.339355144500E-08
0.109086973383E+07 0.294373508498E+00 0.123499701305E-35 0.000000000000E+00 0.291506852248E+00 0.286665625057E-02 0.000000000000E+00 0.678780041323E-08 0.422954142252E-09 0.325236203190E-07 0.517455690137E-30 0.338881109134E-08
0.115172256209E+07 0.279806834169E+00 0.873883256106E-36 0.000000000000E+00 0.277309674660E+00 0.249715950942E-02 0.000000000000E+00 0.635197101929E-08 0.412215130557E-09 0.326177541571E-07 0.517455686287E-30 0.336176833902E-08
0.121184521419E+07 0.266230874728E+00 0.626760450510E-36 0.000000000000E+00 0.264051176088E+00 0.217969863966E-02 0.000000000000E+00 0.594248983112E-08 0.401896265885E-09 0.326921967971E-07 0.517455682566E-30 0.333872262185E-08
0.127407657261E+07 0.252977545845E+00 0.431830672700E-36 0.000000000000E+00 0.251083719470E+00 0.189382637534E-02 0.000000000000E+00 0.554809047336E-08 0.390881689100E-09 0.326988504342E-07 0.517455678792E-30 0.331924116063E-08
0.133894817120E+07 0.239959045147E+00 0.280897011253E-36 0.000000000000E+00 0.238323250177E+00 0.163579496958E-02 0.000000000000E+00 0.533300417832E-08 0.366764481847E-09 0.315788829536E-07 0.517455674944E-30 0.332301362963E-08
0.140353862736E+07 0.227756584120E+00 0.178012609841E-36 0.000000000000E+00 0.226342198228E+00 0.141438589164E-02 0.000000000000E+00 0.497006714179E-08 0.355920730884E-09 0.315100043352E-07 0.517455671203E-30 0.330830816472E-08
0.146741540617E+07 0.216379904743E+00 0.109683134209E-36 0.000000000000E+00 0.215154483852E+00 0.122542089151E-02 0.000000000000E+00 0.463102002913E-08 0.345488500260E-09 0.314220587933E-07 0.517455667596E-30 0.329632394214E-08
0.153051651186E+07 0.205775674407E+00 0.577493808004E-37 0.000000000000E+00 0.204711742879E+00 0.106393152854E-02 0.000000000000E+00 0.431450593262E-08 0.335486281019E-09 0.313191541195E-07 0.517455664109E-30 0.328666160271E-08
0.159638265039E+07 0.195333078094E+00 0.243124284714E-37 0.000000000000E+00 0.194414851168E+00 0.918226926001E-03 0.000000000000E+00 0.401056056334E-08 0.324798872114E-09 0.311430150324E-07 0.517455660545E-30 0.327954490568E-08
0.166409834862E+07 0.185217622015E+00 0.438151768069E-38 0.000000000000E+00 0.184428181267E+00 0.789440747903E-03 0.000000000000E+00 0.372207752296E-08 0.313778141253E-09 0.309086642489E-07 0.517455656962E-30 0.327472772857E-08
0.173149660998E+07 0.175733538718E+00 0.000000000000E+00 0.000000000000E+00 0.175054051776E+00 0.679486941876E-03 0.000000000000E+00 0.332939124621E-08 0.311566257253E-09 0.315019302108E-07 0.517455653481E-30 0.325800547797E-08
0.179824686624E+07 0.166873987145E+00 0.000000000000E+00 0.000000000000E+00 0.166288031650E+00 0.585955495264E-03 0.000000000000E+00 0.308619778538E-08 0.300774037532E-09 0.311993506185E-07 0.517455650119E-30 0.325691250691E-08
0.186422618279E+07 0.158612141592E+00 0.000000000000E+00 0.000000000000E+00 0.158105703555E+00 0.506438037053E-03 0.000000000000E+00 0.286056128810E-08 0.290478775839E-09 0.308898839219E-07 0.517455646862E-30 0.325695257618E-08
0.193420692173E+07 0.150344162190E+00 0.000000000000E+00 0.000000000000E+00 0.149910126227E+00 0.434035963012E-03 0.000000000000E+00 0.264404977665E-08 0.279425170377E-09 0.304947724671E-07 0.517455643480E-30 0.325892006030E-08
0.200497344259E+07 0.142472267906E+00 0.000000000000E+00 0.000000000000E+00 0.142100770499E+00 0.371497407033E-03 0.000000000000E+00 0.234506459940E-08 0.274921644277E-09 0.307791930800E-07 0.517455640135E-30 0.325172975621E-08
0.207544910471E+07 0.135086487947E+00 0.000000000000E+00 0.000000000000E+00 0.134768198044E+00 0.318289903511E-03 0.000000000000E+00 0.216364571206E-08 0.263991438483E-09 0.303096000107E-07 0.517455636881E-30 0.325599892732E-08
0.214545557724E+07 0.128169470489E+00 0.000000000000E+00 0.000000000000E+00 0.127896389247E+00 0.273081242513E-03 0.000000000000E+00 0.191252825060E-08 0.259027095782E-09 0.304742810967E-07 0.517455633722E-30 0.325212081396E-08
0.221559768036E+07 0.121634695516E+00 0.000000000000E+00 0.000000000000E+00 0.121400346819E+00 0.234348697565E-03 0.000000000000E+00 0.168592708949E-08 0.253573503334E-09 0.305592310455E-07 0.517455630617E-30 0.325014059702E-08
0.228964739220E+07 0.115135354690E+00 0.000000000000E+00 0.000000000000E+00 0.114935842450E+00 0.199512239807E-03 0.000000000000E+00 0.147912216690E-08 0.246863961784E-09 0.305049268639E-07 0.517455627405E-30 0.325036653666E-08
0.236396288915E+07 0.108997954910E+00 0.000000000000E+00 0.000000000000E+00 0.108828096696E+00 0.169858213800E-03 0.000000000000E+00 0.129420841131E-08 0.239815101610E-09 0.303753302301E-07 0.517455624247E-30 0.325181062080E-08
0.243807378893E+07 0.103235682692E+00 0.000000000000E+00 0.000000000000E+00 0.103090925934E+00 0.144756757899E-03 0.000000000000E+00 0.112960375060E-08 0.232593429920E-09 0.301837866722E-07 0.517455621165E-30 0.325417837157E-08
0.251189329912E+07 0.978299995582E-01 0.000000000000E+00 0.000000000000E+00 0.977064819360E-01 0.123517622188E-03 0.000000000000E+00 0.983452158342E-09 0.225278601132E-09 0.299381472709E-07 0.517455618156E-30 0.325730146854E-08
0.258718121358E+07 0.926397558778E-01 0.000000000000E+00 0.000000000000E+00 0.925346249752E-01 0.105130902608E-03 0.000000000000E+00 0.809623923749E-09 0.220664959948E-09 0.300304170276E-07 0.517455615141E-30 0.325691955641E-08
0.266492022190E+07 0.875972233575E-01 0.000000000000E+00 0.000000000000E+00 0.875081534382E-01 0.890699193404E-04 0.000000000000E+00 0.661103339235E-09 0.214919011658E-09 0.299655293596E-07 0.517455612083E-30 0.325839046904E-08
0.274315804166E+07 0.828279344818E-01 0.000000000000E+00 0.000000000000E+00 0.827525025830E-01 0.754318988420E-04 0.000000000000E+00 0.535745531930E-09 0.208562958091E-09 0.297863152123E-07 0.517455609061E-30 0.326102945965E-08
0.282150166523E+07 0.783362032834E-01 0.000000000000E+00 0.000000000000E+00 0.782722911047E-01 0.639121787480E-04 0.000000000000E+00 0.405020434940E-09 0.203833605043E-09 0.298063177244E-07 0.517455606093E-30 0.326178685310E-08
0.289989654967E+07 0.741114381039E-01 0.000000000000E+00 0.000000000000E+00 0.740572480303E-01 0.541900736103E-04 0.000000000000E+00 0.281498437022E-09 0.199953485499E-09 0.299260856517E-07 0.517455603170E-30 0.326180591317E-08
0.298109301405E+07 0.700007145446E-01 0.000000000000E+00 0.000000000000E+00 0.699550014606E-01 0.457130839872E-04 0.000000000000E+00 0.188958717330E-09 0.194427050508E-09 0.297998011315E-07 0.517455600187E-30 0.326393923110E-08
0.306397201982E+07 0.660624366076E-01 0.000000000000E+00 0.000000000000E+00 0.660239790852E-01 0.384575223518E-04 0.000000000000E+00 0.101551354937E-09 0.189950327640E-09 0.298174820597E-07 0.517455597188E-30 0.326492793474E-08
0.314738604312E+07 0.623448995765E-01 0.000000000000E+00 0.000000000000E+00 0.623125565617E-01 0.323430148186E-04 0.000000000000E+00 0.415262837105E-10 0.184651105714E-09 0.296819780066E-07 0.517455594217E-30 0.326700391252E-08
0.323122163568E+07 0.588404015606E-01 0.000000000000E+00 0.000000000000E+00 0.588132040911E-01 0.271974694552E-04 0.000000000000E+00 0.182726652536E-11 0.180220196853E-09 0.296574280540E-07 0.517455591276E-30 0.326821473895E-08
0.331585675101E+07 0.555241777524E-01 0.000000000000E+00 0.000000000000E+00 0.555013221928E-01 0.228555596408E-04 0.000000000000E+00 0.000000000000E+00 0.180220180434E-09 0.296574253785E-07 0.517455588341E-30 0.326821473685E-08
0.340403253640E+07 0.522884866115E-01 0.000000000000E+00 0.000000000000E+00 0.522693999724E-01 0.190866391803E-04 0.000000000000E+00 0.000000000000E+00 0.180220179382E-09 0.296574252053E-07 0.517455585319E-30 0.326821471776E-08
0.349332069351E+07 0.492242687931E-01 0.000000000000E+00 0.000000000000E+00 0.492083495147E-01 0.159192783857E-04 0.000000000000E+00 0.000000000000E+00 0.180220178329E-09 0.296574250320E-07 0.517455582294E-30 0.326821469866E-08
0.358346520697E+07 0.463319054697E-01 0.000000000000E+00 0.000000000000E+00 0.463186378157E-01 0.132676540901E-04 0.000000000000E+00 0.000000000000E+00 0.180220177277E-09 0.296574248590E-07 0.517455579276E-30 0.326821467960E-08
0.367440853924E+07 0.436058967264E-01 0.000000000000E+00 0.000000000000E+00 0.435948446604E-01 0.110520659648E-04 0.000000000000E+00 0.000000000000E+00 0.180220176227E-09 0.296574246861E-07 0.517455576259E-30 0.326821466055E-08
0.376836633680E+07 0.409762548648E-01 0.000000000000E+00 0.000000000000E+00 0.409670939390E-01 0.916092573366E-05 0.000000000000E+00 0.000000000000E+00 0.180220175150E-09 0.296574245088E-07 0.517455573167E-30 0.326821464101E-08
0.386456347843E+07 0.384670394179E-01 0.000000000000E+00 0.000000000000E+00 0.384594705221E-01 0.756889583027E-05 0.000000000000E+00 0.000000000000E+00 0.180220174055E-09 0.296574243287E-07 0.517455570024E-30 0.326821462116E-08
0.396211532831E+07 0.360969857397E-01 0.000000000000E+00 0.000000000000E+00 0.360907406127E-01 0.624512701775E-05 0.000000000000E+00 0.000000000000E+00 0.180220172953E-09 0.296574241474E-07 0.517455566860E-30 0.326821460118E-08
0.406081844390E+07 0.338659206336E-01 0.000000000000E+00 0.000000000000E+00 0.338607719568E-01 0.514867672446E-05 0.000000000000E+00 0.000000000000E+00 0.180220171844E-09 0.296574239648E-07 0.517455563675E-30 0.326821458106E-08
0.416238924754E+07 0.317317110107E-01 0.000000000000E+00 0.000000000000E+00 0.317274836768E-01 0.422733393274E-05 0.000000000000E+00 0.000000000000E+00 0.180220170706E-09 0.296574237776E-07 0.517455560408E-30 0.326821456043E-08
0.426674754214E+07 0.296959307273E-01 0.000000000000E+00 0.000000000000E+00 0.296924733541E-01 0.345737313146E-05 0.000000000000E+00 0.000000000000E+00 0.180220169540E-09 0.296574235858E-07 0.517455557062E-30 0.326821453929E-08
0.437274745256E+07 0.277780788388E-01 0.000000000000E+00 0.000000000000E+00 0.277752556850E-01 0.282315376795E-05 0.000000000000E+00 0.000000000000E+00 0.180220168359E-09 0.296574233914E-07 0.517455553671E-30 0.326821451788E-08
0.448019925728E+07 0.259778225798E-01 0.000000000000E+00 0.000000000000E+00 0.259755193300E-01 0.230324979906E-05 0.000000000000E+00 0.000000000000E+00 0.180220167162E-09 0.296574231944E-07 0.517455550233E-30 0.326821449616E-08
0.459157666484E+07 0.242509084158E-01 0.000000000000E+00 0.000000000000E+00 0.242490395934E-01 0.186882238323E-05 0.000000000000E+00 0.000000000000E+00 0.180220165919E-09 0.296574229899E-07 0.517455546664E-30 0.326821447362E-08
0.470539972425E+07 0.226206881215E-01 0.000000000000E+00 0.000000000000E+00 0.226191756996E-01 0.151242188870E-05 0.000000000000E+00 0.000000000000E+00 0.180220164647E-09 0.296574227804E-07 0.517455543010E-30 0.326821445055E-08
0.482107531476E+07 0.210917433671E-01 0.000000000000E+00 0.000000000000E+00 0.210905210113E-01 0.122235577819E-05 0.000000000000E+00 0.000000000000E+00 0.180220163349E-09 0.296574225669E-07 0.517455539285E-30 0.326821442702E-08
0.493953518339E+07 0.196488830327E-01 0.000000000000E+00 0.000000000000E+00 0.196478979395E-01 0.985093280080E-06 0.000000000000E+00 0.000000000000E+00 0.180220162014E-09 0.296574223471E-07 0.517455535450E-30 0.326821440280E-08
0.506149636009E+07 0.182815539597E-01 0.000000000000E+00 0.000000000000E+00 0.182807632607E-01 0.790699050327E-06 0.000000000000E+00 0.000000000000E+00 0.180220160630E-09 0.296574221195E-07 0.517455531478E-30 0.326821437771E-08
0.518575191839E+07 0.170009885660E-01 0.000000000000E+00 0.000000000000E+00 0.170003549000E-01 0.633666059701E-06 0.000000000000E+00 0.000000000000E+00 0.180220159212E-09 0.296574218861E-07 0.517455527406E-30 0.326821435199E-08
0.531219604923E+07 0.158050614443E-01 0.000000000000E+00 0.000000000000E+00 0.158045541940E-01 0.507250276907E-06 0.000000000000E+00 0.000000000000E+00 0.180220157756E-09 0.296574216465E-07 0.517455523225E-30 0.326821432558E-08
0.544247381660E+07 0.146748165044E-01 0.000000000000E+00 0.000000000000E+00 0.146744120746E-01 0.404429780528E-06 0.000000000000E+00 0.000000000000E+00 0.180220156242E-09 0.296574213973E-07 0.517455518878E-30 0.326821429813E-08
0.557498668034E+07 0.136213924252E-01 0.000000000000E+00 0.000000000000E+00 0.136210703235E-01 0.322101752984E-06 0.000000000000E+00 0.000000000000E+00 0.180220154687E-09 0.296574211414E-07 0.517455514413E-30 0.326821426993E-08
0.570972594284E+07 0.126415625213E-01 0.000000000000E+00 0.000000000000E+00 0.126413061599E-01 0.256361373707E-06 0.000000000000E+00 0.000000000000E+00 0.180220153087E-09 0.296574208782E-07 0.517455509820E-30 0.326821424092E-08
0.584801825245E+07 0.117217251796E-01 0.000000000000E+00 0.000000000000E+00 0.117215216910E-01 0.203488666843E-06 0.000000000000E+00 0.000000000000E+00 0.180220151426E-09 0.296574206048E-07 0.517455505050E-30 0.326821421079E-08
0.598848998753E+07 0.108680438079E-01 0.000000000000E+00 0.000000000000E+00 0.108678823293E-01 0.161478586030E-06 0.000000000000E+00 0.000000000000E+00 0.180220149718E-09 0.296574203237E-07 0.517455500146E-30 0.326821417982E-08
0.613117887092E+07 0.100767733028E-01 0.000000000000E+00 0.000000000000E+00 0.100766451590E-01 0.128143723729E-06 0.000000000000E+00 0.000000000000E+00 0.180220147959E-09 0.296574200343E-07 0.517455495097E-30 0.326821414793E-08
0.627579514473E+07 0.934485580731E-02 0.000000000000E+00 0.000000000000E+00 0.934475407287E-02 0.101734448086E-06 0.000000000000E+00 0.000000000000E+00 0.180220146152E-09 0.296574197369E-07 0.517455489908E-30 0.326821411515E-08
0.642270916050E+07 0.866624036448E-02 0.000000000000E+00 0.000000000000E+00 0.866615960154E-02 0.807629414819E-07 0.000000000000E+00 0.000000000000E+00 0.180220144290E-09 0.296574194306E-07 0.517455484563E-30 0.326821408139E-08
0.657202271997E+07 0.803771240659E-02 0.000000000000E+00 0.000000000000E+00 0.803764827524E-02 0.641313522975E-07 0.000000000000E+00 0.000000000000E+00 0.180220142370E-09 0.296574191145E-07 0.517455479048E-30 0.326821404657E-08
0.672343681705E+07 0.745678359020E-02 0.000000000000E+00 0.000000000000E+00 0.745673262895E-02 0.509612547526E-07 0.000000000000E+00 0.000000000000E+00 0.180220140393E-09 0.296574187892E-07 0.517455473372E-30 0.326821401071E-08
0.687740662421E+07 0.691821533208E-02 0.000000000000E+00 0.000000000000E+00 0.691817483395E-02 0.404981304253E-07 0.000000000000E+00 0.000000000000E+00 0.180220138352E-09 0.296574184533E-07 0.517455467512E-30 0.326821397370E-08
0.703407965373E+07 0.641923736334E-02 0.000000000000E+00 0.000000000000E+00 0.641920517415E-02 0.321891880846E-07 0.000000000000E+00 0.000000000000E+00 0.180220136242E-09 0.296574181061E-07 0.517455461453E-30 0.326821393544E-08
0.719320563848E+07 0.595769360271E-02 0.000000000000E+00 0.000000000000E+00 0.595766800275E-02 0.255999557396E-07 0.000000000000E+00 0.000000000000E+00 0.180220134064E-09 0.296574177478E-07 0.517455455201E-30 0.326821389595E-08
0.735520195265E+07 0.552985034769E-02 0.000000000000E+00 0.000000000000E+00 0.552982998269E-02 0.203649943318E-07 0.000000000000E+00 0.000000000000E+00 0.180220131812E-09 0.296574173771E-07 0.517455448734E-30 0.326821385510E-08
0.752023765611E+07 0.513339471298E-02 0.000000000000E+00 0.000000000000E+00 0.513337850588E-02 0.162071004912E-07 0.000000000000E+00 0.000000000000E+00 0.180220129479E-09 0.296574169932E-07 0.517455442036E-30 0.326821381280E-08
0.768818135117E+07 0.476643801608E-02 0.000000000000E+00 0.000000000000E+00 0.476642511012E-02 0.129059600265E-07 0.000000000000E+00 0.000000000000E+00 0.180220127065E-09 0.296574165960E-07 0.517455435105E-30 0.326821376903E-08
0.785947721891E+07 0.442610957207E-02 0.000000000000E+00 0.000000000000E+00 0.442609929294E-02 0.102791233424E-07 0.000000000000E+00 0.000000000000E+00 0.180220124562E-09 0.296574161841E-07 0.517455427919E-30 0.326821372363E-08
0.803422604343E+07 0.411073229560E-02 0.000000000000E+00 0.000000000000E+00 0.411072410540E-02 0.819019952896E-08 0.000000000000E+00 0.000000000000E+00 0.180220121965E-09 0.296574157567E-07 0.517455420461E-30 0.326821367653E-08
0.821241275483E+07 0.381864042233E-02 0.000000000000E+00 0.000000000000E+00 0.381863389225E-02 0.653008221933E-08 0.000000000000E+00 0.000000000000E+00 0.180220119271E-09 0.296574153134E-07 0.517455412727E-30 0.326821362768E-08
0.839448601747E+07 0.354780547348E-02 0.000000000000E+00 0.000000000000E+00 0.354780026401E-02 0.520946318989E-08 0.000000000000E+00 0.000000000000E+00 0.180220116471E-09 0.296574148526E-07 0.517455404687E-30 0.326821357690E-08
0.858046549420E+07 0.329693477346E-02 0.000000000000E+00 0.000000000000E+00 0.329693061436E-02 0.415910355217E-08 0.000000000000E+00 0.000000000000E+00 0.180220113561E-09 0.296574143736E-07 0.517455396330E-30 0.326821352412E-08
0.877062004367E+07 0.306436447793E-02 0.000000000000E+00 0.000000000000E+00 0.306436115546E-02 0.332246406800E-08 0.000000000000E+00 0.000000000000E+00 0.180220110533E-09 0.296574138754E-07 0.517455387638E-30 0.326821346922E-08
0.896531591622E+07 0.284878794465E-02 0.000000000000E+00 0.000000000000E+00 0.284878528879E-02 0.265585890386E-08 0.000000000000E+00 0.000000000000E+00 0.180220107378E-09 0.296574133562E-07 0.517455378579E-30 0.326821341201E-08
0.916456399010E+07 0.264911005640E-02 0.000000000000E+00 0.000000000000E+00 0.264910793165E-02 0.212474568847E-08 0.000000000000E+00 0.000000000000E+00 0.180220104092E-09 0.296574128155E-07 0.517455369144E-30 0.326821335242E-08
0.936890520613E+07 0.246401486782E-02 0.000000000000E+00 0.000000000000E+00 0.246401316650E-02 0.170132655406E-08 0.000000000000E+00 0.000000000000E+00 0.180220100662E-09 0.296574122509E-07 0.517455359294E-30 0.326821329021E-08
0.957849557334E+07 0.229253327017E-02 0.000000000000E+00 0.000000000000E+00 0.229253190659E-02 0.136357853994E-08 0.000000000000E+00 0.000000000000E+00 0.180220097080E-09 0.296574116615E-07 0.517455349009E-30 0.326821322525E-08
0.979382758230E+07 0.213355164122E-02 0.000000000000E+00 0.000000000000E+00 0.213355054740E-02 0.109382568656E-08 0.000000000000E+00 0.000000000000E+00 0.180220093333E-09 0.296574110449E-07 0.517455338251E-30 0.326821315730E-08
0.100152870601E+08 0.198617853928E-02 0.000000000000E+00 0.000000000000E+00 0.198617766103E-02 0.878248598702E-09 0.000000000000E+00 0.000000000000E+00 0.180220089409E-09 0.296574103991E-07 0.517455326984E-30 0.326821308614E-08
0.102433332412E+08 0.184954386410E-02 0.000000000000E+00 0.000000000000E+00 0.184954315829E-02 0.705815850765E-09 0.000000000000E+00 0.000000000000E+00 0.180220085294E-09 0.296574097220E-07 0.517455315169E-30 0.326821301152E-08
0.104784736978E+08 0.172286756519E-02 0.000000000000E+00 0.000000000000E+00 0.172286699731E-02 0.567885825653E-09 0.000000000000E+00 0.000000000000E+00 0.180220080972E-09 0.296574090108E-07 0.517455302762E-30 0.326821293315E-08
0.107212438632E+08 0.160544348431E-02 0.000000000000E+00 0.000000000000E+00 0.160544302679E-02 0.457517397612E-09 0.000000000000E+00 0.000000000000E+00 0.180220076428E-09 0.296574082630E-07 0.517455289713E-30 0.326821285073E-08
0.109723669465E+08 0.149654014231E-02 0.000000000000E+00 0.000000000000E+00 0.149653977323E-02 0.369076947465E-09 0.000000000000E+00 0.000000000000E+00 0.180220071639E-09 0.296574074748E-07 0.517455275961E-30 0.326821276388E-08
0.112325734053E+08 0.139556330375E-02 0.000000000000E+00 0.000000000000E+00 0.139556300561E-02 0.298144545458E-09 0.000000000000E+00 0.000000000000E+00 0.180220066582E-09 0.296574066427E-07 0.517455261443E-30 0.326821267219E-08
0.115027150434E+08 0.130189913650E-02 0.000000000000E+00 0.000000000000E+00 0.130189889534E-02 0.241157989591E-09 0.000000000000E+00 0.000000000000E+00 0.180220061233E-09 0.296574057625E-07 0.517455246085E-30 0.326821257518E-08
0.117838835739E+08 0.121503046461E-02 0.000000000000E+00 0.000000000000E+00 0.121503026926E-02 0.195352968563E-09 0.000000000000E+00 0.000000000000E+00 0.180220055558E-09 0.296574048287E-07 0.517455229792E-30 0.326821247228E-08
0.120771538894E+08 0.113445152663E-02 0.000000000000E+00 0.000000000000E+00 0.113445136814E-02 0.158482379899E-09 0.000000000000E+00 0.000000000000E+00 0.180220049525E-09 0.296574038358E-07 0.517455212469E-30 0.326821236287E-08
0.123840765025E+08 0.105967785129E-02 0.000000000000E+00 0.000000000000E+00 0.105967772252E-02 0.128774586799E-09 0.000000000000E+00 0.000000000000E+00 0.180220043088E-09 0.296574027765E-07 0.517455193986E-30 0.326821224613E-08
0.127063244546E+08 0.990300639821E-03 0.000000000000E+00 0.000000000000E+00 0.990300535007E-03 0.104813446324E-09 0.000000000000E+00 0.000000000000E+00 0.180220036196E-09 0.296574016424E-07 0.517455174198E-30 0.326821212115E-08
0.130458578236E+08 0.925902453965E-03 0.000000000000E+00 0.000000000000E+00 0.925902368514E-03 0.854511085782E-10 0.000000000000E+00 0.000000000000E+00 0.180220028790E-09 0.296574004236E-07 0.517455152934E-30 0.326821198685E-08
0.134051497035E+08 0.866119113503E-03 0.000000000000E+00 0.000000000000E+00 0.866119043723E-03 0.697801392715E-10 0.000000000000E+00 0.000000000000E+00 0.180220020797E-09 0.296573991082E-07 0.517455129983E-30 0.326821184189E-08
0.137872023814E+08 0.810615534706E-03 0.000000000000E+00 0.000000000000E+00 0.810615477623E-03 0.570827564306E-10 0.000000000000E+00 0.000000000000E+00 0.180220012125E-09 0.296573976811E-07 0.517455105083E-30 0.326821168462E-08
0.141957723669E+08 0.759083183551E-03 0.000000000000E+00 0.000000000000E+00 0.759083136747E-03 0.468043421071E-10 0.000000000000E+00 0.000000000000E+00 0.180220002661E-09 0.296573961237E-07 0.517455077910E-30 0.326821151300E-08
0.146356236984E+08 0.711232821269E-03 0.000000000000E+00 0.000000000000E+00 0.711232782642E-03 0.386268257520E-10 0.000000000000E+00 0.000000000000E+00 0.180219992262E-09 0.296573944125E-07 0.517455048053E-30 0.326821132443E-08
0.151129367962E+08 0.666802124599E-03 0.000000000000E+00 0.000000000000E+00 0.666802092304E-03 0.322949160910E-10 0.000000000000E+00 0.000000000000E+00 0.180219980743E-09 0.296573925168E-07 0.517455014978E-30 0.326821111553E-08
0.156359060748E+08 0.625555235840E-03 0.000000000000E+00 0.000000000000E+00 0.625555208437E-03 0.274031358549E-10 0.000000000000E+00 0.000000000000E+00 0.180219967856E-09 0.296573903962E-07 0.517454977978E-30 0.326821088184E-08
0.162155180117E+08 0.587289230679E-03 0.000000000000E+00 0.000000000000E+00 0.587289207196E-03 0.234830080211E-10 0.000000000000E+00 0.000000000000E+00 0.180219953271E-09 0.296573879961E-07 0.517454936101E-30 0.326821061735E-08
0.168674931664E+08 0.551825368566E-03 0.000000000000E+00 0.000000000000E+00 0.551825348411E-03 0.201551739240E-10 0.000000000000E+00 0.000000000000E+00 0.180219936516E-09 0.296573852387E-07 0.517454887992E-30 0.326821031349E-08
0.176145057059E+08 0.519030619727E-03 0.000000000000E+00 0.000000000000E+00 0.519030602521E-03 0.172053817020E-10 0.000000000000E+00 0.000000000000E+00 0.180219916906E-09 0.296573820118E-07 0.517454831688E-30 0.326820995788E-08
0.184910374961E+08 0.488824369907E-03 0.000000000000E+00 0.000000000000E+00 0.488824355335E-03 0.145724387790E-10 0.000000000000E+00 0.000000000000E+00 0.180219893404E-09 0.296573781441E-07 0.517454764207E-30 0.326820953167E-08
0.195539904451E+08 0.461192847915E-03 0.000000000000E+00 0.000000000000E+00 0.461192835629E-03 0.122853082963E-10 0.000000000000E+00 0.000000000000E+00 0.180219864295E-09 0.296573733540E-07 0.517454680629E-30 0.326820900380E-08
0.209049010356E+08 0.436228460107E-03 0.000000000000E+00 0.000000000000E+00 0.436228449747E-03 0.103603660909E-10 0.000000000000E+00 0.000000000000E+00 0.180219826520E-09 0.296573671376E-07 0.517454572167E-30 0.326820831877E-08
0.227612466398E+08 0.414263259589E-03 0.000000000000E+00 0.000000000000E+00 0.414263250777E-03 0.881214611872E-11 0.000000000000E+00 0.000000000000E+00 0.180219773572E-09 0.296573584244E-07 0.517454420141E-30 0.326820735858E-08
0.255457650463E+08 0.396595081638E-03 0.000000000000E+00 0.000000000000E+00 0.396595073954E-03 0.768411620180E-11 0.000000000000E+00 0.000000000000E+00 0.180219692810E-09 0.296573451340E-07 0.517454188253E-30 0.326820589399E-08
0.297225426559E+08 0.385753988573E-03 0.000000000000E+00 0.000000000000E+00 0.385753981531E-03 0.704262066622E-11 0.000000000000E+00 0.000000000000E+00 0.180219570372E-09 0.296573249853E-07 0.517453836704E-30 0.326820367363E-08
0.359877090703E+08 0.381375925736E-03 0.000000000000E+00 0.000000000000E+00 0.381375918942E-03 0.679414439288E-11 0.000000000000E+00 0.000000000000E+00 0.180219385908E-09 0.296572946296E-07 0.517453307065E-30 0.326820032847E-08
0.453854586919E+08 0.380547917410E-03 0.000000000000E+00 0.000000000000E+00 0.380547910662E-03 0.674781391008E-11 0.000000000000E+00 0.000000000000E+00 0.180219108986E-09 0.296572490587E-07 0.517452511955E-30 0.326819530660E-08
0.594820831244E+08 0.380562977340E-03 0.000000000000E+00 0.000000000000E+00 0.380562970591E-03 0.674862626927E-11 0.000000000000E+00 0.000000000000E+00 0.180218693610E-09 0.296571807035E-07 0.517451319310E-30 0.326818777394E-08
0.806270197730E+08 0.380552479330E-03 0.000000000000E+00 0.000000000000E+00 0.380552472582E-03 0.674799813139E-11 0.000000000000E+00 0.000000000000E+00 0.180218070546E-09 0.296570781706E-07 0.517449530342E-30 0.326817647494E-08
