0.120000000000E+02 0.839963271640E+14 0.792751443960E+17 0.707039211143E+17 -.107626892679E+16
0.240000000000E+02 0.839861708278E+14 0.792690185786E+17 0.706984606816E+17 -.107620788927E+16
0.420000000000E+02 0.839866010503E+14 0.792686255190E+17 0.706981266421E+17 -.107619875311E+16
0.690000000000E+02 0.839878810666E+14 0.792673955920E+17 0.706970803906E+17 -.107617048999E+16
0.109500000000E+03 0.839907259997E+14 0.792645841403E+17 0.706946876027E+17 -.107610627590E+16
0.170250000000E+03 0.839953905150E+14 0.792596559071E+17 0.706904896181E+17 -.107599513873E+16
0.261375000000E+03 0.840023468768E+14 0.792520357648E+17 0.706839984462E+17 -.107582413358E+16
0.398062500000E+03 0.840119226392E+14 0.792407007946E+17 0.706743365911E+17 -.107557290576E+16
0.603093750000E+03 0.840255818552E+14 0.792238075020E+17 0.706599319494E+17 -.107520098151E+16
0.910640625000E+03 0.840439583007E+14 0.791988089670E+17 0.706385892313E+17 -.107465939893E+16
0.137196093750E+04 0.840687079235E+14 0.791618010293E+17 0.706069510681E+17 -.107387008902E+16
0.206394140625E+04 0.840983147743E+14 0.791036962857E+17 0.705597400556E+17 -.107239454081E+16
0.310191210938E+04 0.841397058109E+14 0.790226070229E+17 0.704903613805E+17 -.107071246145E+16
0.465886816406E+04 0.841907488880E+14 0.789036246288E+17 0.703881861931E+17 -.106831598883E+16
0.699430224609E+04 0.842481902137E+14 0.787294840461E+17 0.702382965894E+17 -.106490124307E+16
0.104974533691E+05 0.843070698226E+14 0.784751578422E+17 0.700188817758E+17 -.106004827727E+16
0.157521800537E+05 0.843528652625E+14 0.781058961509E+17 0.696994846925E+17 -.105323743138E+16
0.236342700806E+05 0.843611499583E+14 0.775719237107E+17 0.692364876143E+17 -.104370014312E+16
0.354574051208E+05 0.842870094175E+14 0.768045871015E+17 0.685695374392E+17 -.103042454062E+16
0.531921076813E+05 0.840567296108E+14 0.757083016842E+17 0.676144778504E+17 -.101200988114E+16
0.797941615219E+05 0.835532350605E+14 0.741557174696E+17 0.662585746548E+17 -.986756048775E+15
0.119697242283E+06 0.826008616862E+14 0.719837447748E+17 0.643567128598E+17 -.952629400635E+15
0.165825628915E+06 0.813522140076E+14 0.696515256700E+17 0.623097823865E+17 -.917014037212E+15
0.212141023939E+06 0.800137821414E+14 0.674660910592E+17 0.603880335425E+17 -.884367142999E+15
0.258850203775E+06 0.786216746670E+14 0.653942818744E+17 0.585634075730E+17 -.853936233990E+15
0.306260164151E+06 0.771870619243E+14 0.634110457635E+17 0.568144198022E+17 -.825231377943E+15
0.354765708515E+06 0.757177064546E+14 0.614940773306E+17 0.551218856914E+17 -.797817147317E+15
0.408130372989E+06 0.741089722137E+14 0.594995017359E+17 0.533588844528E+17 -.769602469185E+15
0.462069732006E+06 0.725015068906E+14 0.575934194790E+17 0.516723549306E+17 -.742901875773E+15
0.515625830970E+06 0.709297913596E+14 0.557996232556E+17 0.500836866880E+17 -.717987534448E+15
0.568855621233E+06 0.693959334009E+14 0.541044340528E+17 0.485810795134E+17 -.694612867681E+15
0.621678837806E+06 0.679044178217E+14 0.525032696037E+17 0.471607014535E+17 -.672680927633E+15
0.677974055096E+06 0.663500468962E+14 0.508775749954E+17 0.457174963477E+17 -.650544693371E+15
0.736391653867E+06 0.647756894573E+14 0.492724079498E+17 0.442914668410E+17 -.628816013101E+15
0.794454308364E+06 0.632506398980E+14 0.477513649270E+17 0.429392487628E+17 -.608328909830E+15
0.851836597624E+06 0.617810656056E+14 0.463175620950E+17 0.416637479992E+17 -.589115696338E+15
0.908581216683E+06 0.603661776935E+14 0.449626194956E+17 0.404576773382E+17 -.571036409807E+15
0.967542457649E+06 0.589359454767E+14 0.436164132972E+17 0.392586938582E+17 -.553144116600E+15
0.102934988608E+07 0.574785887311E+14 0.422679159544E+17 0.380569821069E+17 -.535290975392E+15
0.109086973383E+07 0.560693902526E+14 0.409858459888E+17 0.369138231138E+17 -.518383413400E+15
0.115172256209E+07 0.547148957549E+14 0.397724114113E+17 0.358312894997E+17 -.502437394909E+15
0.121184521419E+07 0.534148720465E+14 0.386240104370E+17 0.348062646552E+17 -.487393748894E+15
0.127407657261E+07 0.521081184639E+14 0.374848440614E+17 0.337889939527E+17 -.472515294550E+15
0.133894817120E+07 0.507861222143E+14 0.363474653268E+17 0.327728318075E+17 -.457704093299E+15
0.140353862736E+07 0.495094571850E+14 0.352630539207E+17 0.318035366547E+17 -.443623125022E+15
0.146741540617E+07 0.482840056655E+14 0.342348192480E+17 0.308840413527E+17 -.430308396305E+15
0.153051651186E+07 0.471093718594E+14 0.332601699989E+17 0.300120945811E+17 -.417718667792E+15
0.159638265039E+07 0.459196863400E+14 0.322835539629E+17 0.291380260484E+17 -.405133125365E+15
0.166409834862E+07 0.447338593580E+14 0.313204618310E+17 0.282757037316E+17 -.392750921941E+15
0.173149660998E+07 0.435897469608E+14 0.304009145406E+17 0.274520360161E+17 -.380955655386E+15
0.179824686624E+07 0.424905271099E+14 0.295263027602E+17 0.266683128409E+17 -.369761648920E+15
0.186422618279E+07 0.414368933645E+14 0.286955249606E+17 0.259235941923E+17 -.359149061094E+15
0.193420692173E+07 0.403530777797E+14 0.278487285324E+17 0.251642374993E+17 -.348353062647E+15
0.200497344259E+07 0.392914510821E+14 0.270267602167E+17 0.244268740746E+17 -.337893869557E+15
0.207544910471E+07 0.382671074414E+14 0.262406022575E+17 0.237213828730E+17 -.327909075152E+15
0.214545557724E+07 0.372808682405E+14 0.254899887670E+17 0.230475573199E+17 -.318392515433E+15
0.221559768036E+07 0.363237631542E+14 0.247669906877E+17 0.223983094885E+17 -.309239683854E+15
0.228964739220E+07 0.353450456332E+14 0.240331102347E+17 0.217390742506E+17 -.299962497374E+15
0.236396288915E+07 0.343943905246E+14 0.233258299965E+17 0.211035237870E+17 -.291035939698E+15
0.243807378893E+07 0.334765881864E+14 0.226480240654E+17 0.204942641438E+17 -.282494051823E+15
0.251189329912E+07 0.325916672367E+14 0.219989326405E+17 0.199106366864E+17 -.274324628028E+15
0.258718121358E+07 0.317184293503E+14 0.213623616047E+17 0.193380977325E+17 -.266321443503E+15
0.266492022190E+07 0.308463630931E+14 0.207304778178E+17 0.187696074721E+17 -.258385321303E+15
0.274315804166E+07 0.299977628744E+14 0.201194900528E+17 0.182197548796E+17 -.250720454452E+15
0.282150166523E+07 0.291759863746E+14 0.195314246664E+17 0.176903791558E+17 -.243351150345E+15
0.289989654967E+07 0.283812976625E+14 0.189658006917E+17 0.171810652566E+17 -.236268918628E+15
0.298109301405E+07 0.275860919736E+14 0.184025964122E+17 0.166737937633E+17 -.229221559409E+15
0.306397201982E+07 0.268024927033E+14 0.178503312189E+17 0.161762411021E+17 -.222315417405E+15
0.314738604312E+07 0.260412801393E+14 0.173164551535E+17 0.156951278360E+17 -.215643395090E+15
0.323122163568E+07 0.253026901740E+14 0.168010112175E+17 0.152305033173E+17 -.209206087437E+15
0.331585675101E+07 0.245836209084E+14 0.163012648265E+17 0.147799155186E+17 -.202967058136E+15
0.340403253640E+07 0.238613420214E+14 0.158012067340E+17 0.143289346126E+17 -.196725505234E+15
0.349332069351E+07 0.231568369328E+14 0.153153423595E+17 0.138906451973E+17 -.190662477913E+15
0.358346520697E+07 0.224717936686E+14 0.148446463921E+17 0.134659350408E+17 -.184789672513E+15
0.367440853924E+07 0.218067110153E+14 0.143891317851E+17 0.130548255329E+17 -.179106083172E+15
0.376836633680E+07 0.211456234437E+14 0.139378094333E+17 0.126474033435E+17 -.173474573135E+15
0.386456347843E+07 0.204950324656E+14 0.134949935303E+17 0.122475661134E+17 -.167948413932E+15
0.396211532831E+07 0.198612059131E+14 0.130648329275E+17 0.118590654539E+17 -.162579079535E+15
0.406081844390E+07 0.192456452372E+14 0.126480974526E+17 0.114826043312E+17 -.157375315499E+15
0.416238924754E+07 0.186380623271E+14 0.122376043076E+17 0.111116997065E+17 -.152246558499E+15
0.426674754214E+07 0.180397223259E+14 0.118341629296E+17 0.107470855619E+17 -.147202787111E+15
0.437274745256E+07 0.174575604841E+14 0.114424095395E+17 0.103929560359E+17 -.142302006773E+15
0.448019925728E+07 0.168929116540E+14 0.110630769697E+17 0.100499799993E+17 -.137552913977E+15
0.459157666484E+07 0.163331627331E+14 0.106875800895E+17 0.971039899375E+16 -.132847621560E+15
0.470539972425E+07 0.157866180429E+14 0.103214669600E+17 0.937923283672E+16 -.128255636469E+15
0.482107531476E+07 0.152564250419E+14 0.996673160350E+16 0.905829030961E+16 -.123801682556E+15
0.493953518339E+07 0.147386819107E+14 0.962059702268E+16 0.874506412982E+16 -.119450305660E+15
0.506149636009E+07 0.142306715638E+14 0.928121268688E+16 0.843788275773E+16 -.115178232584E+15
0.518575191839E+07 0.137378324449E+14 0.895220266849E+16 0.814002978859E+16 -.111031265532E+15
0.531219604923E+07 0.132609224593E+14 0.863392352334E+16 0.785183333570E+16 -.107013451378E+15
0.544247381660E+07 0.127937631386E+14 0.832222186962E+16 0.756953613445E+16 -.103072446159E+15
0.557498668034E+07 0.123423320582E+14 0.802111582926E+16 0.729678043331E+16 -.992594686499E+14
0.570972594284E+07 0.119068317709E+14 0.773062555633E+16 0.703358958445E+16 -.955745420154E+14
0.584801825245E+07 0.114827231593E+14 0.744775962837E+16 0.677725671208E+16 -.919802238653E+14
0.598848998753E+07 0.110742152704E+14 0.717533080347E+16 0.653033429528E+16 -.885125984385E+14
0.613117887092E+07 0.106813117022E+14 0.691323718506E+16 0.629273483738E+16 -.851702147441E+14
0.627579514473E+07 0.103041231075E+14 0.666156236330E+16 0.606453830827E+16 -.819546208707E+14
0.642270916050E+07 0.994118644103E+13 0.641932965454E+16 0.584486313868E+16 -.788537479248E+14
0.657202271997E+07 0.959225806206E+13 0.618627813372E+16 0.563347688312E+16 -.758641009296E+14
0.672343681705E+07 0.925745280815E+13 0.596254126538E+16 0.543050390696E+16 -.729880961791E+14
0.687740662421E+07 0.893532760909E+13 0.574716223662E+16 0.523507954933E+16 -.702138547721E+14
0.703407965373E+07 0.862562474396E+13 0.553989230749E+16 0.504698158532E+16 -.675381041280E+14
0.719320563848E+07 0.832833187503E+13 0.534078977223E+16 0.486626560563E+16 -.649623188635E+14
0.735520195265E+07 0.804234511761E+13 0.514912319896E+16 0.469227054239E+16 -.624774268228E+14
0.752023765611E+07 0.776735661963E+13 0.496467790227E+16 0.452480417137E+16 -.600809256238E+14
0.768818135117E+07 0.750321378514E+13 0.478740304245E+16 0.436382264555E+16 -.577727671500E+14
0.785947721891E+07 0.724904741620E+13 0.461668727544E+16 0.420877334081E+16 -.555451573157E+14
0.803422604343E+07 0.700469910085E+13 0.445239527814E+16 0.405953570499E+16 -.533964763814E+14
0.821241275483E+07 0.676988933586E+13 0.429438905825E+16 0.391598631430E+16 -.513254990277E+14
0.839448601747E+07 0.654403797717E+13 0.414225588827E+16 0.377775232856E+16 -.493269916444E+14
0.858046549420E+07 0.632700306811E+13 0.399591330589E+16 0.364476067116E+16 -.474002340711E+14
0.877062004367E+07 0.611829151682E+13 0.385506046087E+16 0.351673962641E+16 -.455417256918E+14
0.896531591622E+07 0.591765919016E+13 0.371948734682E+16 0.339350022095E+16 -.437487293889E+14
0.916456399010E+07 0.572486712512E+13 0.358909315042E+16 0.327495219807E+16 -.420205198680E+14
0.936890520613E+07 0.553951405116E+13 0.346357581139E+16 0.316082261721E+16 -.403532008074E+14
0.957849557334E+07 0.536135055659E+13 0.334284619538E+16 0.305103158040E+16 -.387462872994E+14
0.979382758230E+07 0.519004716393E+13 0.322665914089E+16 0.294535762910E+16 -.371966614297E+14
0.100152870601E+08 0.502538877872E+13 0.311486616141E+16 0.284366704067E+16 -.357025862033E+14
0.102433332412E+08 0.486710495369E+13 0.300729643424E+16 0.274580563117E+16 -.342621005164E+14
0.104784736978E+08 0.471499809804E+13 0.290381515523E+16 0.265165195250E+16 -.328736451727E+14
0.107212438632E+08 0.456884449417E+13 0.280428695057E+16 0.256108390307E+16 -.315357385622E+14
0.109723669465E+08 0.442838694635E+13 0.270854708253E+16 0.247395261128E+16 -.302464609212E+14
0.112325734053E+08 0.429345775398E+13 0.261648727520E+16 0.239016053443E+16 -.290046202661E+14
0.115027150434E+08 0.416377922009E+13 0.252795425147E+16 0.230956900377E+16 -.278085683313E+14
0.117838835739E+08 0.403923710039E+13 0.244285368610E+16 0.223209313339E+16 -.266571668559E+14
0.120771538894E+08 0.391954755763E+13 0.236107179847E+16 0.215762995004E+16 -.255495121890E+14
0.123840765025E+08 0.380450842137E+13 0.228246177221E+16 0.208604664558E+16 -.244837763618E+14
0.127063244546E+08 0.369399556040E+13 0.220694370294E+16 0.201727123814E+16 -.234591003854E+14
0.130458578236E+08 0.358779848849E+13 0.213441303494E+16 0.195120914382E+16 -.224744594781E+14
0.134051497035E+08 0.348573447781E+13 0.206477006408E+16 0.188777020000E+16 -.215288093333E+14
0.137872023814E+08 0.338767812135E+13 0.199795064247E+16 0.182689660664E+16 -.206215582225E+14
0.141957723669E+08 0.329347170697E+13 0.193388844692E+16 0.176852854936E+16 -.197521667288E+14
0.146356236984E+08 0.320293410885E+13 0.187251232338E+16 0.171260214797E+16 -.189200197301E+14
0.151129367962E+08 0.311592207801E+13 0.181377096643E+16 0.165907182260E+16 -.181246955154E+14
0.156359060748E+08 0.303230351772E+13 0.175762655278E+16 0.160790371460E+16 -.173660355534E+14
0.162155180117E+08 0.295193500551E+13 0.170409974617E+16 0.155911638094E+16 -.166450754422E+14
0.168674931664E+08 0.287477130000E+13 0.165319644144E+16 0.151271477018E+16 -.159622635204E+14
0.176145057059E+08 0.280081536636E+13 0.160500909341E+16 0.146878270382E+16 -.153194498776E+14
0.184910374961E+08 0.273005769044E+13 0.155971938929E+16 0.142748562815E+16 -.147200781278E+14
0.195539904451E+08 0.266271176311E+13 0.151764882399E+16 0.138911714074E+16 -.141693061360E+14
0.209049010356E+08 0.259882598355E+13 0.147966426849E+16 0.135446670385E+16 -.136828227898E+14
0.227612466398E+08 0.254013314591E+13 0.144608187600E+16 0.132382608114E+16 -.132605028171E+14
0.255457650463E+08 0.249171184133E+13 0.141837870740E+16 0.129854835365E+16 -.129124301541E+14
0.297225426559E+08 0.246142946741E+13 0.140105521290E+16 0.128274094500E+16 -.126949351468E+14
0.359877090703E+08 0.244906991670E+13 0.139398694612E+16 0.127629112202E+16 -.126062427502E+14
0.453854586919E+08 0.244672289958E+13 0.139264828075E+16 0.127506953491E+16 -.125894699988E+14
0.594820831244E+08 0.244676337544E+13 0.139267764272E+16 0.127509628143E+16 -.125898753418E+14
0.806270197730E+08 0.244673027761E+13 0.139266803293E+16 0.127508744468E+16 -.125898102347E+14
