0.120000000000E+02 0.000000000000E+00 -.200000000000E+02 -.200000000000E+02 0.337064348986E+00 -.200000000000E+02 -.200000000000E+02 -.200000000000E+02 -.200000000000E+02 -.200000000000E+02 -.200000000000E+02 -.200000000000E+02 -.200000000000E+02
0.240000000000E+02 0.000000000000E+00 -.200000000000E+02 -.200000000000E+02 0.337066841924E+00 -.200000000000E+02 -.200000000000E+02 -.200000000000E+02 -.200000000000E+02 -.200000000000E+02 -.200000000000E+02 -.200000000000E+02 -.200000000000E+02
0.420000000000E+02 0.000000000000E+00 -.200000000000E+02 -.200000000000E+02 0.337066828481E+00 -.200000000000E+02 -.200000000000E+02 -.200000000000E+02 -.200000000000E+02 -.200000000000E+02 -.200000000000E+02 -.200000000000E+02 -.200000000000E+02
0.690000000000E+02 0.000000000000E+00 -.200000000000E+02 -.200000000000E+02 0.337066830857E+00 -.200000000000E+02 -.200000000000E+02 -.200000000000E+02 -.200000000000E+02 -.200000000000E+02 -.200000000000E+02 -.200000000000E+02 -.200000000000E+02
0.109500000000E+03 0.000000000000E+00 -.200000000000E+02 -.200000000000E+02 0.337066829116E+00 -.200000000000E+02 -.200000000000E+02 -.200000000000E+02 -.200000000000E+02 -.200000000000E+02 -.200000000000E+02 -.200000000000E+02 -.200000000000E+02
0.170250000000E+03 0.000000000000E+00 -.200000000000E+02 -.200000000000E+02 0.337066829772E+00 -.200000000000E+02 -.200000000000E+02 -.200000000000E+02 -.200000000000E+02 -.200000000000E+02 -.200000000000E+02 -.200000000000E+02 -.200000000000E+02
0.261375000000E+03 0.000000000000E+00 -.200000000000E+02 -.200000000000E+02 0.337066830642E+00 -.200000000000E+02 -.200000000000E+02 -.200000000000E+02 -.200000000000E+02 -.200000000000E+02 -.200000000000E+02 -.200000000000E+02 -.200000000000E+02
0.398062500000E+03 0.000000000000E+00 -.200000000000E+02 -.200000000000E+02 0.337066831891E+00 -.200000000000E+02 -.200000000000E+02 -.200000000000E+02 -.200000000000E+02 -.200000000000E+02 -.200000000000E+02 -.200000000000E+02 -.200000000000E+02
0.603093750000E+03 0.000000000000E+00 -.200000000000E+02 -.200000000000E+02 0.337066834000E+00 -.200000000000E+02 -.200000000000E+02 -.200000000000E+02 -.200000000000E+02 -.200000000000E+02 -.200000000000E+02 -.200000000000E+02 -.200000000000E+02
0.910640625000E+03 0.000000000000E+00 -.200000000000E+02 -.200000000000E+02 0.337066837377E+00 -.200000000000E+02 -.200000000000E+02 -.200000000000E+02 -.200000000000E+02 -.200000000000E+02 -.200000000000E+02 -.200000000000E+02 -.200000000000E+02
0.137196093750E+04 0.000000000000E+00 -.200000000000E+02 -.200000000000E+02 0.337066842654E+00 -.200000000000E+02 -.200000000000E+02 -.200000000000E+02 -.200000000000E+02 -.200000000000E+02 -.200000000000E+02 -.200000000000E+02 -.200000000000E+02
0.206394140625E+04 0.000000000000E+00 -.200000000000E+02 -.200000000000E+02 0.337066849551E+00 -.200000000000E+02 -.200000000000E+02 -.200000000000E+02 -.200000000000E+02 -.200000000000E+02 -.200000000000E+02 -.200000000000E+02 -.200000000000E+02
0.310191210938E+04 0.000000000000E+00 -.200000000000E+02 -.200000000000E+02 0.337066858499E+00 -.200000000000E+02 -.200000000000E+02 -.200000000000E+02 -.200000000000E+02 -.200000000000E+02 -.200000000000E+02 -.200000000000E+02 -.200000000000E+02
0.465886816406E+04 0.000000000000E+00 -.200000000000E+02 -.200000000000E+02 0.337066868663E+00 -.200000000000E+02 -.200000000000E+02 -.200000000000E+02 -.200000000000E+02 -.200000000000E+02 -.200000000000E+02 -.200000000000E+02 -.200000000000E+02
0.699430224609E+04 0.000000000000E+00 -.200000000000E+02 -.200000000000E+02 0.337066876396E+00 -.200000000000E+02 -.200000000000E+02 -.200000000000E+02 -.200000000000E+02 -.200000000000E+02 -.200000000000E+02 -.200000000000E+02 -.200000000000E+02
0.104974533691E+05 0.000000000000E+00 -.200000000000E+02 -.200000000000E+02 0.337066871205E+00 -.200000000000E+02 -.200000000000E+02 -.200000000000E+02 -.200000000000E+02 -.200000000000E+02 -.200000000000E+02 -.200000000000E+02 -.200000000000E+02
0.157521800537E+05 0.000000000000E+00 -.200000000000E+02 -.200000000000E+02 0.337066829251E+00 -.200000000000E+02 -.200000000000E+02 -.200000000000E+02 -.200000000000E+02 -.200000000000E+02 -.200000000000E+02 -.200000000000E+02 -.200000000000E+02
0.236342700806E+05 0.000000000000E+00 -.200000000000E+02 -.200000000000E+02 0.337066684695E+00 -.200000000000E+02 -.200000000000E+02 -.200000000000E+02 -.200000000000E+02 -.200000000000E+02 -.200000000000E+02 -.200000000000E+02 -.200000000000E+02
0.354574051208E+05 0.000000000000E+00 -.200000000000E+02 -.200000000000E+02 0.337066307348E+00 -.200000000000E+02 -.200000000000E+02 -.200000000000E+02 -.200000000000E+02 -.200000000000E+02 -.200000000000E+02 -.200000000000E+02 -.200000000000E+02
0.531921076813E+05 0.000000000000E+00 -.200000000000E+02 -.200000000000E+02 0.337065433702E+00 -.200000000000E+02 -.200000000000E+02 -.200000000000E+02 -.200000000000E+02 -.200000000000E+02 -.200000000000E+02 -.200000000000E+02 -.200000000000E+02
0.797941615219E+05 0.000000000000E+00 -.200000000000E+02 -.200000000000E+02 0.337063566130E+00 -.200000000000E+02 -.200000000000E+02 -.200000000000E+02 -.200000000000E+02 -.200000000000E+02 -.200000000000E+02 -.200000000000E+02 -.200000000000E+02
0.119697242283E+06 0.000000000000E+00 -.200000000000E+02 -.200000000000E+02 0.337059822349E+00 -.200000000000E+02 -.200000000000E+02 -.200000000000E+02 -.200000000000E+02 -.200000000000E+02 -.200000000000E+02 -.200000000000E+02 -.200000000000E+02
0.179551863424E+06 0.000000000000E+00 -.200000000000E+02 -.200000000000E+02 0.337052737942E+00 -.200000000000E+02 -.200000000000E+02 -.200000000000E+02 -.200000000000E+02 -.200000000000E+02 -.200000000000E+02 -.200000000000E+02 -.200000000000E+02
0.269333795136E+06 0.000000000000E+00 -.200000000000E+02 -.200000000000E+02 0.337040019644E+00 -.200000000000E+02 -.200000000000E+02 -.200000000000E+02 -.200000000000E+02 -.200000000000E+02 -.200000000000E+02 -.200000000000E+02 -.200000000000E+02
0.404006692705E+06 0.000000000000E+00 -.200000000000E+02 -.200000000000E+02 0.337018293469E+00 -.200000000000E+02 -.200000000000E+02 -.200000000000E+02 -.200000000000E+02 -.200000000000E+02 -.200000000000E+02 -.200000000000E+02 -.200000000000E+02
0.606016039057E+06 0.000000000000E+00 -.200000000000E+02 -.200000000000E+02 0.336983121847E+00 -.200000000000E+02 -.200000000000E+02 -.200000000000E+02 -.200000000000E+02 -.200000000000E+02 -.200000000000E+02 -.200000000000E+02 -.200000000000E+02
0.909030058586E+06 0.000000000000E+00 -.200000000000E+02 -.200000000000E+02 0.336930430957E+00 -.200000000000E+02 -.200000000000E+02 -.200000000000E+02 -.200000000000E+02 -.200000000000E+02 -.200000000000E+02 -.200000000000E+02 -.200000000000E+02
0.136355108788E+07 0.000000000000E+00 -.200000000000E+02 -.200000000000E+02 0.336860580542E+00 -.200000000000E+02 -.200000000000E+02 -.200000000000E+02 -.200000000000E+02 -.200000000000E+02 -.200000000000E+02 -.200000000000E+02 -.200000000000E+02
0.204533263182E+07 0.000000000000E+00 -.200000000000E+02 -.200000000000E+02 0.336785220469E+00 -.200000000000E+02 -.200000000000E+02 -.200000000000E+02 -.200000000000E+02 -.200000000000E+02 -.200000000000E+02 -.200000000000E+02 -.200000000000E+02
0.306800494773E+07 0.000000000000E+00 -.200000000000E+02 -.200000000000E+02 0.336736148115E+00 -.200000000000E+02 -.200000000000E+02 -.200000000000E+02 -.200000000000E+02 -.200000000000E+02 -.200000000000E+02 -.200000000000E+02 -.200000000000E+02
0.460201342159E+07 0.000000000000E+00 -.200000000000E+02 -.200000000000E+02 0.336776852567E+00 -.200000000000E+02 -.200000000000E+02 -.200000000000E+02 -.200000000000E+02 -.200000000000E+02 -.200000000000E+02 -.200000000000E+02 -.200000000000E+02
0.690302613238E+07 0.000000000000E+00 -.200000000000E+02 -.200000000000E+02 0.337012014624E+00 -.200000000000E+02 -.200000000000E+02 -.200000000000E+02 -.200000000000E+02 -.200000000000E+02 -.200000000000E+02 -.200000000000E+02 -.200000000000E+02
0.103545451986E+08 0.000000000000E+00 -.200000000000E+02 -.200000000000E+02 0.337555216068E+00 -.200000000000E+02 -.200000000000E+02 -.200000000000E+02 -.200000000000E+02 -.200000000000E+02 -.200000000000E+02 -.200000000000E+02 -.200000000000E+02
0.155318237979E+08 0.000000000000E+00 -.200000000000E+02 -.200000000000E+02 0.338462558324E+00 -.200000000000E+02 -.200000000000E+02 -.200000000000E+02 -.200000000000E+02 -.200000000000E+02 -.200000000000E+02 -.200000000000E+02 -.200000000000E+02
0.232977416968E+08 0.000000000000E+00 -.200000000000E+02 -.200000000000E+02 0.339724755359E+00 -.200000000000E+02 -.200000000000E+02 -.200000000000E+02 -.200000000000E+02 -.200000000000E+02 -.200000000000E+02 -.200000000000E+02 -.200000000000E+02
0.349466185452E+08 0.000000000000E+00 -.200000000000E+02 -.200000000000E+02 0.341249950906E+00 -.200000000000E+02 -.200000000000E+02 -.200000000000E+02 -.200000000000E+02 -.200000000000E+02 -.200000000000E+02 -.200000000000E+02 -.200000000000E+02
0.524199338178E+08 0.000000000000E+00 -.200000000000E+02 -.200000000000E+02 0.342850108650E+00 -.200000000000E+02 -.200000000000E+02 -.200000000000E+02 -.200000000000E+02 -.200000000000E+02 -.200000000000E+02 -.200000000000E+02 -.200000000000E+02
0.786299067267E+08 0.000000000000E+00 -.200000000000E+02 -.200000000000E+02 0.344419048521E+00 -.200000000000E+02 -.200000000000E+02 -.200000000000E+02 -.200000000000E+02 -.200000000000E+02 -.200000000000E+02 -.200000000000E+02 -.200000000000E+02
0.117944866090E+09 0.000000000000E+00 -.200000000000E+02 -.200000000000E+02 0.345612363317E+00 -.200000000000E+02 -.200000000000E+02 -.200000000000E+02 -.200000000000E+02 -.200000000000E+02 -.200000000000E+02 -.200000000000E+02 -.200000000000E+02
0.131705101867E+09 0.000000000000E+00 -.200000000000E+02 -.200000000000E+02 0.345871374303E+00 -.200000000000E+02 -.200000000000E+02 -.200000000000E+02 -.200000000000E+02 -.200000000000E+02 -.200000000000E+02 -.200000000000E+02 -.200000000000E+02
0.184780297008E+09 0.000000000000E+00 -.200000000000E+02 -.200000000000E+02 0.346802646892E+00 -.200000000000E+02 -.200000000000E+02 -.200000000000E+02 -.200000000000E+02 -.200000000000E+02 -.200000000000E+02 -.200000000000E+02 -.200000000000E+02
0.237855492148E+09 0.000000000000E+00 -.200000000000E+02 -.200000000000E+02 0.347575145132E+00 -.200000000000E+02 -.200000000000E+02 -.200000000000E+02 -.200000000000E+02 -.200000000000E+02 -.200000000000E+02 -.200000000000E+02 -.200000000000E+02
0.290930687289E+09 0.000000000000E+00 -.200000000000E+02 -.200000000000E+02 0.348277643189E+00 -.200000000000E+02 -.200000000000E+02 -.200000000000E+02 -.200000000000E+02 -.200000000000E+02 -.200000000000E+02 -.200000000000E+02 -.200000000000E+02
0.344005882429E+09 0.000000000000E+00 -.200000000000E+02 -.200000000000E+02 0.348942782251E+00 -.200000000000E+02 -.200000000000E+02 -.200000000000E+02 -.200000000000E+02 -.200000000000E+02 -.200000000000E+02 -.200000000000E+02 -.200000000000E+02
0.423618675140E+09 0.000000000000E+00 -.200000000000E+02 -.200000000000E+02 0.349897766270E+00 -.200000000000E+02 -.200000000000E+02 -.200000000000E+02 -.200000000000E+02 -.200000000000E+02 -.200000000000E+02 -.200000000000E+02 -.200000000000E+02
0.543037864206E+09 0.000000000000E+00 -.200000000000E+02 -.200000000000E+02 0.351271504838E+00 -.200000000000E+02 -.200000000000E+02 -.200000000000E+02 -.200000000000E+02 -.200000000000E+02 -.200000000000E+02 -.200000000000E+02 -.200000000000E+02
0.722166647805E+09 0.000000000000E+00 -.200000000000E+02 -.200000000000E+02 0.353440997558E+00 -.200000000000E+02 -.200000000000E+02 -.200000000000E+02 -.200000000000E+02 -.200000000000E+02 -.200000000000E+02 -.200000000000E+02 -.200000000000E+02
0.943183345190E+09 0.000000000000E+00 -.200000000000E+02 -.200000000000E+02 0.356145417687E+00 -.200000000000E+02 -.200000000000E+02 -.200000000000E+02 -.200000000000E+02 -.200000000000E+02 -.200000000000E+02 -.200000000000E+02 -.200000000000E+02
0.114036374385E+10 0.000000000000E+00 -.200000000000E+02 -.200000000000E+02 0.358356001644E+00 -.200000000000E+02 -.200000000000E+02 -.200000000000E+02 -.200000000000E+02 -.200000000000E+02 -.200000000000E+02 -.200000000000E+02 -.200000000000E+02
0.131477714844E+10 0.000000000000E+00 -.200000000000E+02 -.200000000000E+02 0.360498515379E+00 -.200000000000E+02 -.200000000000E+02 -.200000000000E+02 -.200000000000E+02 -.200000000000E+02 -.200000000000E+02 -.200000000000E+02 -.200000000000E+02
0.148406042945E+10 0.000000000000E+00 -.200000000000E+02 -.200000000000E+02 0.362566813337E+00 -.200000000000E+02 -.200000000000E+02 -.200000000000E+02 -.200000000000E+02 -.200000000000E+02 -.200000000000E+02 -.200000000000E+02 -.200000000000E+02
0.165354818970E+10 0.000000000000E+00 -.200000000000E+02 -.200000000000E+02 0.364480104876E+00 -.200000000000E+02 -.200000000000E+02 -.200000000000E+02 -.200000000000E+02 -.200000000000E+02 -.200000000000E+02 -.200000000000E+02 -.200000000000E+02
0.182268735869E+10 0.000000000000E+00 -.200000000000E+02 -.200000000000E+02 0.366567024080E+00 -.200000000000E+02 -.200000000000E+02 -.200000000000E+02 -.200000000000E+02 -.200000000000E+02 -.200000000000E+02 -.200000000000E+02 -.200000000000E+02
0.198926538353E+10 0.000000000000E+00 -.200000000000E+02 -.200000000000E+02 0.368578170418E+00 -.200000000000E+02 -.200000000000E+02 -.200000000000E+02 -.200000000000E+02 -.200000000000E+02 -.200000000000E+02 -.200000000000E+02 -.200000000000E+02
0.215274162317E+10 0.000000000000E+00 -.200000000000E+02 -.200000000000E+02 0.370397348600E+00 -.200000000000E+02 -.200000000000E+02 -.200000000000E+02 -.200000000000E+02 -.200000000000E+02 -.200000000000E+02 -.200000000000E+02 -.200000000000E+02
0.231289792063E+10 0.000000000000E+00 -.200000000000E+02 -.200000000000E+02 0.372373959582E+00 -.200000000000E+02 -.200000000000E+02 -.200000000000E+02 -.200000000000E+02 -.200000000000E+02 -.200000000000E+02 -.200000000000E+02 -.200000000000E+02
0.246661912506E+10 0.000000000000E+00 -.200000000000E+02 -.200000000000E+02 0.374260347381E+00 -.200000000000E+02 -.200000000000E+02 -.200000000000E+02 -.200000000000E+02 -.200000000000E+02 -.200000000000E+02 -.200000000000E+02 -.200000000000E+02
0.261713707371E+10 0.000000000000E+00 -.200000000000E+02 -.200000000000E+02 0.375945938230E+00 -.200000000000E+02 -.200000000000E+02 -.200000000000E+02 -.200000000000E+02 -.200000000000E+02 -.200000000000E+02 -.200000000000E+02 -.200000000000E+02
0.276663822768E+10 0.000000000000E+00 -.200000000000E+02 -.200000000000E+02 0.377685769099E+00 -.200000000000E+02 -.200000000000E+02 -.200000000000E+02 -.200000000000E+02 -.200000000000E+02 -.200000000000E+02 -.200000000000E+02 -.200000000000E+02
0.291480043668E+10 0.000000000000E+00 -.200000000000E+02 -.200000000000E+02 0.379481652114E+00 -.200000000000E+02 -.200000000000E+02 -.200000000000E+02 -.200000000000E+02 -.200000000000E+02 -.200000000000E+02 -.200000000000E+02 -.200000000000E+02
0.306068272125E+10 0.000000000000E+00 -.200000000000E+02 -.200000000000E+02 0.381123866095E+00 -.200000000000E+02 -.200000000000E+02 -.200000000000E+02 -.200000000000E+02 -.200000000000E+02 -.200000000000E+02 -.200000000000E+02 -.200000000000E+02
0.320056387078E+10 0.000000000000E+00 -.200000000000E+02 -.200000000000E+02 0.382648917694E+00 -.200000000000E+02 -.200000000000E+02 -.200000000000E+02 -.200000000000E+02 -.200000000000E+02 -.200000000000E+02 -.200000000000E+02 -.200000000000E+02
0.333633303039E+10 0.000000000000E+00 -.200000000000E+02 -.200000000000E+02 0.384326341861E+00 -.200000000000E+02 -.200000000000E+02 -.200000000000E+02 -.200000000000E+02 -.200000000000E+02 -.200000000000E+02 -.200000000000E+02 -.200000000000E+02
0.347074570460E+10 0.000000000000E+00 -.200000000000E+02 -.200000000000E+02 0.385824308552E+00 -.200000000000E+02 -.200000000000E+02 -.200000000000E+02 -.200000000000E+02 -.200000000000E+02 -.200000000000E+02 -.200000000000E+02 -.200000000000E+02
0.360415315329E+10 0.000000000000E+00 -.200000000000E+02 -.200000000000E+02 0.387150050685E+00 -.200000000000E+02 -.200000000000E+02 -.200000000000E+02 -.200000000000E+02 -.200000000000E+02 -.200000000000E+02 -.200000000000E+02 -.200000000000E+02
0.373564868918E+10 0.000000000000E+00 -.200000000000E+02 -.200000000000E+02 0.388678145869E+00 -.200000000000E+02 -.200000000000E+02 -.200000000000E+02 -.200000000000E+02 -.200000000000E+02 -.200000000000E+02 -.200000000000E+02 -.200000000000E+02
0.386414488121E+10 0.000000000000E+00 -.200000000000E+02 -.200000000000E+02 0.390125918211E+00 -.200000000000E+02 -.200000000000E+02 -.200000000000E+02 -.200000000000E+02 -.200000000000E+02 -.200000000000E+02 -.200000000000E+02 -.200000000000E+02
0.398716138341E+10 0.000000000000E+00 -.200000000000E+02 -.200000000000E+02 0.391352111348E+00 -.200000000000E+02 -.200000000000E+02 -.200000000000E+02 -.200000000000E+02 -.200000000000E+02 -.200000000000E+02 -.200000000000E+02 -.200000000000E+02
0.410730142192E+10 0.000000000000E+00 -.200000000000E+02 -.200000000000E+02 0.392545123956E+00 -.200000000000E+02 -.200000000000E+02 -.200000000000E+02 -.200000000000E+02 -.200000000000E+02 -.200000000000E+02 -.200000000000E+02 -.200000000000E+02
0.422643714370E+10 0.000000000000E+00 -.200000000000E+02 -.200000000000E+02 0.393877513946E+00 -.200000000000E+02 -.200000000000E+02 -.200000000000E+02 -.200000000000E+02 -.200000000000E+02 -.200000000000E+02 -.200000000000E+02 -.200000000000E+02
0.434429300104E+10 0.000000000000E+00 -.200000000000E+02 -.200000000000E+02 0.395035257571E+00 -.200000000000E+02 -.200000000000E+02 -.200000000000E+02 -.200000000000E+02 -.200000000000E+02 -.200000000000E+02 -.200000000000E+02 -.200000000000E+02
0.446002647761E+10 0.000000000000E+00 -.200000000000E+02 -.200000000000E+02 0.396040966089E+00 -.200000000000E+02 -.200000000000E+02 -.200000000000E+02 -.200000000000E+02 -.200000000000E+02 -.200000000000E+02 -.200000000000E+02 -.200000000000E+02
0.457270287162E+10 0.000000000000E+00 -.200000000000E+02 -.200000000000E+02 0.397171834824E+00 -.200000000000E+02 -.200000000000E+02 -.200000000000E+02 -.200000000000E+02 -.200000000000E+02 -.200000000000E+02 -.200000000000E+02 -.200000000000E+02
0.468074201107E+10 0.000000000000E+00 -.200000000000E+02 -.200000000000E+02 0.398254136416E+00 -.200000000000E+02 -.200000000000E+02 -.200000000000E+02 -.200000000000E+02 -.200000000000E+02 -.200000000000E+02 -.200000000000E+02 -.200000000000E+02
0.478628142830E+10 0.000000000000E+00 -.200000000000E+02 -.200000000000E+02 0.399177437511E+00 -.200000000000E+02 -.200000000000E+02 -.200000000000E+02 -.200000000000E+02 -.200000000000E+02 -.200000000000E+02 -.200000000000E+02 -.200000000000E+02
0.489079250726E+10 0.000000000000E+00 -.200000000000E+02 -.200000000000E+02 0.399951824660E+00 -.200000000000E+02 -.200000000000E+02 -.200000000000E+02 -.200000000000E+02 -.200000000000E+02 -.200000000000E+02 -.200000000000E+02 -.200000000000E+02
0.499410835742E+10 0.000000000000E+00 -.200000000000E+02 -.200000000000E+02 0.400907698749E+00 -.200000000000E+02 -.200000000000E+02 -.200000000000E+02 -.200000000000E+02 -.200000000000E+02 -.200000000000E+02 -.200000000000E+02 -.200000000000E+02
0.509561117638E+10 0.000000000000E+00 -.200000000000E+02 -.200000000000E+02 0.401781793751E+00 -.200000000000E+02 -.200000000000E+02 -.200000000000E+02 -.200000000000E+02 -.200000000000E+02 -.200000000000E+02 -.200000000000E+02 -.200000000000E+02
0.519517105102E+10 0.000000000000E+00 -.200000000000E+02 -.200000000000E+02 0.402519363139E+00 -.200000000000E+02 -.200000000000E+02 -.200000000000E+02 -.200000000000E+02 -.200000000000E+02 -.200000000000E+02 -.200000000000E+02 -.200000000000E+02
0.529078208632E+10 0.000000000000E+00 -.200000000000E+02 -.200000000000E+02 0.403059747232E+00 -.200000000000E+02 -.200000000000E+02 -.200000000000E+02 -.200000000000E+02 -.200000000000E+02 -.200000000000E+02 -.200000000000E+02 -.200000000000E+02
0.538392435705E+10 0.000000000000E+00 -.200000000000E+02 -.200000000000E+02 0.403804254418E+00 -.200000000000E+02 -.200000000000E+02 -.200000000000E+02 -.200000000000E+02 -.200000000000E+02 -.200000000000E+02 -.200000000000E+02 -.200000000000E+02
0.547622831435E+10 0.000000000000E+00 -.200000000000E+02 -.200000000000E+02 0.404449273742E+00 -.200000000000E+02 -.200000000000E+02 -.200000000000E+02 -.200000000000E+02 -.200000000000E+02 -.200000000000E+02 -.200000000000E+02 -.200000000000E+02
0.556787287360E+10 0.000000000000E+00 -.200000000000E+02 -.200000000000E+02 0.404920131644E+00 -.200000000000E+02 -.200000000000E+02 -.200000000000E+02 -.200000000000E+02 -.200000000000E+02 -.200000000000E+02 -.200000000000E+02 -.200000000000E+02
0.565831030061E+10 0.000000000000E+00 -.200000000000E+02 -.200000000000E+02 0.405205129588E+00 -.200000000000E+02 -.200000000000E+02 -.200000000000E+02 -.200000000000E+02 -.200000000000E+02 -.200000000000E+02 -.200000000000E+02 -.200000000000E+02
0.574727463824E+10 0.000000000000E+00 -.200000000000E+02 -.200000000000E+02 0.405581007001E+00 -.200000000000E+02 -.200000000000E+02 -.200000000000E+02 -.200000000000E+02 -.200000000000E+02 -.200000000000E+02 -.200000000000E+02 -.200000000000E+02
0.583489834860E+10 0.000000000000E+00 -.200000000000E+02 -.200000000000E+02 0.405939071443E+00 -.200000000000E+02 -.200000000000E+02 -.200000000000E+02 -.200000000000E+02 -.200000000000E+02 -.200000000000E+02 -.200000000000E+02 -.200000000000E+02
0.591955409137E+10 0.000000000000E+00 -.200000000000E+02 -.200000000000E+02 0.406092396655E+00 -.200000000000E+02 -.200000000000E+02 -.200000000000E+02 -.200000000000E+02 -.200000000000E+02 -.200000000000E+02 -.200000000000E+02 -.200000000000E+02
0.600179511930E+10 0.000000000000E+00 -.200000000000E+02 -.200000000000E+02 0.406056499459E+00 -.200000000000E+02 -.200000000000E+02 -.200000000000E+02 -.200000000000E+02 -.200000000000E+02 -.200000000000E+02 -.200000000000E+02 -.200000000000E+02
0.608253175061E+10 0.000000000000E+00 -.200000000000E+02 -.200000000000E+02 0.405957885542E+00 -.200000000000E+02 -.200000000000E+02 -.200000000000E+02 -.200000000000E+02 -.200000000000E+02 -.200000000000E+02 -.200000000000E+02 -.200000000000E+02
0.616153636021E+10 0.000000000000E+00 -.200000000000E+02 -.200000000000E+02 0.406020820540E+00 -.200000000000E+02 -.200000000000E+02 -.200000000000E+02 -.200000000000E+02 -.200000000000E+02 -.200000000000E+02 -.200000000000E+02 -.200000000000E+02
0.623778708953E+10 0.000000000000E+00 -.200000000000E+02 -.200000000000E+02 0.405947084543E+00 -.200000000000E+02 -.200000000000E+02 -.200000000000E+02 -.200000000000E+02 -.200000000000E+02 -.200000000000E+02 -.200000000000E+02 -.200000000000E+02
0.631042033100E+10 0.000000000000E+00 -.200000000000E+02 -.200000000000E+02 0.405773231506E+00 -.200000000000E+02 -.200000000000E+02 -.200000000000E+02 -.200000000000E+02 -.200000000000E+02 -.200000000000E+02 -.200000000000E+02 -.200000000000E+02
0.637923263517E+10 0.000000000000E+00 -.200000000000E+02 -.200000000000E+02 0.405528640234E+00 -.200000000000E+02 -.200000000000E+02 -.200000000000E+02 -.200000000000E+02 -.200000000000E+02 -.200000000000E+02 -.200000000000E+02 -.200000000000E+02
0.644464000641E+10 0.000000000000E+00 -.200000000000E+02 -.200000000000E+02 0.405582783774E+00 -.200000000000E+02 -.200000000000E+02 -.200000000000E+02 -.200000000000E+02 -.200000000000E+02 -.200000000000E+02 -.200000000000E+02 -.200000000000E+02
0.650647868382E+10 0.000000000000E+00 -.200000000000E+02 -.200000000000E+02 0.405678411336E+00 -.200000000000E+02 -.200000000000E+02 -.200000000000E+02 -.200000000000E+02 -.200000000000E+02 -.200000000000E+02 -.200000000000E+02 -.200000000000E+02
0.656611913994E+10 0.000000000000E+00 -.200000000000E+02 -.200000000000E+02 0.405718160412E+00 -.200000000000E+02 -.200000000000E+02 -.200000000000E+02 -.200000000000E+02 -.200000000000E+02 -.200000000000E+02 -.200000000000E+02 -.200000000000E+02
0.662496590110E+10 0.000000000000E+00 -.200000000000E+02 -.200000000000E+02 0.405707698299E+00 -.200000000000E+02 -.200000000000E+02 -.200000000000E+02 -.200000000000E+02 -.200000000000E+02 -.200000000000E+02 -.200000000000E+02 -.200000000000E+02
0.668363940380E+10 0.000000000000E+00 -.200000000000E+02 -.200000000000E+02 0.405647573969E+00 -.200000000000E+02 -.200000000000E+02 -.200000000000E+02 -.200000000000E+02 -.200000000000E+02 -.200000000000E+02 -.200000000000E+02 -.200000000000E+02
0.674224836450E+10 0.000000000000E+00 -.200000000000E+02 -.200000000000E+02 0.405829485351E+00 -.200000000000E+02 -.200000000000E+02 -.200000000000E+02 -.200000000000E+02 -.200000000000E+02 -.200000000000E+02 -.200000000000E+02 -.200000000000E+02
0.680089778724E+10 0.000000000000E+00 -.200000000000E+02 -.200000000000E+02 0.406023125765E+00 -.200000000000E+02 -.200000000000E+02 -.200000000000E+02 -.200000000000E+02 -.200000000000E+02 -.200000000000E+02 -.200000000000E+02 -.200000000000E+02
0.685972381191E+10 0.000000000000E+00 -.200000000000E+02 -.200000000000E+02 0.406145832580E+00 -.200000000000E+02 -.200000000000E+02 -.200000000000E+02 -.200000000000E+02 -.200000000000E+02 -.200000000000E+02 -.200000000000E+02 -.200000000000E+02
0.691877903181E+10 0.000000000000E+00 -.200000000000E+02 -.200000000000E+02 0.406199062132E+00 -.200000000000E+02 -.200000000000E+02 -.200000000000E+02 -.200000000000E+02 -.200000000000E+02 -.200000000000E+02 -.200000000000E+02 -.200000000000E+02
0.697797932688E+10 0.000000000000E+00 -.200000000000E+02 -.200000000000E+02 0.406183648181E+00 -.200000000000E+02 -.200000000000E+02 -.200000000000E+02 -.200000000000E+02 -.200000000000E+02 -.200000000000E+02 -.200000000000E+02 -.200000000000E+02
0.703711331338E+10 0.000000000000E+00 -.200000000000E+02 -.200000000000E+02 0.406109713348E+00 -.200000000000E+02 -.200000000000E+02 -.200000000000E+02 -.200000000000E+02 -.200000000000E+02 -.200000000000E+02 -.200000000000E+02 -.200000000000E+02
0.709523742867E+10 0.000000000000E+00 -.200000000000E+02 -.200000000000E+02 0.406239111492E+00 -.200000000000E+02 -.200000000000E+02 -.200000000000E+02 -.200000000000E+02 -.200000000000E+02 -.200000000000E+02 -.200000000000E+02 -.200000000000E+02
0.715287392209E+10 0.000000000000E+00 -.200000000000E+02 -.200000000000E+02 0.406340910166E+00 -.200000000000E+02 -.200000000000E+02 -.200000000000E+02 -.200000000000E+02 -.200000000000E+02 -.200000000000E+02 -.200000000000E+02 -.200000000000E+02
0.721018812415E+10 0.000000000000E+00 -.200000000000E+02 -.200000000000E+02 0.406361037550E+00 -.200000000000E+02 -.200000000000E+02 -.200000000000E+02 -.200000000000E+02 -.200000000000E+02 -.200000000000E+02 -.200000000000E+02 -.200000000000E+02
0.726696031620E+10 0.000000000000E+00 -.200000000000E+02 -.200000000000E+02 0.406300131856E+00 -.200000000000E+02 -.200000000000E+02 -.200000000000E+02 -.200000000000E+02 -.200000000000E+02 -.200000000000E+02 -.200000000000E+02 -.200000000000E+02
0.732297362559E+10 0.564748875673E-03 -.200000000000E+02 -.200000000000E+02 0.406148995934E+00 -.200000000000E+02 -.200000000000E+02 -.200000000000E+02 -.200000000000E+02 -.200000000000E+02 -.200000000000E+02 -.200000000000E+02 -.200000000000E+02
0.737810095949E+10 0.871695656525E-03 -.200000000000E+02 -.200000000000E+02 0.405928835709E+00 -.200000000000E+02 -.200000000000E+02 -.200000000000E+02 -.200000000000E+02 -.200000000000E+02 -.200000000000E+02 -.200000000000E+02 -.200000000000E+02
0.743225643097E+10 0.138810749448E-02 -.200000000000E+02 -.200000000000E+02 0.405641451927E+00 -.200000000000E+02 -.200000000000E+02 -.200000000000E+02 -.200000000000E+02 -.200000000000E+02 -.200000000000E+02 -.200000000000E+02 -.200000000000E+02
0.748535297448E+10 0.202547008942E-02 -.200000000000E+02 -.200000000000E+02 0.405487562715E+00 -.200000000000E+02 -.200000000000E+02 -.200000000000E+02 -.200000000000E+02 -.200000000000E+02 -.200000000000E+02 -.200000000000E+02 -.200000000000E+02
0.753732645768E+10 0.274519233603E-02 -.200000000000E+02 -.200000000000E+02 0.405317589482E+00 -.200000000000E+02 -.200000000000E+02 -.200000000000E+02 -.200000000000E+02 -.200000000000E+02 -.200000000000E+02 -.200000000000E+02 -.200000000000E+02
0.758813481589E+10 0.353885971667E-02 -.200000000000E+02 -.200000000000E+02 0.405049947528E+00 -.200000000000E+02 -.200000000000E+02 -.200000000000E+02 -.200000000000E+02 -.200000000000E+02 -.200000000000E+02 -.200000000000E+02 -.200000000000E+02
0.763773601432E+10 0.439804632762E-02 -.200000000000E+02 -.200000000000E+02 0.404695505470E+00 -.200000000000E+02 -.200000000000E+02 -.200000000000E+02 -.200000000000E+02 -.200000000000E+02 -.200000000000E+02 -.200000000000E+02 -.200000000000E+02
0.768610019527E+10 0.531864731853E-02 -.200000000000E+02 -.200000000000E+02 0.404268945164E+00 -.200000000000E+02 -.200000000000E+02 -.200000000000E+02 -.200000000000E+02 -.200000000000E+02 -.200000000000E+02 -.200000000000E+02 -.200000000000E+02
0.773320187203E+10 0.629917521959E-02 -.200000000000E+02 -.200000000000E+02 0.403772434888E+00 -.200000000000E+02 -.200000000000E+02 -.200000000000E+02 -.200000000000E+02 -.200000000000E+02 -.200000000000E+02 -.200000000000E+02 -.200000000000E+02
0.777902713099E+10 0.733357997248E-02 -.200000000000E+02 -.200000000000E+02 0.403218560201E+00 -.200000000000E+02 -.200000000000E+02 -.200000000000E+02 -.200000000000E+02 -.200000000000E+02 -.200000000000E+02 -.200000000000E+02 -.200000000000E+02
0.782332175582E+10 0.840868226640E-02 -.200000000000E+02 -.200000000000E+02 0.402599735574E+00 -.200000000000E+02 -.200000000000E+02 -.200000000000E+02 -.200000000000E+02 -.200000000000E+02 -.200000000000E+02 -.200000000000E+02 -.200000000000E+02
0.786636382438E+10 0.953213152758E-02 -.200000000000E+02 -.200000000000E+02 0.401999195822E+00 -.200000000000E+02 -.200000000000E+02 -.200000000000E+02 -.200000000000E+02 -.200000000000E+02 -.200000000000E+02 -.200000000000E+02 -.200000000000E+02
0.790823724894E+10 0.106887837968E-01 -.200000000000E+02 -.200000000000E+02 0.401438927903E+00 -.200000000000E+02 -.200000000000E+02 -.200000000000E+02 -.200000000000E+02 -.200000000000E+02 -.200000000000E+02 -.200000000000E+02 -.200000000000E+02
0.794892701756E+10 0.118874385861E-01 -.200000000000E+02 -.200000000000E+02 0.400807347904E+00 -.200000000000E+02 -.200000000000E+02 -.200000000000E+02 -.200000000000E+02 -.200000000000E+02 -.200000000000E+02 -.200000000000E+02 -.200000000000E+02
0.798840675575E+10 0.131394963108E-01 -.200000000000E+02 -.200000000000E+02 0.400107807358E+00 -.200000000000E+02 -.200000000000E+02 -.200000000000E+02 -.200000000000E+02 -.200000000000E+02 -.200000000000E+02 -.200000000000E+02 -.200000000000E+02
0.802669087781E+10 0.143907095108E-01 -.200000000000E+02 -.200000000000E+02 0.399339686723E+00 -.200000000000E+02 -.200000000000E+02 -.200000000000E+02 -.200000000000E+02 -.200000000000E+02 -.200000000000E+02 -.200000000000E+02 -.200000000000E+02
0.806378756739E+10 0.156977171588E-01 -.200000000000E+02 -.200000000000E+02 0.398507627563E+00 -.200000000000E+02 -.200000000000E+02 -.200000000000E+02 -.200000000000E+02 -.200000000000E+02 -.200000000000E+02 -.200000000000E+02 -.200000000000E+02
0.809968293498E+10 0.170128412273E-01 -.200000000000E+02 -.200000000000E+02 0.397612445164E+00 -.200000000000E+02 -.200000000000E+02 -.200000000000E+02 -.200000000000E+02 -.200000000000E+02 -.200000000000E+02 -.200000000000E+02 -.200000000000E+02
0.813439851095E+10 0.183419493656E-01 -.200000000000E+02 -.200000000000E+02 0.396639700038E+00 -.200000000000E+02 -.200000000000E+02 -.200000000000E+02 -.200000000000E+02 -.200000000000E+02 -.200000000000E+02 -.200000000000E+02 -.200000000000E+02
0.816796978881E+10 0.196995254427E-01 -.200000000000E+02 -.200000000000E+02 0.395602934010E+00 -.200000000000E+02 -.200000000000E+02 -.200000000000E+02 -.200000000000E+02 -.200000000000E+02 -.200000000000E+02 -.200000000000E+02 -.200000000000E+02
0.820043534449E+10 0.210781369462E-01 -.200000000000E+02 -.200000000000E+02 0.394504987889E+00 -.200000000000E+02 -.200000000000E+02 -.200000000000E+02 -.200000000000E+02 -.200000000000E+02 -.200000000000E+02 -.200000000000E+02 -.200000000000E+02
0.823182615662E+10 0.224692358788E-01 -.200000000000E+02 -.200000000000E+02 0.393348252768E+00 -.200000000000E+02 -.200000000000E+02 -.200000000000E+02 -.200000000000E+02 -.200000000000E+02 -.200000000000E+02 -.200000000000E+02 -.200000000000E+02
0.826217115587E+10 0.238660043180E-01 -.200000000000E+02 -.200000000000E+02 0.392291134223E+00 -.200000000000E+02 -.200000000000E+02 -.200000000000E+02 -.200000000000E+02 -.200000000000E+02 -.200000000000E+02 -.200000000000E+02 -.200000000000E+02
0.829151265720E+10 0.252640570690E-01 -.200000000000E+02 -.200000000000E+02 0.391196329487E+00 -.200000000000E+02 -.200000000000E+02 -.200000000000E+02 -.200000000000E+02 -.200000000000E+02 -.200000000000E+02 -.200000000000E+02 -.200000000000E+02
0.831987791708E+10 0.266603853003E-01 -.200000000000E+02 -.200000000000E+02 0.390043255203E+00 -.200000000000E+02 -.200000000000E+02 -.200000000000E+02 -.200000000000E+02 -.200000000000E+02 -.200000000000E+02 -.200000000000E+02 -.200000000000E+02
0.834730559907E+10 0.280555558953E-01 -.200000000000E+02 -.200000000000E+02 0.388835941653E+00 -.200000000000E+02 -.200000000000E+02 -.200000000000E+02 -.200000000000E+02 -.200000000000E+02 -.200000000000E+02 -.200000000000E+02 -.200000000000E+02
0.837382221943E+10 0.294537683295E-01 -.200000000000E+02 -.200000000000E+02 0.387566053391E+00 -.200000000000E+02 -.200000000000E+02 -.200000000000E+02 -.200000000000E+02 -.200000000000E+02 -.200000000000E+02 -.200000000000E+02 -.200000000000E+02
0.839946334245E+10 0.308615462277E-01 -.200000000000E+02 -.200000000000E+02 0.386241748561E+00 -.200000000000E+02 -.200000000000E+02 -.200000000000E+02 -.200000000000E+02 -.200000000000E+02 -.200000000000E+02 -.200000000000E+02 -.200000000000E+02
0.842425881916E+10 0.322900480350E-01 -.200000000000E+02 -.200000000000E+02 0.384861485725E+00 -.200000000000E+02 -.200000000000E+02 -.200000000000E+02 -.200000000000E+02 -.200000000000E+02 -.200000000000E+02 -.200000000000E+02 -.200000000000E+02
0.844823101952E+10 0.337364748223E-01 -.200000000000E+02 -.200000000000E+02 0.383430107720E+00 -.200000000000E+02 -.200000000000E+02 -.200000000000E+02 -.200000000000E+02 -.200000000000E+02 -.200000000000E+02 -.200000000000E+02 -.200000000000E+02
0.847140687104E+10 0.350780769898E-01 -.200000000000E+02 -.200000000000E+02 0.381948929092E+00 -.200000000000E+02 -.200000000000E+02 -.200000000000E+02 -.200000000000E+02 -.200000000000E+02 -.200000000000E+02 -.200000000000E+02 -.200000000000E+02
0.849382297657E+10 0.364600797329E-01 -.200000000000E+02 -.200000000000E+02 0.380417321860E+00 -.200000000000E+02 -.200000000000E+02 -.200000000000E+02 -.200000000000E+02 -.200000000000E+02 -.200000000000E+02 -.200000000000E+02 -.200000000000E+02
0.851549770720E+10 0.379032671972E-01 -.200000000000E+02 -.200000000000E+02 0.378839054002E+00 -.200000000000E+02 -.200000000000E+02 -.200000000000E+02 -.200000000000E+02 -.200000000000E+02 -.200000000000E+02 -.200000000000E+02 -.200000000000E+02
0.853645498550E+10 0.392519231242E-01 -.200000000000E+02 -.200000000000E+02 0.377215278576E+00 -.200000000000E+02 -.200000000000E+02 -.200000000000E+02 -.200000000000E+02 -.200000000000E+02 -.200000000000E+02 -.200000000000E+02 -.200000000000E+02
0.855671998805E+10 0.406000893950E-01 -.200000000000E+02 -.200000000000E+02 0.375544713562E+00 -.200000000000E+02 -.200000000000E+02 -.200000000000E+02 -.200000000000E+02 -.200000000000E+02 -.200000000000E+02 -.200000000000E+02 -.200000000000E+02
0.857631549834E+10 0.420597493323E-01 -.200000000000E+02 -.200000000000E+02 0.373832880488E+00 -.200000000000E+02 -.200000000000E+02 -.200000000000E+02 -.200000000000E+02 -.200000000000E+02 -.200000000000E+02 -.200000000000E+02 -.200000000000E+02
0.859526968119E+10 0.433178814116E-01 -.200000000000E+02 -.200000000000E+02 0.372075768464E+00 -.200000000000E+02 -.200000000000E+02 -.200000000000E+02 -.200000000000E+02 -.200000000000E+02 -.200000000000E+02 -.200000000000E+02 -.200000000000E+02
0.861360122912E+10 0.447031774389E-01 -.200000000000E+02 -.200000000000E+02 0.370278660288E+00 -.200000000000E+02 -.200000000000E+02 -.200000000000E+02 -.200000000000E+02 -.200000000000E+02 -.200000000000E+02 -.200000000000E+02 -.200000000000E+02
0.863132813880E+10 0.460211310375E-01 -.200000000000E+02 -.200000000000E+02 0.368444419155E+00 -.200000000000E+02 -.200000000000E+02 -.200000000000E+02 -.200000000000E+02 -.200000000000E+02 -.200000000000E+02 -.200000000000E+02 -.200000000000E+02
0.864847520948E+10 0.473350096059E-01 -.200000000000E+02 -.200000000000E+02 0.366568681012E+00 -.200000000000E+02 -.200000000000E+02 -.200000000000E+02 -.200000000000E+02 -.200000000000E+02 -.200000000000E+02 -.200000000000E+02 -.200000000000E+02
0.866506545213E+10 0.486788789065E-01 -.200000000000E+02 -.200000000000E+02 0.364657689049E+00 -.200000000000E+02 -.200000000000E+02 -.200000000000E+02 -.200000000000E+02 -.200000000000E+02 -.200000000000E+02 -.200000000000E+02 -.200000000000E+02
0.868110802604E+10 0.499389527835E-01 -.200000000000E+02 -.200000000000E+02 0.362709087420E+00 -.200000000000E+02 -.200000000000E+02 -.200000000000E+02 -.200000000000E+02 -.200000000000E+02 -.200000000000E+02 -.200000000000E+02 -.200000000000E+02
0.869663514730E+10 0.512691073639E-01 -.200000000000E+02 -.200000000000E+02 0.360752544257E+00 -.200000000000E+02 -.200000000000E+02 -.200000000000E+02 -.200000000000E+02 -.200000000000E+02 -.200000000000E+02 -.200000000000E+02 -.200000000000E+02
0.871165285095E+10 0.525101188878E-01 -.200000000000E+02 -.200000000000E+02 0.358764630201E+00 -.200000000000E+02 -.200000000000E+02 -.200000000000E+02 -.200000000000E+02 -.200000000000E+02 -.200000000000E+02 -.200000000000E+02 -.200000000000E+02
0.872618490918E+10 0.537854602935E-01 -.200000000000E+02 -.200000000000E+02 0.356734804257E+00 -.200000000000E+02 -.200000000000E+02 -.200000000000E+02 -.200000000000E+02 -.200000000000E+02 -.200000000000E+02 -.200000000000E+02 -.200000000000E+02
0.874025313569E+10 0.550566538161E-01 -.200000000000E+02 -.200000000000E+02 0.354658904395E+00 -.200000000000E+02 -.200000000000E+02 -.200000000000E+02 -.200000000000E+02 -.200000000000E+02 -.200000000000E+02 -.200000000000E+02 -.200000000000E+02
0.875386855394E+10 0.562422578336E-01 -.200000000000E+02 -.200000000000E+02 0.352542848481E+00 -.200000000000E+02 -.200000000000E+02 -.200000000000E+02 -.200000000000E+02 -.200000000000E+02 -.200000000000E+02 -.200000000000E+02 -.200000000000E+02
0.876705281696E+10 0.576008814735E-01 -.200000000000E+02 -.200000000000E+02 0.350385152456E+00 -.200000000000E+02 -.200000000000E+02 -.200000000000E+02 -.200000000000E+02 -.200000000000E+02 -.200000000000E+02 -.200000000000E+02 -.200000000000E+02
0.877981382218E+10 0.586679441297E-01 -.200000000000E+02 -.200000000000E+02 0.348183075675E+00 -.200000000000E+02 -.200000000000E+02 -.200000000000E+02 -.200000000000E+02 -.200000000000E+02 -.200000000000E+02 -.200000000000E+02 -.200000000000E+02
0.879217049585E+10 0.599844297219E-01 -.200000000000E+02 -.200000000000E+02 0.345939394269E+00 -.200000000000E+02 -.200000000000E+02 -.200000000000E+02 -.200000000000E+02 -.200000000000E+02 -.200000000000E+02 -.200000000000E+02 -.200000000000E+02
0.880413682127E+10 0.610992023025E-01 -.200000000000E+02 -.200000000000E+02 0.343656971198E+00 -.200000000000E+02 -.200000000000E+02 -.200000000000E+02 -.200000000000E+02 -.200000000000E+02 -.200000000000E+02 -.200000000000E+02 -.200000000000E+02
0.881573050940E+10 0.622276652369E-01 -.200000000000E+02 -.200000000000E+02 0.341331271142E+00 -.200000000000E+02 -.200000000000E+02 -.200000000000E+02 -.200000000000E+02 -.200000000000E+02 -.200000000000E+02 -.200000000000E+02 -.200000000000E+02
0.882696725530E+10 0.635901751663E-01 -.200000000000E+02 -.200000000000E+02 0.338961127529E+00 -.200000000000E+02 -.200000000000E+02 -.200000000000E+02 -.200000000000E+02 -.200000000000E+02 -.200000000000E+02 -.200000000000E+02 -.200000000000E+02
0.883786088261E+10 0.645285162705E-01 -.200000000000E+02 -.200000000000E+02 0.336574685712E+00 -.200000000000E+02 -.200000000000E+02 -.200000000000E+02 -.200000000000E+02 -.200000000000E+02 -.200000000000E+02 -.200000000000E+02 -.200000000000E+02
0.884842577179E+10 0.656612909980E-01 -.200000000000E+02 -.200000000000E+02 0.334174368013E+00 -.200000000000E+02 -.200000000000E+02 -.200000000000E+02 -.200000000000E+02 -.200000000000E+02 -.200000000000E+02 -.200000000000E+02 -.200000000000E+02
0.885867737462E+10 0.669583192358E-01 -.200000000000E+02 -.200000000000E+02 0.331737454259E+00 -.200000000000E+02 -.200000000000E+02 -.200000000000E+02 -.200000000000E+02 -.200000000000E+02 -.200000000000E+02 -.200000000000E+02 -.200000000000E+02
0.886862003174E+10 0.678619377979E-01 -.200000000000E+02 -.200000000000E+02 0.329270807218E+00 -.200000000000E+02 -.200000000000E+02 -.200000000000E+02 -.200000000000E+02 -.200000000000E+02 -.200000000000E+02 -.200000000000E+02 -.200000000000E+02
0.887826671741E+10 0.689385508050E-01 -.200000000000E+02 -.200000000000E+02 0.326775585114E+00 -.200000000000E+02 -.200000000000E+02 -.200000000000E+02 -.200000000000E+02 -.200000000000E+02 -.200000000000E+02 -.200000000000E+02 -.200000000000E+02
0.888763729216E+10 0.702297273871E-01 -.200000000000E+02 -.200000000000E+02 0.324249323378E+00 -.200000000000E+02 -.200000000000E+02 -.200000000000E+02 -.200000000000E+02 -.200000000000E+02 -.200000000000E+02 -.200000000000E+02 -.200000000000E+02
0.889674311743E+10 0.711090185187E-01 -.200000000000E+02 -.200000000000E+02 0.321690979756E+00 -.200000000000E+02 -.200000000000E+02 -.200000000000E+02 -.200000000000E+02 -.200000000000E+02 -.200000000000E+02 -.200000000000E+02 -.200000000000E+02
0.890559307852E+10 0.720771460009E-01 -.200000000000E+02 -.200000000000E+02 0.319101342413E+00 -.200000000000E+02 -.200000000000E+02 -.200000000000E+02 -.200000000000E+02 -.200000000000E+02 -.200000000000E+02 -.200000000000E+02 -.200000000000E+02
0.891419264917E+10 0.732186103505E-01 -.200000000000E+02 -.200000000000E+02 0.316523532513E+00 -.200000000000E+02 -.200000000000E+02 -.200000000000E+02 -.200000000000E+02 -.200000000000E+02 -.200000000000E+02 -.200000000000E+02 -.200000000000E+02
0.892265891724E+10 0.743305985673E-01 -.200000000000E+02 -.200000000000E+02 0.313901144105E+00 -.200000000000E+02 -.200000000000E+02 -.200000000000E+02 -.200000000000E+02 -.200000000000E+02 -.200000000000E+02 -.200000000000E+02 -.200000000000E+02
0.893093097377E+10 0.751761948130E-01 -.200000000000E+02 -.200000000000E+02 0.311247221632E+00 -.200000000000E+02 -.200000000000E+02 -.200000000000E+02 -.200000000000E+02 -.200000000000E+02 -.200000000000E+02 -.200000000000E+02 -.200000000000E+02
0.893900346087E+10 0.761585296517E-01 -.200000000000E+02 -.200000000000E+02 0.308566037864E+00 -.200000000000E+02 -.200000000000E+02 -.200000000000E+02 -.200000000000E+02 -.200000000000E+02 -.200000000000E+02 -.200000000000E+02 -.200000000000E+02
0.894688114205E+10 0.773061747835E-01 -.200000000000E+02 -.200000000000E+02 0.305853202292E+00 -.200000000000E+02 -.200000000000E+02 -.200000000000E+02 -.200000000000E+02 -.200000000000E+02 -.200000000000E+02 -.200000000000E+02 -.200000000000E+02
0.895457107352E+10 0.783385040784E-01 -.200000000000E+02 -.200000000000E+02 0.303107991473E+00 -.200000000000E+02 -.200000000000E+02 -.200000000000E+02 -.200000000000E+02 -.200000000000E+02 -.200000000000E+02 -.200000000000E+02 -.200000000000E+02
0.896207685251E+10 0.791465089766E-01 -.200000000000E+02 -.200000000000E+02 0.300333323780E+00 -.200000000000E+02 -.200000000000E+02 -.200000000000E+02 -.200000000000E+02 -.200000000000E+02 -.200000000000E+02 -.200000000000E+02 -.200000000000E+02
0.896940728564E+10 0.800666853040E-01 -.200000000000E+02 -.200000000000E+02 0.297531289798E+00 -.200000000000E+02 -.200000000000E+02 -.200000000000E+02 -.200000000000E+02 -.200000000000E+02 -.200000000000E+02 -.200000000000E+02 -.200000000000E+02
0.897657101231E+10 0.811198496346E-01 -.200000000000E+02 -.200000000000E+02 0.294703407501E+00 -.200000000000E+02 -.200000000000E+02 -.200000000000E+02 -.200000000000E+02 -.200000000000E+02 -.200000000000E+02 -.200000000000E+02 -.200000000000E+02
0.898357421488E+10 0.823023943293E-01 -.200000000000E+02 -.200000000000E+02 0.291846012905E+00 -.200000000000E+02 -.200000000000E+02 -.200000000000E+02 -.200000000000E+02 -.200000000000E+02 -.200000000000E+02 -.200000000000E+02 -.200000000000E+02
0.899041861147E+10 0.830280119708E-01 -.200000000000E+02 -.200000000000E+02 0.289008809267E+00 -.200000000000E+02 -.200000000000E+02 -.200000000000E+02 -.200000000000E+02 -.200000000000E+02 -.200000000000E+02 -.200000000000E+02 -.200000000000E+02
0.899710984103E+10 0.838346392676E-01 -.200000000000E+02 -.200000000000E+02 0.286287967689E+00 -.200000000000E+02 -.200000000000E+02 -.200000000000E+02 -.200000000000E+02 -.200000000000E+02 -.200000000000E+02 -.200000000000E+02 -.200000000000E+02
0.900365324788E+10 0.847342386681E-01 -.200000000000E+02 -.200000000000E+02 0.283552670483E+00 -.200000000000E+02 -.200000000000E+02 -.200000000000E+02 -.200000000000E+02 -.200000000000E+02 -.200000000000E+02 -.200000000000E+02 -.200000000000E+02
0.901005649224E+10 0.857417870842E-01 -.200000000000E+02 -.200000000000E+02 0.280802405232E+00 -.200000000000E+02 -.200000000000E+02 -.200000000000E+02 -.200000000000E+02 -.200000000000E+02 -.200000000000E+02 -.200000000000E+02 -.200000000000E+02
0.901632623357E+10 0.868755700711E-01 -.200000000000E+02 -.200000000000E+02 0.278048009688E+00 -.200000000000E+02 -.200000000000E+02 -.200000000000E+02 -.200000000000E+02 -.200000000000E+02 -.200000000000E+02 -.200000000000E+02 -.200000000000E+02
