     1 0.120000000000E+02 0.100000000000E+01 -.344020891248E-01 0.377129381794E+01 0.193478353983E+01 0.713714923832E+01
     2 0.240000000000E+02 0.999999999998E+00 -.344231604170E-01 0.377129987283E+01 0.193478015993E+01 0.713714699904E+01
     3 0.420000000000E+02 0.999999999995E+00 -.344701842771E-01 0.377129265837E+01 0.193478015252E+01 0.713714699392E+01
     4 0.690000000000E+02 0.999999999990E+00 -.344724631715E-01 0.377129231995E+01 0.193478015371E+01 0.713714699426E+01
     5 0.109500000000E+03 0.999999999982E+00 -.344743835801E-01 0.377129204565E+01 0.193478015574E+01 0.713714699491E+01
     6 0.170250000000E+03 0.999999999971E+00 -.344764059101E-01 0.377129175410E+01 0.193478015895E+01 0.713714699596E+01
     7 0.261375000000E+03 0.999999999955E+00 -.344786312363E-01 0.377129143443E+01 0.193478016393E+01 0.713714699760E+01
     8 0.398062500000E+03 0.999999999930E+00 -.344811517642E-01 0.377129107464E+01 0.193478017156E+01 0.713714700012E+01
     9 0.603093750000E+03 0.999999999893E+00 -.344840871269E-01 0.377129065534E+01 0.193478018318E+01 0.713714700395E+01
    10 0.910640625000E+03 0.999999999838E+00 -.344874935467E-01 0.377129017290E+01 0.193478020083E+01 0.713714700973E+01
    11 0.137196093750E+04 0.999999999754E+00 -.344914252772E-01 0.377128962335E+01 0.193478022762E+01 0.713714701838E+01
    12 0.206394140625E+04 0.999999999629E+00 -.344959784481E-01 0.377128898941E+01 0.193478026435E+01 0.713714700862E+01
    13 0.310191210938E+04 0.999999999441E+00 -.345012331120E-01 0.377128825125E+01 0.193478029794E+01 0.713714700491E+01
    14 0.465886816406E+04 0.999999999160E+00 -.345069833689E-01 0.377128744455E+01 0.193478029137E+01 0.713714702193E+01
    15 0.699430224609E+04 0.999999998738E+00 -.345129699237E-01 0.377128659281E+01 0.193478014404E+01 0.713714709339E+01
    16 0.104974533691E+05 0.999999998104E+00 -.345185825595E-01 0.377128576610E+01 0.193477963869E+01 0.713714729364E+01
    17 0.157521800537E+05 0.999999997154E+00 -.345228442807E-01 0.377128507066E+01 0.193477836818E+01 0.713714778033E+01
    18 0.236342700806E+05 0.999999995730E+00 -.345242052106E-01 0.377128471232E+01 0.193477561344E+01 0.713714886949E+01
    19 0.354574051208E+05 0.999999993592E+00 -.345219160529E-01 0.377128475568E+01 0.193477025873E+01 0.713715106278E+01
    20 0.531921076813E+05 0.999999990386E+00 -.345148072493E-01 0.377128532633E+01 0.193476023332E+01 0.713715539822E+01
    21 0.797941615219E+05 0.999999985577E+00 -.345028603220E-01 0.377128641839E+01 0.193474226179E+01 0.713716342263E+01
    22 0.119697242283E+06 0.999999978363E+00 -.344877943254E-01 0.377128781961E+01 0.193471171560E+01 0.713717696423E+01
    23 0.179551863424E+06 0.999999967541E+00 -.344732612059E-01 0.377128909720E+01 0.193466228475E+01 0.713719802174E+01
    24 0.269333795136E+06 0.999999951307E+00 -.344644905001E-01 0.377128964376E+01 0.193458713355E+01 0.713722752830E+01
    25 0.404006692705E+06 0.999999926958E+00 -.344675484427E-01 0.377128875740E+01 0.193447943705E+01 0.713726499445E+01
    26 0.606016039057E+06 0.999999890435E+00 -.344891243604E-01 0.377128568980E+01 0.193433583334E+01 0.713730660955E+01
    27 0.909030058586E+06 0.999999835659E+00 -.345371303976E-01 0.377127961516E+01 0.193416029226E+01 0.713734499576E+01
    28 0.136355108788E+07 0.999999753513E+00 -.346216555587E-01 0.377126957774E+01 0.193397165835E+01 0.713736926986E+01
    29 0.204533263182E+07 0.999999630337E+00 -.347481747087E-01 0.377125498351E+01 0.193381731015E+01 0.713736751353E+01
    30 0.306800494773E+07 0.999999445638E+00 -.348753238805E-01 0.377123929476E+01 0.193379118514E+01 0.713733434135E+01
    31 0.460201342159E+07 0.999999168562E+00 -.348484000865E-01 0.377123768175E+01 0.193403369319E+01 0.713728739391E+01
    32 0.690302613238E+07 0.999998752472E+00 -.344418378312E-01 0.377127897515E+01 0.193469366193E+01 0.713728173937E+01
    33 0.103545451986E+08 0.999998126948E+00 -.336230654488E-01 0.377138231543E+01 0.193587294586E+01 0.713738241588E+01
    34 0.155318237979E+08 0.999997186089E+00 -.325699439333E-01 0.377154321726E+01 0.193762441758E+01 0.713761141024E+01
    35 0.232977416968E+08 0.999995770504E+00 -.313605025058E-01 0.377175206881E+01 0.194002133033E+01 0.713794024860E+01
    36 0.349466185452E+08 0.999993639650E+00 -.299572644426E-01 0.377199737794E+01 0.194304422318E+01 0.713832306157E+01
    37 0.524199338178E+08 0.999990430610E+00 -.284010758326E-01 0.377225028288E+01 0.194643874990E+01 0.713871625924E+01
    38 0.786299067267E+08 0.999985595919E+00 -.267568362291E-01 0.377247859275E+01 0.194986171187E+01 0.713913560983E+01
    39 0.117944866090E+09 0.999978309343E+00 -.250681809207E-01 0.377265583134E+01 0.195291500465E+01 0.713973068811E+01
    39 0.131705101867E+09 0.999975744800E+00 -.245684057369E-01 0.377269913866E+01 0.195369951460E+01 0.713994369972E+01
    40 0.184780297008E+09 0.999965839771E+00 -.226839089218E-01 0.377286215649E+01 0.195660921248E+01 0.714075662585E+01
    41 0.237855492148E+09 0.999955883013E+00 -.208535677710E-01 0.377304200259E+01 0.195926915354E+01 0.714156705531E+01
    42 0.290930687289E+09 0.999945874804E+00 -.190595877927E-01 0.377320746627E+01 0.196185721016E+01 0.714236612845E+01
    43 0.344005882429E+09 0.999935814862E+00 -.172761214685E-01 0.377336506810E+01 0.196444412673E+01 0.714315640564E+01
    44 0.423618675140E+09 0.999920607151E+00 -.146071024174E-01 0.377358773079E+01 0.196835808199E+01 0.714433029662E+01
    45 0.543037864206E+09 0.999897524790E+00 -.105831899269E-01 0.377390716489E+01 0.197446009882E+01 0.714607922585E+01
    46 0.722166647805E+09 0.999862269548E+00 -.446987776073E-02 0.377436114645E+01 0.198494909433E+01 0.714869890572E+01
    47 0.943183345190E+09 0.999817759166E+00 0.320707172864E-02 0.377487525032E+01 0.199823747499E+01 0.715199634042E+01
    48 0.114036374385E+10 0.999777202741E+00 0.101415038161E-01 0.377526797313E+01 0.201040432002E+01 0.715500384331E+01
    49 0.131477714844E+10 0.999740646193E+00 0.164032166855E-01 0.377566996992E+01 0.202142003043E+01 0.715772724909E+01
    50 0.148406042945E+10 0.999704503400E+00 0.226358177832E-01 0.377614174095E+01 0.203235505087E+01 0.716043885489E+01
    51 0.165354818970E+10 0.999667624871E+00 0.289416251721E-01 0.377656482797E+01 0.204355448175E+01 0.716321037451E+01
    52 0.182268735869E+10 0.999630102362E+00 0.353045142405E-01 0.377693803563E+01 0.205499222816E+01 0.716603639691E+01
    53 0.198926538353E+10 0.999592419145E+00 0.416371130480E-01 0.377725590500E+01 0.206652175095E+01 0.716888100338E+01
    54 0.215274162317E+10 0.999554709839E+00 0.479442340373E-01 0.377756858479E+01 0.207810479659E+01 0.717174077595E+01
    55 0.231289792063E+10 0.999517052900E+00 0.543095586739E-01 0.377801058807E+01 0.208972453885E+01 0.717462636974E+01
    56 0.246661912506E+10 0.999480223190E+00 0.604832890836E-01 0.377838732424E+01 0.210113794639E+01 0.717746009051E+01
    57 0.261713707371E+10 0.999443475334E+00 0.665900198871E-01 0.377870911899E+01 0.211257270620E+01 0.718029834803E+01
    58 0.276663822768E+10 0.999406270757E+00 0.727164398280E-01 0.377898207421E+01 0.212419933394E+01 0.718317908850E+01
    59 0.291480043668E+10 0.999368677918E+00 0.788468922568E-01 0.377920551757E+01 0.213599855711E+01 0.718609721298E+01
    60 0.306068272125E+10 0.999330952394E+00 0.850503260571E-01 0.377956566815E+01 0.214789981385E+01 0.718905248846E+01
    61 0.320056387078E+10 0.999294100409E+00 0.910802177363E-01 0.377990067628E+01 0.215958698909E+01 0.719195543799E+01
    62 0.333633303039E+10 0.999257666070E+00 0.969903747307E-01 0.378018050656E+01 0.217120048962E+01 0.719483638053E+01
    63 0.347074570460E+10 0.999220916460E+00 0.102899275670E+00 0.378041330937E+01 0.218297428199E+01 0.719775312494E+01
    64 0.360415315329E+10 0.999183745193E+00 0.108820208610E+00 0.378060010960E+01 0.219494628212E+01 0.720071506505E+01
    65 0.373564868918E+10 0.999146407482E+00 0.114733617715E+00 0.378078710361E+01 0.220704182926E+01 0.720370254267E+01
    66 0.386414488121E+10 0.999109243170E+00 0.120651647803E+00 0.378108935097E+01 0.221915821927E+01 0.720669972136E+01
    67 0.398716138341E+10 0.999073016696E+00 0.126372843134E+00 0.378133568806E+01 0.223104825019E+01 0.720963152373E+01
    68 0.410730142192E+10 0.999036995392E+00 0.132013287337E+00 0.378153325350E+01 0.224295385029E+01 0.721255132595E+01
    69 0.422643714370E+10 0.999000618957E+00 0.137659559829E+00 0.378168736547E+01 0.225506045092E+01 0.721550545740E+01
    70 0.434429300104E+10 0.998963965605E+00 0.143298340965E+00 0.378179820215E+01 0.226734717198E+01 0.721848868991E+01
    71 0.446002647761E+10 0.998927309683E+00 0.148911712969E+00 0.378192440017E+01 0.227972683159E+01 0.722148156856E+01
    72 0.457270287162E+10 0.998890984183E+00 0.154491971072E+00 0.378214634244E+01 0.229209355855E+01 0.722446323730E+01
    73 0.468074201107E+10 0.998855544235E+00 0.159894115486E+00 0.378231939531E+01 0.230425664499E+01 0.722737885867E+01
    74 0.478628142830E+10 0.998820320375E+00 0.165219943497E+00 0.378244915349E+01 0.231643939021E+01 0.723028671355E+01
    75 0.489079250726E+10 0.998784825080E+00 0.170541619991E+00 0.378253881779E+01 0.232880801890E+01 0.723322956975E+01
    76 0.499410835742E+10 0.998749112488E+00 0.175848164821E+00 0.378258849077E+01 0.234134334237E+01 0.723620876087E+01
    77 0.509561117638E+10 0.998713402984E+00 0.181102296938E+00 0.378259817800E+01 0.235396598496E+01 0.723921301586E+01
    78 0.519517105102E+10 0.998677774860E+00 0.186361384464E+00 0.378274137065E+01 0.236664706731E+01 0.724225316872E+01
    79 0.529078208632E+10 0.998642986294E+00 0.191451780877E+00 0.378285381292E+01 0.237911848857E+01 0.724525884208E+01
    80 0.538392435705E+10 0.998608533159E+00 0.196438349233E+00 0.378292422569E+01 0.239155050218E+01 0.724828275692E+01
    81 0.547622831435E+10 0.998573819364E+00 0.201402296858E+00 0.378295556663E+01 0.240415404501E+01 0.725138861767E+01
    82 0.556787287360E+10 0.998538773467E+00 0.206345268629E+00 0.378294783820E+01 0.241695343840E+01 0.725459738225E+01
    83 0.565831030061E+10 0.998503607767E+00 0.211227523374E+00 0.378290044709E+01 0.242987349744E+01 0.725790371120E+01
    84 0.574727463824E+10 0.998468436914E+00 0.216023784763E+00 0.378281313262E+01 0.244288099475E+01 0.726130159925E+01
    85 0.583489834860E+10 0.998433238006E+00 0.220788199920E+00 0.378283441354E+01 0.245600245355E+01 0.726479495254E+01
    86 0.591955409137E+10 0.998398699685E+00 0.225384893120E+00 0.378283545041E+01 0.246901634779E+01 0.726828758969E+01
    87 0.600179511930E+10 0.998364631942E+00 0.229838072774E+00 0.378279528272E+01 0.248203601709E+01 0.727175748836E+01
    88 0.608253175061E+10 0.998330678080E+00 0.234207599881E+00 0.378271734865E+01 0.249525941156E+01 0.727517246251E+01
    89 0.616153636021E+10 0.998296949769E+00 0.238503791894E+00 0.378260614287E+01 0.250871580701E+01 0.727843117243E+01
    90 0.623778708953E+10 0.998263911382E+00 0.242700511404E+00 0.378246793224E+01 0.252228840202E+01 0.728137889156E+01
    91 0.631042033100E+10 0.998231980560E+00 0.246779265847E+00 0.378231012957E+01 0.253583255780E+01 0.728388677426E+01
    92 0.637923263517E+10 0.998201296869E+00 0.250747405728E+00 0.378213822224E+01 0.254924396740E+01 0.728591215197E+01
    93 0.644464000641E+10 0.998171734791E+00 0.254683389910E+00 0.378209640307E+01 0.256246342460E+01 0.728749728082E+01
    94 0.650647868382E+10 0.998143414761E+00 0.258526256728E+00 0.378205773351E+01 0.257534991881E+01 0.728867757528E+01
    95 0.656611913994E+10 0.998115739480E+00 0.262341680114E+00 0.378200313520E+01 0.258805077365E+01 0.728955327292E+01
    96 0.662496590110E+10 0.998088063754E+00 0.266207515176E+00 0.378193213088E+01 0.260076685041E+01 0.729020009936E+01
    97 0.668363940380E+10 0.998060086664E+00 0.270157517355E+00 0.378184413394E+01 0.261356495199E+01 0.729067358954E+01
    98 0.674224836450E+10 0.998031742119E+00 0.274192680057E+00 0.378173884884E+01 0.262643082281E+01 0.729101637958E+01
    99 0.680089778724E+10 0.998002963012E+00 0.278314431392E+00 0.378161628408E+01 0.263937043858E+01 0.729126715381E+01
   100 0.685972381191E+10 0.997973663364E+00 0.282527516314E+00 0.378147592205E+01 0.265241650588E+01 0.729145504513E+01
   101 0.691877903181E+10 0.997943795405E+00 0.286834101707E+00 0.378131755002E+01 0.266559643299E+01 0.729160669032E+01
   102 0.697797932688E+10 0.997913381405E+00 0.291229277827E+00 0.378115129957E+01 0.267891626393E+01 0.729174106747E+01
   103 0.703711331338E+10 0.997882523229E+00 0.295734622413E+00 0.378107852282E+01 0.269234670370E+01 0.729187782429E+01
   104 0.709523742867E+10 0.997851711709E+00 0.300237538826E+00 0.378098447156E+01 0.270574262473E+01 0.729201413845E+01
   105 0.715287392209E+10 0.997820667898E+00 0.304775896477E+00 0.378086865482E+01 0.271923616071E+01 0.729216451311E+01
   106 0.721018812415E+10 0.997789293352E+00 0.309362937028E+00 0.378073090328E+01 0.273289845590E+01 0.729233511879E+01
   107 0.726696031620E+10 0.997757701312E+00 0.313980639391E+00 0.378057191524E+01 0.274670564411E+01 0.729252892489E+01
   108 0.732297362559E+10 0.997726011416E+00 0.318611137063E+00 0.378039271704E+01 0.276063316594E+01 0.729274854272E+01
   109 0.737810095949E+10 0.997694299277E+00 0.323241947998E+00 0.378019377633E+01 0.277467247286E+01 0.729299272664E+01
   110 0.743225643097E+10 0.997662621315E+00 0.327864404925E+00 0.377997573550E+01 0.278881873032E+01 0.729326221841E+01
   111 0.748535297448E+10 0.997631038673E+00 0.332468491693E+00 0.377973937417E+01 0.280306183559E+01 0.729355608321E+01
   112 0.753732645768E+10 0.997599602497E+00 0.337046660473E+00 0.377948544629E+01 0.281739322977E+01 0.729387449136E+01
   113 0.758813481589E+10 0.997568353580E+00 0.341591517212E+00 0.377921452927E+01 0.283181046780E+01 0.729421478246E+01
   114 0.763773601432E+10 0.997537335303E+00 0.346096030557E+00 0.377892763789E+01 0.284630066347E+01 0.729457745328E+01
   115 0.768610019527E+10 0.997506585699E+00 0.350554536854E+00 0.377862522408E+01 0.286086146452E+01 0.729495938630E+01
   116 0.773320187203E+10 0.997476142212E+00 0.354961063415E+00 0.377830902931E+01 0.287548018679E+01 0.729536000306E+01
   117 0.777902713099E+10 0.997446044008E+00 0.359344237338E+00 0.377805980374E+01 0.289013069727E+01 0.729578239442E+01
   118 0.782332175582E+10 0.997416486426E+00 0.363640434551E+00 0.377779453630E+01 0.290475279426E+01 0.729621493239E+01
   119 0.786636382438E+10 0.997387309796E+00 0.367874542885E+00 0.377751294913E+01 0.291941548334E+01 0.729666306304E+01
   120 0.790823724894E+10 0.997358479306E+00 0.372050451128E+00 0.377721513388E+01 0.293414205645E+01 0.729712581252E+01
   121 0.794892701756E+10 0.997330027601E+00 0.376162935112E+00 0.377690190667E+01 0.294892099618E+01 0.729760151130E+01
   122 0.798840675575E+10 0.997301996958E+00 0.380205685018E+00 0.377657448154E+01 0.296373185728E+01 0.729808982324E+01
   123 0.802669087781E+10 0.997274401744E+00 0.384175194224E+00 0.377623306110E+01 0.297857577623E+01 0.729858751105E+01
   124 0.806378756739E+10 0.997247261073E+00 0.388068892869E+00 0.377587893587E+01 0.299343822915E+01 0.729909601050E+01
   125 0.809968293498E+10 0.997220611079E+00 0.391880164958E+00 0.377551276083E+01 0.300830471578E+01 0.729961231196E+01
   126 0.813439851095E+10 0.997194462068E+00 0.395607264519E+00 0.377513522644E+01 0.302316963448E+01 0.730013590308E+01
   127 0.816796978881E+10 0.997168813166E+00 0.399250787602E+00 0.377474728165E+01 0.303803348700E+01 0.730066733609E+01
   128 0.820043534449E+10 0.997143660223E+00 0.402809053085E+00 0.377434903530E+01 0.305289646968E+01 0.730120483461E+01
   129 0.823182615662E+10 0.997119003917E+00 0.406282424629E+00 0.377394103817E+01 0.306775832902E+01 0.730174880966E+01
   130 0.826217115587E+10 0.997094845778E+00 0.409670116311E+00 0.377352418908E+01 0.308261240285E+01 0.730229963867E+01
   131 0.829151265720E+10 0.997071175559E+00 0.412972996544E+00 0.377309846662E+01 0.309746922279E+01 0.730285624293E+01
   132 0.831987791708E+10 0.997047994131E+00 0.416189964973E+00 0.377266442637E+01 0.311231838030E+01 0.730341901719E+01
   133 0.834730559907E+10 0.997025291850E+00 0.419324428734E+00 0.377222275287E+01 0.312717157948E+01 0.730398980577E+01
   134 0.837382221943E+10 0.997003068381E+00 0.422371339811E+00 0.377177328442E+01 0.314201978367E+01 0.730456491991E+01
   135 0.839946334245E+10 0.996981314537E+00 0.425335937851E+00 0.377131703301E+01 0.315686641430E+01 0.730514882405E+01
   136 0.842425881916E+10 0.996960025022E+00 0.428215560455E+00 0.377085346818E+01 0.317171745331E+01 0.730573862188E+01
   137 0.844823101952E+10 0.996939199995E+00 0.431012037170E+00 0.377038342871E+01 0.318656762481E+01 0.730633607049E+01
   138 0.847140687104E+10 0.996918834973E+00 0.433723822912E+00 0.376990720480E+01 0.320141089713E+01 0.730694070011E+01
   139 0.849382297657E+10 0.996898915815E+00 0.436352504148E+00 0.376942446657E+01 0.321626088350E+01 0.730755296268E+01
   140 0.851549770720E+10 0.996879443549E+00 0.438899156713E+00 0.376893583873E+01 0.323111086460E+01 0.730817415349E+01
   141 0.853645498550E+10 0.996860413531E+00 0.441363412955E+00 0.376844148007E+01 0.324596104453E+01 0.730880449586E+01
   142 0.855671998805E+10 0.996841819247E+00 0.443743299682E+00 0.376794114155E+01 0.326081149264E+01 0.730944231408E+01
   143 0.857631549834E+10 0.996823655326E+00 0.446043384190E+00 0.376743586860E+01 0.327565781850E+01 0.731009171483E+01
   144 0.859526968119E+10 0.996805910684E+00 0.448260558920E+00 0.376692468449E+01 0.329050841122E+01 0.731075100259E+01
   145 0.861360122912E+10 0.996788582144E+00 0.450397135680E+00 0.376640804347E+01 0.330536214283E+01 0.731142158156E+01
   146 0.863132813880E+10 0.996771666505E+00 0.452454048801E+00 0.376588638225E+01 0.332021283657E+01 0.731210503524E+01
   147 0.864847520948E+10 0.996755153524E+00 0.454427306451E+00 0.376535889411E+01 0.333506079970E+01 0.731279891015E+01
   148 0.866506545213E+10 0.996739033462E+00 0.456325045224E+00 0.376482627757E+01 0.334992097788E+01 0.731350966793E+01
   149 0.868110802604E+10 0.996723309764E+00 0.458140257513E+00 0.376428830723E+01 0.336476751819E+01 0.731423266392E+01
   150 0.869663514730E+10 0.996707962370E+00 0.459877622706E+00 0.376374437167E+01 0.337962787918E+01 0.731497302557E+01
   151 0.871165285095E+10 0.996692996445E+00 0.461535993009E+00 0.376319516542E+01 0.339448209641E+01 0.731572937630E+01
   152 0.872618490918E+10 0.996678398937E+00 0.463116446903E+00 0.376264052363E+01 0.340933265433E+01 0.731650368561E+01
   153 0.874025313569E+10 0.996664158050E+00 0.464617262407E+00 0.376207943870E+01 0.342418886595E+01 0.731729679623E+01
   154 0.875386855394E+10 0.996650272196E+00 0.466041633933E+00 0.376151270190E+01 0.343903772552E+01 0.731810988014E+01
   155 0.876705281696E+10 0.996636728327E+00 0.467391020094E+00 0.376093955253E+01 0.345389642883E+01 0.731894824981E+01
   156 0.877981382218E+10 0.996623527186E+00 0.468660159412E+00 0.376035957065E+01 0.346874900796E+01 0.731980763966E+01
   157 0.879217049585E+10 0.996610657492E+00 0.469853053661E+00 0.375977274393E+01 0.348360024957E+01 0.732069163420E+01
   158 0.880413682127E+10 0.996598112508E+00 0.470971465305E+00 0.375917923657E+01 0.349844570718E+01 0.732160236781E+01
   159 0.881573050940E+10 0.996585881222E+00 0.472011274237E+00 0.375857802331E+01 0.351328574281E+01 0.732253943563E+01
   160 0.882696725530E+10 0.996573954112E+00 0.472975226556E+00 0.375796891258E+01 0.352812118029E+01 0.732350521845E+01
   161 0.883786088261E+10 0.996562323052E+00 0.473866832140E+00 0.375735200110E+01 0.354295120327E+01 0.732450323815E+01
   162 0.884842577179E+10 0.996550979037E+00 0.474681310773E+00 0.375672626204E+01 0.355777044455E+01 0.732553217361E+01
   163 0.885867737462E+10 0.996539911463E+00 0.475417693599E+00 0.375609050516E+01 0.357258643678E+01 0.732659496987E+01
   164 0.886862003174E+10 0.996529121244E+00 0.476080270357E+00 0.375544565906E+01 0.358738396221E+01 0.732769189864E+01
   165 0.887826671741E+10 0.996518599711E+00 0.476667258511E+00 0.375479156865E+01 0.360214776273E+01 0.732881932051E+01
   166 0.888763729216E+10 0.996508330245E+00 0.477178172257E+00 0.375412706405E+01 0.361688491635E+01 0.732998037757E+01
   167 0.889674311743E+10 0.996498305130E+00 0.477612046500E+00 0.375345129668E+01 0.363159334429E+01 0.733117682547E+01
   168 0.890559307852E+10 0.996488519014E+00 0.477969996820E+00 0.375276375416E+01 0.364627262900E+01 0.733241169573E+01
   169 0.891419264917E+10 0.996478967500E+00 0.478439774139E+00 0.375214617551E+01 0.366085869367E+01 0.733366032219E+01
   170 0.892265891724E+10 0.996469524176E+00 0.478842474112E+00 0.375152323271E+01 0.367553939675E+01 0.733495039282E+01
   171 0.893093097377E+10 0.996460260060E+00 0.479179054722E+00 0.375089095644E+01 0.369020084402E+01 0.733627907238E+01
   172 0.893900346087E+10 0.996451184270E+00 0.479455926451E+00 0.375024973344E+01 0.370482712286E+01 0.733764984330E+01
   173 0.894688114205E+10 0.996442294615E+00 0.479667633702E+00 0.374959853397E+01 0.371940832943E+01 0.733905833956E+01
   174 0.895457107352E+10 0.996433586115E+00 0.479814515797E+00 0.374893654230E+01 0.373394573309E+01 0.734050488282E+01
   175 0.896207685251E+10 0.996425057516E+00 0.479897685147E+00 0.374826378133E+01 0.374842619022E+01 0.734198503983E+01
   176 0.896940728564E+10 0.996416701448E+00 0.479918648065E+00 0.374757999054E+01 0.376284566216E+01 0.734349605110E+01
   177 0.897657101231E+10 0.996408510504E+00 0.479878808381E+00 0.374688470886E+01 0.377720575490E+01 0.734503899271E+01
   178 0.898357421488E+10 0.996400480003E+00 0.479773805746E+00 0.374617671098E+01 0.379150407011E+01 0.734661374446E+01
   179 0.899041861147E+10 0.996392610287E+00 0.479602232373E+00 0.374545560291E+01 0.380572348587E+01 0.734821491967E+01
   180 0.899710984103E+10 0.996384897068E+00 0.479363639709E+00 0.374472058269E+01 0.381986083777E+01 0.734984158260E+01
   181 0.900365324788E+10 0.996377336160E+00 0.479062422365E+00 0.374397163313E+01 0.383391260105E+01 0.735149271920E+01
   182 0.901005649224E+10 0.996369920606E+00 0.478696654429E+00 0.374320794110E+01 0.384787633700E+01 0.735316507296E+01
   183 0.901632623357E+10 0.996362643552E+00 0.478324293839E+00 0.374244482410E+01 0.386173962320E+01 0.735485023111E+01
