0.120000000000E+02 0.923916728479E+00 0.340651334687E-33 0.000000000000E+00 0.881891796274E+00 0.420249322048E-01 0.000000000000E+00 0.177069066917E-07 0.114102255393E-08 0.401457157296E-07 0.517455775234E-30 0.441582019391E-08
0.240000000000E+02 0.923897868706E+00 0.340583576266E-33 0.000000000000E+00 0.881876426491E+00 0.420214422143E-01 0.000000000000E+00 0.177174514304E-07 0.113929679770E-08 0.400942285978E-07 0.517455775233E-30 0.441748950906E-08
0.420000000000E+02 0.923897768625E+00 0.340582942603E-33 0.000000000000E+00 0.881876367433E+00 0.420214011918E-01 0.000000000000E+00 0.177174296456E-07 0.113929988542E-08 0.400943221147E-07 0.517455775231E-30 0.441748603285E-08
0.690000000000E+02 0.923897722584E+00 0.340582289594E-33 0.000000000000E+00 0.881876367614E+00 0.420213549696E-01 0.000000000000E+00 0.177174291277E-07 0.113929997214E-08 0.400943253527E-07 0.517455775229E-30 0.441748593436E-08
0.109500000000E+03 0.923897655390E+00 0.340581314682E-33 0.000000000000E+00 0.881876369484E+00 0.420212859063E-01 0.000000000000E+00 0.177174287001E-07 0.113930004542E-08 0.400943270109E-07 0.517455775225E-30 0.441748589553E-08
0.170250000000E+03 0.923897555794E+00 0.340579855544E-33 0.000000000000E+00 0.881876373297E+00 0.420211824969E-01 0.000000000000E+00 0.177174283061E-07 0.113930013002E-08 0.400943298245E-07 0.517455775219E-30 0.441748583709E-08
0.261375000000E+03 0.923897407462E+00 0.340577669506E-33 0.000000000000E+00 0.881876379922E+00 0.420210275406E-01 0.000000000000E+00 0.177174279183E-07 0.113930022733E-08 0.400943327746E-07 0.517455775211E-30 0.441748579521E-08
0.398062500000E+03 0.923897185985E+00 0.340574392898E-33 0.000000000000E+00 0.881876390728E+00 0.420207952570E-01 0.000000000000E+00 0.177174275412E-07 0.113930034621E-08 0.400943364132E-07 0.517455775198E-30 0.441748576360E-08
0.603093750000E+03 0.923896854806E+00 0.340569480327E-33 0.000000000000E+00 0.881876407821E+00 0.420204469850E-01 0.000000000000E+00 0.177174271991E-07 0.113930049441E-08 0.400943409711E-07 0.517455775179E-30 0.441748575121E-08
0.910640625000E+03 0.923896359087E+00 0.340562113490E-33 0.000000000000E+00 0.881876434357E+00 0.420199247298E-01 0.000000000000E+00 0.177174269285E-07 0.113930068362E-08 0.400943468024E-07 0.517455775150E-30 0.441748577107E-08
0.137196093750E+04 0.923895616585E+00 0.340551064606E-33 0.000000000000E+00 0.881876475088E+00 0.420191414976E-01 0.000000000000E+00 0.177174268011E-07 0.113930092883E-08 0.400943543766E-07 0.517455775107E-30 0.441748584473E-08
0.206394140625E+04 0.923917901608E+00 0.340850601610E-33 0.000000000000E+00 0.881876527822E+00 0.420413737865E-01 0.000000000000E+00 0.177174471357E-07 0.113930121074E-08 0.400943841774E-07 0.517455775042E-30 0.441748580087E-08
0.310191210938E+04 0.923951419944E+00 0.341319265350E-33 0.000000000000E+00 0.881876602413E+00 0.420748175316E-01 0.000000000000E+00 0.177174779344E-07 0.113930158076E-08 0.400944273857E-07 0.517455774945E-30 0.441748588548E-08
0.465886816406E+04 0.924001719629E+00 0.342057832083E-33 0.000000000000E+00 0.881876703671E+00 0.421250159576E-01 0.000000000000E+00 0.177175249083E-07 0.113930198652E-08 0.400944878449E-07 0.517455774799E-30 0.441748637560E-08
0.699430224609E+04 0.924076810747E+00 0.343223744980E-33 0.000000000000E+00 0.881876830519E+00 0.421999802279E-01 0.000000000000E+00 0.177175965971E-07 0.113930231534E-08 0.400945703184E-07 0.517455774581E-30 0.441748785061E-08
0.104974533691E+05 0.924187748337E+00 0.345045873230E-33 0.000000000000E+00 0.881876964045E+00 0.423107842915E-01 0.000000000000E+00 0.177177061359E-07 0.113930226337E-08 0.400946779102E-07 0.517455774253E-30 0.441749159360E-08
0.157521800537E+05 0.924348690517E+00 0.347822657077E-33 0.000000000000E+00 0.881877039462E+00 0.424716510550E-01 0.000000000000E+00 0.177178734969E-07 0.113930115410E-08 0.400948091751E-07 0.517455773762E-30 0.441750029915E-08
0.236342700806E+05 0.924575679193E+00 0.351886590397E-33 0.000000000000E+00 0.881876850784E+00 0.426988284090E-01 0.000000000000E+00 0.177181272428E-07 0.113929761522E-08 0.400949506459E-07 0.517455773024E-30 0.441751929245E-08
0.354574051208E+05 0.924883964232E+00 0.357533576881E-33 0.000000000000E+00 0.881875967797E+00 0.430079964356E-01 0.000000000000E+00 0.177185089532E-07 0.113928919005E-08 0.400950704701E-07 0.517455771918E-30 0.441755873605E-08
0.531921076813E+05 0.925280590120E+00 0.364867887549E-33 0.000000000000E+00 0.881873497141E+00 0.434070929783E-01 0.000000000000E+00 0.177190766767E-07 0.113927157874E-08 0.400951023102E-07 0.517455770259E-30 0.441763766641E-08
0.797941615219E+05 0.925758242634E+00 0.373712718779E-33 0.000000000000E+00 0.881867676711E+00 0.438905659227E-01 0.000000000000E+00 0.177199128006E-07 0.113923695830E-08 0.400949053213E-07 0.517455767771E-30 0.441778922157E-08
0.119697242283E+06 0.926290120111E+00 0.383582466799E-33 0.000000000000E+00 0.881855222192E+00 0.444348979189E-01 0.000000000000E+00 0.177211262386E-07 0.113917246563E-08 0.400942307365E-07 0.517455764038E-30 0.441806512792E-08
0.179551863424E+06 0.926827461765E+00 0.393721394339E-33 0.000000000000E+00 0.881830432173E+00 0.449970295920E-01 0.000000000000E+00 0.177228502679E-07 0.113905854236E-08 0.400926819917E-07 0.517455758438E-30 0.441853831787E-08
0.269333795136E+06 0.927305646092E+00 0.403272175400E-33 0.000000000000E+00 0.881783834750E+00 0.455218113415E-01 0.000000000000E+00 0.177252181656E-07 0.113886691427E-08 0.400896520047E-07 0.517455750038E-30 0.441929307421E-08
0.404006692705E+06 0.927652277400E+00 0.411437243086E-33 0.000000000000E+00 0.881700768689E+00 0.459515087112E-01 0.000000000000E+00 0.177282958967E-07 0.113856179853E-08 0.400843981750E-07 0.517455737438E-30 0.442039686100E-08
0.606016039057E+06 0.927793927964E+00 0.417566900607E-33 0.000000000000E+00 0.881559924767E+00 0.462340031974E-01 0.000000000000E+00 0.177319238816E-07 0.113810312301E-08 0.400763062359E-07 0.517455718539E-30 0.442183268614E-08
0.909030058586E+06 0.927648438622E+00 0.420990739920E-33 0.000000000000E+00 0.881334652523E+00 0.463137860989E-01 0.000000000000E+00 0.177354285694E-07 0.113746243933E-08 0.400655616909E-07 0.517455690195E-30 0.442340146932E-08
0.136355108788E+07 0.927133290510E+00 0.420953667968E-33 0.000000000000E+00 0.881002018555E+00 0.461312719549E-01 0.000000000000E+00 0.177373552633E-07 0.113665189561E-08 0.400535146210E-07 0.517455647688E-30 0.442465459145E-08
0.204533263182E+07 0.926158786859E+00 0.416202978943E-33 0.000000000000E+00 0.880576673601E+00 0.455821132578E-01 0.000000000000E+00 0.177355881970E-07 0.113579142715E-08 0.400424403275E-07 0.517455583950E-30 0.442495695152E-08
0.306800494773E+07 0.924721085279E+00 0.405152993204E-33 0.000000000000E+00 0.880197289445E+00 0.445237958341E-01 0.000000000000E+00 0.177290633724E-07 0.113523822450E-08 0.400363224457E-07 0.517455488376E-30 0.442383750251E-08
0.460201342159E+07 0.923125448895E+00 0.387276494944E-33 0.000000000000E+00 0.880264967372E+00 0.428604815232E-01 0.000000000000E+00 0.177220911124E-07 0.113573550427E-08 0.400456410203E-07 0.517455345002E-30 0.442174057999E-08
0.690302613238E+07 0.922060885050E+00 0.363280793249E-33 0.000000000000E+00 0.881517817165E+00 0.405430678852E-01 0.000000000000E+00 0.177285087058E-07 0.113840439490E-08 0.400944038921E-07 0.517455129694E-30 0.442064743197E-08
0.103545451986E+08 0.922228804942E+00 0.333239493909E-33 0.000000000000E+00 0.884744855611E+00 0.374839493305E-01 0.000000000000E+00 0.177666232680E-07 0.114429284365E-08 0.402147591465E-07 0.517454806012E-30 0.442314633702E-08
0.155318237979E+08 0.923789003101E+00 0.294492960784E-33 0.000000000000E+00 0.890313080521E+00 0.334759225807E-01 0.000000000000E+00 0.181643382386E-07 0.110515255805E-08 0.389610046090E-07 0.517454319160E-30 0.448409682981E-08
0.232977416968E+08 0.926450290248E+00 0.242262965083E-33 0.000000000000E+00 0.898178941265E+00 0.282713489834E-01 0.000000000000E+00 0.182891119948E-07 0.111790750147E-08 0.392600383074E-07 0.517453586657E-30 0.449486382699E-08
0.349466185452E+08 0.929996566088E+00 0.176996027778E-33 0.000000000000E+00 0.907853591787E+00 0.221429743015E-01 0.000000000000E+00 0.184530821403E-07 0.113380796729E-08 0.396492404930E-07 0.517452484034E-30 0.450875559055E-08
0.524199338178E+08 0.934126953572E+00 0.108794733388E-33 0.000000000000E+00 0.918103071550E+00 0.160238820220E-01 0.000000000000E+00 0.186486493759E-07 0.115121270552E-08 0.401067511889E-07 0.517450823498E-30 0.452494611659E-08
0.786299067267E+08 0.938419044427E+00 0.515562154311E-34 0.000000000000E+00 0.927500748390E+00 0.109182960373E-01 0.000000000000E+00 0.188726880436E-07 0.116806270145E-08 0.406095238017E-07 0.517448321759E-30 0.454336310926E-08
0.117944866090E+09 0.942661965196E+00 0.218225662209E-34 0.000000000000E+00 0.934797326949E+00 0.786463824627E-02 0.000000000000E+00 0.191342707678E-07 0.118242653971E-08 0.411484642104E-07 0.517444551278E-30 0.456520874416E-08
0.131705101867E+09 0.943804046043E+00 0.188526542817E-34 0.000000000000E+00 0.936414712070E+00 0.738933397280E-02 0.000000000000E+00 0.192195440259E-07 0.118534875641E-08 0.412896436751E-07 0.517443224241E-30 0.457255888976E-08
0.184780297008E+09 0.948097394359E+00 0.936104659878E-35 0.000000000000E+00 0.942214695581E+00 0.588269877829E-02 0.000000000000E+00 0.198613183151E-07 0.114826241534E-08 0.403828081476E-07 0.517438098826E-30 0.465258992116E-08
0.237855492148E+09 0.952150810080E+00 0.674654590216E-35 0.000000000000E+00 0.947101851928E+00 0.504895815234E-02 0.000000000000E+00 0.201732512765E-07 0.115918661477E-08 0.409445605581E-07 0.517432946645E-30 0.467723955224E-08
0.290930687289E+09 0.956116042666E+00 0.623224419595E-35 0.000000000000E+00 0.951623885887E+00 0.449215677971E-02 0.000000000000E+00 0.204866991750E-07 0.116958910789E-08 0.415022394768E-07 0.517427767839E-30 0.470203049538E-08
0.344005882429E+09 0.960066041674E+00 0.628751513903E-35 0.000000000000E+00 0.955984909894E+00 0.408113178015E-02 0.000000000000E+00 0.208037945535E-07 0.117985025397E-08 0.420644289469E-07 0.517422562264E-30 0.472715406589E-08
0.423618675140E+09 0.966008922328E+00 0.683528144296E-35 0.000000000000E+00 0.962356672692E+00 0.365224963602E-02 0.000000000000E+00 0.212946400504E-07 0.119424652160E-08 0.428917589330E-07 0.517414692946E-30 0.476672139123E-08
0.543037864206E+09 0.975041786150E+00 0.822546925129E-35 0.000000000000E+00 0.971797136351E+00 0.324464979912E-02 0.000000000000E+00 0.223977887132E-07 0.116559924703E-08 0.425819502082E-07 0.517402748845E-30 0.488430105605E-08
0.722166647805E+09 0.988938698481E+00 0.112643704038E-34 0.000000000000E+00 0.986025865880E+00 0.291283260061E-02 0.000000000000E+00 0.236091950673E-07 0.119837916707E-08 0.445375908139E-07 0.517384505816E-30 0.498068672750E-08
0.943183345190E+09 0.100667630757E+01 0.169226139341E-34 0.000000000000E+00 0.100394268488E+01 0.273362268510E-02 0.000000000000E+00 0.255468093524E-07 0.119335540395E-08 0.455570046000E-07 0.517361473662E-30 0.516547363393E-08
0.114036374385E+10 0.102297356935E+01 0.245892361299E-34 0.000000000000E+00 0.102028351837E+01 0.269005097473E-02 0.000000000000E+00 0.270499974006E-07 0.123828396964E-08 0.481611218768E-07 0.517340487505E-30 0.528611591199E-08
0.131477714844E+10 0.103791702391E+01 0.344675833081E-34 0.000000000000E+00 0.103519487578E+01 0.272214813595E-02 0.000000000000E+00 0.288398877984E-07 0.122848541214E-08 0.488540063446E-07 0.517321571109E-30 0.546069063314E-08
0.148406042945E+10 0.105301440885E+01 0.481665456302E-34 0.000000000000E+00 0.105020298744E+01 0.281142140553E-02 0.000000000000E+00 0.303276283026E-07 0.126889094236E-08 0.512900399215E-07 0.517302868812E-30 0.558547975516E-08
0.165354818970E+10 0.106852972222E+01 0.676836491067E-34 0.000000000000E+00 0.106557693876E+01 0.295278346105E-02 0.000000000000E+00 0.322956129589E-07 0.125867112865E-08 0.520121077450E-07 0.517283785804E-30 0.577878314194E-08
0.182268735869E+10 0.108442544994E+01 0.955203717007E-34 0.000000000000E+00 0.108128086333E+01 0.314458661676E-02 0.000000000000E+00 0.339891656227E-07 0.130104122102E-08 0.546554586705E-07 0.517264369565E-30 0.592440427986E-08
0.198926538353E+10 0.110048906373E+01 0.134777786463E-33 0.000000000000E+00 0.109710470120E+01 0.338436252793E-02 0.000000000000E+00 0.361561679198E-07 0.129240251209E-08 0.554929341601E-07 0.517244870167E-30 0.613698644111E-08
0.215274162317E+10 0.111673032843E+01 0.190093247533E-33 0.000000000000E+00 0.111305685349E+01 0.367347493885E-02 0.000000000000E+00 0.380195697724E-07 0.133606566123E-08 0.582955837385E-07 0.517225357269E-30 0.629994589369E-08
0.231289792063E+10 0.113336372410E+01 0.268317923655E-33 0.000000000000E+00 0.112934630900E+01 0.401741510136E-02 0.000000000000E+00 0.403776086830E-07 0.132867030704E-08 0.592284168541E-07 0.517205871468E-30 0.653158524491E-08
0.246661912506E+10 0.114975300251E+01 0.375737854899E-33 0.000000000000E+00 0.114534482168E+01 0.440818083555E-02 0.000000000000E+00 0.423785590847E-07 0.137277662051E-08 0.621376316562E-07 0.517186813722E-30 0.670889538394E-08
0.261713707371E+10 0.116620884752E+01 0.525661684737E-33 0.000000000000E+00 0.116135212125E+01 0.485672627095E-02 0.000000000000E+00 0.448741122230E-07 0.136529295714E-08 0.630819635024E-07 0.517167798332E-30 0.695381009543E-08
0.276663822768E+10 0.118296657476E+01 0.738195173138E-33 0.000000000000E+00 0.117758963427E+01 0.537694049633E-02 0.000000000000E+00 0.470795572656E-07 0.141037055859E-08 0.661535482204E-07 0.517148546609E-30 0.715008813290E-08
0.291480043668E+10 0.119998835910E+01 0.103965673412E-32 0.000000000000E+00 0.119401087949E+01 0.597747960764E-02 0.000000000000E+00 0.498226224132E-07 0.140506068204E-08 0.672612134600E-07 0.517129093977E-30 0.741749384872E-08
0.306068272125E+10 0.121746118516E+01 0.146805618129E-32 0.000000000000E+00 0.121079034182E+01 0.667084334671E-02 0.000000000000E+00 0.522722728387E-07 0.145223265693E-08 0.705638276094E-07 0.517109572687E-30 0.763577542631E-08
0.320056387078E+10 0.123470811172E+01 0.205758479627E-32 0.000000000000E+00 0.122726445900E+01 0.744365272007E-02 0.000000000000E+00 0.551967031696E-07 0.144834597865E-08 0.717692103656E-07 0.517090503414E-30 0.791964022365E-08
0.333633303039E+10 0.125186629301E+01 0.287361870450E-32 0.000000000000E+00 0.124355547180E+01 0.831082120649E-02 0.000000000000E+00 0.577745369190E-07 0.149520155047E-08 0.751380842541E-07 0.517071650255E-30 0.814825146550E-08
0.347074570460E+10 0.126927432670E+01 0.402695845020E-32 0.000000000000E+00 0.125997146901E+01 0.930285769247E-02 0.000000000000E+00 0.604787753993E-07 0.154380817423E-08 0.786697615072E-07 0.517052633957E-30 0.839012517473E-08
0.360415315329E+10 0.128697566593E+01 0.566981665181E-32 0.000000000000E+00 0.127653308896E+01 0.104425769736E-01 0.000000000000E+00 0.637742560897E-07 0.154151861111E-08 0.800668782271E-07 0.517033399470E-30 0.870197137920E-08
0.373564868918E+10 0.130491348613E+01 0.800268787580E-32 0.000000000000E+00 0.129316823298E+01 0.117452531528E-01 0.000000000000E+00 0.667625997309E-07 0.159227263065E-08 0.838519808171E-07 0.517014078856E-30 0.896607128772E-08
0.386414488121E+10 0.132312065899E+01 0.112990730483E-31 0.000000000000E+00 0.130989345125E+01 0.132272077396E-01 0.000000000000E+00 0.703258404624E-07 0.159286699162E-08 0.854552540766E-07 0.516994847968E-30 0.930010044196E-08
0.398716138341E+10 0.134098852282E+01 0.158280057229E-31 0.000000000000E+00 0.132612130843E+01 0.148672143920E-01 0.000000000000E+00 0.734894601016E-07 0.164412953950E-08 0.893656035959E-07 0.516976102370E-30 0.957613734712E-08
0.410730142192E+10 0.135885837800E+01 0.221486670753E-31 0.000000000000E+00 0.134214400865E+01 0.167143693500E-01 0.000000000000E+00 0.772168233723E-07 0.164585675012E-08 0.910424723022E-07 0.516957462938E-30 0.992193452442E-08
0.422643714370E+10 0.137700322497E+01 0.311270627971E-31 0.000000000000E+00 0.135817468934E+01 0.188285356329E-01 0.000000000000E+00 0.806621457260E-07 0.169856570216E-08 0.951662328984E-07 0.516938639742E-30 0.102177112773E-07
0.434429300104E+10 0.139538353774E+01 0.439128317005E-31 0.000000000000E+00 0.137413662945E+01 0.212469082937E-01 0.000000000000E+00 0.842689529471E-07 0.175353800384E-08 0.994953346153E-07 0.516919673253E-30 0.105274699457E-07
0.446002647761E+10 0.141393870017E+01 0.620555932767E-31 0.000000000000E+00 0.138994026389E+01 0.239984362812E-01 0.000000000000E+00 0.884937422446E-07 0.175937766245E-08 0.101531547432E-06 0.516900705435E-30 0.109069734580E-07
0.457270287162E+10 0.143263739613E+01 0.876005733677E-31 0.000000000000E+00 0.140552857163E+01 0.271088245000E-01 0.000000000000E+00 0.923870686030E-07 0.181631608907E-08 0.106100998424E-06 0.516881908595E-30 0.112352115440E-07
0.468074201107E+10 0.145100111379E+01 0.122721697304E-30 0.000000000000E+00 0.142045211373E+01 0.305490000542E-01 0.000000000000E+00 0.963315339507E-07 0.187400338906E-08 0.110751519084E-06 0.516863569989E-30 0.115675237817E-07
0.478628142830E+10 0.146935548361E+01 0.171752736070E-30 0.000000000000E+00 0.143493623651E+01 0.344192471001E-01 0.000000000000E+00 0.100890204214E-06 0.188178394935E-08 0.112957770247E-06 0.516845343199E-30 0.119647273036E-07
0.489079250726E+10 0.148794809795E+01 0.241307057757E-30 0.000000000000E+00 0.144911431403E+01 0.388337839175E-01 0.000000000000E+00 0.105165149874E-06 0.194144726270E-08 0.117858256969E-06 0.516826975954E-30 0.123167063039E-07
0.499410835742E+10 0.150674244249E+01 0.340329443548E-30 0.000000000000E+00 0.146287474768E+01 0.438676948070E-01 0.000000000000E+00 0.110113497499E-06 0.195420162916E-08 0.120420245989E-06 0.516808496267E-30 0.127415707224E-07
0.509561117638E+10 0.152560674388E+01 0.481053726237E-30 0.000000000000E+00 0.147603077577E+01 0.495759681165E-01 0.000000000000E+00 0.114763232651E-06 0.201670602867E-08 0.125635591925E-06 0.516790018178E-30 0.131153661261E-07
0.519517105102E+10 0.154473225799E+01 0.681997959089E-30 0.000000000000E+00 0.148866936938E+01 0.560628886089E-01 0.000000000000E+00 0.119600063304E-06 0.208152894808E-08 0.131077785875E-06 0.516771582199E-30 0.135031200527E-07
0.529078208632E+10 0.156350430680E+01 0.961486430637E-30 0.000000000000E+00 0.150026700573E+01 0.632373010682E-01 0.000000000000E+00 0.124998099601E-06 0.209811177187E-08 0.133964890390E-06 0.516753580655E-30 0.139514009953E-07
0.538392435705E+10 0.158214245108E+01 0.135499689939E-29 0.000000000000E+00 0.151087998438E+01 0.712624667093E-01 0.000000000000E+00 0.130056136129E-06 0.216329604524E-08 0.139540256597E-06 0.516735752681E-30 0.143464000269E-07
0.547622831435E+10 0.160094621981E+01 0.192149544274E-29 0.000000000000E+00 0.152055978940E+01 0.803864304156E-01 0.000000000000E+00 0.135346264028E-06 0.223083587838E-08 0.145371602117E-06 0.516717789827E-30 0.147569305678E-07
0.556787287360E+10 0.161992438495E+01 0.274663555269E-29 0.000000000000E+00 0.152914029707E+01 0.907840878739E-01 0.000000000000E+00 0.141391854564E-06 0.225261792696E-08 0.148770101713E-06 0.516699655126E-30 0.152403367634E-07
0.565831030061E+10 0.163892550209E+01 0.395334514473E-29 0.000000000000E+00 0.153637016647E+01 0.102555335626E+00 0.000000000000E+00 0.147187307193E-06 0.232316899605E-08 0.155035563279E-06 0.516681458431E-30 0.156764225853E-07
0.574727463824E+10 0.165784926739E+01 0.572635875359E-29 0.000000000000E+00 0.154204812600E+01 0.115801141389E+00 0.000000000000E+00 0.153207892486E-06 0.239549284420E-08 0.161557528125E-06 0.516663259070E-30 0.161249719147E-07
0.583489834860E+10 0.167688900719E+01 0.835476272029E-29 0.000000000000E+00 0.154618313263E+01 0.130705874561E+00 0.000000000000E+00 0.159999069401E-06 0.242241507290E-08 0.165600663675E-06 0.516645045192E-30 0.166450192481E-07
0.591955409137E+10 0.169551318277E+01 0.121652843961E-28 0.000000000000E+00 0.154853183906E+01 0.146981343707E+00 0.000000000000E+00 0.166431000988E-06 0.249557603430E-08 0.172465458500E-06 0.516627173138E-30 0.171082231598E-07
0.600179511930E+10 0.171379471408E+01 0.176833452769E-28 0.000000000000E+00 0.154915450524E+01 0.164640208845E+00 0.000000000000E+00 0.173027703325E-06 0.256956972079E-08 0.179520504190E-06 0.516609544588E-30 0.175778929725E-07
0.608253175061E+10 0.173195833768E+01 0.256836661165E-28 0.000000000000E+00 0.154822316971E+01 0.183735167971E+00 0.000000000000E+00 0.179860952663E-06 0.264552180986E-08 0.186844011723E-06 0.516591974966E-30 0.180595178937E-07
0.616153636021E+10 0.175002438122E+01 0.370620498292E-28 0.000000000000E+00 0.154605502109E+01 0.203969360130E+00 0.000000000000E+00 0.187434526636E-06 0.267628549191E-08 0.191472403611E-06 0.516574522056E-30 0.186022405366E-07
0.623778708953E+10 0.176785611531E+01 0.525523230609E-28 0.000000000000E+00 0.154318862682E+01 0.224667488490E+00 0.000000000000E+00 0.194612026313E-06 0.275590931643E-08 0.199084231773E-06 0.516557426152E-30 0.190928497798E-07
0.631042033100E+10 0.178534434935E+01 0.724791524008E-28 0.000000000000E+00 0.154024759683E+01 0.245096752513E+00 0.000000000000E+00 0.201789762671E-06 0.283835635757E-08 0.206740448704E-06 0.516540903364E-30 0.195819207489E-07
0.637923263517E+10 0.180249724295E+01 0.967809382392E-28 0.000000000000E+00 0.153774678307E+01 0.264750459877E+00 0.000000000000E+00 0.209425419610E-06 0.287744259080E-08 0.211374109619E-06 0.516525025911E-30 0.201178825382E-07
0.644464000641E+10 0.181962312452E+01 0.125401666042E-27 0.000000000000E+00 0.153604748501E+01 0.283575639512E+00 0.000000000000E+00 0.216517722528E-06 0.296513314913E-08 0.218856771204E-06 0.516509728843E-30 0.205959474879E-07
0.650647868382E+10 0.183648110383E+01 0.157658462131E-27 0.000000000000E+00 0.153517282924E+01 0.301308274591E+00 0.000000000000E+00 0.223493960997E-06 0.305601498131E-08 0.226236428361E-06 0.516495074480E-30 0.210679010293E-07
0.656611913994E+10 0.185335457534E+01 0.193833384211E-27 0.000000000000E+00 0.153502483943E+01 0.318329735918E+00 0.000000000000E+00 0.230479659499E-06 0.315143865642E-08 0.233621465839E-06 0.516480753746E-30 0.215428263455E-07
0.662496590110E+10 0.187059391768E+01 0.234732912990E-27 0.000000000000E+00 0.153550237977E+01 0.335091537914E+00 0.000000000000E+00 0.238161658924E-06 0.320717057314E-08 0.238048612046E-06 0.516466432782E-30 0.220786422607E-07
0.668363940380E+10 0.188836125718E+01 0.281111101330E-27 0.000000000000E+00 0.153651759585E+01 0.351843661334E+00 0.000000000000E+00 0.245562011854E-06 0.331554901525E-08 0.245696120300E-06 0.516451955875E-30 0.225785664985E-07
0.674224836450E+10 0.190667565220E+01 0.333621520220E-27 0.000000000000E+00 0.153797076853E+01 0.368704883675E+00 0.000000000000E+00 0.253220821552E-06 0.343270010203E-08 0.253593943170E-06 0.516437288826E-30 0.230974618202E-07
0.680089778724E+10 0.192555904046E+01 0.393169744907E-27 0.000000000000E+00 0.153975156134E+01 0.385807479120E+00 0.000000000000E+00 0.261165791078E-06 0.356088649607E-08 0.261764913084E-06 0.516422396912E-30 0.236372440039E-07
0.685972381191E+10 0.194505064143E+01 0.460855265503E-27 0.000000000000E+00 0.154178152391E+01 0.403269117522E+00 0.000000000000E+00 0.269960810658E-06 0.365476820903E-08 0.267051127099E-06 0.516407235639E-30 0.242456759135E-07
0.691877903181E+10 0.196517564492E+01 0.538072552876E-27 0.000000000000E+00 0.154397574873E+01 0.421199896186E+00 0.000000000000E+00 0.278567916288E-06 0.380479188804E-08 0.275719796517E-06 0.516391780291E-30 0.248251295609E-07
0.697797932688E+10 0.198592744060E+01 0.626254953213E-27 0.000000000000E+00 0.154626132806E+01 0.439666112537E+00 0.000000000000E+00 0.287517553610E-06 0.396771212847E-08 0.284714763025E-06 0.516376042391E-30 0.254281160784E-07
0.703711331338E+10 0.200741107671E+01 0.727166420710E-27 0.000000000000E+00 0.154865309286E+01 0.458757983857E+00 0.000000000000E+00 0.296815025499E-06 0.414375026658E-08 0.294047199466E-06 0.516360074650E-30 0.260556397802E-07
0.709523742867E+10 0.202912619428E+01 0.840312163389E-27 0.000000000000E+00 0.155102526456E+01 0.478100929712E+00 0.000000000000E+00 0.306827318978E-06 0.428717427477E-08 0.300331899542E-06 0.516344131051E-30 0.267421535187E-07
0.715287392209E+10 0.205125439265E+01 0.968625898138E-27 0.000000000000E+00 0.155330332996E+01 0.497951062685E+00 0.000000000000E+00 0.316592252521E-06 0.448941234505E-08 0.309974046207E-06 0.516328067252E-30 0.273946642711E-07
0.721018812415E+10 0.207386968388E+01 0.111468509714E-26 0.000000000000E+00 0.155547556390E+01 0.518394119979E+00 0.000000000000E+00 0.326663743261E-06 0.470661075681E-08 0.319907960219E-06 0.516311832312E-30 0.280672807549E-07
0.726696031620E+10 0.209689232370E+01 0.128050011131E-26 0.000000000000E+00 0.155749732666E+01 0.539394997042E+00 0.000000000000E+00 0.337012522470E-06 0.493848472230E-08 0.330109134284E-06 0.516295484828E-30 0.287581346443E-07
0.732297362559E+10 0.212024022513E+01 0.146828252580E-26 0.000000000000E+00 0.155932765638E+01 0.560912568750E+00 0.000000000000E+00 0.347613739044E-06 0.519117101093E-08 0.340548762622E-06 0.516279086709E-30 0.294653379806E-07
0.737810095949E+10 0.214385669640E+01 0.168026020675E-26 0.000000000000E+00 0.156095460930E+01 0.582902087096E+00 0.000000000000E+00 0.358978499359E-06 0.541733208379E-08 0.347868433262E-06 0.516262677079E-30 0.302294881900E-07
0.743225643097E+10 0.216770024717E+01 0.191924647880E-26 0.000000000000E+00 0.156234884601E+01 0.605351401162E+00 0.000000000000E+00 0.370019908086E-06 0.570441601402E-08 0.358600000638E-06 0.516246285135E-30 0.309578870779E-07
0.748535297448E+10 0.219172085713E+01 0.218806244518E-26 0.000000000000E+00 0.156349307302E+01 0.628227784110E+00 0.000000000000E+00 0.381250339665E-06 0.601240498262E-08 0.369508222130E-06 0.516229942514E-30 0.316975723159E-07
0.753732645768E+10 0.221587913117E+01 0.249013619194E-26 0.000000000000E+00 0.156436311791E+01 0.651516013265E+00 0.000000000000E+00 0.392654481190E-06 0.634259821391E-08 0.380578005159E-06 0.516213675683E-30 0.324475244747E-07
0.758813481589E+10 0.224013528360E+01 0.282870271154E-26 0.000000000000E+00 0.156495876061E+01 0.675176522991E+00 0.000000000000E+00 0.404208220463E-06 0.669085467460E-08 0.391791041483E-06 0.516197505751E-30 0.332064772675E-07
0.763773601432E+10 0.226444866847E+01 0.320797161450E-26 0.000000000000E+00 0.156523959095E+01 0.699209077514E+00 0.000000000000E+00 0.416455013839E-06 0.702871552230E-08 0.399720649629E-06 0.516181455164E-30 0.340139601605E-07
0.768610019527E+10 0.228878609707E+01 0.363169480157E-26 0.000000000000E+00 0.156522453830E+01 0.723561558774E+00 0.000000000000E+00 0.428287135510E-06 0.742606280894E-08 0.411058790198E-06 0.516165543604E-30 0.347814170826E-07
0.773320187203E+10 0.231310862593E+01 0.410457159680E-26 0.000000000000E+00 0.156489207744E+01 0.748216548487E+00 0.000000000000E+00 0.440238055527E-06 0.785734103922E-08 0.422493384326E-06 0.516149790446E-30 0.355540488539E-07
0.777902713099E+10 0.233755257851E+01 0.463327069979E-26 0.000000000000E+00 0.156428600840E+01 0.773266570116E+00 0.000000000000E+00 0.452309443507E-06 0.831071567673E-08 0.434041122537E-06 0.516134215957E-30 0.363334620722E-07
0.782332175582E+10 0.236178961486E+01 0.521701721356E-26 0.000000000000E+00 0.156339011249E+01 0.798399502371E+00 0.000000000000E+00 0.464389137966E-06 0.879180804230E-08 0.445584867984E-06 0.516118921215E-30 0.371111628506E-07
0.786636382438E+10 0.238593639456E+01 0.586618837137E-26 0.000000000000E+00 0.156214024548E+01 0.823796149088E+00 0.000000000000E+00 0.477097435471E-06 0.927514740080E-08 0.453734528182E-06 0.516103823599E-30 0.379322675642E-07
0.790823724894E+10 0.241000963245E+01 0.658822906073E-26 0.000000000000E+00 0.156054536563E+01 0.849464266816E+00 0.000000000000E+00 0.489364067831E-06 0.982299935878E-08 0.465298700685E-06 0.516088905096E-30 0.387107640754E-07
0.794892701756E+10 0.243397091308E+01 0.738991451501E-26 0.000000000000E+00 0.155861378191E+01 0.875357131170E+00 0.000000000000E+00 0.501706995162E-06 0.104079285041E-07 0.476914241728E-06 0.516074182597E-30 0.394907416963E-07
0.798840675575E+10 0.245777504068E+01 0.827914465027E-26 0.000000000000E+00 0.155630523459E+01 0.901469806094E+00 0.000000000000E+00 0.514113373466E-06 0.110317887316E-07 0.488566872919E-06 0.516059677978E-30 0.402713171639E-07
0.802669087781E+10 0.248139479020E+01 0.926268998821E-26 0.000000000000E+00 0.155365730204E+01 0.927737488158E+00 0.000000000000E+00 0.526562534498E-06 0.116970034914E-07 0.500234590401E-06 0.516045398676E-30 0.410507797678E-07
0.806378756739E+10 0.250480091597E+01 0.103512782613E-25 0.000000000000E+00 0.155064421798E+01 0.954156697984E+00 0.000000000000E+00 0.539058631402E-06 0.124059979624E-07 0.511918923659E-06 0.516031354579E-30 0.418294439334E-07
0.809968293498E+10 0.252794807334E+01 0.115520896156E-25 0.000000000000E+00 0.154726223079E+01 0.980685842547E+00 0.000000000000E+00 0.551562412948E-06 0.131500321345E-07 0.523590451961E-06 0.516017564385E-30 0.426051248828E-07
0.813439851095E+10 0.255081215069E+01 0.128751732339E-25 0.000000000000E+00 0.154353620623E+01 0.100727594446E+01 0.000000000000E+00 0.564627456441E-06 0.139161186889E-07 0.531569773181E-06 0.516004033429E-30 0.434092780711E-07
0.816796978881E+10 0.257338319534E+01 0.143280177055E-25 0.000000000000E+00 0.153945395892E+01 0.103392923642E+01 0.000000000000E+00 0.577180463558E-06 0.147699484541E-07 0.543088201684E-06 0.515990761256E-30 0.441718999253E-07
0.820043534449E+10 0.259564559442E+01 0.159233126376E-25 0.000000000000E+00 0.153500131484E+01 0.106064427957E+01 0.000000000000E+00 0.589742742127E-06 0.156786711210E-07 0.554573802983E-06 0.515977745721E-30 0.449295157325E-07
0.823182615662E+10 0.261758643324E+01 0.176760908264E-25 0.000000000000E+00 0.153020745801E+01 0.108737897523E+01 0.000000000000E+00 0.602314026841E-06 0.166459250919E-07 0.566022930695E-06 0.515964987173E-30 0.456818214983E-07
0.826217115587E+10 0.263918895352E+01 0.196021862738E-25 0.000000000000E+00 0.152503590439E+01 0.111415304913E+01 0.000000000000E+00 0.614888697226E-06 0.176629204786E-07 0.577438157228E-06 0.515952486404E-30 0.464291299514E-07
0.829151265720E+10 0.266045064982E+01 0.217166164895E-25 0.000000000000E+00 0.151953711221E+01 0.114091353761E+01 0.000000000000E+00 0.627486343043E-06 0.187587385065E-07 0.588810498846E-06 0.515940238112E-30 0.471705911344E-07
0.831987791708E+10 0.268135298207E+01 0.240377892439E-25 0.000000000000E+00 0.151365193545E+01 0.116770104662E+01 0.000000000000E+00 0.640096610027E-06 0.199249937014E-07 0.600138031556E-06 0.515928242749E-30 0.479059687393E-07
0.834730559907E+10 0.270190072059E+01 0.265899323507E-25 0.000000000000E+00 0.150745496839E+01 0.119444575220E+01 0.000000000000E+00 0.653256242988E-06 0.211200647493E-07 0.607640917853E-06 0.515916495322E-30 0.486664211317E-07
0.837382221943E+10 0.272206427850E+01 0.293862008225E-25 0.000000000000E+00 0.150087707678E+01 0.122118720172E+01 0.000000000000E+00 0.665913098178E-06 0.224421188058E-07 0.618772865005E-06 0.515904995660E-30 0.493842430966E-07
0.839946334245E+10 0.274185063789E+01 0.324619235836E-25 0.000000000000E+00 0.149395900258E+01 0.124789163531E+01 0.000000000000E+00 0.678601924878E-06 0.238370314328E-07 0.629873764362E-06 0.515893739008E-30 0.500966818049E-07
0.842425881916E+10 0.276124871773E+01 0.358351840679E-25 0.000000000000E+00 0.148669278171E+01 0.127455593602E+01 0.000000000000E+00 0.691328561449E-06 0.253382347781E-07 0.640917557256E-06 0.515882722625E-30 0.508013744186E-07
0.844823101952E+10 0.278024770730E+01 0.395405121954E-25 0.000000000000E+00 0.147909749442E+01 0.130115021287E+01 0.000000000000E+00 0.704098500306E-06 0.269380995933E-07 0.651916431597E-06 0.515871946595E-30 0.514993743547E-07
0.847140687104E+10 0.279883416836E+01 0.436082517434E-25 0.000000000000E+00 0.147114046856E+01 0.132769369980E+01 0.000000000000E+00 0.716900366128E-06 0.286284869346E-07 0.662866787510E-06 0.515861408596E-30 0.521903133050E-07
0.849382297657E+10 0.281700998052E+01 0.480744603352E-25 0.000000000000E+00 0.146286785489E+01 0.135414212562E+01 0.000000000000E+00 0.729767380202E-06 0.304465926451E-07 0.673764919524E-06 0.515851101313E-30 0.528736462041E-07
0.851549770720E+10 0.283476739169E+01 0.529844612802E-25 0.000000000000E+00 0.145425474833E+01 0.138051264336E+01 0.000000000000E+00 0.742688336324E-06 0.323711162783E-07 0.684620102735E-06 0.515841025276E-30 0.535501054185E-07
0.853645498550E+10 0.285209808474E+01 0.583819161491E-25 0.000000000000E+00 0.144534101344E+01 0.140675707130E+01 0.000000000000E+00 0.755697821137E-06 0.344398977229E-07 0.695428795861E-06 0.515831178084E-30 0.542193278759E-07
0.855671998805E+10 0.286898672047E+01 0.643053271847E-25 0.000000000000E+00 0.143607629491E+01 0.143291042555E+01 0.000000000000E+00 0.768758947891E-06 0.366317707049E-07 0.706175956365E-06 0.515821556364E-30 0.548798754136E-07
0.857631549834E+10 0.288543690172E+01 0.708327721829E-25 0.000000000000E+00 0.142651214953E+01 0.145892475219E+01 0.000000000000E+00 0.782457536597E-06 0.389395227260E-07 0.712804398552E-06 0.515812157338E-30 0.555571053691E-07
0.859526968119E+10 0.290144396042E+01 0.780096025403E-25 0.000000000000E+00 0.141662723294E+01 0.148481672748E+01 0.000000000000E+00 0.795748917691E-06 0.414546747020E-07 0.723374597433E-06 0.515802975271E-30 0.561990352314E-07
0.861360122912E+10 0.291699903675E+01 0.859135442492E-25 0.000000000000E+00 0.140642783646E+01 0.151057120029E+01 0.000000000000E+00 0.809146682593E-06 0.441254747540E-07 0.733902690441E-06 0.515794008518E-30 0.568333020722E-07
0.863132813880E+10 0.293210060241E+01 0.946317823175E-25 0.000000000000E+00 0.139595690335E+01 0.153614369905E+01 0.000000000000E+00 0.822705527626E-06 0.469957595840E-07 0.744398313937E-06 0.515785255423E-30 0.574606679104E-07
0.864847520948E+10 0.294673255596E+01 0.104223440464E-24 0.000000000000E+00 0.138513772720E+01 0.156159482876E+01 0.000000000000E+00 0.836376357739E-06 0.500455866885E-07 0.754833805213E-06 0.515776710685E-30 0.580784836772E-07
0.866506545213E+10 0.296091223820E+01 0.114838272095E-24 0.000000000000E+00 0.137408761909E+01 0.158682461912E+01 0.000000000000E+00 0.850262385095E-06 0.533269503728E-07 0.765257150966E-06 0.515768369266E-30 0.586906954903E-07
0.868110802604E+10 0.297461506480E+01 0.126546189972E-24 0.000000000000E+00 0.136272870482E+01 0.161188635998E+01 0.000000000000E+00 0.864302711386E-06 0.568165949589E-07 0.775632230976E-06 0.515760232948E-30 0.592941235515E-07
0.869663514730E+10 0.298785235194E+01 0.139503103928E-24 0.000000000000E+00 0.135109862463E+01 0.163675372731E+01 0.000000000000E+00 0.878558994533E-06 0.605545456921E-07 0.785979457435E-06 0.515752291350E-30 0.598900550447E-07
0.871165285095E+10 0.300060853361E+01 0.153845045748E-24 0.000000000000E+00 0.133919919409E+01 0.166140933952E+01 0.000000000000E+00 0.893063447349E-06 0.645711330385E-07 0.796299864908E-06 0.515744547146E-30 0.604786665433E-07
0.872618490918E+10 0.301288714593E+01 0.169749450560E-24 0.000000000000E+00 0.132702885629E+01 0.168585828963E+01 0.000000000000E+00 0.907816987420E-06 0.688548228251E-07 0.806604587769E-06 0.515736993581E-30 0.610606292693E-07
0.874025313569E+10 0.302468417739E+01 0.187386587100E-24 0.000000000000E+00 0.131457404348E+01 0.171011013392E+01 0.000000000000E+00 0.922843747624E-06 0.734452533720E-07 0.816879016859E-06 0.515729624552E-30 0.616342284443E-07
0.875386855394E+10 0.303599260814E+01 0.207001978327E-24 0.000000000000E+00 0.130186743843E+01 0.173412516971E+01 0.000000000000E+00 0.938211854066E-06 0.783803973735E-07 0.827150696384E-06 0.515722439236E-30 0.622018002373E-07
0.876705281696E+10 0.304683091829E+01 0.228891191367E-24 0.000000000000E+00 0.128894596819E+01 0.175788495010E+01 0.000000000000E+00 0.953933404506E-06 0.836603850170E-07 0.837430752121E-06 0.515715430883E-30 0.627637580240E-07
0.877981382218E+10 0.305717153633E+01 0.253254934581E-24 0.000000000000E+00 0.127576218801E+01 0.178140934833E+01 0.000000000000E+00 0.970009100242E-06 0.893208898317E-07 0.847685614416E-06 0.515708599876E-30 0.633171307573E-07
0.879217049585E+10 0.306701365732E+01 0.280473834408E-24 0.000000000000E+00 0.126236729575E+01 0.180464636157E+01 0.000000000000E+00 0.986523028809E-06 0.954128458309E-07 0.857946055248E-06 0.515701940379E-30 0.638641997860E-07
0.880413682127E+10 0.307636634044E+01 0.310937910874E-24 0.000000000000E+00 0.124878684155E+01 0.182757949890E+01 0.000000000000E+00 0.100349702003E-05 0.101935705424E-06 0.868232340100E-06 0.515695448905E-30 0.644065022904E-07
0.881573050940E+10 0.308522175752E+01 0.345006800645E-24 0.000000000000E+00 0.123491500738E+01 0.185030675014E+01 0.000000000000E+00 0.102095992864E-05 0.108939522573E-06 0.878524115062E-06 0.515689119755E-30 0.649418576568E-07
0.882696725530E+10 0.309357356125E+01 0.383232993392E-24 0.000000000000E+00 0.122082282002E+01 0.187275074122E+01 0.000000000000E+00 0.103947626881E-05 0.116435633673E-06 0.884122334160E-06 0.515682948003E-30 0.654840070401E-07
0.883786088261E+10 0.310143523914E+01 0.426315415513E-24 0.000000000000E+00 0.120657631181E+01 0.189485892733E+01 0.000000000000E+00 0.105815279801E-05 0.124545421683E-06 0.894437400436E-06 0.515676929444E-30 0.660095597671E-07
0.884842577179E+10 0.310879961790E+01 0.474864302326E-24 0.000000000000E+00 0.119213858965E+01 0.191666102825E+01 0.000000000000E+00 0.107746716703E-05 0.133245891109E-06 0.904794654029E-06 0.515671059418E-30 0.665301926555E-07
0.885867737462E+10 0.311565199219E+01 0.529715308208E-24 0.000000000000E+00 0.117749689794E+01 0.193815509425E+01 0.000000000000E+00 0.109749031391E-05 0.142608698084E-06 0.915193493286E-06 0.515665332438E-30 0.670452038128E-07
0.886862003174E+10 0.312198773624E+01 0.591900210801E-24 0.000000000000E+00 0.116270710535E+01 0.195928063089E+01 0.000000000000E+00 0.111830789852E-05 0.152680333100E-06 0.925669622960E-06 0.515659748977E-30 0.675577953593E-07
0.887826671741E+10 0.312781002320E+01 0.662460854818E-24 0.000000000000E+00 0.114772337628E+01 0.198008664693E+01 0.000000000000E+00 0.113998219109E-05 0.163521368920E-06 0.936223735380E-06 0.515654304548E-30 0.680679881813E-07
0.888763729216E+10 0.313311743677E+01 0.742828171360E-24 0.000000000000E+00 0.113258349805E+01 0.200053393871E+01 0.000000000000E+00 0.116256179861E-05 0.175165246459E-06 0.946870138973E-06 0.515648990554E-30 0.685762499508E-07
0.889674311743E+10 0.313790328834E+01 0.834591360494E-24 0.000000000000E+00 0.111729072484E+01 0.202061256350E+01 0.000000000000E+00 0.118613036545E-05 0.187694110919E-06 0.957609955498E-06 0.515643803001E-30 0.690822527190E-07
0.890559307852E+10 0.314216557631E+01 0.939767400869E-24 0.000000000000E+00 0.110188779353E+01 0.204027778278E+01 0.000000000000E+00 0.121078292849E-05 0.201182855641E-06 0.968461758960E-06 0.515638739118E-30 0.695871407024E-07
0.891419264917E+10 0.314693699045E+01 0.105936310791E-23 0.000000000000E+00 0.108660334004E+01 0.206033365042E+01 0.000000000000E+00 0.123656528076E-05 0.215635156671E-06 0.979471417765E-06 0.515633796632E-30 0.700978709578E-07
0.892265891724E+10 0.315146355076E+01 0.119821465768E-23 0.000000000000E+00 0.107110053075E+01 0.208036302001E+01 0.000000000000E+00 0.126388041253E-05 0.231309867069E-06 0.990772751562E-06 0.515628910129E-30 0.706185195597E-07
0.893093097377E+10 0.315559039438E+01 0.135894525521E-23 0.000000000000E+00 0.105545520202E+01 0.210013519236E+01 0.000000000000E+00 0.129264946381E-05 0.248216952371E-06 0.100227880864E-05 0.515624116359E-30 0.711439907368E-07
0.893900346087E+10 0.315930284920E+01 0.154563456583E-23 0.000000000000E+00 0.103976141531E+01 0.211954143389E+01 0.000000000000E+00 0.132297351904E-05 0.266446884535E-06 0.101399801125E-05 0.515619420039E-30 0.716751008039E-07
0.894688114205E+10 0.316259784144E+01 0.176243355842E-23 0.000000000000E+00 0.102396831132E+01 0.213862953012E+01 0.000000000000E+00 0.135489595452E-05 0.286084737989E-06 0.102589083917E-05 0.515614820036E-30 0.722081553786E-07
0.895457107352E+10 0.316544801909E+01 0.201497749328E-23 0.000000000000E+00 0.100810396697E+01 0.215734405212E+01 0.000000000000E+00 0.138856063080E-05 0.307263012246E-06 0.103796812168E-05 0.515610313772E-30 0.727435145136E-07
0.896207685251E+10 0.316785008779E+01 0.230930398508E-23 0.000000000000E+00 0.992190110868E+00 0.217565997692E+01 0.000000000000E+00 0.142404068886E-05 0.330044279024E-06 0.105023913271E-05 0.515605900599E-30 0.732821030833E-07
0.896940728564E+10 0.316980560286E+01 0.265285135511E-23 0.000000000000E+00 0.976245282888E+00 0.219356031997E+01 0.000000000000E+00 0.146149610309E-05 0.354561455114E-06 0.106272900893E-05 0.515601576704E-30 0.738258956226E-07
0.897657101231E+10 0.317132243029E+01 0.305521151649E-23 0.000000000000E+00 0.960309782874E+00 0.221101264741E+01 0.000000000000E+00 0.150110075481E-05 0.380956717880E-06 0.107546763019E-05 0.515597338253E-30 0.743769500410E-07
0.898357421488E+10 0.317240400215E+01 0.352741961340E-23 0.000000000000E+00 0.944386502647E+00 0.222801749950E+01 0.000000000000E+00 0.154252426859E-05 0.409397310981E-06 0.109419524781E-05 0.515593182823E-30 0.749332076838E-07
0.899041861147E+10 0.317303075424E+01 0.408151451977E-23 0.000000000000E+00 0.928448531543E+00 0.224458222270E+01 0.000000000000E+00 0.158678542347E-05 0.439951535016E-06 0.110741888093E-05 0.515589110593E-30 0.754925094426E-07
0.899710984103E+10 0.317319058770E+01 0.473310010314E-23 0.000000000000E+00 0.912530871541E+00 0.226065971616E+01 0.000000000000E+00 0.163354945356E-05 0.472764201523E-06 0.112086279658E-05 0.515585119344E-30 0.760558652009E-07
0.900365324788E+10 0.317288286472E+01 0.550132248629E-23 0.000000000000E+00 0.896702571407E+00 0.227618029331E+01 0.000000000000E+00 0.168303509033E-05 0.508010650620E-06 0.113456741281E-05 0.515581206908E-30 0.766267273540E-07
0.901005649224E+10 0.317212324895E+01 0.640801828900E-23 0.000000000000E+00 0.880951836872E+00 0.229117141208E+01 0.000000000000E+00 0.173540417124E-05 0.545850027333E-06 0.114853526918E-05 0.515577369687E-30 0.772050567153E-07
0.901632623357E+10 0.317120367383E+01 0.747668841145E-23 0.000000000000E+00 0.865328091302E+00 0.230587558253E+01 0.000000000000E+00 0.179079210474E-05 0.586402866125E-06 0.116278291023E-05 0.515573604134E-30 0.777931954097E-07
