0.120000000000E+02 0.891942782748E+14 0.870311079208E+17 0.774947107431E+17 -.119024110424E+16
0.240000000000E+02 0.891924387013E+14 0.870299818126E+17 0.774937080720E+17 -.119022996580E+16
0.420000000000E+02 0.891924344909E+14 0.870299792194E+17 0.774937057132E+17 -.119022994165E+16
0.690000000000E+02 0.891924347741E+14 0.870299793894E+17 0.774937057755E+17 -.119022994725E+16
0.109500000000E+03 0.891924353049E+14 0.870299797190E+17 0.774937059333E+17 -.119022995665E+16
0.170250000000E+03 0.891924361690E+14 0.870299802645E+17 0.774937062150E+17 -.119022997136E+16
0.261375000000E+03 0.891924375185E+14 0.870299811271E+17 0.774937066767E+17 -.119022999395E+16
0.398062500000E+03 0.891924395889E+14 0.870299824648E+17 0.774937074079E+17 -.119023002840E+16
0.603093750000E+03 0.891924427345E+14 0.870299845184E+17 0.774937085460E+17 -.119023008073E+16
0.910640625000E+03 0.891924474783E+14 0.870299876507E+17 0.774937102983E+17 -.119023016002E+16
0.137196093750E+04 0.891924545915E+14 0.870299924104E+17 0.774937129799E+17 -.119023028008E+16
0.206394140625E+04 0.891924465706E+14 0.870299948362E+17 0.774937129211E+17 -.119023044156E+16
0.310191210938E+04 0.891924435259E+14 0.870299964554E+17 0.774937115707E+17 -.119023056713E+16
0.465886816406E+04 0.891924575054E+14 0.870299935589E+17 0.774937073977E+17 -.119023033635E+16
0.699430224609E+04 0.891925162049E+14 0.870299763452E+17 0.774936975029E+17 -.119022882830E+16
0.104974533691E+05 0.891926807155E+14 0.870299236394E+17 0.774936749940E+17 -.119022415301E+16
0.157521800537E+05 0.891930805285E+14 0.870297948595E+17 0.774936216221E+17 -.119021323510E+16
0.236342700806E+05 0.891939752741E+14 0.870295149391E+17 0.774934915346E+17 -.119019169011E+16
0.354574051208E+05 0.891957770919E+14 0.870289561193E+17 0.774931899807E+17 -.119015402177E+16
0.531921076813E+05 0.891993388342E+14 0.870278824692E+17 0.774925230470E+17 -.119009194065E+16
0.797941615219E+05 0.892059315817E+14 0.870258904543E+17 0.774911436613E+17 -.118999361968E+16
0.119697242283E+06 0.892170582835E+14 0.870223373926E+17 0.774884898768E+17 -.118984292899E+16
0.179551863424E+06 0.892343633244E+14 0.870162553931E+17 0.774837128812E+17 -.118961781902E+16
0.269333795136E+06 0.892586174419E+14 0.870063591634E+17 0.774756733870E+17 -.118929467022E+16
0.404006692705E+06 0.892894237628E+14 0.869910888014E+17 0.774629755142E+17 -.118885009833E+16
0.606016039057E+06 0.893236539974E+14 0.869689576910E+17 0.774442414009E+17 -.118827466212E+16
0.909030058586E+06 0.893552399615E+14 0.869392891338E+17 0.774187331468E+17 -.118758779418E+16
0.136355108788E+07 0.893752195906E+14 0.869037652349E+17 0.773876803924E+17 -.118686585708E+16
0.204533263182E+07 0.893737738296E+14 0.868696697276E+17 0.773570869515E+17 -.118629209757E+16
0.306800494773E+07 0.893464718932E+14 0.868549893064E+17 0.773422095699E+17 -.118621871806E+16
0.460201342159E+07 0.893078466659E+14 0.868915152555E+17 0.773704393419E+17 -.118715472237E+16
0.690302613238E+07 0.893031956095E+14 0.870197915998E+17 0.774770701203E+17 -.118961825258E+16
0.103545451986E+08 0.893860417323E+14 0.872726119914E+17 0.776905871232E+17 -.119395250712E+16
0.155318237979E+08 0.895747662177E+14 0.876644915990E+17 0.780227262976E+17 -.120035263404E+16
0.232977416968E+08 0.898464737521E+14 0.882040353737E+17 0.784786718145E+17 -.120912630527E+16
0.349466185452E+08 0.901638169642E+14 0.888763106383E+17 0.790421996354E+17 -.122023332550E+16
0.524199338178E+08 0.904909357864E+14 0.896143695890E+17 0.796507995929E+17 -.123270167005E+16
0.786299067267E+08 0.908411203425E+14 0.903372773921E+17 0.802281801838E+17 -.124510229788E+16
0.117944866090E+09 0.913403759613E+14 0.909721410343E+17 0.807045096553E+17 -.125563536889E+16
0.131705101867E+09 0.915197534097E+14 0.911337051367E+17 0.808183536801E+17 -.125820092637E+16
0.184780297008E+09 0.922075633835E+14 0.917328186785E+17 0.812358587978E+17 -.126768886084E+16
0.237855492148E+09 0.928984063099E+14 0.922776252644E+17 0.816035964183E+17 -.127622244671E+16
0.290930687289E+09 0.935846361586E+14 0.928060038440E+17 0.819547887296E+17 -.128452048405E+16
0.344005882429E+09 0.942682977711E+14 0.933320473498E+17 0.823005336772E+17 -.129285015745E+16
0.423618675140E+09 0.952930503213E+14 0.941253146028E+17 0.828160799653E+17 -.130554497513E+16
0.543037864206E+09 0.968404827689E+14 0.953485198849E+17 0.835944717659E+17 -.132557493419E+16
0.722166647805E+09 0.992054805811E+14 0.973355887634E+17 0.847686443048E+17 -.136050225444E+16
0.943183345190E+09 0.102264618861E+15 0.999166652348E+17 0.862746286419E+17 -.140619777433E+16
0.114036374385E+10 0.105136960066E+15 0.102344694483E+18 0.876715308082E+17 -.144948485469E+16
0.131477714844E+10 0.107807515802E+15 0.104599789397E+18 0.889525758205E+17 -.148989987897E+16
0.148406042945E+10 0.110533891945E+15 0.106894961923E+18 0.902411310255E+17 -.153119795593E+16
0.165354818970E+10 0.113391771551E+15 0.109302278773E+18 0.915753164103E+17 -.157475953471E+16
0.182268735869E+10 0.116381950121E+15 0.111821943088E+18 0.929533558194E+17 -.162060898563E+16
0.198926538353E+10 0.119471428338E+15 0.114425817187E+18 0.943578828362E+17 -.166825869690E+16
0.215274162317E+10 0.122660052491E+15 0.117109579595E+18 0.957855021080E+17 -.171761622791E+16
0.231289792063E+10 0.125963732615E+15 0.119875627433E+18 0.972371829766E+17 -.176865861232E+16
0.246661912506E+10 0.129294605216E+15 0.122661456532E+18 0.986774013074E+17 -.182034130094E+16
0.261713707371E+10 0.132719102009E+15 0.125522477582E+18 0.100133881441E+18 -.187370287255E+16
0.276663822768E+10 0.136287616520E+15 0.128504439059E+18 0.101628022661E+18 -.192964062700E+16
0.291480043668E+10 0.140000276792E+15 0.131608256029E+18 0.103158241449E+18 -.198819869365E+16
0.306068272125E+10 0.143863292755E+15 0.134825103960E+18 0.104719400187E+18 -.204912754092E+16
0.320056387078E+10 0.147761671201E+15 0.138067239780E+18 0.106266486631E+18 -.211084786116E+16
0.333633303039E+10 0.151734928552E+15 0.141371136390E+18 0.107815684720E+18 -.217409170037E+16
0.347074570460E+10 0.155866413426E+15 0.144806441694E+18 0.109397797982E+18 -.224021460614E+16
0.360415315329E+10 0.160177054300E+15 0.148390664630E+18 0.111018033016E+18 -.230958612143E+16
0.373564868918E+10 0.164645631840E+15 0.152108016981E+18 0.112666811027E+18 -.238193500710E+16
0.386414488121E+10 0.169253994795E+15 0.155934930892E+18 0.114332721537E+18 -.245675065096E+16
0.398716138341E+10 0.173886608616E+15 0.159789456645E+18 0.115978071348E+18 -.253254038766E+16
0.410730142192E+10 0.178626276839E+15 0.163748776073E+18 0.117635094635E+18 -.261087367922E+16
0.422643714370E+10 0.183553162703E+15 0.167880752353E+18 0.119329917393E+18 -.269311750839E+16
0.434429300104E+10 0.188666504014E+15 0.172187077008E+18 0.121060376365E+18 -.277934250457E+16
0.446002647761E+10 0.193939520118E+15 0.176645357977E+18 0.122814913747E+18 -.286911991841E+16
0.457270287162E+10 0.199339328807E+15 0.181224976485E+18 0.124580742815E+18 -.296180641347E+16
0.468074201107E+10 0.204764882784E+15 0.185852878930E+18 0.126328306796E+18 -.305600971447E+16
0.478628142830E+10 0.210323062375E+15 0.190616106266E+18 0.128089516429E+18 -.315347899173E+16
0.489079250726E+10 0.216101768693E+15 0.195587158453E+18 0.129887658335E+18 -.325571338001E+16
0.499410835742E+10 0.222113566603E+15 0.200769245206E+18 0.131719069592E+18 -.336278085426E+16
0.509561117638E+10 0.228345315154E+15 0.206139074583E+18 0.133570001830E+18 -.347418810256E+16
0.519517105102E+10 0.234829534551E+15 0.211695186169E+18 0.135434181923E+18 -.358979194750E+16
0.529078208632E+10 0.241421203590E+15 0.217318000545E+18 0.137266545805E+18 -.370719115737E+16
0.538392435705E+10 0.248239604184E+15 0.223084686518E+18 0.139086520127E+18 -.382792223850E+16
0.547622831435E+10 0.255443298233E+15 0.229099647226E+18 0.140916582995E+18 -.395412257275E+16
0.556787287360E+10 0.263105284721E+15 0.235385432873E+18 0.142748752227E+18 -.408621556690E+16
0.565831030061E+10 0.271240719167E+15 0.241914521109E+18 0.144558456111E+18 -.422358053967E+16
0.574727463824E+10 0.279863614862E+15 0.248673850135E+18 0.146325082191E+18 -.436600041073E+16
0.583489834860E+10 0.289014646734E+15 0.255682598213E+18 0.148039680023E+18 -.451395172271E+16
0.591955409137E+10 0.298462932081E+15 0.262816708073E+18 0.149666398868E+18 -.466520044180E+16
0.600179511930E+10 0.308155551355E+15 0.270130859736E+18 0.151222914297E+18 -.482141649917E+16
0.608253175061E+10 0.318002030066E+15 0.277733849873E+18 0.152750101027E+18 -.498578567255E+16
0.616153636021E+10 0.327691164826E+15 0.285651321170E+18 0.154292001040E+18 -.515996095313E+16
0.623778708953E+10 0.336709685157E+15 0.293826567461E+18 0.155900007341E+18 -.534400341424E+16
0.631042033100E+10 0.344577677496E+15 0.302191499566E+18 0.157636278895E+18 -.553740719776E+16
0.637923263517E+10 0.351065902407E+15 0.310711329214E+18 0.159558572156E+18 -.573961505631E+16
0.644464000641E+10 0.356228913018E+15 0.319385855682E+18 0.161706391890E+18 -.595003301987E+16
0.650647868382E+10 0.360122572264E+15 0.328140679381E+18 0.164081797034E+18 -.616636063050E+16
0.656611913994E+10 0.363038876124E+15 0.337103175250E+18 0.166724687924E+18 -.639071875631E+16
0.662496590110E+10 0.365208132471E+15 0.346445558493E+18 0.169689804474E+18 -.662670101283E+16
0.668363940380E+10 0.366804285112E+15 0.356255236821E+18 0.173007605755E+18 -.687588680501E+16
0.674224836450E+10 0.367964194420E+15 0.366556271583E+18 0.176684127065E+18 -.713839561460E+16
0.680089778724E+10 0.368815069461E+15 0.377384991886E+18 0.180725623613E+18 -.741472457150E+16
0.685972381191E+10 0.369453872387E+15 0.388796058540E+18 0.185142637439E+18 -.770601632551E+16
0.691877903181E+10 0.369970250559E+15 0.400843738988E+18 0.189944570360E+18 -.801341610542E+16
0.697797932688E+10 0.370428431147E+15 0.413561821535E+18 0.195131356956E+18 -.833768082754E+16
0.703711331338E+10 0.370895308192E+15 0.426952502844E+18 0.200689089969E+18 -.867869925124E+16
0.709523742867E+10 0.371361259633E+15 0.440875925867E+18 0.206543028124E+18 -.903321787693E+16
0.715287392209E+10 0.371875951994E+15 0.455488741958E+18 0.212743991657E+18 -.940513313215E+16
0.721018812415E+10 0.372460753532E+15 0.470897429607E+18 0.219324242044E+18 -.979721321994E+16
0.726696031620E+10 0.373126197225E+15 0.487109557787E+18 0.226274973977E+18 -.102097323293E+17
0.732297362559E+10 0.373881703955E+15 0.504131751209E+18 0.233588048139E+18 -.106429062991E+17
0.737810095949E+10 0.374723516526E+15 0.521986808715E+18 0.241263046750E+18 -.110974417664E+17
0.743225643097E+10 0.375654777130E+15 0.540706846967E+18 0.249304746567E+18 -.115741952051E+17
0.748535297448E+10 0.376672899614E+15 0.560317872690E+18 0.257716027759E+18 -.120738843363E+17
0.753732645768E+10 0.377779169765E+15 0.580851025499E+18 0.266502785771E+18 -.125972951583E+17
0.758813481589E+10 0.378965061494E+15 0.602344992465E+18 0.275674356667E+18 -.131454769561E+17
0.763773601432E+10 0.380233043285E+15 0.624828957701E+18 0.285236707955E+18 -.137191020958E+17
0.768610019527E+10 0.381572956981E+15 0.648344960881E+18 0.295201059647E+18 -.143192802120E+17
0.773320187203E+10 0.382983491959E+15 0.672923546818E+18 0.305574129837E+18 -.149467120647E+17
0.777902713099E+10 0.384476340769E+15 0.698576960436E+18 0.316355574180E+18 -.156014530068E+17
0.782332175582E+10 0.386011081053E+15 0.725230885574E+18 0.327507143482E+18 -.162818401591E+17
0.786636382438E+10 0.387607609559E+15 0.753063804022E+18 0.339098113084E+18 -.169921527509E+17
0.790823724894E+10 0.389263149777E+15 0.782178685883E+18 0.351164485253E+18 -.177349194518E+17
0.794892701756E+10 0.390972388617E+15 0.812616876860E+18 0.363716114704E+18 -.185110647993E+17
0.798840675575E+10 0.392734754613E+15 0.844402733705E+18 0.376755832061E+18 -.193209906709E+17
0.802669087781E+10 0.394539133671E+15 0.877600373601E+18 0.390301736247E+18 -.201662485143E+17
0.806378756739E+10 0.396391272989E+15 0.912249355851E+18 0.404362371864E+18 -.210475162631E+17
0.809968293498E+10 0.398280726123E+15 0.948379816938E+18 0.418941212597E+18 -.219654105275E+17
0.813439851095E+10 0.400206054677E+15 0.986046194254E+18 0.434051562644E+18 -.229210492320E+17
0.816796978881E+10 0.402169736675E+15 0.102532212946E+19 0.449714036955E+18 -.239159729726E+17
0.820043534449E+10 0.404165632073E+15 0.106627973465E+19 0.465947326123E+18 -.249517750877E+17
0.823182615662E+10 0.406195662035E+15 0.110899788802E+19 0.482772582455E+18 -.260300880164E+17
0.826217115587E+10 0.408261659995E+15 0.115354034004E+19 0.500204350482E+18 -.271521243009E+17
0.829151265720E+10 0.410359993388E+15 0.120002202952E+19 0.518275724901E+18 -.283204727601E+17
0.831987791708E+10 0.412492551867E+15 0.124850298040E+19 0.536998147179E+18 -.295361934042E+17
0.834730559907E+10 0.414666800212E+15 0.129912074308E+19 0.556412359018E+18 -.308022231833E+17
0.837382221943E+10 0.416869116652E+15 0.135193815306E+19 0.576527572468E+18 -.321198767170E+17
0.839946334245E+10 0.419117059638E+15 0.140708358858E+19 0.597379912356E+18 -.334916263269E+17
0.842425881916E+10 0.421399998677E+15 0.146468506970E+19 0.619001142220E+18 -.349203478670E+17
0.844823101952E+10 0.423725230255E+15 0.152484698885E+19 0.641414937693E+18 -.364079901520E+17
0.847140687104E+10 0.426091472725E+15 0.158766766853E+19 0.664640759930E+18 -.379564622417E+17
0.849382297657E+10 0.428501052631E+15 0.165333648513E+19 0.688730348210E+18 -.395698811916E+17
0.851549770720E+10 0.430959696180E+15 0.172196957167E+19 0.713707715950E+18 -.412504110554E+17
0.853645498550E+10 0.433468981987E+15 0.179371583051E+19 0.739606831981E+18 -.430010808675E+17
0.855671998805E+10 0.436022899643E+15 0.186872564495E+19 0.766459445299E+18 -.448250666691E+17
0.857631549834E+10 0.438638655550E+15 0.194715295176E+19 0.794300630203E+18 -.467251642199E+17
0.859526968119E+10 0.441310288753E+15 0.202920854229E+19 0.823179957029E+18 -.487059790364E+17
0.861360122912E+10 0.444044370593E+15 0.211507640040E+19 0.853137630037E+18 -.507711690157E+17
0.863132813880E+10 0.446848375449E+15 0.220492056513E+19 0.884205568363E+18 -.529238420138E+17
0.864847520948E+10 0.449713249522E+15 0.229893540442E+19 0.916421107691E+18 -.551681630861E+17
0.866506545213E+10 0.452666873975E+15 0.239745674662E+19 0.949874042146E+18 -.575109390476E+17
0.868110802604E+10 0.455691259010E+15 0.250052747751E+19 0.984544965814E+18 -.599527467896E+17
0.869663514730E+10 0.458809228474E+15 0.260859434185E+19 0.102055467980E+19 -.625030845779E+17
0.871165285095E+10 0.462016565773E+15 0.272176940188E+19 0.105790543050E+19 -.651638537232E+17
0.872618490918E+10 0.465323284450E+15 0.284034381525E+19 0.109665926919E+19 -.679409464060E+17
0.874025313569E+10 0.468734831893E+15 0.296467972020E+19 0.113689677871E+19 -.708419997207E+17
0.875386855394E+10 0.472258260328E+15 0.309497711845E+19 0.117864489480E+19 -.738706649246E+17
0.876705281696E+10 0.475918998117E+15 0.323172873401E+19 0.122202489219E+19 -.770370626540E+17
0.877981382218E+10 0.479700974852E+15 0.337511204745E+19 0.126704494737E+19 -.803447588928E+17
0.879217049585E+10 0.483622590728E+15 0.352554182450E+19 0.131379394976E+19 -.838020455749E+17
0.880413682127E+10 0.487696359397E+15 0.368335867710E+19 0.136233353964E+19 -.874155072411E+17
0.881573050940E+10 0.491923743411E+15 0.384895585905E+19 0.141273450367E+19 -.911931925455E+17
0.882696725530E+10 0.496319017242E+15 0.402277006304E+19 0.146508145980E+19 -.951437247108E+17
0.883786088261E+10 0.500902264440E+15 0.420525125528E+19 0.151946190151E+19 -.992757392349E+17
0.884842577179E+10 0.505671802323E+15 0.439678690541E+19 0.157593387885E+19 -.103596937246E+18
0.885867737462E+10 0.510645985365E+15 0.459797578980E+19 0.163461989500E+19 -.108119225961E+18
0.886862003174E+10 0.515831235758E+15 0.480912664047E+19 0.169555247300E+19 -.112847992391E+18
0.887826671741E+10 0.521215502500E+15 0.503050767147E+19 0.175874330414E+19 -.117788229559E+18
0.888763729216E+10 0.526819149276E+15 0.526276062508E+19 0.182431852293E+19 -.122952404477E+18
0.889674311743E+10 0.532656638866E+15 0.550641746483E+19 0.189236777357E+19 -.128350442972E+18
0.890559307852E+10 0.538749432042E+15 0.576207078190E+19 0.196299728308E+19 -.133993214134E+18
0.891419264917E+10 0.544980961986E+15 0.602898324644E+19 0.203589037712E+19 -.139866200444E+18
0.892265891724E+10 0.551495043598E+15 0.631138787021E+19 0.211215197358E+19 -.146058659069E+18
0.893093097377E+10 0.558285478919E+15 0.660800726800E+19 0.219136787238E+19 -.152538968116E+18
0.893900346087E+10 0.565378664481E+15 0.691927782307E+19 0.227359099211E+19 -.159313308663E+18
0.894688114205E+10 0.572760949873E+15 0.724567594636E+19 0.235885933073E+19 -.166390213173E+18
0.895457107352E+10 0.580442994116E+15 0.758796458974E+19 0.244729312207E+19 -.173783520004E+18
0.896207685251E+10 0.588410212424E+15 0.794655124727E+19 0.253890589389E+19 -.181499940786E+18
0.896940728564E+10 0.596656322204E+15 0.832205726134E+19 0.263376539380E+19 -.189550529266E+18
0.897657101231E+10 0.605195950279E+15 0.871529998730E+19 0.273199639106E+19 -.197949555309E+18
0.898357421488E+10 0.614037677341E+15 0.912701202134E+19 0.283369555062E+19 -.206709369883E+18
0.899041861147E+10 0.623160218728E+15 0.955745113490E+19 0.293882536239E+19 -.215833007517E+18
0.899710984103E+10 0.632566768508E+15 0.100072810851E+20 0.304745845686E+19 -.225331232187E+18
0.900365324788E+10 0.642260065453E+15 0.104771569805E+20 0.315966248560E+19 -.235214409508E+18
0.901005649224E+10 0.652229344466E+15 0.109677465799E+20 0.327549381369E+19 -.245493698324E+18
0.901632623357E+10 0.662431486255E+15 0.114792976825E+20 0.339488625453E+19 -.256172709736E+18
