  1.791543939742548E-002 -1.040471953645962E+034
  1.807483707114435E-002 -8.880903641063594E+033
  1.823423474486323E-002 -7.474599208927267E+033
  1.839363241858210E-002 -6.180425737632726E+033
  1.855303009230098E-002 -4.993266865918241E+033
  1.871242776601986E-002 -3.908255777533007E+033
  1.886508582249360E-002 -2.942382312536740E+033
  1.901774387896735E-002 -2.026749629016826E+033
  1.917040193544110E-002 -1.159339467698963E+033
  1.932305999191485E-002 -3.382229968953852E+032
  1.947571804838859E-002  4.384436896508162E+032
  1.962837610486234E-002  1.172423818653077E+033
  1.978103416133608E-002  1.865403943219773E+033
  1.993369221780983E-002  2.518997724012942E+033
  2.008635027428357E-002  3.134749499734719E+033
  2.023900833075732E-002  3.714137660069541E+033
  2.038644904585296E-002  4.238072828550805E+033
  2.053388976094860E-002  4.725804216483896E+033
  2.068133047604423E-002  5.178709508889239E+033
  2.082877119113987E-002  5.598110416296831E+033
  2.097621190623551E-002  5.985275234014564E+033
  2.112365262133115E-002  6.341421269594372E+033
  2.127109333642678E-002  6.667717146077340E+033
  2.141853405152242E-002  6.965284988117034E+033
  2.156597476661806E-002  7.235202497631455E+033
  2.171341548171370E-002  7.478504925216245E+033
  2.185674698488608E-002  7.694904317137017E+033
  2.200007848805846E-002  7.896543813626842E+033
  2.214340999123085E-002  8.083937996822013E+033
  2.228674149440323E-002  8.257582383654832E+033
  2.243007299757561E-002  8.417954220006565E+033
  2.257340450074800E-002  8.565513237601750E+033
  2.271673600392039E-002  8.700702375596770E+033
  2.286006750709277E-002  8.823948468702344E+033
  2.300339901026515E-002  8.935662903573643E+033
  2.314673051343754E-002  9.036242245102117E+033
  2.328679149329119E-002  9.126305681631777E+033
  2.342685247314484E-002  9.210579775503110E+033
  2.356691345299850E-002  9.289250389356275E+033
  2.370697443285216E-002  9.362497051708314E+033
  2.384703541270582E-002  9.430493199653652E+033
  2.398709639255947E-002  9.493406411087302E+033
  2.412715737241312E-002  9.551398626956390E+033
  2.426721835226678E-002  9.604626364018427E+033
  2.440727933212044E-002  9.653240918559514E+033
  2.454734031197409E-002  9.697388561501533E+033
  2.468478559139557E-002  9.738014170958840E+033
  2.482223087081703E-002  9.777449122748950E+033
  2.495967615023851E-002  9.815725348326791E+033
  2.509712142965998E-002  9.852873812554116E+033
  2.523456670908145E-002  9.888924547257712E+033
  2.537201198850292E-002  9.923906683462943E+033
  2.550945726792439E-002  9.957848482361402E+033
  2.564690254734586E-002  9.990777365068577E+033
  2.578434782676733E-002  1.002271994122451E+034
  2.592179310618880E-002  1.005370203648809E+034
  2.605714718038531E-002  1.008372640969732E+034
  2.619250125458182E-002  1.011359977242015E+034
  2.632785532877833E-002  1.014332232733034E+034
  2.646320940297484E-002  1.017289431637130E+034
  2.659856347717135E-002  1.020231601865789E+034
  2.673391755136786E-002  1.023158774847524E+034
  2.686927162556437E-002  1.026070985336989E+034
  2.700462569976089E-002  1.028968271232903E+034
  2.713997977395739E-002  1.031850673404350E+034
  2.727533384815390E-002  1.034718235525088E+034
  2.740902593175192E-002  1.037515030486287E+034
  2.754271801534994E-002  1.040245600354947E+034
  2.767641009894797E-002  1.042911480405516E+034
  2.781010218254599E-002  1.045514165380997E+034
  2.794379426614401E-002  1.048055110724631E+034
  2.807748634974203E-002  1.050535733768930E+034
  2.821117843334005E-002  1.052957414883737E+034
  2.834487051693807E-002  1.055321498584894E+034
  2.847856260053610E-002  1.057629294605033E+034
  2.861225468413412E-002  1.059882078927961E+034
  2.874464252541238E-002  1.062007721203734E+034
  2.887703036669064E-002  1.063968745192822E+034
  2.900941820796891E-002  1.065769354841476E+034
  2.914180604924718E-002  1.067413642414387E+034
  2.927419389052544E-002  1.068905591814334E+034
  2.940658173180371E-002  1.070249081790795E+034
  2.953896957308197E-002  1.071447889041691E+034
  2.967135741436023E-002  1.072505691212220E+034
  2.980374525563850E-002  1.073426069794609E+034
  2.993613309691676E-002  1.074212512932433E+034
  3.006751967313248E-002  1.074801110387062E+034
  3.019890624934819E-002  1.075130305101594E+034
  3.033029282556390E-002  1.075206684606018E+034
  3.046167940177961E-002  1.075036667489860E+034
  3.059306597799533E-002  1.074626508211981E+034
  3.072445255421104E-002  1.073982301756754E+034
  3.085583913042675E-002  1.073109988142119E+034
  3.098722570664246E-002  1.072015356784755E+034
  3.111861228285817E-002  1.070704050727437E+034
  3.124999885907389E-002  1.069181570733417E+034
  3.138064439633166E-002  1.067433993372450E+034
  3.151128993358944E-002  1.065419450655462E+034
  3.164193547084722E-002  1.063144626162588E+034
  3.177258100810500E-002  1.060616038187144E+034
  3.190322654536278E-002  1.057840044248729E+034
  3.203387208262055E-002  1.054822845468369E+034
  3.216451761987833E-002  1.051570490810434E+034
  3.229516315713612E-002  1.048088881195816E+034
  3.242580869439389E-002  1.044383773490757E+034
  3.255645423165168E-002  1.040460784375488E+034
  3.268658505910439E-002  1.036263078374897E+034
  3.281671588655710E-002  1.031694360328151E+034
  3.294684671400981E-002  1.026763644055365E+034
  3.307697754146253E-002  1.021479729069786E+034
  3.320710836891524E-002  1.015851206191006E+034
  3.333723919636795E-002  1.009886462993738E+034
  3.346737002382066E-002  1.003593689097487E+034
  3.359750085127339E-002  9.969808813023250E+033
  3.372763167872610E-002  9.900558485757402E+033
  3.385776250617881E-002  9.828262168953782E+033
  3.398757770962878E-002  9.754678493045492E+033
  3.411739291307873E-002  9.681871030130219E+033
  3.424720811652869E-002  9.609885404574958E+033
  3.437702331997865E-002  9.538709271866130E+033
  3.450683852342862E-002  9.468330507335032E+033
  3.463665372687857E-002  9.398737212717209E+033
  3.476646893032853E-002  9.329917711097605E+033
  3.489628413377849E-002  9.261860541767978E+033
  3.502609933722846E-002  9.194553397847634E+033
  3.515591454067842E-002  9.122822986330909E+033
  3.528559105086814E-002  9.013577102119074E+033
  3.541526756105787E-002  8.905639636595305E+033
  3.554494407124760E-002  8.798990707551812E+033
  3.567462058143733E-002  8.693610802432649E+033
  3.580429709162705E-002  8.589480770185954E+033
  3.593397360181678E-002  8.486581813323974E+033
  3.606365011200650E-002  8.384895480184868E+033
  3.619332662219624E-002  8.284403657390433E+033
  3.632300313238597E-002  8.185088562494177E+033
  3.645267964257570E-002  8.086932736814193E+033
  3.658237618728524E-002  7.988613247340124E+033
  3.671207273199478E-002  7.888796758690229E+033
  3.684176927670433E-002  7.787521007651937E+033
  3.697146582141388E-002  7.684822894243734E+033
  3.710116236612341E-002  7.580738501691915E+033
  3.723085891083296E-002  7.475303115878228E+033
  3.736055545554250E-002  7.368551244274225E+033
  3.749025200025205E-002  7.260516634377054E+033
  3.761994854496160E-002  7.151232291661552E+033
  3.774964508967114E-002  7.040730497062519E+033
  3.787950530616028E-002  6.929617215045451E+033
  3.800936552264943E-002  6.818692428858305E+033
  3.813922573913858E-002  6.707959511560627E+033
  3.826908595562774E-002  6.597421718453569E+033
  3.839894617211688E-002  6.487082190283858E+033
  3.852880638860602E-002  6.376943956358435E+033
  3.865866660509518E-002  6.267009937572614E+033
  3.878852682158433E-002  6.157282949354235E+033
  3.891838703807347E-002  6.047765704526321E+033
  3.904824725456262E-002  5.938460816090674E+033
  3.917840217147252E-002  5.829348741048049E+033
  3.930855708838243E-002  5.720843345162577E+033
  3.943871200529234E-002  5.612939443633367E+033
  3.956886692220224E-002  5.505631908906605E+033
  3.969902183911215E-002  5.398915669916215E+033
  3.982917675602204E-002  5.292785711335933E+033
  3.995933167293194E-002  5.187237072842548E+033
  4.008948658984186E-002  5.082264848390198E+033
  4.021964150675177E-002  4.977864185495579E+033
  4.034979642366166E-002  4.874030284533711E+033
  4.048036646254390E-002  4.770738688744972E+033
  4.061093650142615E-002  4.668571403953007E+033
  4.074150654030839E-002  4.567513163005841E+033
  4.087207657919064E-002  4.467548950588291E+033
  4.100264661807288E-002  4.368663998311540E+033
  4.113321665695513E-002  4.270843779913268E+033
  4.126378669583738E-002  4.174074006565633E+033
  4.139435673471963E-002  4.078340622288271E+033
  4.152492677360187E-002  3.983629799463683E+033
  4.165549681248411E-002  3.889927934452407E+033
  4.178659341857419E-002  3.797065924911959E+033
  4.191769002466425E-002  3.705584064307697E+033
  4.204878663075431E-002  3.615462136326757E+033
  4.217988323684438E-002  3.526680266649171E+033
  4.231097984293444E-002  3.439218916249653E+033
  4.244207644902451E-002  3.353058874849310E+033
  4.257317305511458E-002  3.268181254513620E+033
  4.270426966120465E-002  3.184567483392949E+033
  4.283536626729471E-002  3.102199299602005E+033
  4.296646287338478E-002  3.021058745234754E+033
  4.309818985683100E-002  2.940902505254586E+033
  4.322991684027723E-002  2.862229119065767E+033
  4.336164382372346E-002  2.785016323845384E+033
  4.349337080716969E-002  2.709242232337307E+033
  4.362509779061592E-002  2.634885325588758E+033
  4.375682477406214E-002  2.561924445846823E+033
  4.388855175750837E-002  2.490338789610824E+033
  4.402027874095460E-002  2.420107900836835E+033
  4.415200572440083E-002  2.351211664290498E+033
  4.428373270784705E-002  2.283630299044517E+033
  4.441618735637815E-002  2.217071081898785E+033
  4.454864200490923E-002  2.151956655293212E+033
  4.468109665344032E-002  2.088265234250777E+033
  4.481355130197140E-002  2.025975396944075E+033
  4.494600595050249E-002  1.965066077793271E+033
  4.507846059903357E-002  1.905516560713039E+033
  4.521091524756466E-002  1.847306472504800E+033
  4.534336989609575E-002  1.790415776390800E+033
  4.547582454462683E-002  1.734824765686589E+033
  4.560827919315792E-002  1.680514057608547E+033
  4.574155320255009E-002  1.627178243317221E+033
  4.587482721194226E-002  1.575158794291439E+033
  4.600810122133443E-002  1.524435945475503E+033
  4.614137523072660E-002  1.474990256368770E+033
  4.627464924011877E-002  1.426802604970911E+033
  4.640792324951093E-002  1.379854181855242E+033
  4.654119725890310E-002  1.334126484367033E+033
  4.667447126829527E-002  1.289601310943908E+033
  4.680774527768744E-002  1.246260755555393E+033
  4.694101928707961E-002  1.204087202258836E+033
  4.707519954506924E-002  1.162785716443755E+033
  4.720937980305889E-002  1.122615269366026E+033
  4.734356006104853E-002  1.083559030335909E+033
  4.747774031903816E-002  1.045600440540593E+033
  4.761192057702780E-002  1.008723208066667E+033
  4.774610083501744E-002  9.729113030258637E+032
  4.788028109300708E-002  9.381489527815473E+032
  4.801446135099673E-002  9.044206372736919E+032
  4.814864160898637E-002  8.717110844400583E+032
  4.828282186697600E-002  8.400052657313084E+032
  4.841799111831156E-002  8.090391619322404E+032
  4.855316036964711E-002  7.790010142255304E+032
  4.868832962098267E-002  7.498771679399951E+032
  4.882349887231822E-002  7.216541853343887E+032
  4.895866812365377E-002  6.943188416983936E+032
  4.909383737498933E-002  6.678581215329266E+032
  4.922900662632488E-002  6.422592148079587E+032
  4.936417587766043E-002  6.175095132960502E+032
  4.949934512899599E-002  5.935966069799167E+032
  4.963451438033154E-002  5.705082805323284E+032
  4.977075179468823E-002  5.480197256433368E+032
  4.990698920904492E-002  5.262596653086617E+032
  5.004322662340160E-002  5.052175143942454E+032
  5.017946403775830E-002  4.848828531654366E+032
  5.031570145211499E-002  4.652454243669311E+032
  5.045193886647167E-002  4.462951303610219E+032
  5.058817628082837E-002  4.280220303228519E+032
  5.072441369518506E-002  4.104163374914132E+032
  5.086065110954174E-002  3.934684164750234E+032
  5.099688852389844E-002  3.771687806100845E+032
  5.113427018384928E-002  3.613354557974310E+032
  5.127165184380011E-002  3.460519055604128E+032
  5.140903350375095E-002  3.313102473120115E+032
  5.154641516370180E-002  3.171027196511198E+032
  5.168379682365264E-002  3.034216802596791E+032
  5.182117848360347E-002  2.902596038410602E+032
  5.195856014355431E-002  2.776090800988101E+032
  5.209594180350516E-002  2.654628117548551E+032
  5.223332346345599E-002  2.538136126063123E+032
  5.237070512340683E-002  2.426544056200465E+032
  5.250930444617209E-002  2.318440739056416E+032
  5.264790376893735E-002  2.214333236592886E+032
  5.278650309170260E-002  2.114165035528622E+032
  5.292510241446784E-002  2.017880477792900E+032
  5.306370173723310E-002  1.925424745929853E+032
  5.320230105999835E-002  1.836743848784325E+032
  5.334090038276361E-002  1.751784607463197E+032
  5.347949970552888E-002  1.670494641566251E+032
  5.361809902829412E-002  1.592822355680826E+032
  5.375669835105937E-002  1.518716926134411E+032
  5.389658645507333E-002  1.447127573442865E+032
  5.403647455908728E-002  1.378339819285997E+032
  5.417636266310124E-002  1.312314583015796E+032
  5.431625076711521E-002  1.249013366415323E+032
  5.445613887112916E-002  1.188398243915497E+032
  5.459602697514311E-002  1.130431852997526E+032
  5.473591507915707E-002  1.075077384777169E+032
  5.487580318317103E-002  1.022298574766857E+032
  5.501569128718498E-002  9.720596938119422E+031
  5.515557939119895E-002  9.243255391974046E+031
  5.529682541644455E-002  8.783429479853860E+031
  5.543807144169016E-002  8.342570397476100E+031
  5.557931746693576E-002  7.920417185904665E+031
  5.572056349218137E-002  7.516712718400784E+031
  5.586180951742698E-002  7.131203637027527E+031
  5.600305554267258E-002  6.763640290438867E+031
  5.614430156791819E-002  6.413776672829111E+031
  5.628554759316380E-002  6.081370364018294E+031
  5.642679361840940E-002  5.766182470649634E+031
  5.656803964365501E-002  5.467977568476080E+031
  5.671071103308647E-002  5.181551967202183E+031
  5.685338242251793E-002  4.907532572128862E+031
  5.699605381194939E-002  4.645751004003957E+031
  5.713872520138085E-002  4.396041321350085E+031
  5.728139659081231E-002  4.158239980721805E+031
  5.742406798024377E-002  3.932185797694608E+031
  5.756673936967523E-002  3.717719908570969E+031
  5.770941075910670E-002  3.514685732788360E+031
  5.785208214853815E-002  3.322928936015134E+031
  5.799475353796962E-002  3.142297393919781E+031
  5.813891628608020E-002  2.969322008962634E+031
  5.828307903419078E-002  2.804189324321746E+031
  5.842724178230136E-002  2.646794322345315E+031
  5.857140453041194E-002  2.497033485175217E+031
  5.871556727852253E-002  2.354804770635714E+031
  5.885973002663311E-002  2.220007588559966E+031
  5.900389277474368E-002  2.092542777545567E+031
  5.914805552285428E-002  1.972312582130263E+031
  5.929221827096486E-002  1.859220630379588E+031
  5.943638101907544E-002  1.753171911877672E+031
  5.958209989272947E-002  1.651933614996893E+031
  5.972781876638349E-002  1.555487163930734E+031
  5.987353764003753E-002  1.463769239360949E+031
  6.001925651369157E-002  1.376717414452740E+031
  6.016497538734560E-002  1.294270140697695E+031
  6.031069426099962E-002  1.216366734010448E+031
  6.045641313465366E-002  1.142947361073903E+031
  6.060213200830768E-002  1.073953025928065E+031
  6.074785088196172E-002  1.009325556797554E+031
  6.089356975561576E-002  9.490075931531488E+030
  6.104090849166648E-002  8.916112827106290E+030
  6.118824722771719E-002  8.370443685360239E+030
  6.133558596376790E-002  7.852699476542437E+030
  6.148292469981863E-002  7.362516307130130E+030
  6.163026343586935E-002  6.899535339394012E+030
  6.177760217192006E-002  6.463402712385908E+030
  6.192494090797077E-002  6.053769464321431E+030
  6.207227964402150E-002  5.670291456329577E+030
  6.221961838007221E-002  5.312629297542593E+030
  6.236695711612293E-002  4.980448271499074E+030
  6.251597860013457E-002  4.665417187406995E+030
  6.266500008414620E-002  4.366526438030262E+030
  6.281402156815784E-002  4.083568190112146E+030
  6.296304305216947E-002  3.816337468210933E+030
  6.311206453618111E-002  3.564632110492208E+030
  6.326108602019274E-002  3.328252725293593E+030
  6.341010750420438E-002  3.107002648446825E+030
  6.355912898821603E-002  2.900687901342339E+030
  6.370815047222766E-002  2.709117149722011E+030
  6.385717195623930E-002  2.532101663185584E+030
  6.400793838648323E-002  2.364812230745362E+030
  6.415870481672716E-002  2.206414258509000E+030
  6.430947124697109E-002  2.056794685961885E+030
  6.446023767721501E-002  1.915841989241878E+030
  6.461100410745894E-002  1.783446157646824E+030
  6.476177053770286E-002  1.659498670547975E+030
  6.491253696794679E-002  1.543892474701064E+030
  6.506330339819072E-002  1.436521961947668E+030
  6.521406982843465E-002  1.337282947299190E+030
  6.536483625867857E-002  1.246072647396066E+030
  6.551740929599946E-002  1.160188907555175E+030
  6.566998233332032E-002  1.079032736366528E+030
  6.582255537064118E-002  1.002544758074579E+030
  6.597512840796205E-002  9.306663949574131E+029
  6.612770144528290E-002  8.633398552632775E+029
  6.628027448260378E-002  8.005081213530524E+029
  6.643284751992463E-002  7.421149380448754E+029
  6.658542055724552E-002  6.881048011568620E+029
  6.673799359456638E-002  6.384229462443529E+029
  6.689056663188724E-002  5.930153375277599E+029
  6.704500751734338E-002  5.504231301786080E+029
  6.719944840279952E-002  5.102554284956914E+029
  6.735388928825566E-002  4.724821492627402E+029
  6.750833017371180E-002  4.370736092802081E+029
  6.766277105916793E-002  4.040005193834900E+029
  6.781721194462408E-002  3.732339785621475E+029
  6.797165283008021E-002  3.447454681783210E+029
  6.812609371553635E-002  3.185068462823645E+029
  6.828053460099248E-002  2.944903420239507E+029
  6.843497548644863E-002  2.726685501567781E+029
  6.859134514122685E-002  2.522819996320230E+029
  6.874771479600504E-002  2.330938462486372E+029
  6.890408445078325E-002  2.150893965670618E+029
  6.906045410556146E-002  1.982541505254047E+029
  6.921682376033966E-002  1.825737985775268E+029
  6.937319341511787E-002  1.680342188789897E+029
  6.952956306989608E-002  1.546214745199578E+029
  6.968593272467430E-002  1.423218108041754E+029
  6.984230237945248E-002  1.311216525731672E+029
  6.999867203423070E-002  1.210076015747930E+029
  7.015703116762692E-002  1.115986742235998E+029
  7.031539030102310E-002  1.027601796092722E+029
  7.047374943441932E-002  9.448520523745217E+028
  7.063210856781554E-002  8.676692869338583E+028
  7.079046770121172E-002  7.959861632197885E+028
  7.094882683460794E-002  7.297362192970781E+028
  7.110718596800415E-002  6.688538550799585E+028
  7.126554510140036E-002  6.132743197761711E+028
  7.142390423479657E-002  5.629336995377592E+028
  7.158226336819278E-002  5.177689053146090E+028
  7.174267258162348E-002  4.759398289157755E+028
  7.190308179505416E-002  4.367231023736900E+028
  7.206349100848486E-002  4.000874325632176E+028
  7.222390022191556E-002  3.660019303044719E+028
  7.238430943534624E-002  3.344361045000552E+028
  7.254471864877694E-002  3.053598563684585E+028
  7.270512786220765E-002  2.787434737718907E+028
  7.286553707563835E-002  2.545576256367064E+028
  7.302594628906903E-002  2.327733564648182E+028
  7.318635550249973E-002  2.133620809343802E+028
  7.334887538475994E-002  1.954688703258926E+028
  7.351139526702015E-002  1.787255157673843E+028
  7.367391514928037E-002  1.631183990134071E+028
  7.383643503154060E-002  1.486340760165871E+028
  7.399895491380079E-002  1.352592744224512E+028
  7.416147479606101E-002  1.229808911049643E+028
  7.432399467832122E-002  1.117859897420621E+028
  7.448651456058145E-002  1.016617984304024E+028
  7.464903444284166E-002  9.259570733867361E+027
  7.481155432510186E-002  8.457526639872399E+027
  7.497624553972453E-002  7.721876489381096E+027
  7.514093675434716E-002  7.034818812378682E+027
  7.530562796896981E-002  6.395784529768338E+027
  7.547031918359245E-002  5.804211778583129E+027
  7.563501039821509E-002  5.259545809119975E+027
  7.579970161283775E-002  4.761238883731107E+027
  7.596439282746038E-002  4.308750177243578E+027
  7.612908404208303E-002  3.901545678975869E+027
  7.629377525670569E-002  3.539098096324799E+027
  7.645846647132833E-002  3.220886759893171E+027
  7.662538983672755E-002  2.930551492035082E+027
  7.679231320212676E-002  2.659908823528386E+027
  7.695923656752597E-002  2.408730672205018E+027
  7.712615993292520E-002  2.176791823955512E+027
  7.729308329832441E-002  1.963869892189801E+027
  7.746000666372363E-002  1.769745277945602E+027
  7.762693002912284E-002  1.594201130633224E+027
  7.779385339452206E-002  1.437023309404901E+027
  7.796077675992127E-002  1.298000345137980E+027
  7.812770012532050E-002  1.176923403020615E+027
  7.829691668906898E-002  1.067069120040841E+027
  7.846613325281748E-002  9.648586171613621E+026
  7.863534981656597E-002  8.702043289773613E+026
  7.880456638031447E-002  7.830197823912645E+026
  7.897378294406296E-002  7.032195812985744E+026
  7.914299950781144E-002  6.307193915164171E+026
  7.931221607155993E-002  5.654359259505081E+026
  7.948143263530845E-002  5.072869299963778E+026
  7.965064919905694E-002  4.561911671706493E+026
  7.981986576280542E-002  4.120684049682522E+026
  7.999143687105492E-002  3.722726357793362E+026
  8.016300797930442E-002  3.353148820606355E+026
  8.033457908755393E-002  3.011629835752215E+026
  8.050615019580343E-002  2.697851781871721E+026
  8.067772130405294E-002  2.411500963237508E+026
  8.084929241230243E-002  2.152267555247146E+026
  8.102086352055195E-002  1.919845550771644E+026
  8.119243462880145E-002  1.713932707345199E+026
  8.136400573705095E-002  1.534230495180364E+026
  8.153557684530045E-002  1.380444045994994E+026
  8.170956420800539E-002  1.242614059789366E+026
  8.188355157071030E-002  1.114849237943301E+026
  8.205753893341522E-002  9.970367459421987E+025
  8.223152629612016E-002  8.890651357721038E+025
  8.240551365882506E-002  7.908243267776709E+025
  8.257950102152999E-002  7.022055868189903E+025
  8.275348838423491E-002  6.231015137222445E+025
  8.292747574693983E-002  5.534060170187958E+025
  8.310146310964474E-002  4.930142999678438E+025
  8.327545047234967E-002  4.418228418576255E+025
  8.345191622478645E-002  3.962515568387256E+025
  8.362838197722325E-002  3.540850767594148E+025
  8.380484772966001E-002  3.152856392840942E+025
  8.398131348209682E-002  2.798159428426215E+025
  8.415777923453362E-002  2.476391403151196E+025
  8.433424498697038E-002  2.187188328146232E+025
  8.451071073940718E-002  1.930190635659850E+025
  8.468717649184396E-002  1.705043118793591E+025
  8.486364224428075E-002  1.511394872165496E+025
  8.504010799671753E-002  1.348899233487056E+025
  8.521911475773078E-002  1.205283356534250E+025
  8.539812151874403E-002  1.072636348668677E+025
  8.557712827975726E-002  9.508378462829327E+024
  8.575613504077050E-002  8.397689445682258E+024
  8.593514180178373E-002  7.393121776598129E+024
  8.611414856279698E-002  6.493514990881798E+024
  8.629315532381023E-002  5.697722625307802E+024
  8.647216208482347E-002  5.004612028590556E+024
  8.665116884583671E-002  4.413064174757459E+024
  8.683017560684994E-002  3.921973479374375E+024
  8.701178653419350E-002  3.491279914582564E+024
  8.719339746153711E-002  3.094185595668292E+024
  8.737500838888068E-002  2.730325732542432E+024
  8.755661931622426E-002  2.399339928063236E+024
  8.773823024356783E-002  2.100872118650588E+024
  8.791984117091141E-002  1.834570515808636E+024
  8.810145209825500E-002  1.600087548541627E+024
  8.828306302559857E-002  1.397079806647656E+024
  8.846467395294216E-002  1.225207984875075E+024
  8.864628488028573E-002  1.084136827927250E+024
  8.883056372336551E-002  9.614359554773589E+023
  8.901484256644528E-002  8.485043378793705E+023
  8.919912140952506E-002  7.452370304020538E+023
  8.938340025260484E-002  6.515303443977001E+023
  8.956767909568461E-002  5.672818304322848E+023
  8.975195793876439E-002  4.923902616721894E+023
  8.993623678184418E-002  4.267556175231432E+023
  9.012051562492396E-002  3.702790675169800E+023
  9.030479446800373E-002  3.228629554420935E+023
  9.048907331108351E-002  2.844107837133965E+023
  9.067608446136646E-002  2.512621856814318E+023
  9.086309561164940E-002  2.208050453671580E+023
  9.105010676193233E-002  1.930107559247777E+023
  9.123711791221528E-002  1.678510509194935E+023
  9.142412906249824E-002  1.452979997844138E+023
  9.161114021278118E-002  1.253240033461105E+023
  9.179815136306411E-002  1.079017894177004E+023
  9.198516251334705E-002  9.300440845830423E+022
  9.217217366363001E-002  8.060522929774504E+022
  9.235918481391295E-002  7.067793492540345E+022
  9.254899335324178E-002  6.220146843914757E+022
  9.273880189257064E-002  5.442632432850495E+022
  9.292861043189947E-002  4.734512740980348E+022
  9.311841897122833E-002  4.095058977893807E+022
  9.330822751055716E-002  3.523550965364627E+022
  9.349803604988600E-002  3.019277023316991E+022
  9.368784458921484E-002  2.581533857503724E+022
  9.387765312854369E-002  2.209626448865612E+022
  9.406746166787254E-002  1.902867944545176E+022
  9.425727020720139E-002  1.660579550525852E+022
  9.444994195420817E-002  1.455828280291181E+022
  9.464261370121496E-002  1.268325331710858E+022
  9.483528544822176E-002  1.097891249858114E+022
  9.502795719522854E-002  9.443486924752505E+021
  9.522062894223532E-002  8.075224021152754E+021
  9.541330068924211E-002  6.872391787000157E+021
  9.560597243624890E-002  5.833278524876804E+021
  9.579864418325569E-002  4.956192574429404E+021
  9.599131593026249E-002  4.239462050029941E+021
  9.618398767726927E-002  3.681434582328208E+021
  9.637958923202417E-002  3.215082232546228E+021
  9.657519078677906E-002  2.788704279985673E+021
  9.677079234153398E-002  2.401889274486128E+021
  9.696639389628887E-002  2.054230586045366E+021
  9.716199545104377E-002  1.745326341623217E+021
  9.735759700579866E-002  1.474779362885417E+021
  9.755319856055356E-002  1.242197104871293E+021
  9.774880011530847E-002  1.047191595570286E+021
  9.794440167006337E-002  8.893793763919126E+020
  9.814000322481828E-002  7.683814435143996E+020
  9.833860201180647E-002  6.684805866587379E+020
  9.853720079879465E-002  5.772850963281403E+020
  9.873579958578282E-002  4.947063361141741E+020
  9.893439837277102E-002  4.206567032173542E+020
  9.913299715975919E-002  3.550496149712517E+020
  9.933159594674738E-002  2.977994955659316E+020
  9.953019473373557E-002  2.488217629675266E+020
  9.972879352072377E-002  2.080328160305796E+020
  9.992739230771193E-002  1.753500218000435E+020
  0.100125991094700       1.506917029997588E+020
  0.100327655404202       1.305964765301394E+020
  0.100529319713704       1.122804613091066E+020
  0.100730984023206       9.572573897135655E+019
  0.100932648332707       8.091459920656684E+019
  0.101134312642209       6.782953706156652E+019
  0.101335976951711       5.645325028219684E+019
  0.101537641261213       4.676863669426884E+019
  0.101739305570715       3.875879162293723E+019
  0.101940969880217       3.240700534985631E+019
  0.102142634189718       2.769676060750846E+019
  0.102347433217623       2.391271049024478E+019
  0.102552232245528       2.046874192853160E+019
  0.102757031273432       1.736146769480552E+019
  0.102961830301337       1.458753973541057E+019
  0.103166629329242       1.214364866532322E+019
  0.103371428357146       1.002652327028606E+019
  0.103576227385051       8.232930016218602E+018
  0.103781026412955       6.759672565798448E+018
  0.103985825440860       5.603591302085571E+018
  0.104190624468765       4.761562859078564E+018
  0.104398628354716       4.095410771154788E+018
  0.104606632240667       3.490005860777066E+018
  0.104814636126619       2.944749832599664E+018
  0.105022640012570       2.459051285477915E+018
  0.105230643898521       2.032325624006729E+018
  0.105438647784472       1.663994971349111E+018
  0.105646651670424       1.353488083335286E+018
  0.105854655556375       1.100240263809905E+018
  0.106062659442326       9.036932812085655E+017
  0.106270663328278       7.632952863422980E+017
  0.106481943191803       6.541031175128742E+017
  0.106693223055328       5.550021503564948E+017
  0.106904502918854       4.658941229656225E+017
  0.107115782782379       3.866819019664135E+017
  0.107327062645904       3.172694681119441E+017
  0.107538342509429       2.575619020847117E+017
  0.107749622372955       2.074653705050603E+017
  0.107960902236480       1.668871121422505E+017
  0.108172182100005       1.357354243247406E+017
  0.108383461963531       1.139196495465615E+017
  0.108598089937251       9.725620070320446E+016
  0.108812717910971       8.215362093520110E+016
  0.109027345884691       6.859688640064713E+016
  0.109241973858412       5.657114529655803E+016
  0.109456601832132       4.606171567365432E+016
  0.109671229805852       3.705408328275742E+016
  0.109885857779572       2.953389945230808E+016
  0.110100485753293       2.348697899649298E+016
  0.110315113727013       1.889929815348440E+016
  0.110529741700733       1.575699255330133E+016
  0.110747790958467       1.340634885559109E+016
  0.110965840216200       1.127838341570363E+016
  0.111183889473934       9.370978038571598E+015
  0.111401938731668       7.682038721747376E+015
  0.111619987989401       6.209495349639410E+015
  0.111838037247135       4.951301392153407E+015
  0.112056086504868       3.905433607672410E+015
  0.112274135762602       3.069891750303753E+015
  0.112492185020336       2.442698281325694E+015
  0.112710234278069       2.021898084762560E+015
  0.112931779052705       1.713471101416551E+015
  0.113153323827341       1.434667602235700E+015
  0.113374868601976       1.185209165339475E+015
  0.113596413376612        964820541843861.     
  0.113817958151248        773229615955911.     
  0.114039502925884        610167365641824.     
  0.114261047700519        475367823858954.     
  0.114482592475155        368568040342914.     
  0.114704137249791        289508043940719.     
  0.114925682024427        237930805481265.     
  0.115150798173840        201185595418765.     
  0.115375914323253        167987238093771.     
  0.115601030472667        138302811119550.     
  0.115826146622080        112099766625515.     
  0.116051262771494        89345926570505.1     
  0.116276378920907        70009478123151.2     
  0.116501495070321        54058969108263.4     
  0.116726611219734        41463303518205.1     
  0.116951727369148        32191737088191.2     
  0.117176843518561        26213872934505.4     
  0.117405613815963        22012082074510.8     
  0.117634384113364        18226420197868.0     
  0.117863154410766        14853078663255.0     
  0.118091924708167        11888292117011.7     
  0.118320695005569        9328337954239.38     
  0.118549465302970        7169535787586.40     
  0.118778235600372        5408246923606.90     
  0.119007005897773        4040873846568.45     
  0.119235776195175        3063859709589.27     
  0.119464546492576        2473687832988.59     
  0.119697060497599        2087998152348.23     
  0.119929574502622        1739477773095.47     
  0.120162088507644        1427791477115.47     
  0.120394602512667        1152607853799.80     
  0.120627116517689        913599252899.861     
  0.120859630522712        710441738051.537     
  0.121092144527735        542815040960.247     
  0.121324658532757        410402516235.812     
  0.121557172537780        312891096866.992     
  0.121789686542802        249971250325.449     
  0.122026034667996        205842158230.374     
  0.122262382793190        166380708266.605     
  0.122498730918383        131545407675.260     
  0.122735079043577        101295235390.707     
  0.122971427168770        75589636229.9831     
  0.123207775293964        54388515164.7084     
  0.123444123419157        37652231674.2184     
  0.123680471544351        25341594178.6276     
  0.123916819669544        17417854550.5444     
  0.124153167794738        13842702704.2182     
  0.124393442305750        12434983388.9065     
  0.124633716816762        11085071129.8842     
  0.124873991327774        9792460913.21476     
  0.125114265838787        8556653400.43788     
  0.125354540349799        7377154859.22899     
  0.125594814860811        6253477095.04015     
  0.125835089371823        5185137383.70260     
  0.126075363882835        4171658404.98059     
  0.126315638393847        3212568177.05736     
  0.126555912904859        2307399991.94153     
  0.126800208702527        1563209842.21776     
  0.127044504500195        1052659938.70131     
  0.127288800297863        702753166.079051     
  0.127533096095531        463451071.252823     
  0.127777391893199        300520582.649973     
  0.128021687690867        190639858.830409     
  0.128265983488535        118063401.972946     
  0.128510279286203        72369455.7934100     
  0.128754575083871        46967353.8247736     
  0.128998870881539        38150996.0393662     
  0.129247285127066        37729429.9635939     
  0.129495699372594        37610734.1202584     
  0.129744113618122        37504153.2620325     
  0.129992527863650        37398621.4805581     
  0.130240942109178        37293712.7700827     
  0.130489356354705        37189387.5674295     
  0.130737770600233        37085140.4327810     
  0.130986184845761        36967885.9684718     
  0.131234599091289        36495708.4535962     
  0.131483013336817        26731677.7638871     
  0.131735645803319        7694973.40914102     
  0.131988278269821        2279166.58406519     
  0.132240910736323        738216.955683971     
  0.132493543202825        299592.194350681     
  0.132746175669327        174560.636096660     
  0.132998808135829        138738.003904587     
  0.133251440602331        128276.953023551     
  0.133504073068833        124966.962930286     
  0.133756705535335        123463.900756177     
  0.134009338001837        121676.106736503     
  0.134266291019343        121011.639937028     
  0.134523244036849        120681.299431394     
  0.134780197054354        120353.213616918     
  0.135037150071860        120027.036441899     
  0.135294103089366        119702.753891674     
  0.135551056106872        119380.352412978     
  0.135808009124377        119059.818557204     
  0.136064962141883        118741.115789968     
  0.136321915159389        118401.147423587     
  0.136578868176894        95107.1256490725     
  0.136840246905326        17485.0203097189     
  0.137101625633758        3386.53920169356     
  0.137363004362190        825.355088406811     
  0.137624383090621        359.620318280741     
  0.137885761819053        274.475148834835     
  0.138147140547485        258.457927769998     
  0.138408519275917        254.996499798538     
  0.138669898004348        253.802251410018     
  0.138931276732780        252.932480978387     
  0.139192655461212        251.629224678235     
  0.139458567958307        250.723339665514
