  6.445523338997908E-004 -1.622518865203748E+036
  1.289104667799582E-003 -6.398838456444842E+035
  1.933657001699372E-003 -4.150575193047641E+035
  2.578209335599163E-003 -3.302043886896668E+035
  3.222761669498954E-003 -2.954711064564292E+035
  3.867314003398745E-003 -2.863361649626895E+035
  4.511866337298535E-003 -2.944184008212177E+035
  5.156418671198326E-003 -3.171265985021498E+035
  5.800971005098117E-003 -3.547104792374068E+035
  6.445523338997908E-003 -4.093578408532494E+035
  6.736331720996139E-003 -4.233289624629868E+035
  7.027140102994370E-003 -4.051700676906173E+035
  7.317948484992600E-003 -3.790035678875253E+035
  7.608756866990832E-003 -3.523832620528555E+035
  7.899565248989063E-003 -3.274721413159222E+035
  8.190373630987294E-003 -3.046722075015824E+035
  8.481182012985526E-003 -2.837534731019259E+035
  8.771990394983756E-003 -2.640734012578026E+035
  9.062798776981988E-003 -2.442634060397400E+035
  9.353607158980218E-003 -2.211274967262499E+035
  9.582243582246788E-003 -2.095646794755306E+035
  9.810880005513356E-003 -1.999250819347154E+035
  1.003951642877992E-002 -1.909364391792612E+035
  1.026815285204649E-002 -1.825412242096533E+035
  1.049678927531306E-002 -1.746883141560581E+035
  1.072542569857963E-002 -1.673319756290442E+035
  1.095406212184620E-002 -1.604311969509109E+035
  1.118269854511277E-002 -1.539491149975086E+035
  1.141133496837934E-002 -1.478525357585395E+035
  1.163997139164590E-002 -1.421784013226141E+035
  1.183880420424217E-002 -1.375542514498012E+035
  1.203763701683845E-002 -1.330584972963329E+035
  1.223646982943472E-002 -1.287790723625196E+035
  1.243530264203099E-002 -1.247031187593426E+035
  1.263413545462726E-002 -1.208179415489266E+035
  1.283296826722354E-002 -1.171118138162396E+035
  1.303180107981981E-002 -1.135738945438204E+035
  1.323063389241608E-002 -1.101939861629719E+035
  1.342946670501236E-002 -1.069453556570054E+035
  1.362829951760863E-002 -1.019895846240111E+035
  1.380897797004167E-002 -9.185769441829905E+034
  1.398965642247472E-002 -8.282822373874024E+034
  1.417033487490777E-002 -7.482739558004696E+034
  1.435101332734082E-002 -6.778672009944840E+034
  1.453169177977386E-002 -6.164256943212790E+034
  1.471237023220691E-002 -5.633579085910508E+034
  1.489304868463995E-002 -5.181135448141841E+034
  1.507372713707300E-002 -4.801803197909064E+034
  1.525440558950605E-002 -4.490810340684408E+034
  1.543508404193909E-002 -4.243708930753684E+034
  1.560342074062830E-002 -4.039039131439100E+034
  1.577175743931750E-002 -3.828835087652330E+034
  1.594009413800669E-002 -3.613579410953246E+034
  1.610843083669590E-002 -3.393721828076068E+034
  1.627676753538510E-002 -3.169681531936338E+034
  1.644510423407430E-002 -2.941849348700642E+034
  1.661344093276350E-002 -2.710589736741844E+034
  1.678177763145270E-002 -2.476242631812069E+034
  1.695011433014190E-002 -2.239125151428318E+034
  1.711845102883110E-002 -1.999533170263580E+034
  1.727784870254997E-002 -1.779285484058089E+034
  1.743724637626885E-002 -1.573933759276004E+034
  1.759664404998773E-002 -1.382782291622521E+034
  1.775604172370660E-002 -1.205170711095226E+034
  1.791543939742548E-002 -1.040471953645962E+034
  1.807483707114435E-002 -8.880903641063594E+033
  1.823423474486323E-002 -7.474599208927267E+033
  1.839363241858210E-002 -6.180425737632726E+033
  1.855303009230098E-002 -4.993266865918241E+033
  1.871242776601986E-002 -3.908255777533007E+033
  1.886508582249360E-002 -2.942382312536740E+033
  1.901774387896735E-002 -2.026749629016826E+033
  1.917040193544110E-002 -1.159339467698963E+033
  1.932305999191485E-002 -3.382229968953852E+032
  1.947571804838859E-002  4.384436896508162E+032
  1.962837610486234E-002  1.172423818653077E+033
  1.978103416133608E-002  1.865403943219773E+033
  1.993369221780983E-002  2.518997724012942E+033
  2.008635027428357E-002  3.134749499734719E+033
  2.023900833075732E-002  3.714137660069541E+033
  2.038644904585296E-002  4.238072828550805E+033
  2.053388976094860E-002  4.725804216483896E+033
  2.068133047604423E-002  5.178709508889239E+033
  2.082877119113987E-002  5.598110416296831E+033
  2.097621190623551E-002  5.985275234014564E+033
  2.112365262133115E-002  6.341421269594372E+033
  2.127109333642678E-002  6.667717146077340E+033
  2.141853405152242E-002  6.965284988117034E+033
  2.156597476661806E-002  7.235202497631455E+033
  2.171341548171370E-002  7.478504925216245E+033
  2.185674698488608E-002  7.694904317137017E+033
  2.200007848805846E-002  7.896543813626842E+033
  2.214340999123085E-002  8.083937996822013E+033
  2.228674149440323E-002  8.257582383654832E+033
  2.243007299757561E-002  8.417954220006565E+033
  2.257340450074800E-002  8.565513237601750E+033
  2.271673600392039E-002  8.700702375596770E+033
  2.286006750709277E-002  8.823948468702344E+033
  2.300339901026515E-002  8.935662903573643E+033
  2.314673051343754E-002  9.036242245102117E+033
  2.328679149329119E-002  9.126305681631777E+033
  2.342685247314484E-002  9.210579775503110E+033
  2.356691345299850E-002  9.289250389356275E+033
  2.370697443285216E-002  9.362497051708314E+033
  2.384703541270582E-002  9.430493199653652E+033
  2.398709639255947E-002  9.493406411087302E+033
  2.412715737241312E-002  9.551398626956390E+033
  2.426721835226678E-002  9.604626364018427E+033
  2.440727933212044E-002  9.653240918559514E+033
  2.454734031197409E-002  9.697388561501533E+033
  2.468478559139557E-002  9.738014170958840E+033
  2.482223087081703E-002  9.777449122748950E+033
  2.495967615023851E-002  9.815725348326791E+033
  2.509712142965998E-002  9.852873812554116E+033
  2.523456670908145E-002  9.888924547257712E+033
  2.537201198850292E-002  9.923906683462943E+033
  2.550945726792439E-002  9.957848482361402E+033
  2.564690254734586E-002  9.990777365068577E+033
  2.578434782676733E-002  1.002271994122451E+034
  2.592179310618880E-002  1.005370203648809E+034
  2.605714718038531E-002  1.008372640969732E+034
  2.619250125458182E-002  1.011359977242015E+034
  2.632785532877833E-002  1.014332232733034E+034
  2.646320940297484E-002  1.017289431637130E+034
  2.659856347717135E-002  1.020231601865789E+034
  2.673391755136786E-002  1.023158774847524E+034
  2.686927162556437E-002  1.026070985336989E+034
  2.700462569976089E-002  1.028968271232903E+034
  2.713997977395739E-002  1.031850673404350E+034
  2.727533384815390E-002  1.034718235525088E+034
  2.740902593175192E-002  1.037515030486287E+034
  2.754271801534994E-002  1.040245600354947E+034
  2.767641009894797E-002  1.042911480405516E+034
  2.781010218254599E-002  1.045514165380997E+034
  2.794379426614401E-002  1.048055110724631E+034
  2.807748634974203E-002  1.050535733768930E+034
  2.821117843334005E-002  1.052957414883737E+034
  2.834487051693807E-002  1.055321498584894E+034
  2.847856260053610E-002  1.057629294605033E+034
  2.861225468413412E-002  1.059882078927961E+034
  2.874464252541238E-002  1.062007721203734E+034
  2.887703036669064E-002  1.063968745192822E+034
  2.900941820796891E-002  1.065769354841476E+034
  2.914180604924718E-002  1.067413642414387E+034
  2.927419389052544E-002  1.068905591814334E+034
  2.940658173180371E-002  1.070249081790795E+034
  2.953896957308197E-002  1.071447889041691E+034
  2.967135741436023E-002  1.072505691212220E+034
  2.980374525563850E-002  1.073426069794609E+034
  2.993613309691676E-002  1.074212512932433E+034
  3.006751967313248E-002  1.074801110387062E+034
  3.019890624934819E-002  1.075130305101594E+034
  3.033029282556390E-002  1.075206684606018E+034
  3.046167940177961E-002  1.075036667489860E+034
  3.059306597799533E-002  1.074626508211981E+034
  3.072445255421104E-002  1.073982301756754E+034
  3.085583913042675E-002  1.073109988142119E+034
  3.098722570664246E-002  1.072015356784755E+034
  3.111861228285817E-002  1.070704050727437E+034
  3.124999885907389E-002  1.069181570733417E+034
  3.138064439633166E-002  1.067433993372450E+034
  3.151128993358944E-002  1.065419450655462E+034
  3.164193547084722E-002  1.063144626162588E+034
  3.177258100810500E-002  1.060616038187144E+034
  3.190322654536278E-002  1.057840044248729E+034
  3.203387208262055E-002  1.054822845468369E+034
  3.216451761987833E-002  1.051570490810434E+034
  3.229516315713612E-002  1.048088881195816E+034
  3.242580869439389E-002  1.044383773490757E+034
  3.255645423165168E-002  1.040460784375488E+034
  3.268658505910439E-002  1.036263078374897E+034
  3.281671588655710E-002  1.031694360328151E+034
  3.294684671400981E-002  1.026763644055365E+034
  3.307697754146253E-002  1.021479729069786E+034
  3.320710836891524E-002  1.015851206191006E+034
  3.333723919636795E-002  1.009886462993738E+034
  3.346737002382066E-002  1.003593689097487E+034
  3.359750085127339E-002  9.969808813023250E+033
  3.372763167872610E-002  9.900558485757402E+033
  3.385776250617881E-002  9.828262168953782E+033
  3.398757770962878E-002  9.754678493045492E+033
  3.411739291307873E-002  9.681871030130219E+033
  3.424720811652869E-002  9.609885404574958E+033
  3.437702331997865E-002  9.538709271866130E+033
  3.450683852342862E-002  9.468330507335032E+033
  3.463665372687857E-002  9.398737212717209E+033
  3.476646893032853E-002  9.329917711097605E+033
  3.489628413377849E-002  9.261860541767978E+033
  3.502609933722846E-002  9.194553397847634E+033
  3.515591454067842E-002  9.122822986330909E+033
  3.528559105086814E-002  9.013577102119074E+033
  3.541526756105787E-002  8.905639636595305E+033
  3.554494407124760E-002  8.798990707551812E+033
  3.567462058143733E-002  8.693610802432649E+033
  3.580429709162705E-002  8.589480770185954E+033
  3.593397360181678E-002  8.486581813323974E+033
  3.606365011200650E-002  8.384895480184868E+033
  3.619332662219624E-002  8.284403657390433E+033
  3.632300313238597E-002  8.185088562494177E+033
  3.645267964257570E-002  8.086932736814193E+033
  3.658237618728524E-002  7.988613247340124E+033
  3.671207273199478E-002  7.888796758690229E+033
  3.684176927670433E-002  7.787521007651937E+033
  3.697146582141388E-002  7.684822894243734E+033
  3.710116236612341E-002  7.580738501691915E+033
  3.723085891083296E-002  7.475303115878228E+033
  3.736055545554250E-002  7.368551244274225E+033
  3.749025200025205E-002  7.260516634377054E+033
  3.761994854496160E-002  7.151232291661552E+033
  3.774964508967114E-002  7.040730497062519E+033
  3.787950530616028E-002  6.929617215045451E+033
  3.800936552264943E-002  6.818692428858305E+033
  3.813922573913858E-002  6.707959511560627E+033
  3.826908595562774E-002  6.597421718453569E+033
  3.839894617211688E-002  6.487082190283858E+033
  3.852880638860602E-002  6.376943956358435E+033
  3.865866660509518E-002  6.267009937572614E+033
  3.878852682158433E-002  6.157282949354235E+033
  3.891838703807347E-002  6.047765704526321E+033
  3.904824725456262E-002  5.938460816090674E+033
  3.917840217147252E-002  5.829348741048049E+033
  3.930855708838243E-002  5.720843345162577E+033
  3.943871200529234E-002  5.612939443633367E+033
  3.956886692220224E-002  5.505631908906605E+033
  3.969902183911215E-002  5.398915669916215E+033
  3.982917675602204E-002  5.292785711335933E+033
  3.995933167293194E-002  5.187237072842548E+033
  4.008948658984186E-002  5.082264848390198E+033
  4.021964150675177E-002  4.977864185495579E+033
  4.034979642366166E-002  4.874030284533711E+033
  4.048036646254390E-002  4.770738688744972E+033
  4.061093650142615E-002  4.668571403953007E+033
  4.074150654030839E-002  4.567513163005841E+033
  4.087207657919064E-002  4.467548950588291E+033
  4.100264661807288E-002  4.368663998311540E+033
  4.113321665695513E-002  4.270843779913268E+033
  4.126378669583738E-002  4.174074006565633E+033
  4.139435673471963E-002  4.078340622288271E+033
  4.152492677360187E-002  3.983629799463683E+033
  4.165549681248411E-002  3.889927934452407E+033
  4.178659341857419E-002  3.797065924911959E+033
  4.191769002466425E-002  3.705584064307697E+033
  4.204878663075431E-002  3.615462136326757E+033
  4.217988323684438E-002  3.526680266649171E+033
  4.231097984293444E-002  3.439218916249653E+033
  4.244207644902451E-002  3.353058874849310E+033
  4.257317305511458E-002  3.268181254513620E+033
  4.270426966120465E-002  3.184567483392949E+033
  4.283536626729471E-002  3.102199299602005E+033
  4.296646287338478E-002  3.021058745234754E+033
  4.309818985683100E-002  2.940902505254586E+033
  4.322991684027723E-002  2.862229119065767E+033
  4.336164382372346E-002  2.785016323845384E+033
  4.349337080716969E-002  2.709242232337307E+033
  4.362509779061592E-002  2.634885325588758E+033
  4.375682477406214E-002  2.561924445846823E+033
  4.388855175750837E-002  2.490338789610824E+033
  4.402027874095460E-002  2.420107900836835E+033
  4.415200572440083E-002  2.351211664290498E+033
  4.428373270784705E-002  2.283630299044517E+033
  4.441618735637815E-002  2.217071081898785E+033
  4.454864200490923E-002  2.151956655293212E+033
  4.468109665344032E-002  2.088265234250777E+033
  4.481355130197140E-002  2.025975396944075E+033
  4.494600595050249E-002  1.965066077793271E+033
  4.507846059903357E-002  1.905516560713039E+033
  4.521091524756466E-002  1.847306472504800E+033
  4.534336989609575E-002  1.790415776390800E+033
  4.547582454462683E-002  1.734824765686589E+033
  4.560827919315792E-002  1.680514057608547E+033
  4.574155320255009E-002  1.627178243317221E+033
  4.587482721194226E-002  1.575158794291439E+033
  4.600810122133443E-002  1.524435945475503E+033
  4.614137523072660E-002  1.474990256368770E+033
  4.627464924011877E-002  1.426802604970911E+033
  4.640792324951093E-002  1.379854181855242E+033
  4.654119725890310E-002  1.334126484367033E+033
  4.667447126829527E-002  1.289601310943908E+033
  4.680774527768744E-002  1.246260755555393E+033
  4.694101928707961E-002  1.204087202258836E+033
  4.707519954506924E-002  1.162785716443755E+033
  4.720937980305889E-002  1.122615269366026E+033
  4.734356006104853E-002  1.083559030335909E+033
  4.747774031903816E-002  1.045600440540593E+033
  4.761192057702780E-002  1.008723208066667E+033
  4.774610083501744E-002  9.729113030258637E+032
  4.788028109300708E-002  9.381489527815473E+032
  4.801446135099673E-002  9.044206372736919E+032
  4.814864160898637E-002  8.717110844400583E+032
  4.828282186697600E-002  8.400052657313084E+032
  4.841799111831156E-002  8.090391619322404E+032
  4.855316036964711E-002  7.790010142255304E+032
  4.868832962098267E-002  7.498771679399951E+032
  4.882349887231822E-002  7.216541853343887E+032
  4.895866812365377E-002  6.943188416983936E+032
  4.909383737498933E-002  6.678581215329266E+032
  4.922900662632488E-002  6.422592148079587E+032
  4.936417587766043E-002  6.175095132960502E+032
  4.949934512899599E-002  5.935966069799167E+032
  4.963451438033154E-002  5.705082805323284E+032
  4.977075179468823E-002  5.480197256433368E+032
  4.990698920904492E-002  5.262596653086617E+032
  5.004322662340160E-002  5.052175143942454E+032
  5.017946403775830E-002  4.848828531654366E+032
  5.031570145211499E-002  4.652454243669311E+032
  5.045193886647167E-002  4.462951303610219E+032
  5.058817628082837E-002  4.280220303228519E+032
  5.072441369518506E-002  4.104163374914132E+032
  5.086065110954174E-002  3.934684164750234E+032
  5.099688852389844E-002  3.771687806100845E+032
  5.113427018384928E-002  3.613354557974310E+032
  5.127165184380011E-002  3.460519055604128E+032
  5.140903350375095E-002  3.313102473120115E+032
  5.154641516370180E-002  3.171027196511198E+032
  5.168379682365264E-002  3.034216802596791E+032
  5.182117848360347E-002  2.902596038410602E+032
  5.195856014355431E-002  2.776090800988101E+032
  5.209594180350516E-002  2.654628117548551E+032
  5.223332346345599E-002  2.538136126063123E+032
  5.237070512340683E-002  2.426544056200465E+032
  5.250930444617209E-002  2.318440739056416E+032
  5.264790376893735E-002  2.214333236592886E+032
  5.278650309170260E-002  2.114165035528622E+032
  5.292510241446784E-002  2.017880477792900E+032
  5.306370173723310E-002  1.925424745929853E+032
  5.320230105999835E-002  1.836743848784325E+032
  5.334090038276361E-002  1.751784607463197E+032
  5.347949970552888E-002  1.670494641566251E+032
  5.361809902829412E-002  1.592822355680826E+032
  5.375669835105937E-002  1.518716926134411E+032
  5.389658645507333E-002  1.447127573442865E+032
  5.403647455908728E-002  1.378339819285997E+032
  5.417636266310124E-002  1.312314583015796E+032
  5.431625076711521E-002  1.249013366415323E+032
  5.445613887112916E-002  1.188398243915497E+032
  5.459602697514311E-002  1.130431852997526E+032
  5.473591507915707E-002  1.075077384777169E+032
  5.487580318317103E-002  1.022298574766857E+032
  5.501569128718498E-002  9.720596938119422E+031
  5.515557939119895E-002  9.243255391974046E+031
  5.529682541644455E-002  8.783429479853860E+031
  5.543807144169016E-002  8.342570397476100E+031
  5.557931746693576E-002  7.920417185904665E+031
  5.572056349218137E-002  7.516712718400784E+031
  5.586180951742698E-002  7.131203637027527E+031
  5.600305554267258E-002  6.763640290438867E+031
  5.614430156791819E-002  6.413776672829111E+031
  5.628554759316380E-002  6.081370364018294E+031
  5.642679361840940E-002  5.766182470649634E+031
  5.656803964365501E-002  5.467977568476080E+031
  5.671071103308647E-002  5.181551967202183E+031
  5.685338242251793E-002  4.907532572128862E+031
  5.699605381194939E-002  4.645751004003957E+031
  5.713872520138085E-002  4.396041321350085E+031
  5.728139659081231E-002  4.158239980721805E+031
  5.742406798024377E-002  3.932185797694608E+031
  5.756673936967523E-002  3.717719908570969E+031
  5.770941075910670E-002  3.514685732788360E+031
  5.785208214853815E-002  3.322928936015134E+031
  5.799475353796962E-002  3.142297393919781E+031
  5.813891628608020E-002  2.969322008962634E+031
  5.828307903419078E-002  2.804189324321746E+031
  5.842724178230136E-002  2.646794322345315E+031
  5.857140453041194E-002  2.497033485175217E+031
  5.871556727852253E-002  2.354804770635714E+031
  5.885973002663311E-002  2.220007588559966E+031
  5.900389277474368E-002  2.092542777545567E+031
  5.914805552285428E-002  1.972312582130263E+031
  5.929221827096486E-002  1.859220630379588E+031
  5.943638101907544E-002  1.753171911877672E+031
  5.958209989272947E-002  1.651933614996893E+031
  5.972781876638349E-002  1.555487163930734E+031
  5.987353764003753E-002  1.463769239360949E+031
  6.001925651369157E-002  1.376717414452740E+031
  6.016497538734560E-002  1.294270140697695E+031
  6.031069426099962E-002  1.216366734010448E+031
  6.045641313465366E-002  1.142947361073903E+031
  6.060213200830768E-002  1.073953025928065E+031
  6.074785088196172E-002  1.009325556797554E+031
  6.089356975561576E-002  9.490075931531488E+030
  6.104090849166648E-002  8.916112827106290E+030
  6.118824722771719E-002  8.370443685360239E+030
  6.133558596376790E-002  7.852699476542437E+030
  6.148292469981863E-002  7.362516307130130E+030
  6.163026343586935E-002  6.899535339394012E+030
  6.177760217192006E-002  6.463402712385908E+030
  6.192494090797077E-002  6.053769464321431E+030
  6.207227964402150E-002  5.670291456329577E+030
  6.221961838007221E-002  5.312629297542593E+030
  6.236695711612293E-002  4.980448271499074E+030
  6.251597860013457E-002  4.665417187406995E+030
  6.266500008414620E-002  4.366526438030262E+030
  6.281402156815784E-002  4.083568190112146E+030
  6.296304305216947E-002  3.816337468210933E+030
  6.311206453618111E-002  3.564632110492208E+030
  6.326108602019274E-002  3.328252725293593E+030
  6.341010750420438E-002  3.107002648446825E+030
  6.355912898821603E-002  2.900687901342339E+030
  6.370815047222766E-002  2.709117149722011E+030
  6.385717195623930E-002  2.532101663185584E+030
  6.400793838648323E-002  2.364812230745362E+030
  6.415870481672716E-002  2.206414258509000E+030
  6.430947124697109E-002  2.056794685961885E+030
  6.446023767721501E-002  1.915841989241878E+030
  6.461100410745894E-002  1.783446157646824E+030
  6.476177053770286E-002  1.659498670547975E+030
  6.491253696794679E-002  1.543892474701064E+030
  6.506330339819072E-002  1.436521961947668E+030
  6.521406982843465E-002  1.337282947299190E+030
  6.536483625867857E-002  1.246072647396066E+030
  6.551740929599946E-002  1.160188907555175E+030
  6.566998233332032E-002  1.079032736366528E+030
  6.582255537064118E-002  1.002544758074579E+030
  6.597512840796205E-002  9.306663949574131E+029
  6.612770144528290E-002  8.633398552632775E+029
  6.628027448260378E-002  8.005081213530524E+029
  6.643284751992463E-002  7.421149380448754E+029
  6.658542055724552E-002  6.881048011568620E+029
  6.673799359456638E-002  6.384229462443529E+029
  6.689056663188724E-002  5.930153375277599E+029
  6.704500751734338E-002  5.504231301786080E+029
  6.719944840279952E-002  5.102554284956914E+029
  6.735388928825566E-002  4.724821492627402E+029
  6.750833017371180E-002  4.370736092802081E+029
  6.766277105916793E-002  4.040005193834900E+029
  6.781721194462408E-002  3.732339785621475E+029
  6.797165283008021E-002  3.447454681783210E+029
  6.812609371553635E-002  3.185068462823645E+029
  6.828053460099248E-002  2.944903420239507E+029
  6.843497548644863E-002  2.726685501567781E+029
  6.859134514122685E-002  2.522819996320230E+029
  6.874771479600504E-002  2.330938462486372E+029
  6.890408445078325E-002  2.150893965670618E+029
  6.906045410556146E-002  1.982541505254047E+029
  6.921682376033966E-002  1.825737985775268E+029
  6.937319341511787E-002  1.680342188789897E+029
  6.952956306989608E-002  1.546214745199578E+029
  6.968593272467430E-002  1.423218108041754E+029
  6.984230237945248E-002  1.311216525731672E+029
  6.999867203423070E-002  1.210076015747930E+029
  7.015703116762692E-002  1.115986742235998E+029
  7.031539030102310E-002  1.027601796092722E+029
  7.047374943441932E-002  9.448520523745217E+028
  7.063210856781554E-002  8.676692869338583E+028
  7.079046770121172E-002  7.959861632197885E+028
  7.094882683460794E-002  7.297362192970781E+028
  7.110718596800415E-002  6.688538550799585E+028
  7.126554510140036E-002  6.132743197761711E+028
  7.142390423479657E-002  5.629336995377592E+028
  7.158226336819278E-002  5.177689053146090E+028
  7.174267258162348E-002  4.759398289157755E+028
  7.190308179505416E-002  4.367231023736900E+028
  7.206349100848486E-002  4.000874325632176E+028
  7.222390022191556E-002  3.660019303044719E+028
  7.238430943534624E-002  3.344361045000552E+028
  7.254471864877694E-002  3.053598563684585E+028
  7.270512786220765E-002  2.787434737718907E+028
  7.286553707563835E-002  2.545576256367064E+028
  7.302594628906903E-002  2.327733564648182E+028
  7.318635550249973E-002  2.133620809343802E+028
  7.334887538475994E-002  1.954688703258926E+028
  7.351139526702015E-002  1.787255157673843E+028
  7.367391514928037E-002  1.631183990134071E+028
  7.383643503154060E-002  1.486340760165871E+028
  7.399895491380079E-002  1.352592744224512E+028
  7.416147479606101E-002  1.229808911049643E+028
  7.432399467832122E-002  1.117859897420621E+028
  7.448651456058145E-002  1.016617984304024E+028
  7.464903444284166E-002  9.259570733867361E+027
  7.481155432510186E-002  8.457526639872399E+027
  7.497624553972453E-002  7.721876489381096E+027
  7.514093675434716E-002  7.034818812378682E+027
  7.530562796896981E-002  6.395784529768338E+027
  7.547031918359245E-002  5.804211778583129E+027
  7.563501039821509E-002  5.259545809119975E+027
  7.579970161283775E-002  4.761238883731107E+027
  7.596439282746038E-002  4.308750177243578E+027
  7.612908404208303E-002  3.901545678975869E+027
  7.629377525670569E-002  3.539098096324799E+027
  7.645846647132833E-002  3.220886759893171E+027
  7.662538983672755E-002  2.930551492035082E+027
  7.679231320212676E-002  2.659908823528386E+027
  7.695923656752597E-002  2.408730672205018E+027
  7.712615993292520E-002  2.176791823955512E+027
  7.729308329832441E-002  1.963869892189801E+027
  7.746000666372363E-002  1.769745277945602E+027
  7.762693002912284E-002  1.594201130633224E+027
  7.779385339452206E-002  1.437023309404901E+027
  7.796077675992127E-002  1.298000345137980E+027
  7.812770012532050E-002  1.176923403020615E+027
  7.829691668906898E-002  1.067069120040841E+027
  7.846613325281748E-002  9.648586171613621E+026
  7.863534981656597E-002  8.702043289773613E+026
  7.880456638031447E-002  7.830197823912645E+026
  7.897378294406296E-002  7.032195812985744E+026
  7.914299950781144E-002  6.307193915164171E+026
  7.931221607155993E-002  5.654359259505081E+026
  7.948143263530845E-002  5.072869299963778E+026
  7.965064919905694E-002  4.561911671706493E+026
  7.981986576280542E-002  4.120684049682522E+026
  7.999143687105492E-002  3.722726357793362E+026
  8.016300797930442E-002  3.353148820606355E+026
  8.033457908755393E-002  3.011629835752215E+026
  8.050615019580343E-002  2.697851781871721E+026
  8.067772130405294E-002  2.411500963237508E+026
  8.084929241230243E-002  2.152267555247146E+026
  8.102086352055195E-002  1.919845550771644E+026
  8.119243462880145E-002  1.713932707345199E+026
  8.136400573705095E-002  1.534230495180364E+026
  8.153557684530045E-002  1.380444045994994E+026
  8.170956420800539E-002  1.242614059789366E+026
  8.188355157071030E-002  1.114849237943301E+026
  8.205753893341522E-002  9.970367459421987E+025
  8.223152629612016E-002  8.890651357721038E+025
  8.240551365882506E-002  7.908243267776709E+025
  8.257950102152999E-002  7.022055868189903E+025
  8.275348838423491E-002  6.231015137222445E+025
  8.292747574693983E-002  5.534060170187958E+025
  8.310146310964474E-002  4.930142999678438E+025
  8.327545047234967E-002  4.418228418576255E+025
  8.345191622478645E-002  3.962515568387256E+025
  8.362838197722325E-002  3.540850767594148E+025
  8.380484772966001E-002  3.152856392840942E+025
  8.398131348209682E-002  2.798159428426215E+025
  8.415777923453362E-002  2.476391403151196E+025
  8.433424498697038E-002  2.187188328146232E+025
  8.451071073940718E-002  1.930190635659850E+025
  8.468717649184396E-002  1.705043118793591E+025
  8.486364224428075E-002  1.511394872165496E+025
  8.504010799671753E-002  1.348899233487056E+025
  8.521911475773078E-002  1.205283356534250E+025
  8.539812151874403E-002  1.072636348668677E+025
  8.557712827975726E-002  9.508378462829327E+024
  8.575613504077050E-002  8.397689445682258E+024
  8.593514180178373E-002  7.393121776598129E+024
  8.611414856279698E-002  6.493514990881798E+024
  8.629315532381023E-002  5.697722625307802E+024
  8.647216208482347E-002  5.004612028590556E+024
  8.665116884583671E-002  4.413064174757459E+024
  8.683017560684994E-002  3.921973479374375E+024
  8.701178653419350E-002  3.491279914582564E+024
  8.719339746153711E-002  3.094185595668292E+024
  8.737500838888068E-002  2.730325732542432E+024
  8.755661931622426E-002  2.399339928063236E+024
  8.773823024356783E-002  2.100872118650588E+024
  8.791984117091141E-002  1.834570515808636E+024
  8.810145209825500E-002  1.600087548541627E+024
  8.828306302559857E-002  1.397079806647656E+024
  8.846467395294216E-002  1.225207984875075E+024
  8.864628488028573E-002  1.084136827927250E+024
  8.883056372336551E-002  9.614359554773589E+023
  8.901484256644528E-002  8.485043378793705E+023
  8.919912140952506E-002  7.452370304020538E+023
  8.938340025260484E-002  6.515303443977001E+023
  8.956767909568461E-002  5.672818304322848E+023
  8.975195793876439E-002  4.923902616721894E+023
  8.993623678184418E-002  4.267556175231432E+023
  9.012051562492396E-002  3.702790675169800E+023
  9.030479446800373E-002  3.228629554420935E+023
  9.048907331108351E-002  2.844107837133965E+023
  9.067608446136646E-002  2.512621856814318E+023
  9.086309561164940E-002  2.208050453671580E+023
  9.105010676193233E-002  1.930107559247777E+023
  9.123711791221528E-002  1.678510509194935E+023
  9.142412906249824E-002  1.452979997844138E+023
  9.161114021278118E-002  1.253240033461105E+023
  9.179815136306411E-002  1.079017894177004E+023
  9.198516251334705E-002  9.300440845830423E+022
  9.217217366363001E-002  8.060522929774504E+022
  9.235918481391295E-002  7.067793492540345E+022
  9.254899335324178E-002  6.220146843914757E+022
  9.273880189257064E-002  5.442632432850495E+022
  9.292861043189947E-002  4.734512740980348E+022
  9.311841897122833E-002  4.095058977893807E+022
  9.330822751055716E-002  3.523550965364627E+022
  9.349803604988600E-002  3.019277023316991E+022
  9.368784458921484E-002  2.581533857503724E+022
  9.387765312854369E-002  2.209626448865612E+022
  9.406746166787254E-002  1.902867944545176E+022
  9.425727020720139E-002  1.660579550525852E+022
  9.444994195420817E-002  1.455828280291181E+022
  9.464261370121496E-002  1.268325331710858E+022
  9.483528544822176E-002  1.097891249858114E+022
  9.502795719522854E-002  9.443486924752505E+021
  9.522062894223532E-002  8.075224021152754E+021
  9.541330068924211E-002  6.872391787000157E+021
  9.560597243624890E-002  5.833278524876804E+021
  9.579864418325569E-002  4.956192574429404E+021
  9.599131593026249E-002  4.239462050029941E+021
  9.618398767726927E-002  3.681434582328208E+021
  9.637958923202417E-002  3.215082232546228E+021
  9.657519078677906E-002  2.788704279985673E+021
  9.677079234153398E-002  2.401889274486128E+021
  9.696639389628887E-002  2.054230586045366E+021
  9.716199545104377E-002  1.745326341623217E+021
  9.735759700579866E-002  1.474779362885417E+021
  9.755319856055356E-002  1.242197104871293E+021
  9.774880011530847E-002  1.047191595570286E+021
  9.794440167006337E-002  8.893793763919126E+020
  9.814000322481828E-002  7.683814435143996E+020
  9.833860201180647E-002  6.684805866587379E+020
  9.853720079879465E-002  5.772850963281403E+020
  9.873579958578282E-002  4.947063361141741E+020
  9.893439837277102E-002  4.206567032173542E+020
  9.913299715975919E-002  3.550496149712517E+020
  9.933159594674738E-002  2.977994955659316E+020
  9.953019473373557E-002  2.488217629675266E+020
  9.972879352072377E-002  2.080328160305796E+020
  9.992739230771193E-002  1.753500218000435E+020
  0.100125991094700       1.506917029997588E+020
  0.100327655404202       1.305964765301394E+020
  0.100529319713704       1.122804613091066E+020
  0.100730984023206       9.572573897135655E+019
  0.100932648332707       8.091459920656684E+019
  0.101134312642209       6.782953706156652E+019
  0.101335976951711       5.645325028219684E+019
  0.101537641261213       4.676863669426884E+019
  0.101739305570715       3.875879162293723E+019
  0.101940969880217       3.240700534985631E+019
  0.102142634189718       2.769676060750846E+019
  0.102347433217623       2.391271049024478E+019
  0.102552232245528       2.046874192853160E+019
  0.102757031273432       1.736146769480552E+019
  0.102961830301337       1.458753973541057E+019
  0.103166629329242       1.214364866532322E+019
  0.103371428357146       1.002652327028606E+019
  0.103576227385051       8.232930016218602E+018
  0.103781026412955       6.759672565798448E+018
  0.103985825440860       5.603591302085571E+018
  0.104190624468765       4.761562859078564E+018
  0.104398628354716       4.095410771154788E+018
  0.104606632240667       3.490005860777066E+018
  0.104814636126619       2.944749832599664E+018
  0.105022640012570       2.459051285477915E+018
  0.105230643898521       2.032325624006729E+018
  0.105438647784472       1.663994971349111E+018
  0.105646651670424       1.353488083335286E+018
  0.105854655556375       1.100240263809905E+018
  0.106062659442326       9.036932812085655E+017
  0.106270663328278       7.632952863422980E+017
  0.106481943191803       6.541031175128742E+017
  0.106693223055328       5.550021503564948E+017
  0.106904502918854       4.658941229656225E+017
  0.107115782782379       3.866819019664135E+017
  0.107327062645904       3.172694681119441E+017
  0.107538342509429       2.575619020847117E+017
  0.107749622372955       2.074653705050603E+017
  0.107960902236480       1.668871121422505E+017
  0.108172182100005       1.357354243247406E+017
  0.108383461963531       1.139196495465615E+017
  0.108598089937251       9.725620070320446E+016
  0.108812717910971       8.215362093520110E+016
  0.109027345884691       6.859688640064713E+016
  0.109241973858412       5.657114529655803E+016
  0.109456601832132       4.606171567365432E+016
  0.109671229805852       3.705408328275742E+016
  0.109885857779572       2.953389945230808E+016
  0.110100485753293       2.348697899649298E+016
  0.110315113727013       1.889929815348440E+016
  0.110529741700733       1.575699255330133E+016
  0.110747790958467       1.340634885559109E+016
  0.110965840216200       1.127838341570363E+016
  0.111183889473934       9.370978038571598E+015
  0.111401938731668       7.682038721747376E+015
  0.111619987989401       6.209495349639410E+015
  0.111838037247135       4.951301392153407E+015
  0.112056086504868       3.905433607672410E+015
  0.112274135762602       3.069891750303753E+015
  0.112492185020336       2.442698281325694E+015
  0.112710234278069       2.021898084762560E+015
  0.112931779052705       1.713471101416551E+015
  0.113153323827341       1.434667602235700E+015
  0.113374868601976       1.185209165339475E+015
  0.113596413376612        964820541843861.     
  0.113817958151248        773229615955911.     
  0.114039502925884        610167365641824.     
  0.114261047700519        475367823858954.     
  0.114482592475155        368568040342914.     
  0.114704137249791        289508043940719.     
  0.114925682024427        237930805481265.     
  0.115150798173840        201185595418765.     
  0.115375914323253        167987238093771.     
  0.115601030472667        138302811119550.     
  0.115826146622080        112099766625515.     
  0.116051262771494        89345926570505.1     
  0.116276378920907        70009478123151.2     
  0.116501495070321        54058969108263.4     
  0.116726611219734        41463303518205.1     
  0.116951727369148        32191737088191.2     
  0.117176843518561        26213872934505.4     
  0.117405613815963        22012082074510.8     
  0.117634384113364        18226420197868.0     
  0.117863154410766        14853078663255.0     
  0.118091924708167        11888292117011.7     
  0.118320695005569        9328337954239.38     
  0.118549465302970        7169535787586.40     
  0.118778235600372        5408246923606.90     
  0.119007005897773        4040873846568.45     
  0.119235776195175        3063859709589.27     
  0.119464546492576        2473687832988.59     
  0.119697060497599        2087998152348.23     
  0.119929574502622        1739477773095.47     
  0.120162088507644        1427791477115.47     
  0.120394602512667        1152607853799.80     
  0.120627116517689        913599252899.861     
  0.120859630522712        710441738051.537     
  0.121092144527735        542815040960.247     
  0.121324658532757        410402516235.812     
  0.121557172537780        312891096866.992     
  0.121789686542802        249971250325.449     
  0.122026034667996        205842158230.374     
  0.122262382793190        166380708266.605     
  0.122498730918383        131545407675.260     
  0.122735079043577        101295235390.707     
  0.122971427168770        75589636229.9831     
  0.123207775293964        54388515164.7084     
  0.123444123419157        37652231674.2184     
  0.123680471544351        25341594178.6276     
  0.123916819669544        17417854550.5444     
  0.124153167794738        13842702704.2182     
  0.124393442305750        12434983388.9065     
  0.124633716816762        11085071129.8842     
  0.124873991327774        9792460913.21476     
  0.125114265838787        8556653400.43788     
  0.125354540349799        7377154859.22899     
  0.125594814860811        6253477095.04015     
  0.125835089371823        5185137383.70260     
  0.126075363882835        4171658404.98059     
  0.126315638393847        3212568177.05736     
  0.126555912904859        2307399991.94153     
  0.126800208702527        1563209842.21776     
  0.127044504500195        1052659938.70131     
  0.127288800297863        702753166.079051     
  0.127533096095531        463451071.252823     
  0.127777391893199        300520582.649973     
  0.128021687690867        190639858.830409     
  0.128265983488535        118063401.972946     
  0.128510279286203        72369455.7934100     
  0.128754575083871        46967353.8247736     
  0.128998870881539        38150996.0393662     
  0.129247285127066        37729429.9635939     
  0.129495699372594        37610734.1202584     
  0.129744113618122        37504153.2620325     
  0.129992527863650        37398621.4805581     
  0.130240942109178        37293712.7700827     
  0.130489356354705        37189387.5674295     
  0.130737770600233        37085140.4327810     
  0.130986184845761        36967885.9684718     
  0.131234599091289        36495708.4535962     
  0.131483013336817        26731677.7638871     
  0.131735645803319        7694973.40914102     
  0.131988278269821        2279166.58406519     
  0.132240910736323        738216.955683971     
  0.132493543202825        299592.194350681     
  0.132746175669327        174560.636096660     
  0.132998808135829        138738.003904587     
  0.133251440602331        128276.953023551     
  0.133504073068833        124966.962930286     
  0.133756705535335        123463.900756177     
  0.134009338001837        121676.106736503     
  0.134266291019343        121011.639937028     
  0.134523244036849        120681.299431394     
  0.134780197054354        120353.213616918     
  0.135037150071860        120027.036441899     
  0.135294103089366        119702.753891674     
  0.135551056106872        119380.352412978     
  0.135808009124377        119059.818557204     
  0.136064962141883        118741.115789968     
  0.136321915159389        118401.147423587     
  0.136578868176894        95107.1256490725     
  0.136840246905326        17485.0203097189     
  0.137101625633758        3386.53920169356     
  0.137363004362190        825.355088406811     
  0.137624383090621        359.620318280741     
  0.137885761819053        274.475148834835     
  0.138147140547485        258.457927769998     
  0.138408519275917        254.996499798538     
  0.138669898004348        253.802251410018     
  0.138931276732780        252.932480978387     
  0.139192655461212        251.629224678235     
  0.139458567958307        250.723339665514     
  0.139724480455402        250.065552016974     
  0.139990392952497        249.412719758569     
  0.140256305449592        248.763743523688     
  0.140522217946687        248.118591430402     
  0.140788130443781        247.477236535120     
  0.141054042940876        246.839646679225     
  0.141319955437971        246.204551326325     
  0.141585867935066        245.291219338047     
  0.141851780432161        180.766126988300     
  0.142122337867764        25.6268470311404     
  0.142392895303367        3.87697568768772     
  0.142663452738971       0.827085420764671     
  0.142934010174574       0.398789035559914     
  0.143204567610177       0.338026818593238     
  0.143475125045780       0.328794526309001     
  0.143745682481383       0.326786315143692     
  0.144016239916986       0.325763676160158     
  0.144286797352589       0.324660367730672     
  0.144557354788192       0.321967126458716     
  0.144832671568849       0.320644821895228     
  0.145107988349506       0.319841222251168     
  0.145383305130163       0.319042568315392     
  0.145658621910820       0.318248722293109     
  0.145933938691477       0.317459650952336     
  0.146209255472133       0.316675321398716     
  0.146484572252790       0.315895701050287     
  0.146759889033447       0.315120754617862     
  0.147035205814104       0.314335656411480     
  0.147310522594761       0.241009737759422     
  0.147590716559480       1.795342482239122E-002
  0.147870910524200       1.552637137904038E-003
  0.148151104488919       3.461913285203015E-004
  0.148431298453639       2.569223633932708E-004
  0.148711492418358       2.497986886536235E-004
  0.148991686383078       2.487183171258672E-004
  0.149271880347797       2.480857065839363E-004
  0.149552074312517       2.474897206761626E-004
  0.149832268277236       2.469043436491162E-004
  0.150112462241956       2.463849894996331E-004
  0.150397654824386       2.458174325779729E-004
  0.150682847406816       2.452308747313804E-004
  0.150968039989246       2.446479447821553E-004
  0.151253232571676       2.440686228102971E-004
  0.151538425154106       2.434928845354683E-004
  0.151823617736536       2.429207059108148E-004
  0.152108810318966       2.423520631208144E-004
  0.152394002901396       2.417869298279549E-004
  0.152679195483826       2.412117888828194E-004
  0.152964388066256       1.744612107344130E-004
  0.153254704495963       6.729703222650775E-006
  0.153545020925669       4.837791802386139E-007
  0.153835337355375       2.506741762343876E-007
  0.154125653785081       2.414582433191185E-007
  0.154415970214788       2.405822054175933E-007
  0.154706286644494       2.400198917636941E-007
  0.154996603074200       2.394680863622042E-007
  0.155286919503906       2.387995548343893E-007
  0.155577235933613       2.349105108329451E-007
  0.155867552363319       1.448360972903176E-007
  0.156163121853285       1.079636098871483E-007
  0.156458691343250       1.077122626888267E-007
  0.156754260833216       1.074699163064359E-007
  0.157049830323182       1.072291280030722E-007
  0.157345399813148       1.069898861428323E-007
  0.157640969303114       1.067521806983051E-007
  0.157936538793080       1.065160017409818E-007
  0.158232108283046       1.062813380397903E-007
  0.158527677773011       1.060413108894228E-007
  0.158823247262977       7.211024826963060E-008
  0.159124203215902       1.297842362110709E-009
  0.159425159168826       6.418765801664484E-011
  0.159726115121750       4.260621321447187E-011
  0.160027071074675       4.214007332958748E-011
  0.160328027027599       4.204236505825642E-011
  0.160628982980524       4.195166339960860E-011
  0.160929938933448       4.186163589501815E-011
  0.161230894886372       4.177031249582489E-011
  0.161531850839297       4.157157011018350E-011
  0.161832806792221       3.520003856777871E-011
  0.162139287005080       2.689482059330555E-011
  0.162445767217939       2.644642324481501E-011
  0.162752247430797       2.637189373174124E-011
  0.163058727643656       2.631549639842827E-011
  0.163365207856515       2.626031422506447E-011
  0.163671688069374       2.620547271027687E-011
  0.163978168282232       2.614950254237266E-011
  0.164284648495091       2.606247064862378E-011
  0.164591128707950       2.531744536280273E-011
  0.164897608920809       1.078186280706593E-011
  0.165209755806242       2.122240357245934E-013
  0.165521902691676       8.343233109149263E-014
  0.165834049577110       8.169976138171787E-014
  0.166146196462544       8.151457767236652E-014
  0.166458343347977       8.134936549195674E-014
  0.166770490233411       8.118552891718169E-014
  0.167082637118845       8.102274572887589E-014
  0.167394784004279       8.085371212303560E-014
  0.167706930889712       8.008144925685120E-014
  0.168019077775146       2.984833018736430E-014
  0.168337038592060       3.076554919060853E-015
  0.168654999408973       3.065035378108966E-015
  0.168972960225887       3.058993478990184E-015
  0.169290921042801       3.052996055015583E-015
  0.169608881859714       3.047041748815649E-015
  0.169926842676628       3.041130308772251E-015
  0.170244803493542       3.035261486193983E-015
  0.170562764310455       3.029434981610953E-015
  0.170880725127369       3.023388226828602E-015
  0.171198685944283       1.730303448089324E-015
  0.171522613043101       5.625501861823392E-018
  0.171846540141919       2.912458207113487E-018
  0.172170467240738       2.902695790342257E-018
  0.172494394339556       2.897218221194306E-018
  0.172818321438375       2.891788182774862E-018
  0.173142248537193       2.886398793954500E-018
  0.173466175636012       2.881049812539920E-018
  0.173790102734830       2.875737866176889E-018
  0.174114029833649       2.868464906246471E-018
  0.174437956932467       1.591366999027797E-018
  0.174768008007660       1.997775014199363E-019
  0.175098059082852       1.960015006561098E-019
  0.175428110158045       1.956369392009104E-019
  0.175758161233238       1.952835217409411E-019
  0.176088212308430       1.949328816622746E-019
  0.176418263383623       1.945849836516534E-019
  0.176748314458816       1.942398114116900E-019
  0.177078365534008       1.938966914473419E-019
  0.177408416609201       1.932882465409050E-019
  0.177738467684394       8.394877869983696E-020
  0.178074806039709       3.166907399057568E-022
  0.178411144395025       2.880657102897520E-022
  0.178747482750341       2.875560364194295E-022
  0.179083821105657       2.870599001951746E-022
  0.179420159460972       2.865678314631580E-022
  0.179756497816288       2.860798063474460E-022
  0.180092836171604       2.855958043997650E-022
  0.180429174526919       2.851157892342820E-022
  0.180765512882235       2.845917302647867E-022
  0.181101851237551       1.417264271675770E-022
  0.181444646071324       5.179453406224377E-024
  0.181787440905097       5.143143220152430E-024
  0.182130235738870       5.134635740683725E-024
  0.182473030572642       5.126207211022662E-024
  0.182815825406415       5.117851645779437E-024
  0.183158620240188       5.109568694545153E-024
  0.183501415073961       5.101358012676914E-024
  0.183844209907734       5.093219155760705E-024
  0.184187004741507       5.084639497005373E-024
  0.184529799575280       2.561784101938615E-024
  0.184879226299672      -1.727272914184666E-027
  0.185228653024065      -2.244488556556499E-027
  0.185578079748457      -2.241077797182721E-027
  0.185927506472849      -2.237593511015412E-027
  0.186276933197242      -2.234141302102735E-027
  0.186626359921634      -2.230721049181796E-027
  0.186975786646026      -2.227332611566322E-027
  0.187325213370418      -2.223975802827816E-027
  0.187674640094811      -2.220415921298311E-027
  0.188024066819203      -1.065529665682371E-027
  0.188380307413683       1.083563479509553E-028
  0.188736548008162       1.084331038009712E-028
  0.189092788602642       1.082729654628947E-028
  0.189449029197121       1.081143525491947E-028
  0.189805269791601       1.079573070153474E-028
  0.190161510386080       1.078018224897486E-028
  0.190517750980560       1.076478926928692E-028
  0.190873991575039       1.074955092373691E-028
  0.191230232169519       1.073338196416394E-028
  0.191586472763998       5.392938601138345E-029
  0.191949716156664      -3.720977579930581E-031
  0.192312959549330      -3.825954699358267E-031
  0.192676202941996      -3.820679106311297E-031
  0.193039446334662      -3.815437374170788E-031
  0.193402689727327      -3.810251702604371E-031
  0.193765933119993      -3.805121891077507E-031
  0.194129176512659      -3.800047738224093E-031
  0.194492419905325      -3.795028968088467E-031
  0.194855663297991      -3.789680954714405E-031
  0.195218906690656      -1.897055842132861E-031
  0.195589349163681       2.803694716883900E-033
  0.195959791636706       2.839111496920042E-033
  0.196330234109731       2.835460032052920E-033
  0.196700676582756       2.831843065567332E-033
  0.197071119055781       2.828268404774230E-033
  0.197441561528806       2.824735915665736E-033
  0.197812004001831       2.821245465501887E-033
  0.198182446474856       2.817796866395286E-033
  0.198552888947881       2.814105074983165E-033
  0.198923331420906       1.411546069779489E-033
  0.199301177051822      -1.559155917870636E-035
  0.199679022682739      -1.586247305733481E-035
  0.200056868313655      -1.584366058652103E-035
  0.200434713944572      -1.582503101536038E-035
  0.200812559575488      -1.580664258892878E-035
  0.201190405206405      -1.578849466485374E-035
  0.201568250837321      -1.577058660576523E-035
  0.201946096468237      -1.575291746675362E-035
  0.202323942099154      -1.573389308628609E-035
  0.202701787730070      -7.890099728022801E-036
  0.203087248866172       9.414383105948685E-038
  0.203472710002274       9.566111229210776E-038
  0.203858171138375       9.555746872347649E-038
  0.204243632274477       9.545498754662288E-038
  0.204629093410578       9.535399508592120E-038
  0.205014554546680       9.525448816164134E-038
  0.205400015682782       9.515646363605549E-038
  0.205785476818883       9.505991652268820E-038
  0.206170937954985       9.495522847542194E-038
  0.206556399091087       4.763137030990225E-038
  0.206949696849985      -5.585529847982743E-040
  0.207342994608883      -5.677825504391980E-040
  0.207736292367781      -5.672278819865955E-040
  0.208129590126679      -5.666803156667071E-040
  0.208522887885577      -5.661418264300776E-040
  0.208916185644475      -5.656124000829869E-040
  0.209309483403373      -5.650920227234094E-040
  0.209702781162272      -5.645806695198763E-040
  0.210096078921170      -5.640212176925422E-040
  0.210489376680068      -2.829753063383632E-040
  0.210890741460939       3.328825216378913E-042
  0.211292106241810       3.384026747786895E-042
  0.211693471022681       3.381094076536919E-042
  0.212094835803552       3.378205413359701E-042
  0.212496200584423       3.375372525111730E-042
  0.212897565365295       3.372595358620574E-042
  0.213298930146166       3.369873862822924E-042
  0.213700294927037       3.367207921846229E-042
  0.214101659707908       3.364256876069813E-042
  0.214503024488779       1.688234762172579E-042
  0.214912696507202      -1.985374727112802E-044
  0.215322368525625      -2.018541570325245E-044
  0.215732040544048      -2.017022823704624E-044
  0.216141712562471      -2.015531457927080E-044
  0.216551384580894      -2.014074515632766E-044
  0.216961056599318      -2.012651986314197E-044
  0.217370728617741      -2.011263860988239E-044
  0.217780400636164      -2.009910092261219E-044
  0.218190072654587      -2.008387355015659E-044
  0.218599744673010      -1.008053728772597E-044
  0.219017974507172       1.185667778754609E-046
  0.219436204341334       1.205615856126338E-046
  0.219854434175497       1.204851325887049E-046
  0.220272664009659       1.204103925850053E-046
  0.220690893843821       1.203377876361978E-046
  0.221109123677983       1.202673185501073E-046
  0.221527353512146       1.201989862451104E-046
  0.221945583346308       1.201327893638117E-046
  0.222363813180470       1.200565762961768E-046
  0.222782043014632       6.027232758652827E-047
  0.223209092173554      -7.090027434719617E-049
  0.223636141332476      -7.210189728133868E-049
  0.224063190491397      -7.206499972854585E-049
  0.224490239650319      -7.202917953106809E-049
  0.224917288809241      -7.199469004796673E-049
  0.225344337968162      -7.196153273635477E-049
  0.225771387127084      -7.192970913366236E-049
  0.226198436286006      -7.189921942984737E-049
  0.226625485444927      -7.186279172800456E-049
  0.227052534603849      -3.608570132186726E-049
  0.227488676111908       4.245405115150426E-051
  0.227924817619967       4.317899521762173E-051
  0.228360959128026       4.316236632674893E-051
  0.228797100636085       4.314641848627000E-051
  0.229233242144144       4.313130407520954E-051
  0.229669383652204       4.311702462845471E-051
  0.230105525160263       4.310358173930161E-051
  0.230541666668322       4.309097620404435E-051
  0.230977808176381       4.307485036099225E-051
  0.231413949684440       2.163501749078877E-051
  0.231859468733320      -2.545639951912203E-053
  0.232304987782201      -2.589445843984535E-053
  0.232750506831082      -2.588787721061365E-053
  0.233196025879962      -2.588172864157618E-053
  0.233641544928843      -2.587610455843927E-053
  0.234087063977723      -2.587100633288491E-053
  0.234532583026604      -2.586643537909111E-053
  0.234978102075484      -2.586239264054359E-053
  0.235423621124365      -2.585626312320861E-053
  0.235869140173245      -1.298987886533084E-053
  0.236324334834590       1.528630094229889E-055
  0.236779529495936       1.555143953205244E-055
  0.237234724157281       1.554959228166573E-055
  0.237689918818626       1.554802119737290E-055
  0.238145113479971       1.554678172958712E-055
  0.238600308141316       1.554587500998006E-055
  0.239055502802661       1.554530220114405E-055
  0.239510697464006       1.554506418828444E-055
  0.239965892125351       1.554358945408137E-055
  0.240421086786697       7.810882791578822E-056
  0.240886268836128      -9.192991872635444E-058
  0.241351450885560      -9.353740637821777E-058
  0.241816632934991      -9.353938121453234E-058
  0.242281814984422      -9.354312679183912E-058
  0.242746997033854      -9.354897869451711E-058
  0.243212179083285      -9.355694583332594E-058
  0.243677361132717      -9.356703734397920E-058
  0.244142543182148      -9.357926073228541E-058
  0.244607725231580      -9.358415756520678E-058
  0.245072907281011      -4.703967985948093E-058
  0.245548403121002       5.537101259294372E-060
  0.246023898960992       5.634730124880885E-060
  0.246499394800982       5.635663290895215E-060
  0.246974890640973       5.636710480935690E-060
  0.247450386480963       5.637892051970105E-060
  0.247925882320954       5.639208684749861E-060
  0.248401378160944       5.640661076387836E-060
  0.248876874000934       5.642249828602758E-060
  0.249352369840925       5.643404788491642E-060
  0.249827865680915       2.837398896811509E-060
  0.250314017432597      -3.340425601316469E-062
  0.250800169184279      -3.399825791501850E-062
  0.251286320935961      -3.400896146276927E-062
  0.251772472687644      -3.402040222880693E-062
  0.252258624439326      -3.403270400758786E-062
  0.252744776191008      -3.404587189289554E-062
  0.253230927942690      -3.405991109747984E-062
  0.253717079694372      -3.407482627873115E-062
  0.254203231446054      -3.408717507389529E-062
  0.254689383197736      -1.714318696878193E-062
  0.255186549914399       2.018544073573991E-064
  0.255683716631062       2.054751595031521E-064
  0.256180883347724       2.055714918136266E-064
  0.256678050064387       2.056726087486081E-064
  0.257175216781050       2.057792651064339E-064
  0.257672383497713       2.058914984360808E-064
  0.258169550214375       2.060093471512677E-064
  0.258666716931038       2.061328464555195E-064
  0.259163883647701       2.062411784738217E-064
  0.259661050364364       1.037532552604823E-064
  0.260169609448532      -1.221843777982076E-066
  0.260678168532701      -1.243956144355293E-066
  0.261186727616870      -1.244737008198801E-066
  0.261695286701038      -1.245549036426382E-066
  0.262203845785207      -1.246396844039543E-066
  0.262712404869376      -1.247280704796565E-066
  0.263220963953544      -1.248200898739740E-066
  0.263729523037713      -1.249157687533373E-066
  0.264238082121882      -1.250024960345763E-066
  0.264746641206050      -6.290361014493047E-067
  0.265266989975598       7.408986669217033E-069
  0.265787338745146       7.544293595724688E-069
  0.266307687514694       7.550265372144171E-069
  0.266828036284242       7.556440818725828E-069
  0.267348385053790       7.562848236028564E-069
  0.267868733823338       7.569489603333086E-069
  0.268389082592886       7.576366945574276E-069
  0.268909431362434       7.583482183857040E-069
  0.269429780131982       7.590070027165846E-069
  0.269950128901530       3.820658767661635E-069
  0.270482686407335      -4.500832348055445E-071
  0.271015243913140      -4.583794122645493E-071
  0.271547801418945      -4.588196544138196E-071
  0.272080358924750      -4.592732493510725E-071
  0.272612916430556      -4.597419379854064E-071
  0.273145473936361      -4.602258625119602E-071
  0.273678031442166      -4.607251684422038E-071
  0.274210588947971      -4.612399955295026E-071
  0.274743146453776      -4.617238193022376E-071
  0.275275703959581      -2.324961247337613E-071
  0.275820912964007       2.739325763113974E-073
  0.276366121968433       2.790297820567986E-073
  0.276911330972859       2.793462925602613E-073
  0.277456539977285       2.796715831643130E-073
  0.278001748981711       2.800067283288901E-073
  0.278546957986137       2.803518297044534E-073
  0.279092166990563       2.807069913501083E-073
  0.279637375994989       2.810723142167002E-073
  0.280182584999414       2.814194622506439E-073
  0.280727794003840       1.417536587534128E-073
  0.281286123282805      -1.670466138390976E-075
  0.281844452561771      -1.701850090351882E-075
  0.282402781840736      -1.704085151106888E-075
  0.282961111119701      -1.706378106879641E-075
  0.283519440398666      -1.708735612192538E-075
  0.284077769677631      -1.711158390947213E-075
  0.284636098956596      -1.713647184538518E-075
  0.285194428235561      -1.716202718264543E-075
  0.285752757514527      -1.718652080958674E-075
  0.286311086793492      -8.660061475616115E-076
  0.286883033697240       1.020708740595335E-077
  0.287454980600989       1.040074182809052E-077
  0.288026927504738       1.041631527014953E-077
  0.288598874408486       1.043227146406730E-077
  0.289170821312235       1.044865177480932E-077
  0.289742768215984       1.046546134219980E-077
  0.290314715119732       1.048270543310619E-077
  0.290886662023481       1.050038923663333E-077
  0.291458608927230       1.051745555779339E-077
  0.292030555830978       5.301553677376337E-078
  0.292616649374705      -6.249762623253595E-080
  0.293202742918431      -6.369524264353265E-080
  0.293788836462158      -6.380266313931635E-080
  0.294374930005884      -6.391262039686113E-080
  0.294961023549611      -6.402537253466393E-080
  0.295547117093337      -6.414095596422648E-080
  0.296133210637063      -6.425940801978011E-080
  0.296719304180790      -6.438076570784528E-080
  0.297305397724516      -6.449855226174140E-080
  0.297891491268243      -3.252438793151756E-080
  0.298492295749378       3.834873112079619E-082
  0.299093100230514       3.909107118935773E-082
  0.299693904711650       3.916458858002658E-082
  0.300294709192786       3.923979124653610E-082
  0.300895513673922       3.931684090504669E-082
  0.301496318155057       3.939576330580086E-082
  0.302097122636193       3.947658486932128E-082
  0.302697927117329       3.955933192199223E-082
  0.303298731598465       3.964002838288690E-082
  0.303899536079600       1.999713584014935E-082
  0.304515655670617      -2.358268343037635E-084
  0.305131775261634      -2.404390789703775E-084
  0.305747894852651      -2.409392074537046E-084
  0.306364014443667      -2.414505580845689E-084
  0.306980134034684      -2.419741483313949E-084
  0.307596253625701      -2.425101600911359E-084
  0.308212373216717      -2.430587801313995E-084
  0.308828492807734      -2.436201954121268E-084
  0.309444612398751      -2.441699452270065E-084
  0.310060731989767      -1.232280996708243E-084
  0.310692816346081       1.453519218894489E-086
  0.311324900702394       1.482245168258300E-086
  0.311956985058707       1.485631627194676E-086
  0.312589069415020       1.489092984258101E-086
  0.313221153771334       1.492635669324432E-086
  0.313853238127647       1.496260966359520E-086
  0.314485322483960       1.499970194738781E-086
  0.315117406840274       1.503764680587853E-086
  0.315749491196587       1.507493616342103E-086
  0.316381575552900       7.611443447039693E-087
  0.317030326829029      -8.979781703614695E-089
  0.317679078105158      -9.159140815995543E-089
  0.318327829381286      -9.181990661544970E-089
  0.318976580657415      -9.205341548302444E-089
  0.319625331933544      -9.229234297857794E-089
  0.320274083209672      -9.253677971265877E-089
  0.320922834485801      -9.278681887200823E-089
  0.321571585761930      -9.304255446260153E-089
  0.322220337038058      -9.329466806944525E-089
  0.322869088314187      -4.712747232644671E-089
  0.323535269357844       5.561126098528394E-091
  0.324201450401500       5.673403326298531E-091
  0.324867631445157       5.688780071231940E-091
  0.325533812488814       5.704492769803669E-091
  0.326199993532470       5.720567463461568E-091
  0.326866174576127       5.737010547225648E-091
  0.327532355619784       5.753828603710648E-091
  0.328198536663440       5.771028295367588E-091
  0.328864717707097       5.788032521926953E-091
  0.329530898750754       2.925279934213191E-091
  0.330215342830844      -3.452614182803227E-093
  0.330899786910934      -3.523086259567423E-093
  0.331584230991024      -3.533414477948809E-093
  0.332268675071114      -3.543968494206077E-093
  0.332953119151204      -3.554765004638991E-093
  0.333637563231294      -3.565808524846498E-093
  0.334322007311385      -3.577103707189645E-093
  0.335006451391475      -3.588655274696551E-093
  0.335690895471565      -3.600104984810867E-093
  0.336375339551655      -1.820480300327674E-093
  0.337078961757832       2.149120630655652E-095
  0.337782583964009       2.193475000532134E-095
  0.338486206170185       2.200403268721868E-095
  0.339189828376362       2.207483665072394E-095
  0.339893450582539       2.214726950210529E-095
  0.340597072788716       2.222136315084878E-095
  0.341300694994893       2.229715050479503E-095
  0.342004317201070       2.237466506490990E-095
  0.342707939407246       2.245167764152676E-095
  0.343411561613423       1.135981818682302E-095
  0.344135373176774      -1.341351779364212E-097
  0.344859184740125      -1.369347836754373E-097
  0.345582996303475      -1.373992289031697E-097
  0.346306807866826      -1.378739500644117E-097
  0.347030619430176      -1.383596444640562E-097
  0.347754430993527      -1.388565378639006E-097
  0.348478242556878      -1.393648633262609E-097
  0.349202054120228      -1.398848587322431E-097
  0.349925865683579      -1.404026185145403E-097
  0.350649677246930      -7.108369280866268E-098
  0.351394803802985       8.395377782234615E-100
  0.352139930359040       8.572613271511581E-100
  0.352885056915095       8.603744371280171E-100
  0.353630183471150       8.635571516769465E-100
  0.354375310027205       8.668140153255796E-100
  0.355120436583260       8.701466279941246E-100
  0.355865563139315       8.735566431029187E-100
  0.356610689695370       8.770457524042530E-100
  0.357355816251425       8.805269933979538E-100
  0.358100942807480       4.461017124694885E-100
  0.358868647903564      -5.269942554067899E-102
  0.359636352999647      -5.382497489660658E-102
  0.360404058095731      -5.403374399588557E-102
  0.361171763191814      -5.424724245994306E-102
  0.361939468287897      -5.446576826847499E-102
  0.362707173383981      -5.468943506192601E-102
  0.363474878480064      -5.491836041241986E-102
  0.364242583576148      -5.515266489975483E-102
  0.365010288672231      -5.538689585770996E-102
  0.365777993768314      -2.808172054688994E-102
  0.366569708340047       3.318184533751197E-104
  0.367361422911780       3.389900091550012E-104
  0.368153137483513       3.403914817000451E-104
  0.368944852055246       3.418251996093959E-104
  0.369736566626979       3.432931293363291E-104
  0.370528281198712       3.447960803797355E-104
  0.371319995770445       3.463348912327608E-104
  0.372111710342178       3.479104237829554E-104
  0.372903424913911       3.494883968757746E-104
  0.373695139485644       1.773410420758432E-104
  0.374512497545809      -2.096015038118948E-106
  0.375329855605974      -2.141869706433246E-106
  0.376147213666140      -2.151292455605103E-106
  0.376964571726305      -2.160935905452763E-106
  0.377781929786470      -2.170813122879833E-106
  0.378599287846635      -2.180929894553507E-106
  0.379416645906800      -2.191292221861673E-106
  0.380234003966966      -2.201906287241397E-106
  0.381051362027131      -2.212555962543867E-106
  0.381868720087296      -1.123752643829661E-106
  0.382713601553308       1.328519835084996E-108
  0.383558483019320       1.357948517319254E-108
  0.384403364485332       1.364296785865805E-108
  0.385248245951344       1.370796755210269E-108
  0.386093127417355       1.377457172430439E-108
  0.386938008883367       1.384282191285738E-108
  0.387782890349379       1.391276125334752E-108
  0.388627771815391       1.398443427929993E-108
  0.389472653281403       1.405647445848749E-108
  0.390317534747415       7.146597493621062E-109
  0.391192117109958      -8.451097658460568E-111
  0.392066699472502      -8.640717885331620E-111
  0.392941281835045      -8.683595677448163E-111
  0.393815864197588      -8.727521130399286E-111
  0.394690446560132      -8.772553263532088E-111
  0.395565028922675      -8.818722037628748E-111
  0.396439611285219      -8.866058609553468E-111
  0.397314193647762      -8.914595215587411E-111
  0.398188776010306      -8.963465242560665E-111
  0.399063358372849      -4.562467258365306E-111
  0.399970183585716       5.396785685670392E-113
  0.400877008798582       5.519491680059386E-113
  0.401783834011449       5.548544989455034E-113
  0.402690659224315       5.578325757842516E-113
  0.403597484437182       5.608874155483972E-113
  0.404504309650048       5.640211920039129E-113
  0.405411134862915       5.672361690685287E-113
  0.406317960075782       5.705346942115256E-113
  0.407224785288648       5.738616397021720E-113
  0.408131610501515       2.924800604400419E-113
  0.409073670114593      -3.460663218001819E-115
  0.410015729727671      -3.540440109785582E-115
  0.410957789340750      -3.560202297384108E-115
  0.411899848953828      -3.580472741955345E-115
  0.412841908566906      -3.601279048223551E-115
  0.413783968179985      -3.622637097748717E-115
  0.414726027793063      -3.644563457242834E-115
  0.415668087406141      -3.667075343159761E-115
  0.416610147019220      -3.689820954935365E-115
  0.417552206632298      -1.883371417633887E-115
  0.418533052309047       2.229124088241992E-117
  0.419513897985796       2.281258969993682E-117
  0.420494743662544       2.294765152763945E-117
  0.421475589339293       2.308629029750296E-117
  0.422456435016042       2.322869777484740E-117
  0.423437280692790       2.337499097910089E-117
  0.424418126369539       2.352529219005968E-117
  0.425398972046288       2.367972877707294E-117
  0.426379817723036       2.383604836813319E-117
  0.427360663399785       1.218696485721217E-117
  0.428384539475578      -1.442904405606299E-119
  0.429408415551371      -1.477168077656827E-119
  0.430432291627163      -1.486448534804257E-119
  0.431456167702956      -1.495982766745749E-119
  0.432480043778749      -1.505784255303900E-119
  0.433503919854542      -1.515861705725363E-119
  0.434527795930334      -1.526224231795517E-119
  0.435551672006127      -1.536881349603675E-119
  0.436575548081920      -1.547688370767310E-119
  0.437599424157713      -7.928267583948840E-120
  0.438671437822023       9.390196995799323E-122
  0.439743451486333       9.616808821120633E-122
  0.440815465150644       9.680990298664436E-122
  0.441887478814954       9.746989359087277E-122
  0.442959492479265       9.814902089444422E-122
  0.444031506143575       9.884793998579221E-122
  0.445103519807885       9.956733812504517E-122
  0.446175533472196       1.003079347538005E-121
  0.447247547136506       1.010604043693482E-121
  0.448319560800817       5.188328664753743E-122
  0.449445892101520      -6.147386904471459E-124
  0.450572223402224      -6.298316629516050E-124
  0.451698554702927      -6.343027908897858E-124
  0.452824886003631      -6.389054798099641E-124
  0.453951217304334      -6.436466830637352E-124
  0.455077548605038      -6.485313945991638E-124
  0.456203879905741      -6.535648657005309E-124
  0.457330211206445      -6.587526087096343E-124
  0.458456542507148      -6.640343236957478E-124
  0.459582873807852      -3.417636271712305E-124
  0.460771061566219       4.051090501313774E-126
  0.461959249324586       4.152424130368771E-126
  0.463147437082954       4.183851962967382E-126
  0.464335624841321       4.216244317794203E-126
  0.465523812599689       4.249652428408789E-126
  0.466712000358056       4.284114981953307E-126
  0.467900188116424       4.319672764531567E-126
  0.469088375874791       4.356368719019521E-126
  0.470276563633159       4.393811822376626E-126
  0.471464751391526       2.267889705647186E-126
  0.472724036945270      -2.689488488750239E-128
  0.473983322499014      -2.758137907250031E-128
  0.475242608052758      -2.780449279673237E-128
  0.476501893606502      -2.803477809412822E-128
  0.477761179160246      -2.827262009227645E-128
  0.479020464713989      -2.851832384874119E-128
  0.480279750267733      -2.877221191303804E-128
  0.481539035821477      -2.903462502132517E-128
  0.482798321375221      -2.930302179818521E-128
  0.484057606928965      -1.517441279380913E-128
  0.485399378733079       1.800469434626737E-130
  0.486741150537193       1.847461846500972E-130
  0.488082922341307       1.863491410199375E-130
  0.489424694145420       1.880063221391628E-130
  0.490766465949534       1.897206921310330E-130
  0.492108237753648       1.914947085121939E-130
  0.493450009557762       1.933309784231049E-130
  0.494791781361876       1.952322662995551E-130
  0.496133553165990       1.971820411091679E-130
  0.497475324970104       1.024872162915736E-130
  0.498913612505353      -1.216736177692364E-132
  0.500351900040602      -1.249278208433788E-132
  0.501790187575851      -1.260943312388090E-132
  0.503228475111100      -1.273025797637291E-132
  0.504666762646349      -1.285549063789256E-132
  0.506105050181598      -1.298533361217544E-132
  0.507543337716847      -1.312000255723942E-132
  0.508981625252097      -1.325972710561616E-132
  0.510419912787346      -1.340343345453856E-132
  0.511858200322595      -6.995355431890316E-133
  0.513410307277206       8.310473664205659E-135
  0.514962414231817       8.538886362336955E-135
  0.516514521186428       8.625107118098586E-135
  0.518066628141039       8.714610140964836E-135
  0.519618735095651       8.807585802738693E-135
  0.521170842050262       8.904205636177450E-135
  0.522722949004873       9.004653133687093E-135
  0.524275055959484       9.109124624339150E-135
  0.525827162914095       9.216927092772333E-135
  0.527379269868706       4.832229876554399E-135
  0.529066384334482      -5.745035470434451E-137
  0.530753498800257      -5.907780530337836E-137
  0.532440613266033      -5.972570634286423E-137
  0.534127727731808      -6.040000237788891E-137
  0.535814842197584      -6.110229185468305E-137
  0.537501956663360      -6.183406963260575E-137
  0.539189071129135      -6.259694310303258E-137
  0.540876185594911      -6.339264168627499E-137
  0.542563300060686      -6.421675962992272E-137
  0.544250414526462      -3.383126550004135E-137
  0.546098229330311       4.025746794453608E-139
  0.547946044134160       4.143736894464443E-139
  0.549793858938009       4.193389716191008E-139
  0.551641673741858       4.245221506788886E-139
  0.553489488545708       4.299371477197992E-139
  0.555337303349557       4.355974365886929E-139
  0.557185118153406       4.415175941041592E-139
  0.559032932957255       4.477134059359061E-139
  0.560880747761104       4.541578277806428E-139
  0.562728562564953       2.404564258851918E-139
  0.564767317791232      -2.864194701994215E-141
  0.566806073017512      -2.951350609902481E-141
  0.568844828243791      -2.990156123249884E-141
  0.570883583470070      -3.030806138869556E-141
  0.572922338696349      -3.073426187742578E-141
  0.574961093922628      -3.118141581910446E-141
  0.576999849148907      -3.165088854413808E-141
  0.579038604375187      -3.214416974711047E-141
  0.581077359601466      -3.265972225323278E-141
  0.583116114827745      -1.737381997935469E-141
  0.585379771794726       2.071895013641049E-143
  0.587643428761708       2.137617721510409E-143
  0.589907085728690       2.168610074892454E-143
  0.592170742695672       2.201206052475596E-143
  0.594434399662653       2.235523031980274E-143
  0.596698056629635       2.271681495556772E-143
  0.598961713596616       2.309813797417715E-143
  0.601225370563598       2.350065609759860E-143
  0.603489027530580       2.392366222910892E-143
  0.605752684497561       1.277661271979698E-143
  0.608275958505664      -1.525659888528931E-145
  0.610799232513766      -1.576261999122687E-145
  0.613322506521868      -1.601511180491204E-145
  0.615845780529970      -1.628185684259907E-145
  0.618369054538072      -1.656398474618446E-145
  0.620892328546175      -1.686268391507202E-145
  0.623415602554277      -1.717927200537932E-145
  0.625938876562379      -1.751521356664383E-145
  0.628462150570481      -1.787041219463899E-145
  0.630985424578583      -9.565520908754434E-146
  0.633797350376516       1.143859342304739E-147
  0.636609276174449       1.183592833126387E-147
  0.639421201972381       1.204513348584647E-147
  0.642233127770314       1.226720100518443E-147
  0.645045053568246       1.250323770797629E-147
  0.647856979366179       1.275443320811849E-147
  0.650668905164111       1.302211981849738E-147
  0.653480830962044       1.330779425102637E-147
  0.656292756759977       1.361182260916807E-147
  0.659104682557909       7.284393109215688E-148
  0.662219075242562      -8.724306885964071E-150
  0.665333467927215      -9.041927298311724E-150
  0.668447860611868      -9.217751473079923E-150
  0.671562253296521      -9.405284013320556E-150
  0.674676645981174      -9.605617646175979E-150
  0.677791038665827      -9.819948901596438E-150
  0.680905431350480      -1.004963192030713E-149
  0.684019824035133      -1.029620497867792E-149
  0.687134216719786      -1.056038862341157E-149
  0.690248609404439      -5.621578501921900E-150
  0.693639042505122       6.740640863176668E-152
  0.697029475605805       6.993902726857401E-152
  0.700419908706488       7.138599732331549E-152
  0.703810341807171       7.293453106154143E-152
  0.707200774907853       7.459463728621576E-152
  0.710591208008536       7.637740314763422E-152
  0.713981641109219       7.829546938673225E-152
  0.717372074209902       8.036330967206552E-152
  0.720762507310585       8.258931763131299E-152
  0.724152940411268       4.320511123527874E-152
  0.727698260831197      -5.179207441477264E-154
  0.731243581251127      -5.371290557433317E-154
  0.734788901671057      -5.479703733188237E-154
  0.738334222090986      -5.595614387876847E-154
  0.741879542510916      -5.719747874832619E-154
  0.745424862930846      -5.852904659501288E-154
  0.748970183350775      -5.995995139381669E-154
  0.752515503770705      -6.150058982060852E-154
  0.756060824190635      -6.315639266741143E-154
  0.759606144610564      -3.209250985902011E-154
  0.763109271481853       3.847267051774717E-156
  0.766612398353141       3.989339219306362E-156
  0.770115525224429       4.069051621539439E-156
  0.773618652095718       4.154085369803949E-156
  0.777121778967006       4.244943295451895E-156
  0.780624905838294       4.342177380417921E-156
  0.784128032709583       4.446413167713422E-156
  0.787631159580871       4.558362297903592E-156
  0.791134286452159       4.678344613342380E-156
  0.794637413323448       2.314903013958950E-156
  0.797928100488309      -2.780448794055875E-158
  0.801218787653169      -2.888426415493640E-158
  0.804509474818030      -2.951700528432651E-158
  0.807800161982891      -3.019225576530875E-158
  0.811090849147752      -3.091419060806608E-158
  0.814381536312613      -3.168742838269891E-158
  0.817672223477473      -3.251722601319077E-158
  0.820962910642334      -3.340959208485060E-158
  0.824253597807195      -3.436773310180769E-158
  0.827544284972056      -1.669260962715075E-158
  0.830514048015482       2.009786685340827E-160
  0.833483811058908       2.092762344802874E-160
  0.836453574102335       2.143807149715149E-160
  0.839423337145761       2.198353854466159E-160
  0.842393100189188       2.256763657729401E-160
  0.845362863232614       2.319440080086125E-160
  0.848332626276040       2.386845282669318E-160
  0.851302389319467       2.459511058718835E-160
  0.854272152362893       2.537775201282043E-160
  0.857241915406320       1.213363284387205E-160
  0.859828467726963      -1.463871390559952E-162
  0.862415020047607      -1.527341430292128E-162
  0.865001572368250      -1.567785527195925E-162
  0.867588124688894      -1.611040401519301E-162
  0.870174677009537      -1.657405362414283E-162
  0.872761229330181      -1.707216951161689E-162
  0.875347781650824      -1.760862266572996E-162
  0.877934333971468      -1.818788786228284E-162
  0.880520886292112      -1.881308118930152E-162
  0.883107438612755      -8.867172062561643E-163
  0.885291033883382       1.071487146282251E-164
  0.887474629154008       1.119657198635823E-164
  0.889658224424635       1.151095669232864E-164
  0.891841819695262       1.184728179964805E-164
  0.894025414965888       1.220792242894744E-164
  0.896209010236515       1.259555849331478E-164
  0.898392605507141       1.301327949519171E-164
  0.900576200777768       1.346466557766131E-164
  0.902759796048395       1.395232475964637E-164
  0.904943391319021       6.496713646080675E-165
  0.906740357515015      -7.859174123714975E-167
  0.908537323711010      -8.221116106998702E-167
  0.910334289907004      -8.460847200091825E-167
  0.912131256102998      -8.717233340461587E-167
  0.913928222298992      -8.992083306660889E-167
  0.915725188494986      -9.287439998551050E-167
  0.917522154690980      -9.605659515728281E-167
  0.919319120886974      -9.949473346971536E-167
  0.921116087082968      -1.032089907289589E-166
  0.922913053278962      -4.759395519209036E-167
  0.924363335783296       5.761270501807885E-169
  0.925813618287629       6.030178148565639E-169
  0.927263900791963       6.209600415968717E-169
  0.928714183296296       6.401332422967498E-169
  0.930164465800630       6.606700758931471E-169
  0.931614748304963       6.827202085764291E-169
  0.933065030809297       7.064560502865572E-169
  0.934515313313630       7.320772291708107E-169
  0.935965595817964       7.597297514419358E-169
  0.937415878322298       3.478389232933394E-169
  0.938570601405769      -4.211689908340933E-171
  0.939725324489240      -4.409167597563479E-171
  0.940880047572711      -4.541134711346172E-171
  0.942034770656182      -4.681982317088700E-171
  0.943189493739653      -4.832652006576349E-171
  0.944344216823124      -4.994203199508187E-171
  0.945498939906595      -5.167853389198725E-171
  0.946653662990066      -5.355008647130140E-171
  0.947808386073537      -5.556667270191094E-171
  0.948963109157008      -2.532546343832804E-171
  0.949875363124554       3.066314132962967E-173
  0.950787617092100       3.209807572191785E-173
  0.951699871059646       3.305452851367914E-173
  0.952612125027192       3.407381974559629E-173
  0.953524378994738       3.516246800248185E-173
  0.954436632962283       3.632777970356516E-173
  0.955348886929829       3.757812496531217E-173
  0.956261140897375       3.892313761200137E-173
  0.957173394864921       4.036935082005232E-173
  0.958085648832467       1.836946430704428E-173
  0.958805016283748      -2.223634163247587E-175
  0.959524383735030      -2.327139113839090E-175
  0.960243751186311      -2.395811301464513E-175
  0.960963118637593      -2.468884350959248E-175
  0.961682486088875      -2.546804256136074E-175
  0.962401853540156      -2.630068851276188E-175
  0.963121220991438      -2.719246568075735E-175
  0.963840588442719      -2.814989346860855E-175
  0.964559955894001      -2.917715843900775E-175
  0.965279323345283      -1.329952762177062E-175
  0.965849067413907       1.609559243524484E-177
  0.966418811482531       1.684091423738733E-177
  0.966988555551156       1.733327125781033E-177
  0.967558299619780       1.785652510737444E-177
  0.968128043688404       1.841374530015754E-177
  0.968697787757029       1.900834603640560E-177
  0.969267531825653       1.964421495797628E-177
  0.969837275894277       2.032579770705661E-177
  0.970407019962902       2.105581018673429E-177
  0.970976764031526       9.639916094101217E-178
  0.971432069677976      -1.166462779681100E-179
  0.971887375324425      -1.220280635755656E-179
  0.972342680970875      -1.255722855811764E-179
  0.972797986617324      -1.293354938105037E-179
  0.973253292263773      -1.333391256656599E-179
  0.973708597910222      -1.376069635169863E-179
  0.974163903556672      -1.421660333117185E-179
  0.974619209203121      -1.470471738035320E-179
  0.975074514849570      -1.522684996619109E-179
  0.975529820496020      -6.999416640442979E-180
  0.975896604053271       8.467467554302810E-182
  0.976263387610522       8.855726653635409E-182
  0.976630171167773       9.110206788206190E-182
  0.976996954725024       9.380135868380728E-182
  0.977363738282276       9.667000990017697E-182
  0.977730521839527       9.972446866178481E-182
  0.978097305396778       1.029833829229226E-181
  0.978464088954029       1.064679799621501E-181
  0.978830872511280       1.101900636063021E-181
  0.979197656068531       5.065633026342717E-182
  0.979493486547976      -6.124027863718061E-184
  0.979789317027421      -6.400272966357963E-184
  0.980085147506866      -6.579175855433724E-184
  0.980380977986311      -6.768581782300159E-184
  0.980676808465756      -6.969469893838318E-184
  0.980972638945201      -7.182916571034995E-184
  0.981268469424646      -7.410137067556857E-184
  0.981564299904091      -7.652508482596699E-184
  0.981860130383536      -7.910701585654914E-184
  0.982155960862981      -3.626014466584045E-184
  0.982393852022792       4.378676170173698E-186
  0.982631743182602       4.570696061743230E-186
  0.982869634342413       4.692470634758258E-186
  0.983107525502223       4.821023337365852E-186
  0.983345416662034       4.956954971222673E-186
  0.983583307821845       5.100919478705874E-186
  0.983821198981656       5.253650422748500E-186
  0.984059090141466       5.415973364851671E-186
  0.984296981301277       5.588188837050650E-186
  0.984534872461088       2.561663224603585E-186
  0.984726895674697      -3.089476978158798E-188
  0.984918918888306      -3.220966921982654E-188
  0.985110942101915      -3.302447673265014E-188
  0.985302965315525      -3.388214768993159E-188
  0.985494988529134      -3.478628664587758E-188
  0.985687011742743      -3.574077449510200E-188
  0.985879034956352      -3.674993664314547E-188
  0.986071058169962      -3.781860769161163E-188
  0.986263081383571      -3.894783639053265E-188
  0.986455104597180      -1.798045579378919E-188
  0.986612661169258       2.166890781397831E-190
  0.986770217741335       2.257434486283066E-190
  0.986927774313412       2.312722009237377E-190
  0.987085330885490       2.370815336161657E-190
  0.987242887457567       2.431942757867553E-190
  0.987400444029644       2.496348315740679E-190
  0.987558000601721       2.564302942163612E-190
  0.987715557173799       2.636108211927093E-190
  0.987873113745876       2.711799616304322E-190
  0.988030670317954       1.266843596960095E-190
  0.988163052742207      -1.526514182875231E-192
  0.988295435166461      -1.590192006301114E-192
  0.988427817590715      -1.629015861061807E-192
  0.988560200014969      -1.669799338622456E-192
  0.988692582439222      -1.712701088052939E-192
  0.988824964863476      -1.757890528445427E-192
  0.988957347287730      -1.805555639143914E-192
  0.989089729711983      -1.855905532983598E-192
  0.989222112136237      -1.908963764164830E-192
  0.989354494560491      -9.031678505591323E-193
  0.989468378191924       1.088737877800682E-194
  0.989582261823358       1.134704375352569E-194
  0.989696145454792       1.162996479014837E-194
  0.989810029086225       1.192745253697640E-194
  0.989923912717659       1.224070783385093E-194
  0.990037796349092       1.257101830984690E-194
  0.990151679980526       1.291981570967293E-194
  0.990265563611959       1.328869635271762E-194
  0.990379447243393       1.367795535276248E-194
  0.990493330874826       6.540553641674350E-195
  0.990593123594773      -7.890079812723062E-197
  0.990692916314719      -8.229691267622552E-197
  0.990792709034665      -8.441868653956193E-197
  0.990892501754611      -8.665337309132774E-197
  0.990992294474558      -8.901056822303109E-197
  0.991092087194504      -9.150062958582408E-197
  0.991191879914450      -9.413511621757548E-197
  0.991291672634396      -9.692696587352816E-197
  0.991391465354343      -9.987988348820565E-197
  0.991491258074289      -4.811202667802020E-197
  0.991579710561559       5.809154168157573E-199
  0.991668163048830       6.064235443020604E-199
  0.991756615536100       6.226034273458662E-199
  0.991845068023370       6.396742920068109E-199
  0.991933520510641       6.577143100837684E-199
  0.992021972997911       6.768084221642774E-199
  0.992110425485181       6.970517930483901E-199
  0.992198877972452       7.185513826208538E-199
  0.992287330459722       7.413477341151657E-199
  0.992375782946993       3.587797574135435E-199
  0.992454682560494      -4.334340499503557E-201
  0.992533582173996      -4.527946436447702E-201
  0.992612481787498      -4.652296858239859E-201
  0.992691381401000      -4.783695660109581E-201
  0.992770281014502      -4.922778294026065E-201
  0.992849180628003      -5.070239039957141E-201
  0.992928080241505      -5.226858414228185E-201
  0.993006979855007      -5.393516874029610E-201
  0.993085879468509      -5.570610844211853E-201
  0.993164779082011      -2.705977063529100E-201
  0.993235499620215       3.270869280621544E-203
  0.993306220158418       3.419056176055141E-203
  0.993376940696622       3.515211257180898E-203
  0.993447661234827       3.616947777577308E-203
  0.993518381773031       3.724780416696624E-203
  0.993589102311234       3.839274014826522E-203
  0.993659822849439       3.961065413863602E-203
  0.993730543387643       4.090875221655413E-203
  0.993801263925847       4.229067373680933E-203
  0.993871984464051       2.062447274677758E-203
  0.993935731012263      -2.494316718525293E-205
  0.993999477560475      -2.608822127658496E-205
  0.994063224108688      -2.683819357586081E-205
  0.994126970656900      -2.763267005791229E-205
  0.994190717205113      -2.847584187513852E-205
  0.994254463753325      -2.937232749910833E-205
  0.994318210301538      -3.032734849137290E-205
  0.994381956849750      -3.134683060898260E-205
  0.994445703397963      -3.243404980908890E-205
  0.994509449946175      -1.588444641900866E-205
  0.994567269157235       1.922965037525649E-207
  0.994625088368296       2.012437706645787E-207
  0.994682907579356       2.071607638755441E-207
  0.994740726790417       2.134369583514755E-207
  0.994798546001477       2.201069279473264E-207
  0.994856365212537       2.272089314022683E-207
  0.994914184423597       2.347863493853737E-207
  0.994972003634658       2.428885662255574E-207
  0.995029822845718       2.515451518901707E-207
  0.995087642056778       1.236783376254445E-207
  0.995140377947368      -1.496537725484805E-209
  0.995193113837958      -1.567183609107413E-209
  0.995245849728548      -1.614337242594576E-209
  0.995298585619138      -1.664421219606909E-209
  0.995351321509728      -1.717724042007761E-209
  0.995404057400318      -1.774566318647234E-209
  0.995456793290908      -1.835312697514507E-209
  0.995509529181498      -1.900379656548994E-209
  0.995562265072088      -1.970034838582601E-209
  0.995615000962678      -9.717388487768858E-210
  0.995663299706622       1.177230690634241E-211
  0.995711598450567       1.233555571987721E-211
  0.995759897194512       1.271506901780006E-211
  0.995808195938456       1.311870783932302E-211
  0.995856494682401       1.354890019717744E-211
  0.995904793426346       1.400835545264331E-211
  0.995953092170290       1.450016452864021E-211
  0.996001390914235       1.502786921729599E-211
  0.996049689658180       1.559388569665903E-211
  0.996097988402124       7.710870724640044E-212
  0.996142343402141      -9.346475763426497E-214
  0.996186698402157      -9.799267437860369E-214
  0.996231053402174      -1.010688766425779E-213
  0.996275408402190      -1.043446908135604E-213
  0.996319763402207      -1.078406121617539E-213
  0.996364118402223      -1.115795958635960E-213
  0.996408473402239      -1.155879039852460E-213
  0.996452828402256      -1.198957207158615E-213
  0.996497183402273      -1.245246528143853E-213
  0.996541538402289      -6.168735906017068E-214
  0.996582337218939       7.480715553968452E-216
  0.996623136035588       7.847019362850894E-216
  0.996663934852237       8.097629443919892E-216
  0.996704733668887       8.364789177285488E-216
  0.996745532485537       8.650227216453387E-216
  0.996786331302186       8.955885825250871E-216
  0.996827130118836       9.283992546300400E-216
  0.996867928935485       9.637114374085627E-216
  0.996908727752135       1.001715867643208E-215
  0.996949526568784       4.968581493247251E-216
  0.996987082905460      -6.027606607665303E-218
  0.997024639242136      -6.325315077038361E-218
  0.997062195578812      -6.530135036515067E-218
  0.997099751915487      -6.748672348212066E-218
  0.997137308252163      -6.982379730392000E-218
  0.997174864588839      -7.232893554857749E-218
  0.997212420925515      -7.502094315658667E-218
  0.997249977262190      -7.792153754861844E-218
  0.997287533598866      -8.104730792251193E-218
  0.997325089935542      -4.022846515572550E-218
  0.997359661503029       4.881678036575443E-220
  0.997394233070515       5.124317137453467E-220
  0.997428804638002       5.291927749605278E-220
  0.997463376205489       5.470879108373348E-220
  0.997497947772976       5.662384380366934E-220
  0.997532519340462       5.867812622636341E-220
  0.997567090907949       6.088739465195539E-220
  0.997601662475436       6.326987468115506E-220
  0.997636234042923       6.583975340358720E-220
  0.997670805610410       3.268281231378388E-220
  0.997702602877970      -3.966876762010028E-222
  0.997734400145530      -4.164776982333701E-222
  0.997766197413091      -4.301808460682146E-222
  0.997797994680651      -4.448166787167015E-222
  0.997829791948211      -4.604855532517641E-222
  0.997861589215772      -4.773008437634094E-222
  0.997893386483332      -4.953931439655521E-222
  0.997925183750893      -5.149136547176862E-222
  0.997956981018453      -5.359812843604784E-222
  0.997988778286013      -2.658626533159204E-222
  0.998017967910333       3.253680125358595E-224
  0.998047157534653       3.415627189484186E-224
  0.998076347158973       3.528121489257202E-224
  0.998105536783293       3.648279232115411E-224
  0.998134726407613       3.776925597204740E-224
  0.998163916031933       3.914993049026553E-224
  0.998193105656253       4.063555813045548E-224
  0.998222295280573       4.223857791456231E-224
  0.998251484904893       4.396878034851319E-224
  0.998280674529213       2.177318489405145E-224
  0.998307379546192      -2.642372823012201E-226
  0.998334084563170      -2.773855833417642E-226
  0.998360789580149      -2.864745376769942E-226
  0.998387494597128      -2.961792654486977E-226
  0.998414199614106      -3.065657226669363E-226
  0.998440904631085      -3.177083586807288E-226
  0.998467609648063      -3.296928725721468E-226
  0.998494314665042      -3.426184142841400E-226
  0.998521019682020      -3.565621656703826E-226
  0.998547724698999      -1.760096018453479E-226
  0.998572022561057       2.135305145554609E-228
  0.998596320423115       2.240678178946902E-228
  0.998620618285172       2.313131589086125E-228
  0.998644916147230       2.390426074174158E-228
  0.998669214009288       2.473073138697234E-228
  0.998693511871346       2.561648717749307E-228
  0.998717809733404       2.656814445171974E-228
  0.998742107595462       2.759334151328559E-228
  0.998766405457519       2.869785966615654E-228
  0.998790703319577       1.409246003511240E-228
  0.998812622623147      -1.708584489497743E-230
  0.998834541926716      -1.791622044019133E-230
  0.998856461230285      -1.848153429227978E-230
  0.998878380533855      -1.908366895977484E-230
  0.998900299837424      -1.972641884691401E-230
  0.998922219140993      -2.041403676353560E-230
  0.998944138444563      -2.115139072296280E-230
  0.998966057748132      -2.194407889449889E-230
  0.998987977051701      -2.279610683931049E-230
  0.999009896355271      -1.110328610351339E-230
  0.999029413756951       1.344794526229997E-232
  0.999048931158631       1.408529417068086E-232
  0.999068448560312       1.451199015584186E-232
  0.999087965961992       1.496532718046879E-232
  0.999107483363672       1.544793987698277E-232
  0.999127000765352       1.596275873021674E-232
  0.999146518167032       1.651311883311159E-232
  0.999166035568713       1.710283184746218E-232
  0.999185552970393       1.773433902253015E-232
  0.999205070372073       8.530868518065102E-233
  0.999222111400562      -1.031615620195341E-234
  0.999239152429051      -1.078619310837311E-234
  0.999256193457540      -1.109239857196043E-234
  0.999273234486029      -1.141647806721028E-234
  0.999290275514518      -1.176008848035470E-234
  0.999307316543006      -1.212505024384911E-234
  0.999324357571496      -1.251341727230923E-234
  0.999341398599984      -1.292751535432317E-234
  0.999358439628473      -1.336851021166593E-234
  0.999375480656962      -6.312087509029187E-235
  0.999389933228591       7.615605459773040E-237
  0.999404385800220       7.942380549490228E-237
  0.999418838371849       8.146012793645138E-237
  0.999433290943477       8.360343503665030E-237
  0.999447743515106       8.586270971349323E-237
  0.999462196086735       8.824762569028622E-237
  0.999476648658364       9.076896333470943E-237
  0.999491101229993       9.343877049768403E-237
  0.999505553801622       9.625970699713003E-237
  0.999520006373251       4.424293518239008E-237
  0.999531763787033      -5.320981635133522E-239
  0.999543521200816      -5.529848519444627E-239
  0.999555278614599      -5.650820506950991E-239
  0.999567036028381      -5.777188676447315E-239
  0.999578793442164      -5.909344382082307E-239
  0.999590550855947      -6.047694541287958E-239
  0.999602308269729      -6.192685128877971E-239
  0.999614065683512      -6.344805834362482E-239
  0.999625823097295      -6.503844596800149E-239
  0.999637580511077      -2.882569509305769E-239
  0.999646629882451       3.452479341766971E-241
  0.999655679253826       3.571901491516582E-241
  0.999664728625200       3.633037098818482E-241
  0.999673777996574       3.696290876569067E-241
  0.999682827367948       3.761788682311585E-241
  0.999691876739323       3.829652090968566E-241
  0.999700926110697       3.900011618083216E-241
  0.999709975482071       3.973007464257956E-241
  0.999719024853445       4.048310073952860E-241
  0.999728074224819       1.718277359968036E-241
  0.999734605629115      -2.048052870968034E-243
  0.999741137033410      -2.107997676278942E-243
  0.999747668437705      -2.132738648565965E-243
  0.999754199842000      -2.158060226941229E-243
  0.999760731246295      -2.183990990702596E-243
  0.999767262650591      -2.210553192749417E-243
  0.999773794054886      -2.237770181494648E-243
  0.999780325459181      -2.265666414848167E-243
  0.999786856863476      -2.293988916553294E-243
  0.999793388267772      -9.353597246331000E-244
  0.999797841713901       1.109282155693434E-245
  0.999802295160031       1.135970839964391E-245
  0.999806748606160       1.143379165839253E-245
  0.999811202052290       1.150880815935430E-245
  0.999815655498420       1.158481687610177E-245
  0.999820108944549       1.166183763362481E-245
  0.999824562390679       1.173989077998315E-245
  0.999829015836808       1.181899692211828E-245
  0.999833469282938       1.189774084718633E-245
  0.999837922729067       4.866974198144598E-246
  0.999841006231222      -5.745992934596698E-248
  0.999844089733376      -5.863186731296252E-248
  0.999847173235530      -5.880018182707666E-248
  0.999850256737685      -5.896926022757088E-248
  0.999853340239839      -5.913931585814484E-248
  0.999856423741993      -5.931035725808453E-248
  0.999859507244147      -5.948239302340811E-248
  0.999862590746302      -5.965543057548230E-248
  0.999865674248456      -5.982319339414256E-248
  0.999868757750610      -2.900441120323455E-248
  0.999871677260027       3.424204179010899E-250
  0.999874596769443       3.498205864518476E-250
  0.999877516278859       3.512385243439037E-250
  0.999880435788276       3.526667760796058E-250
  0.999883355297692       3.541067073762988E-250
  0.999886274807108       3.555584623430425E-250
  0.999889194316525       3.570221872098638E-250
  0.999892113825941       3.584980244114491E-250
  0.999895033335357       3.599554385929794E-250
  0.999897952844774       2.099489774990622E-250
  0.999902046085401      -2.497115959555862E-252
  0.999906139326028      -2.570916898517825E-252
  0.999910232566655      -2.601722190957899E-252
  0.999914325807282      -2.633265748788468E-252
  0.999918419047909      -2.665584102796131E-252
  0.999922512288536      -2.698706156590337E-252
  0.999926605529163      -2.732662267487227E-252
  0.999930698769790      -2.767484294923069E-252
  0.999934792010417      -2.802975508841536E-252
  0.999938885251044      -1.692577905332226E-252
  0.999944996725939       2.051453436437212E-254
  0.999951108200835       2.137295668966065E-254
  0.999957219675731       2.189954462825115E-254
  0.999963331150626       2.245266810362453E-254
  0.999969442625522       2.303447097115612E-254
  0.999975554100417       2.364724314908500E-254
  0.999981665575313       2.429352498819226E-254
  0.999987777050209       2.497614145644433E-254
  0.999993888525105       2.569301983754498E-254

