0.654958418775E+00 0.386648627249E+01 0.725193416076E+01 0.196033474912E+01
0.652694569984E+00 0.386603109948E+01 0.725193187129E+01 0.196033128314E+01
0.652500867154E+00 0.386598563834E+01 0.725193186109E+01 0.196033126168E+01
0.652492842649E+00 0.386598310224E+01 0.725193186080E+01 0.196033126060E+01
0.652554223147E+00 0.386599693332E+01 0.725193185548E+01 0.196033125309E+01
0.652646955819E+00 0.386601806512E+01 0.725193184758E+01 0.196033124244E+01
0.652750050187E+00 0.386604151561E+01 0.725193183836E+01 0.196033123097E+01
0.652848626577E+00 0.386606375699E+01 0.725193182863E+01 0.196033122051E+01
0.652935897911E+00 0.386608314384E+01 0.725193181856E+01 0.196033121220E+01
0.653013894285E+00 0.386610005990E+01 0.725193180773E+01 0.196033120628E+01
0.653090696054E+00 0.386611625610E+01 0.725193179564E+01 0.196033120184E+01
0.653176872069E+00 0.386613401112E+01 0.725193178252E+01 0.196033119439E+01
0.653283438952E+00 0.386615565949E+01 0.725193021721E+01 0.196033271239E+01
0.653422722235E+00 0.386618376215E+01 0.725192772149E+01 0.196033514354E+01
0.653600860190E+00 0.386621961006E+01 0.725191650955E+01 0.196034619342E+01
0.653824351169E+00 0.386626447903E+01 0.725191945186E+01 0.196034327613E+01
0.654054296469E+00 0.386631057972E+01 0.725191121943E+01 0.196035147758E+01
0.654294716741E+00 0.386635852494E+01 0.725191377612E+01 0.196034932615E+01
0.654497483151E+00 0.386639869632E+01 0.725190784686E+01 0.196035604545E+01
0.654663863753E+00 0.386643136556E+01 0.725191420500E+01 0.196035152251E+01
0.654772118398E+00 0.386645237565E+01 0.725190623324E+01 0.196036255839E+01
0.654842685559E+00 0.386646588969E+01 0.725191787848E+01 0.196035627604E+01
0.654882315093E+00 0.386647337842E+01 0.725190267592E+01 0.196037969631E+01
0.654906705687E+00 0.386647794017E+01 0.725193111843E+01 0.196036395386E+01
0.654930185490E+00 0.386648250440E+01 0.725186720259E+01 0.196044681693E+01
0.654950912065E+00 0.386648683000E+01 0.725195351577E+01 0.196038892048E+01
0.654994609210E+00 0.386649641607E+01 0.725187337558E+01 0.196051456162E+01
0.655058413364E+00 0.386651160932E+01 0.725200137204E+01 0.196045924961E+01
0.655162565407E+00 0.386653933421E+01 0.725195367866E+01 0.196063230232E+01
0.655303949891E+00 0.386658366052E+01 0.725213461879E+01 0.196064809567E+01
0.655462908728E+00 0.386664817214E+01 0.725216540851E+01 0.196092177693E+01
0.655613079193E+00 0.386673085025E+01 0.725244485633E+01 0.196105412883E+01
0.655764580427E+00 0.386683225520E+01 0.725259450532E+01 0.196146716935E+01
0.655949421885E+00 0.386694815819E+01 0.725299197400E+01 0.196176421700E+01
0.656246848112E+00 0.386708510436E+01 0.725328086897E+01 0.196237612805E+01
0.656697297392E+00 0.386723231247E+01 0.725382020710E+01 0.196295957127E+01
0.657418985326E+00 0.386739955141E+01 0.725429165680E+01 0.196394020777E+01
0.658511365514E+00 0.386757652007E+01 0.725506416414E+01 0.196509038247E+01
0.660206198957E+00 0.386778514956E+01 0.725591004376E+01 0.196696650840E+01
0.662770899805E+00 0.386802902218E+01 0.725724677106E+01 0.196949516410E+01
0.666690142556E+00 0.386834412904E+01 0.725901408780E+01 0.197345424735E+01
0.672622228760E+00 0.386874393794E+01 0.726171588142E+01 0.197895007680E+01
0.681650860572E+00 0.386922271306E+01 0.726569057021E+01 0.198749675752E+01
0.691207025081E+00 0.386955112941E+01 0.726995941132E+01 0.199644065626E+01
0.700093953776E+00 0.386968427240E+01 0.727392944044E+01 0.200473892210E+01
0.708543496436E+00 0.386962812879E+01 0.727772935344E+01 0.201257108256E+01
0.716755565480E+00 0.386937976250E+01 0.728145006876E+01 0.202013738501E+01
0.724828451634E+00 0.386903383128E+01 0.728490695712E+01 0.202640689708E+01
0.731862730139E+00 0.386848007878E+01 0.728809907845E+01 0.203261588910E+01
0.731218251545E+00 0.386854433118E+01 0.728779774842E+01 0.203201684604E+01
0.737453965986E+00 0.386790607648E+01 0.729064961027E+01 0.203752370012E+01
0.743916566971E+00 0.386727920214E+01 0.729328438667E+01 0.204170762605E+01
0.750157328035E+00 0.386634165519E+01 0.729613065273E+01 0.204699739719E+01
0.756674614498E+00 0.386547630879E+01 0.729867715759E+01 0.205062117620E+01
0.763911788690E+00 0.386398990147E+01 0.730195956077E+01 0.205651639698E+01
0.769199180676E+00 0.386272508926E+01 0.730438711268E+01 0.206085328607E+01
0.774451426010E+00 0.386130639191E+01 0.730683081441E+01 0.206527437625E+01
0.780067653850E+00 0.386006025065E+01 0.730896026558E+01 0.206800443575E+01
0.785285712528E+00 0.385836174039E+01 0.731140591271E+01 0.207234261179E+01
0.790503987630E+00 0.385647976382E+01 0.731389356740E+01 0.207679070738E+01
0.795501274881E+00 0.385448177461E+01 0.731633918296E+01 0.208121176396E+01
0.800722027691E+00 0.385288618788E+01 0.731827253112E+01 0.208355137774E+01
0.805878655028E+00 0.385048873970E+01 0.732085260251E+01 0.208820331198E+01
0.810447292012E+00 0.384818040002E+01 0.732319846653E+01 0.209250799775E+01
0.814371564873E+00 0.384604186422E+01 0.732528242633E+01 0.209643612849E+01
0.817983162669E+00 0.384394779303E+01 0.732726586785E+01 0.210028687764E+01
0.821333459704E+00 0.384189206678E+01 0.732917005460E+01 0.210408958910E+01
0.824204277037E+00 0.384082785250E+01 0.733013953610E+01 0.210504281944E+01
0.826504415050E+00 0.383934527198E+01 0.733146404197E+01 0.210761084790E+01
0.828814847439E+00 0.383779015821E+01 0.733282788812E+01 0.211035354958E+01
0.831103602225E+00 0.383619068828E+01 0.733422241017E+01 0.211320477705E+01
0.833365413247E+00 0.383453044615E+01 0.733564894973E+01 0.211616908252E+01
0.835853992730E+00 0.383262786380E+01 0.733728191278E+01 0.211962468844E+01
0.838218125768E+00 0.383073588115E+01 0.733890001574E+01 0.212310858941E+01
0.840410681450E+00 0.382889172572E+01 0.734047115085E+01 0.212655366088E+01
0.842478843462E+00 0.382710356337E+01 0.734202165887E+01 0.213002844741E+01
0.844422523203E+00 0.382536079628E+01 0.734355150020E+01 0.213351890574E+01
0.846259170527E+00 0.382365863351E+01 0.734507287601E+01 0.213704854671E+01
0.847998370113E+00 0.382199076585E+01 0.734659177075E+01 0.214063063563E+01
0.849647181516E+00 0.382039113794E+01 0.734811273430E+01 0.214427526320E+01
0.851214349260E+00 0.381879363043E+01 0.734964308827E+01 0.214800063845E+01
0.852711303960E+00 0.381725570834E+01 0.735119114036E+01 0.215183352256E+01
0.854140204173E+00 0.381568732736E+01 0.735276286182E+01 0.215578363494E+01
0.855500499875E+00 0.381421520588E+01 0.735435733385E+01 0.215984989003E+01
0.856809025096E+00 0.381270092411E+01 0.735599739259E+01 0.216409534877E+01
0.858056748544E+00 0.381121749665E+01 0.735767338149E+01 0.216850467318E+01
0.859249461226E+00 0.380977657883E+01 0.735941272376E+01 0.217316296223E+01
0.860363923385E+00 0.380828321778E+01 0.736126445474E+01 0.217825437154E+01
0.861427806119E+00 0.380686983790E+01 0.736314636213E+01 0.218349221103E+01
0.862469181197E+00 0.380550489873E+01 0.736511418717E+01 0.218903043391E+01
0.863509132579E+00 0.380410504674E+01 0.736720065847E+01 0.219496363152E+01
0.864552901361E+00 0.380271572697E+01 0.736939905834E+01 0.220127892083E+01
0.865624460676E+00 0.380144616753E+01 0.737174057130E+01 0.220806397412E+01
0.866779667655E+00 0.380014714084E+01 0.737431754853E+01 0.221559510133E+01
0.868039563968E+00 0.379886181929E+01 0.737712121396E+01 0.222384675307E+01
0.869431910152E+00 0.379763991288E+01 0.738014056645E+01 0.223278393671E+01
0.871037459741E+00 0.379661063329E+01 0.738345361612E+01 0.224265499922E+01
0.873062571329E+00 0.379568757049E+01 0.738738279288E+01 0.225449954376E+01
0.875624689669E+00 0.379495876943E+01 0.739180954797E+01 0.226784834017E+01
0.878915029361E+00 0.379450517015E+01 0.739682935115E+01 0.228297228785E+01
0.883212104673E+00 0.379441478108E+01 0.740259419684E+01 0.230032558825E+01
0.888446471702E+00 0.379482896593E+01 0.740880841469E+01 0.231902024474E+01
0.894553914817E+00 0.379579041026E+01 0.741530743671E+01 0.233863606023E+01
0.901673039171E+00 0.379709722965E+01 0.742221377668E+01 0.235964840742E+01
0.910570522124E+00 0.379922342702E+01 0.743008587624E+01 0.238404804371E+01
0.921446475725E+00 0.380209145152E+01 0.743900206209E+01 0.241245215607E+01
0.936535048181E+00 0.380645998484E+01 0.745031886882E+01 0.245043961191E+01
0.962650538099E+00 0.381484917274E+01 0.746767932700E+01 0.251676656895E+01
0.101413564794E+01 0.382911971151E+01 0.747452714110E+01 0.276201446256E+01
0.991516925311E+00 0.381100814363E+01 0.741847683836E+01 0.294768097910E+01
0.972662425450E+00 0.379566183048E+01 0.738356530142E+01 0.301431216716E+01
0.980987144710E+00 0.379052241199E+01 0.737278737236E+01 0.305838790538E+01
0.987441027568E+00 0.378835485674E+01 0.736687129508E+01 0.308381416106E+01
0.990785432348E+00 0.378727409778E+01 0.736348311081E+01 0.310004788564E+01
0.992452808651E+00 0.378665120811E+01 0.736142410159E+01 0.311104862166E+01
0.993425598896E+00 0.378623116870E+01 0.736006600089E+01 0.311937562000E+01
0.994293436933E+00 0.378582486505E+01 0.735893053486E+01 0.312836574465E+01
0.995071432679E+00 0.378539111613E+01 0.735798293419E+01 0.313865177922E+01
0.995774060254E+00 0.378494972948E+01 0.735733783359E+01 0.314956769347E+01
0.996464489729E+00 0.378450385346E+01 0.735703717981E+01 0.316094952974E+01
0.997174864609E+00 0.378403984913E+01 0.735708740257E+01 0.317302633363E+01
0.997902784977E+00 0.378354944286E+01 0.735746136998E+01 0.318585363393E+01
0.998627648919E+00 0.378306604904E+01 0.735809909008E+01 0.319916108296E+01
0.999314789909E+00 0.378258466700E+01 0.735894287993E+01 0.321288318571E+01
0.999939815709E+00 0.378208154695E+01 0.735994564318E+01 0.322690874199E+01
0.100049214723E+01 0.378156047597E+01 0.736106798040E+01 0.324105013636E+01
0.100097133015E+01 0.378102425374E+01 0.736227775173E+01 0.325521338773E+01
0.100137962722E+01 0.378047452194E+01 0.736354237554E+01 0.326936304402E+01
0.100170169442E+01 0.377990862012E+01 0.736486454891E+01 0.328351353137E+01
0.100193582194E+01 0.377932655569E+01 0.736624535290E+01 0.329762601146E+01
0.100208931469E+01 0.377872886430E+01 0.736768411523E+01 0.331169143047E+01
0.100215484721E+01 0.377811423616E+01 0.736917177060E+01 0.332570904405E+01
0.100213620670E+01 0.377748269651E+01 0.737069425656E+01 0.333967185662E+01
0.100204838032E+01 0.377683632401E+01 0.737225208596E+01 0.335355556555E+01
0.100188225182E+01 0.377617298719E+01 0.737385896386E+01 0.336739444277E+01
0.100163597297E+01 0.377549180818E+01 0.737551807952E+01 0.338118323868E+01
0.100130394627E+01 0.377479107039E+01 0.737722439036E+01 0.339491994646E+01
0.100089390182E+01 0.377409431320E+01 0.737897260559E+01 0.340860148675E+01
0.100042749224E+01 0.377347978762E+01 0.738077232015E+01 0.342227615609E+01
0.999859756711E+00 0.377283851174E+01 0.738266087334E+01 0.343618592546E+01
0.999219724721E+00 0.377218370526E+01 0.738459411756E+01 0.345003661283E+01
0.998505931470E+00 0.377151584480E+01 0.738656970208E+01 0.346381555843E+01
0.997705511091E+00 0.377083225195E+01 0.738859280795E+01 0.347755279657E+01
0.996816283184E+00 0.377013201300E+01 0.739066109984E+01 0.349123261671E+01
0.995838980660E+00 0.376941415367E+01 0.739277750037E+01 0.350484400261E+01
0.994774780322E+00 0.376867753885E+01 0.739494279378E+01 0.351838681806E+01
0.993622789065E+00 0.376792096726E+01 0.739715420747E+01 0.353185662351E+01
0.992391713428E+00 0.376714399749E+01 0.739941073294E+01 0.354525343971E+01
0.991071933441E+00 0.376634460588E+01 0.740170859500E+01 0.355857617944E+01
0.989812649543E+00 0.376568831675E+01 0.740403291903E+01 0.357180112247E+01
0.988379001222E+00 0.376500241175E+01 0.740647052961E+01 0.358540688873E+01
0.986843301774E+00 0.376429962609E+01 0.740893978739E+01 0.359896368727E+01
0.985213877754E+00 0.376358014225E+01 0.741143904477E+01 0.361244164821E+01
0.983492367264E+00 0.376284260272E+01 0.741396857725E+01 0.362583942079E+01
0.981678446264E+00 0.376208566269E+01 0.741652715757E+01 0.363915563988E+01
0.979773632125E+00 0.376130827665E+01 0.741910754989E+01 0.365237988500E+01
0.977774551565E+00 0.376050858333E+01 0.742170807406E+01 0.366551636470E+01
0.975676467802E+00 0.375968491899E+01 0.742432279158E+01 0.367855593934E+01
