-.486586402152E+00 0.371156805650E+01 0.706359491563E+01 0.192507085766E+01
-.486483138677E+00 0.371159624912E+01 0.706358863433E+01 0.192506145712E+01
-.486484952533E+00 0.371159591550E+01 0.706358857389E+01 0.192506150836E+01
-.486487755911E+00 0.371159537071E+01 0.706358841104E+01 0.192506166421E+01
-.486491996239E+00 0.371159452343E+01 0.706358833495E+01 0.192506173100E+01
-.486497479715E+00 0.371159344127E+01 0.706358930072E+01 0.192506076990E+01
-.486504717472E+00 0.371159202132E+01 0.706359501537E+01 0.192505514178E+01
-.486514353338E+00 0.371159013597E+01 0.706359628334E+01 0.192505358760E+01
-.486527264815E+00 0.371158759410E+01 0.706360236145E+01 0.192504698648E+01
-.486543836274E+00 0.371158434352E+01 0.706361476726E+01 0.192503336674E+01
-.486565041074E+00 0.371158019215E+01 0.706363216943E+01 0.192501365025E+01
-.486591870552E+00 0.371157494829E+01 0.706365360314E+01 0.192498854774E+01
-.486625609235E+00 0.371156834848E+01 0.706367898135E+01 0.192495779644E+01
-.486667345069E+00 0.371156017423E+01 0.706370905063E+01 0.192491999671E+01
-.486717944231E+00 0.371155025382E+01 0.706374546945E+01 0.192487245474E+01
-.486778252942E+00 0.371153840598E+01 0.706378989625E+01 0.192481202088E+01
-.486848649385E+00 0.371152453716E+01 0.706384379292E+01 0.192473512492E+01
-.486928302528E+00 0.371150880460E+01 0.706390975791E+01 0.192463603629E+01
-.487018626183E+00 0.371149073658E+01 0.706399020116E+01 0.192450792760E+01
-.487115676619E+00 0.371147108774E+01 0.706408725691E+01 0.192434254168E+01
-.487217579007E+00 0.371144995249E+01 0.706420383558E+01 0.192412817623E+01
-.487319191493E+00 0.371142808575E+01 0.706434250576E+01 0.192384977729E+01
-.487417638563E+00 0.371140554696E+01 0.706450498104E+01 0.192348808976E+01
-.487511907642E+00 0.371138191094E+01 0.706469141631E+01 0.192301844224E+01
-.487543679663E+00 0.371136764006E+01 0.706489934635E+01 0.192241001748E+01
-.487499075613E+00 0.371136570364E+01 0.706512199782E+01 0.192162510702E+01
-.487491026644E+00 0.371135472922E+01 0.706534435629E+01 0.192062122052E+01
-.487616921715E+00 0.371131674425E+01 0.706554063219E+01 0.191935421919E+01
-.488002455066E+00 0.371123060353E+01 0.706566853723E+01 0.191779155089E+01
-.488851422187E+00 0.371105982744E+01 0.706566992554E+01 0.191592885912E+01
-.490395525035E+00 0.371075920165E+01 0.706547399286E+01 0.191382560726E+01
-.492646738964E+00 0.371030513705E+01 0.706502756260E+01 0.191163940542E+01
-.494907101583E+00 0.370978519983E+01 0.706435426270E+01 0.190965254918E+01
-.495993022451E+00 0.370940100483E+01 0.706361841545E+01 0.190821320020E+01
-.495529005766E+00 0.370928019832E+01 0.706306776587E+01 0.190751942163E+01
-.494443075541E+00 0.370933785128E+01 0.706282891290E+01 0.190744632745E+01
-.493635494892E+00 0.370942451470E+01 0.706282875048E+01 0.190769856774E+01
-.493145812670E+00 0.370949264184E+01 0.706294651045E+01 0.190811162242E+01
-.492669932395E+00 0.370956438472E+01 0.706313893570E+01 0.190870650251E+01
-.492001055474E+00 0.370966488110E+01 0.706342641406E+01 0.190958936362E+01
-.491000235887E+00 0.370981449370E+01 0.706385766455E+01 0.191091367324E+01
-.489494704142E+00 0.371003834253E+01 0.706450891140E+01 0.191292787813E+01
-.487233659406E+00 0.371037082086E+01 0.706548805290E+01 0.191595788657E+01
-.483836228751E+00 0.371086232398E+01 0.706696555322E+01 0.192051637010E+01
-.478611556650E+00 0.371163673292E+01 0.706923168615E+01 0.192749736619E+01
-.470430702063E+00 0.371289983983E+01 0.707273328654E+01 0.193820162412E+01
-.461510143293E+00 0.371423036016E+01 0.707660234614E+01 0.195012617482E+01
-.453193228547E+00 0.371541876582E+01 0.708026521616E+01 0.196156800621E+01
-.445332828761E+00 0.371649211896E+01 0.708378842518E+01 0.197271031073E+01
-.437602323167E+00 0.371750166387E+01 0.708730940507E+01 0.198401050039E+01
-.429695264852E+00 0.371858833748E+01 0.709088396104E+01 0.199543499233E+01
-.421718421141E+00 0.371972829330E+01 0.709446243808E+01 0.200704511426E+01
-.414151631025E+00 0.372075237155E+01 0.709793016965E+01 0.201833577072E+01
-.406695674878E+00 0.372171442084E+01 0.710139800623E+01 0.202979823780E+01
-.399330457169E+00 0.372261842756E+01 0.710487592023E+01 0.204136715207E+01
-.392095411251E+00 0.372346076473E+01 0.710834704738E+01 0.205308378066E+01
-.384518391911E+00 0.372447355213E+01 0.711188813950E+01 0.206504151075E+01
-.377290736272E+00 0.372540921421E+01 0.711530925683E+01 0.207666941657E+01
-.370273019967E+00 0.372626907944E+01 0.711868257214E+01 0.208819033855E+01
-.363288894215E+00 0.372708106317E+01 0.712208388707E+01 0.210000642655E+01
-.356413876651E+00 0.372783188815E+01 0.712549464109E+01 0.211196087703E+01
-.349670793929E+00 0.372853097463E+01 0.712889369030E+01 0.212397937766E+01
-.342584769270E+00 0.372941518084E+01 0.713234354588E+01 0.213605892218E+01
-.335840788260E+00 0.373020638391E+01 0.713569141640E+01 0.214787618763E+01
-.329203202083E+00 0.373093972480E+01 0.713902377016E+01 0.215976150445E+01
-.322635255038E+00 0.373161898437E+01 0.714237845782E+01 0.217184577534E+01
-.316156576904E+00 0.373224369910E+01 0.714574163037E+01 0.218410317364E+01
-.309810955184E+00 0.373281440764E+01 0.714908466171E+01 0.219635688201E+01
-.303116200221E+00 0.373357902715E+01 0.715248758158E+01 0.220872530355E+01
-.296729267678E+00 0.373425926584E+01 0.715579093670E+01 0.222076605112E+01
-.290455748787E+00 0.373488194221E+01 0.715908644201E+01 0.223292197165E+01
-.284221819825E+00 0.373545621564E+01 0.716240255906E+01 0.224525509955E+01
-.278079585545E+00 0.373597817026E+01 0.716571622586E+01 0.225775599882E+01
-.272057111389E+00 0.373644656640E+01 0.716902080405E+01 0.227036155699E+01
-.265822478957E+00 0.373704662635E+01 0.717234639312E+01 0.228296806713E+01
-.259706612794E+00 0.373764389838E+01 0.717560986268E+01 0.229542956623E+01
-.253757969202E+00 0.373818021345E+01 0.717883048567E+01 0.230779367429E+01
-.247879728468E+00 0.373866681173E+01 0.718205401601E+01 0.232034470834E+01
-.242058288365E+00 0.373910709646E+01 0.718528694891E+01 0.233302602643E+01
-.236337489336E+00 0.373949878267E+01 0.718850731840E+01 0.234582970449E+01
-.230663833594E+00 0.373987789211E+01 0.719171350965E+01 0.235864949913E+01
-.224701983561E+00 0.374042253943E+01 0.719494303330E+01 0.237158048386E+01
-.218985675272E+00 0.374090188064E+01 0.719807063266E+01 0.238422939430E+01
