-.486823826267E+00 0.371150017826E+01 0.706380878356E+01 0.192426989871E+01
-.486703335544E+00 0.371153313578E+01 0.706380144468E+01 0.192425876307E+01
-.486702006138E+00 0.371153358824E+01 0.706380155246E+01 0.192425862846E+01
-.486708588088E+00 0.371153211637E+01 0.706380196205E+01 0.192425811363E+01
-.486713780095E+00 0.371153104784E+01 0.706380336027E+01 0.192425635302E+01
-.486718876796E+00 0.371153007592E+01 0.706380734021E+01 0.192425127378E+01
-.486726504834E+00 0.371152856616E+01 0.706381639889E+01 0.192423945519E+01
-.486736996347E+00 0.371152645798E+01 0.706383249006E+01 0.192421785509E+01
-.486749822898E+00 0.371152391805E+01 0.706385578688E+01 0.192418551447E+01
-.486768227590E+00 0.371152018319E+01 0.706388635482E+01 0.192414147467E+01
-.486791476550E+00 0.371151547684E+01 0.706392572573E+01 0.192408249072E+01
-.486821592571E+00 0.371150933470E+01 0.706397617405E+01 0.192400343385E+01
-.486860135616E+00 0.371150140191E+01 0.706404047256E+01 0.192389763762E+01
-.486907695722E+00 0.371149155173E+01 0.706412137591E+01 0.192375677426E+01
-.486970364627E+00 0.371147826072E+01 0.706422263832E+01 0.192356898038E+01
-.487046697594E+00 0.371146183826E+01 0.706434855265E+01 0.192331813142E+01
-.487141353627E+00 0.371144100387E+01 0.706450235177E+01 0.192298458734E+01
-.487258176155E+00 0.371141456298E+01 0.706468914038E+01 0.192253910630E+01
-.487403338293E+00 0.371138058341E+01 0.706491123385E+01 0.192194552744E+01
-.487581209223E+00 0.371133734691E+01 0.706517250200E+01 0.192115072652E+01
-.487637432232E+00 0.371131320914E+01 0.706547134355E+01 0.192008753866E+01
-.487624405312E+00 0.371129589869E+01 0.706580343228E+01 0.191866169749E+01
-.487599540046E+00 0.371127176533E+01 0.706615780707E+01 0.191674431535E+01
-.487623308515E+00 0.371122600372E+01 0.706650738748E+01 0.191416891516E+01
-.487819429604E+00 0.371113176766E+01 0.706681132398E+01 0.191070527877E+01
-.488438894548E+00 0.371093821101E+01 0.706699558221E+01 0.190606267692E+01
-.489928964140E+00 0.371055939877E+01 0.706694876015E+01 0.189986872684E+01
-.493086340702E+00 0.370984313273E+01 0.706649907381E+01 0.189168799073E+01
-.499116780388E+00 0.370855853606E+01 0.706541383259E+01 0.188118889847E+01
-.506967213448E+00 0.370692481588E+01 0.706394543011E+01 0.187105502471E+01
-.516142085774E+00 0.370501366428E+01 0.706221889981E+01 0.186160854074E+01
-.526294079848E+00 0.370286285944E+01 0.706023210208E+01 0.185250625720E+01
-.535345845095E+00 0.370088616229E+01 0.705801221473E+01 0.184367923342E+01
-.545761257551E+00 0.369854194896E+01 0.705545631300E+01 0.183472450391E+01
-.556242484111E+00 0.369604989654E+01 0.705270368601E+01 0.182611799640E+01
-.565893943253E+00 0.369354700235E+01 0.704975001583E+01 0.181774189906E+01
-.573770886340E+00 0.369118973639E+01 0.704658189529E+01 0.180950989575E+01
-.577670705687E+00 0.368944442297E+01 0.704324738020E+01 0.180144683832E+01
-.578409931640E+00 0.368810502314E+01 0.703963625115E+01 0.179323273317E+01
-.576099190534E+00 0.368719433497E+01 0.703591381221E+01 0.178522453893E+01
-.571036237128E+00 0.368674777376E+01 0.703228444873E+01 0.177776554245E+01
-.564745627527E+00 0.368667725575E+01 0.702918869111E+01 0.177168620588E+01
-.559327467247E+00 0.368682093631E+01 0.702712871695E+01 0.176791330302E+01
-.555881899100E+00 0.368702670598E+01 0.702617521065E+01 0.176643056628E+01
-.554240956107E+00 0.368719349745E+01 0.702596107114E+01 0.176632432318E+01
-.553593415275E+00 0.368729599881E+01 0.702603785916E+01 0.176665678860E+01
-.553213618439E+00 0.368737095274E+01 0.702619230903E+01 0.176708800586E+01
-.552738504025E+00 0.368746528993E+01 0.702641320527E+01 0.176768593365E+01
-.552026480540E+00 0.368760571126E+01 0.702674383028E+01 0.176858332327E+01
-.550953885687E+00 0.368781688815E+01 0.702724190253E+01 0.176993555136E+01
-.549337294699E+00 0.368813383425E+01 0.702799336780E+01 0.177197582003E+01
-.546893850056E+00 0.368861022133E+01 0.702913096387E+01 0.177506489371E+01
-.543186697014E+00 0.368932684757E+01 0.703086115181E+01 0.177976355150E+01
-.537528795436E+00 0.369040566661E+01 0.703351211328E+01 0.178696555881E+01
-.528809841231E+00 0.369203389481E+01 0.703762196371E+01 0.179814370922E+01
-.519043889437E+00 0.369393385472E+01 0.704213729897E+01 0.181038671325E+01
-.510130481004E+00 0.369561791397E+01 0.704626757246E+01 0.182159584671E+01
-.501499456147E+00 0.369720656582E+01 0.705031172879E+01 0.183262367980E+01
-.492824536053E+00 0.369875692114E+01 0.705441929334E+01 0.184386220440E+01
-.484082436554E+00 0.370028798902E+01 0.705862463335E+01 0.185545201862E+01
-.475264076488E+00 0.370186505030E+01 0.706282288387E+01 0.186698173352E+01
-.466451695198E+00 0.370344513363E+01 0.706699680528E+01 0.187844442559E+01
-.457900045264E+00 0.370492254444E+01 0.707108810791E+01 0.188970122702E+01
-.449345830632E+00 0.370635343679E+01 0.707523125102E+01 0.190114530235E+01
-.440851080916E+00 0.370772471713E+01 0.707939636744E+01 0.191268712715E+01
-.432333413481E+00 0.370907581594E+01 0.708362526016E+01 0.192450441369E+01
-.423496649419E+00 0.371056847706E+01 0.708791555723E+01 0.193640123786E+01
