0.654596208549E+00 0.386631792194E+01 0.725182258237E+01 0.195952423953E+01
0.652546736470E+00 0.386590606047E+01 0.725182055449E+01 0.195952112902E+01
0.652370539667E+00 0.386586471316E+01 0.725182059731E+01 0.195952095747E+01
0.652362623044E+00 0.386586225434E+01 0.725182079594E+01 0.195952036383E+01
0.652416823080E+00 0.386587445003E+01 0.725182142784E+01 0.195951845213E+01
0.652497842734E+00 0.386589289199E+01 0.725182305191E+01 0.195951354561E+01
0.652585101427E+00 0.386591272079E+01 0.725182611251E+01 0.195950395271E+01
0.652663930093E+00 0.386593048050E+01 0.725183108263E+01 0.195948816193E+01
0.652727119351E+00 0.386594444034E+01 0.725183815134E+01 0.195946476042E+01
0.652775459383E+00 0.386595468068E+01 0.725184840010E+01 0.195943013555E+01
0.652813293326E+00 0.386596209102E+01 0.725186250286E+01 0.195937998014E+01
0.652847280917E+00 0.386596800301E+01 0.725188219635E+01 0.195930695640E+01
0.652882502515E+00 0.386597332267E+01 0.725190932455E+01 0.195920078304E+01
0.652922862599E+00 0.386597857846E+01 0.725194597838E+01 0.195904739503E+01
0.652969251681E+00 0.386598349927E+01 0.725199450007E+01 0.195882692461E+01
0.653014489134E+00 0.386598589102E+01 0.725205735810E+01 0.195851134944E+01
0.653038401850E+00 0.386598050798E+01 0.725213681879E+01 0.195806123038E+01
0.653005676096E+00 0.386595847741E+01 0.725223353887E+01 0.195742244638E+01
0.652866209639E+00 0.386590717738E+01 0.725234444052E+01 0.195652165334E+01
0.652551777895E+00 0.386580923265E+01 0.725246362035E+01 0.195525267790E+01
0.651961518006E+00 0.386563892980E+01 0.725257491204E+01 0.195346755898E+01
0.650937542830E+00 0.386535585620E+01 0.725264686598E+01 0.195094212265E+01
0.649232522791E+00 0.386489764412E+01 0.725262296068E+01 0.194736857314E+01
0.646453456747E+00 0.386416670800E+01 0.725240066998E+01 0.194233600396E+01
0.642016085469E+00 0.386302251637E+01 0.725181842287E+01 0.193539892399E+01
0.634690980408E+00 0.386116731142E+01 0.725058991465E+01 0.192557965020E+01
0.625525095954E+00 0.385888303752E+01 0.724888711481E+01 0.191483147360E+01
0.616545552888E+00 0.385669372099E+01 0.724713404569E+01 0.190536640326E+01
0.608224027658E+00 0.385470542467E+01 0.724546103818E+01 0.189735305132E+01
0.600256051463E+00 0.385282166314E+01 0.724383177950E+01 0.189030417436E+01
0.592433005876E+00 0.385097848000E+01 0.724220774761E+01 0.188392317514E+01
0.584790673000E+00 0.384917031235E+01 0.724058228108E+01 0.187810539707E+01
0.577449216430E+00 0.384741069483E+01 0.723895638386E+01 0.187278917772E+01
0.570518328514E+00 0.384570958509E+01 0.723731806316E+01 0.186789516311E+01
0.564134152074E+00 0.384407747077E+01 0.723565392622E+01 0.186334073921E+01
0.558439220471E+00 0.384251946403E+01 0.723394108391E+01 0.185904560963E+01
0.553652350773E+00 0.384103574793E+01 0.723215659399E+01 0.185493720429E+01
0.550095189206E+00 0.383964553791E+01 0.723026072389E+01 0.185094275108E+01
0.548299233766E+00 0.383834071133E+01 0.722821298820E+01 0.184699748963E+01
0.549107783771E+00 0.383717423553E+01 0.722594921801E+01 0.184305564590E+01
0.553841623237E+00 0.383621174124E+01 0.722342863032E+01 0.183914155519E+01
0.563543128161E+00 0.383564575440E+01 0.722081320550E+01 0.183569711267E+01
0.576597295859E+00 0.383561563218E+01 0.721866447242E+01 0.183363059610E+01
0.587755222967E+00 0.383596495167E+01 0.721757757494E+01 0.183349168102E+01
0.595933715955E+00 0.383656066732E+01 0.721738873155E+01 0.183480281856E+01
0.600963024468E+00 0.383726467116E+01 0.721790959067E+01 0.183716711671E+01
0.603114164872E+00 0.383788424025E+01 0.721874313403E+01 0.183969591692E+01
0.603734512577E+00 0.383830926290E+01 0.721946709719E+01 0.184160084658E+01
0.603975810621E+00 0.383853143132E+01 0.721993414912E+01 0.184274224404E+01
0.604372722305E+00 0.383865474997E+01 0.722025989167E+01 0.184351477020E+01
0.605073186061E+00 0.383877257270E+01 0.722061448563E+01 0.184435919738E+01
0.606165774093E+00 0.383893565705E+01 0.722111855490E+01 0.184556399017E+01
0.607819003824E+00 0.383917704281E+01 0.722187351864E+01 0.184736795476E+01
0.610318338597E+00 0.383954877258E+01 0.722301347412E+01 0.185008935605E+01
0.614109657751E+00 0.384011573399E+01 0.722474132966E+01 0.185420753704E+01
0.619895254460E+00 0.384097074487E+01 0.722737509430E+01 0.186046943441E+01
0.627126279351E+00 0.384203055181E+01 0.723065833839E+01 0.186825613884E+01
0.634430170209E+00 0.384309590815E+01 0.723395887731E+01 0.187609705010E+01
0.641747678405E+00 0.384414546714E+01 0.723726252296E+01 0.188392236951E+01
0.649239456437E+00 0.384518601887E+01 0.724067012080E+01 0.189202120310E+01
0.656833643027E+00 0.384620881151E+01 0.724411976937E+01 0.190018804852E+01
0.664578257852E+00 0.384721513472E+01 0.724763422420E+01 0.190847579580E+01
0.672518322957E+00 0.384818356459E+01 0.725122778905E+01 0.191690686444E+01
0.680668409887E+00 0.384914196162E+01 0.725491233428E+01 0.192554521677E+01
0.688995653325E+00 0.385002310791E+01 0.725866020617E+01 0.193425457625E+01
0.697618823075E+00 0.385087309228E+01 0.726258724678E+01 0.194342769271E+01
0.706405297419E+00 0.385162131062E+01 0.726657548388E+01 0.195265659322E+01
0.715314351630E+00 0.385225967859E+01 0.727061125088E+01 0.196191367413E+01
0.724406973953E+00 0.385276640746E+01 0.727472123495E+01 0.197124431317E+01
0.733623220022E+00 0.385307654503E+01 0.727886552085E+01 0.198051273550E+01
0.742941831302E+00 0.385320458689E+01 0.728305900224E+01 0.198980031681E+01
0.752133677112E+00 0.385308974820E+01 0.728718701952E+01 0.199880757879E+01
0.761158427443E+00 0.385271029900E+01 0.729123379089E+01 0.200749867625E+01
0.769990106684E+00 0.385204875209E+01 0.729519248520E+01 0.201586272134E+01
0.778593986717E+00 0.385109102832E+01 0.729905332999E+01 0.202388616897E+01
0.786693150900E+00 0.384988545859E+01 0.730270445727E+01 0.203137007191E+01
0.794126194767E+00 0.384848656792E+01 0.730607903044E+01 0.203820529161E+01
0.800923366943E+00 0.384693726014E+01 0.730919683534E+01 0.204446500915E+01
0.807145441638E+00 0.384527565345E+01 0.731208893264E+01 0.205023920996E+01
0.812816700290E+00 0.384353716783E+01 0.731476587677E+01 0.205556466939E+01
0.817993205040E+00 0.384177262082E+01 0.731725858594E+01 0.206053391092E+01
0.822706705908E+00 0.383999111315E+01 0.731957765740E+01 0.206517240709E+01
0.827052263243E+00 0.383818944774E+01 0.732176618688E+01 0.206957198356E+01
0.831093886011E+00 0.383637857764E+01 0.732384902064E+01 0.207381509093E+01
0.834864359093E+00 0.383456366819E+01 0.732583846136E+01 0.207794124483E+01
0.838392866128E+00 0.383274452178E+01 0.732775618662E+01 0.208196127073E+01
0.841688671829E+00 0.383093785434E+01 0.732960528674E+01 0.208588396284E+01
0.844773661248E+00 0.382913430464E+01 0.733139513944E+01 0.208972871192E+01
0.847676955003E+00 0.382736418243E+01 0.733313992498E+01 0.209352736612E+01
0.850393997797E+00 0.382562294010E+01 0.733483375839E+01 0.209726947953E+01
0.852953933666E+00 0.382390366516E+01 0.733649314280E+01 0.210098608584E+01
0.855370630495E+00 0.382223546122E+01 0.733812517980E+01 0.210469323095E+01
0.857648668746E+00 0.382061050786E+01 0.733973133051E+01 0.210839380479E+01
0.859808169909E+00 0.381898373034E+01 0.734132506464E+01 0.211211918444E+01
0.861858526335E+00 0.381743045790E+01 0.734291230316E+01 0.211588888393E+01
0.863804709254E+00 0.381583990801E+01 0.734450630114E+01 0.211973932673E+01
0.865612830567E+00 0.381431532423E+01 0.734612981057E+01 0.212377423578E+01
0.867310957862E+00 0.381277329160E+01 0.734776149852E+01 0.212790590344E+01
0.868908248603E+00 0.381127361854E+01 0.734938988149E+01 0.213208549840E+01
0.870432568037E+00 0.380981363695E+01 0.735104331386E+01 0.213638852918E+01
0.871891074938E+00 0.380830954392E+01 0.735273205208E+01 0.214084205331E+01
0.873273972260E+00 0.380686769872E+01 0.735444457048E+01 0.214541580036E+01
0.874602507978E+00 0.380544170385E+01 0.735621088470E+01 0.215019153446E+01
0.875876831071E+00 0.380397457202E+01 0.735803287157E+01 0.215517737010E+01
0.877091247337E+00 0.380256118771E+01 0.735989894199E+01 0.216034550790E+01
0.878268540512E+00 0.380119001899E+01 0.736184760191E+01 0.216580274959E+01
0.879420308332E+00 0.379977612715E+01 0.736389842159E+01 0.217160670852E+01
0.880541042037E+00 0.379834588475E+01 0.736603600388E+01 0.217771630409E+01
0.881644957786E+00 0.379706344112E+01 0.736827838647E+01 0.218419114172E+01
0.882762118999E+00 0.379571856579E+01 0.737082584791E+01 0.219171302256E+01
0.883935747771E+00 0.379439245991E+01 0.737353556882E+01 0.219977215008E+01
0.885170258540E+00 0.379312127754E+01 0.737639036852E+01 0.220830598318E+01
0.886531024678E+00 0.379199326110E+01 0.737945806744E+01 0.221750593066E+01
0.888134649358E+00 0.379096048771E+01 0.738288592735E+01 0.222780544559E+01
0.890107916830E+00 0.379002100140E+01 0.738676685305E+01 0.223946610505E+01
0.892692294145E+00 0.378926334786E+01 0.739137492249E+01 0.225340033476E+01
0.896036838251E+00 0.378878380152E+01 0.739656834815E+01 0.226906131325E+01
0.900298976629E+00 0.378865638913E+01 0.740235173844E+01 0.228641967787E+01
0.905272312033E+00 0.378889204426E+01 0.740834286863E+01 0.230419537730E+01
0.911222303837E+00 0.378968655757E+01 0.741476240998E+01 0.232329550461E+01
0.918238466615E+00 0.379087384807E+01 0.742165174168E+01 0.234393324301E+01
0.926435671012E+00 0.379251695620E+01 0.742906792646E+01 0.236632637254E+01
0.936881755720E+00 0.379485599857E+01 0.743777094205E+01 0.239315653717E+01
0.950961435989E+00 0.379846712497E+01 0.744861968084E+01 0.242795788865E+01
0.971963086151E+00 0.380432863317E+01 0.746348995923E+01 0.247945405942E+01
0.101793560707E+01 0.381803534431E+01 0.749016849963E+01 0.261329080634E+01
0.103665613598E+01 0.381663142624E+01 0.748654714676E+01 0.284824221892E+01
0.102501720711E+01 0.380823687223E+01 0.747388712669E+01 0.284708407532E+01
0.103048582432E+01 0.380612693184E+01 0.747308434003E+01 0.285815551915E+01
0.103438494704E+01 0.380549704773E+01 0.747341719022E+01 0.286456613602E+01
0.103736599188E+01 0.380523706532E+01 0.747442428675E+01 0.287133789398E+01
0.103987160680E+01 0.380512446604E+01 0.747606017222E+01 0.287971513263E+01
0.104286502218E+01 0.380501320498E+01 0.747849267653E+01 0.289129691816E+01
0.104666016665E+01 0.380481487604E+01 0.748174855854E+01 0.290650125963E+01
0.105054130030E+01 0.380452732197E+01 0.748515656806E+01 0.292234676012E+01
0.105435275527E+01 0.380414762068E+01 0.748856628421E+01 0.293820085486E+01
0.105802323391E+01 0.380367872045E+01 0.749189417800E+01 0.295382865663E+01
0.106153183829E+01 0.380313311275E+01 0.749513141091E+01 0.296903989258E+01
0.106488313362E+01 0.380252127392E+01 0.749827955594E+01 0.298380552450E+01
0.106809239990E+01 0.380184415471E+01 0.750135447436E+01 0.299820321703E+01
0.107117637881E+01 0.380115293530E+01 0.750436841695E+01 0.301232327912E+01
0.107415076414E+01 0.380040908482E+01 0.750733281657E+01 0.302627687850E+01
0.107700000706E+01 0.379961630282E+01 0.751024158603E+01 0.303997171630E+01
0.107973054418E+01 0.379878067929E+01 0.751309987699E+01 0.305342085488E+01
0.108233991204E+01 0.379789831998E+01 0.751591301352E+01 0.306666744863E+01
0.108482688318E+01 0.379697195219E+01 0.751867813858E+01 0.307970718946E+01
0.108719929232E+01 0.379602376652E+01 0.752140011841E+01 0.309255829168E+01
0.108946479394E+01 0.379512651445E+01 0.752409068404E+01 0.310527163390E+01
0.109164484159E+01 0.379418341114E+01 0.752677341683E+01 0.311801111965E+01
0.109371006347E+01 0.379320383180E+01 0.752942408776E+01 0.313064240741E+01
0.109565740186E+01 0.379219400103E+01 0.753203474809E+01 0.314311356794E+01
0.109749136362E+01 0.379115506604E+01 0.753460770809E+01 0.315542492203E+01
0.109921521645E+01 0.379018176745E+01 0.753715219837E+01 0.316761283030E+01
0.110086322054E+01 0.378920801867E+01 0.753971559406E+01 0.317988747573E+01
0.110241022449E+01 0.378819370026E+01 0.754227989636E+01 0.319223635276E+01
0.110384242520E+01 0.378715514858E+01 0.754481171598E+01 0.320443942476E+01
0.110516415827E+01 0.378609159559E+01 0.754731402654E+01 0.321651764021E+01
0.110637949394E+01 0.378506817623E+01 0.754979537175E+01 0.322850558685E+01
0.110751584888E+01 0.378410474567E+01 0.755229284897E+01 0.324051780238E+01
0.110854921109E+01 0.378308992869E+01 0.755482737926E+01 0.325280349101E+01
0.110947397366E+01 0.378205641797E+01 0.755733475161E+01 0.326491476993E+01
0.111027804959E+01 0.378099424286E+01 0.755982233036E+01 0.327699630801E+01
0.111096591565E+01 0.377990600318E+01 0.756228448169E+01 0.328899978138E+01
0.111154765168E+01 0.377896886378E+01 0.756472295984E+01 0.330092158341E+01
0.111204186074E+01 0.377798857475E+01 0.756722468317E+01 0.331312235600E+01
0.111240746732E+01 0.377697680165E+01 0.756972529276E+01 0.332536401742E+01
0.111264167949E+01 0.377594036923E+01 0.757220241814E+01 0.333753674003E+01
0.111274885087E+01 0.377487980603E+01 0.757465175742E+01 0.334961110513E+01
0.111274028102E+01 0.377381529894E+01 0.757707640303E+01 0.336159163903E+01
0.111263432955E+01 0.377290602145E+01 0.757948626329E+01 0.337352214195E+01
0.111241250945E+01 0.377194537846E+01 0.758197098744E+01 0.338578277548E+01
0.111204550568E+01 0.377095489000E+01 0.758445375762E+01 0.339808258829E+01
0.111153666107E+01 0.376993957277E+01 0.758691759722E+01 0.341032962575E+01
0.111089001411E+01 0.376889937471E+01 0.758935690492E+01 0.342249227694E+01
0.111010798777E+01 0.376783249713E+01 0.759177046193E+01 0.343455997024E+01
0.110925241595E+01 0.376691592968E+01 0.759415300256E+01 0.344651861971E+01
0.110826007446E+01 0.376599815023E+01 0.759660812343E+01 0.345879553075E+01
0.110710358993E+01 0.376504577669E+01 0.759908189419E+01 0.347119918992E+01
0.110579112723E+01 0.376406901883E+01 0.760153778403E+01 0.348356269645E+01
0.110432966491E+01 0.376306797310E+01 0.760397117793E+01 0.349584872541E+01
0.110272155663E+01 0.376204060655E+01 0.760638204850E+01 0.350805020851E+01
0.110099352792E+01 0.376101824542E+01 0.760877048145E+01 0.352016434416E+01
0.109926766985E+01 0.376016884610E+01 0.761114200908E+01 0.353223554107E+01
0.109730958928E+01 0.375926568857E+01 0.761360477012E+01 0.354471065318E+01
0.109517999603E+01 0.375833732873E+01 0.761605788963E+01 0.355719117229E+01
0.109289244658E+01 0.375738622238E+01 0.761848955613E+01 0.356959950202E+01
0.109045623031E+01 0.375641110693E+01 0.762089899503E+01 0.358191990721E+01
0.108787502963E+01 0.375540981128E+01 0.762328750827E+01 0.359415114350E+01
0.108531427755E+01 0.375448341742E+01 0.762564311950E+01 0.360627842868E+01
0.108274702257E+01 0.375365034172E+01 0.762801982836E+01 0.361853298565E+01
