0.111536758874E+01 0.396857614468E+01 0.731825719756E+01 0.190478468810E+01
0.110899765661E+01 0.396723290352E+01 0.731824651005E+01 0.190476823762E+01
0.110922288232E+01 0.396728441266E+01 0.731824654962E+01 0.190476756168E+01
0.110955669413E+01 0.396736269952E+01 0.731824661305E+01 0.190476543136E+01
0.110983900282E+01 0.396742832548E+01 0.731824680113E+01 0.190476021094E+01
0.111006554634E+01 0.396748009374E+01 0.731824716272E+01 0.190475041476E+01
0.111025829855E+01 0.396752310113E+01 0.731824772555E+01 0.190473484773E+01
0.111043681420E+01 0.396756178093E+01 0.731824839351E+01 0.190471169123E+01
0.111061328943E+01 0.396759864316E+01 0.731824917540E+01 0.190467739205E+01
0.111080385202E+01 0.396763687730E+01 0.731825020001E+01 0.190462626211E+01
0.111103869207E+01 0.396768273989E+01 0.731825150436E+01 0.190455006391E+01
0.111135348394E+01 0.396774371507E+01 0.731825243006E+01 0.190443924801E+01
0.111176317015E+01 0.396782257774E+01 0.731825271025E+01 0.190427594115E+01
0.111223725228E+01 0.396791198726E+01 0.731825154672E+01 0.190403507540E+01
0.111269997504E+01 0.396799446242E+01 0.731824585747E+01 0.190368320708E+01
0.111304866396E+01 0.396804629555E+01 0.731823254827E+01 0.190316766250E+01
0.111317271696E+01 0.396804138009E+01 0.731820346674E+01 0.190241759893E+01
0.111297030869E+01 0.396795419361E+01 0.731814523084E+01 0.190133171863E+01
0.111233674474E+01 0.396775653534E+01 0.731803593006E+01 0.189976681369E+01
0.111113486744E+01 0.396741019365E+01 0.731783810279E+01 0.189752761538E+01
0.110914816494E+01 0.396685556767E+01 0.731749074309E+01 0.189434777317E+01
0.110601172797E+01 0.396599457645E+01 0.731689501830E+01 0.188986428198E+01
0.110110963808E+01 0.396466503321E+01 0.731589494238E+01 0.188358691727E+01
0.109341951657E+01 0.396260055104E+01 0.731425896554E+01 0.187494777148E+01
0.108172669818E+01 0.395944787892E+01 0.731170827009E+01 0.186367320034E+01
0.106877224284E+01 0.395580954821E+01 0.730870867145E+01 0.185254376574E+01
0.105676627443E+01 0.395206847597E+01 0.730546355252E+01 0.184244725550E+01
0.104769900024E+01 0.394844859206E+01 0.730191868437E+01 0.183318372137E+01
0.104427541395E+01 0.394534856157E+01 0.729809800675E+01 0.182472021069E+01
0.104847014778E+01 0.394326138077E+01 0.729428696567E+01 0.181751709262E+01
0.105845923686E+01 0.394241079650E+01 0.729115110855E+01 0.181251069558E+01
0.106960026710E+01 0.394248463067E+01 0.728915138436E+01 0.181003011405E+01
0.107727240592E+01 0.394294444944E+01 0.728839756265E+01 0.180968297628E+01
0.108061818688E+01 0.394332683661E+01 0.728837417805E+01 0.181019804096E+01
0.108154544533E+01 0.394349728216E+01 0.728852836029E+01 0.181065176720E+01
0.108188357545E+01 0.394356151797E+01 0.728868116387E+01 0.181096632852E+01
0.108232263411E+01 0.394362282740E+01 0.728887315439E+01 0.181135013400E+01
0.108300459315E+01 0.394371475007E+01 0.728915797405E+01 0.181192588209E+01
0.108403296358E+01 0.394385028849E+01 0.728958356066E+01 0.181278510991E+01
0.108558110061E+01 0.394404729214E+01 0.729021814541E+01 0.181406162957E+01
0.108791768368E+01 0.394433033998E+01 0.729116402713E+01 0.181595531547E+01
0.109145703057E+01 0.394472889591E+01 0.729257354101E+01 0.181875853716E+01
0.109683041265E+01 0.394526049791E+01 0.729467727248E+01 0.182289584644E+01
0.110505545156E+01 0.394591105587E+01 0.729782166442E+01 0.182897326229E+01
0.111677292813E+01 0.394653575530E+01 0.730213397498E+01 0.183703568685E+01
0.112816489563E+01 0.394688068604E+01 0.730622522355E+01 0.184447013682E+01
0.113886860302E+01 0.394688577096E+01 0.730993225959E+01 0.185091593663E+01
0.114912906456E+01 0.394659444777E+01 0.731337155351E+01 0.185664520093E+01
0.115908287816E+01 0.394607546951E+01 0.731664713411E+01 0.186195232057E+01
0.116856294035E+01 0.394524721333E+01 0.731963866996E+01 0.186650784906E+01
0.117776909464E+01 0.394424632451E+01 0.732253068824E+01 0.187086309298E+01
0.118659851476E+01 0.394298747970E+01 0.732531550127E+01 0.187505352953E+01
0.119503765987E+01 0.394158377589E+01 0.732796968995E+01 0.187901070495E+01
0.120314011651E+01 0.394003091948E+01 0.733051318881E+01 0.188276866181E+01
0.121099309893E+01 0.393833838114E+01 0.733299056300E+01 0.188643202327E+01
0.121860666122E+01 0.393651034370E+01 0.733541069484E+01 0.189002605592E+01
0.122597943078E+01 0.393455612258E+01 0.733778040898E+01 0.189357640890E+01
0.123311030426E+01 0.393248263498E+01 0.734010465775E+01 0.189710164222E+01
0.124000328253E+01 0.393029542908E+01 0.734238981595E+01 0.190062177406E+01
0.124666294232E+01 0.392799878026E+01 0.734464191547E+01 0.190415486076E+01
0.125309136341E+01 0.392559609004E+01 0.734686541549E+01 0.190771488358E+01
0.125929072813E+01 0.392308850784E+01 0.734906534407E+01 0.191131724135E+01
0.126525227219E+01 0.392046574020E+01 0.735125352987E+01 0.191501310653E+01
0.127091668810E+01 0.391768856467E+01 0.735346041668E+01 0.191895815415E+01
0.127627397292E+01 0.391486428643E+01 0.735562146870E+01 0.192292227524E+01
0.128137755408E+01 0.391198190963E+01 0.735775235005E+01 0.192697113953E+01
0.128627919077E+01 0.390900108033E+01 0.735987729562E+01 0.193112147073E+01
0.129098184621E+01 0.390592292153E+01 0.736200474168E+01 0.193538398733E+01
0.129547801873E+01 0.390275585173E+01 0.736413400506E+01 0.193976422887E+01
0.129976199955E+01 0.389950285748E+01 0.736626767252E+01 0.194426877996E+01
0.130379573405E+01 0.389613105622E+01 0.736843691166E+01 0.194902215534E+01
0.130755339840E+01 0.389267098021E+01 0.737063475952E+01 0.195403742874E+01
0.131106914801E+01 0.388919451712E+01 0.737281671317E+01 0.195916723272E+01
0.131437236545E+01 0.388566361063E+01 0.737500839175E+01 0.196443847115E+01
0.131749571391E+01 0.388205524667E+01 0.737723340055E+01 0.196990903173E+01
0.132044032633E+01 0.387837862030E+01 0.737949616794E+01 0.197559502761E+01
0.132319437693E+01 0.387464230711E+01 0.738180641332E+01 0.198153163026E+01
0.132570400576E+01 0.387079758445E+01 0.738423852109E+01 0.198799933028E+01
0.132804210749E+01 0.386698744640E+01 0.738669882459E+01 0.199469987989E+01
0.133021823736E+01 0.386319191218E+01 0.738920865754E+01 0.200165634338E+01
0.133227330285E+01 0.385938083630E+01 0.739181277262E+01 0.200897785965E+01
0.133423398079E+01 0.385555458907E+01 0.739454413572E+01 0.201675648641E+01
0.133607184586E+01 0.385168673833E+01 0.739753963691E+01 0.202546716098E+01
0.133787617177E+01 0.384795505664E+01 0.740067024915E+01 0.203468172872E+01
0.133969476856E+01 0.384437093661E+01 0.740399005159E+01 0.204454703429E+01
0.134157573252E+01 0.384100986110E+01 0.740752807882E+01 0.205509427214E+01
0.134357708986E+01 0.383797621583E+01 0.741131923991E+01 0.206641128062E+01
0.134581225579E+01 0.383537517367E+01 0.741552803370E+01 0.207900514936E+01
0.134840536323E+01 0.383334949595E+01 0.742005074938E+01 0.209254269881E+01
0.135148023473E+01 0.383200773156E+01 0.742497403173E+01 0.210718028038E+01
0.135528255704E+01 0.383150432896E+01 0.743050659935E+01 0.212350834115E+01
0.136015726414E+01 0.383216853500E+01 0.743693642211E+01 0.214232179198E+01
0.136583212431E+01 0.383398980682E+01 0.744369457146E+01 0.216200873161E+01
0.137246412612E+01 0.383697954038E+01 0.745094058139E+01 0.218305679144E+01
0.138075377280E+01 0.384150107312E+01 0.745926829103E+01 0.220735053498E+01
0.139102788656E+01 0.384771159649E+01 0.746888500380E+01 0.223569230821E+01
0.140561846307E+01 0.385688865045E+01 0.748146418441E+01 0.227402995266E+01
0.143157565858E+01 0.387274714119E+01 0.750165324517E+01 0.234146414205E+01
0.149135585212E+01 0.388220048807E+01 0.752379723174E+01 0.273967571349E+01
0.147412257811E+01 0.386529965772E+01 0.750467458628E+01 0.272104595268E+01
0.148089018713E+01 0.386139653956E+01 0.750442995953E+01 0.273741368225E+01
0.148509487112E+01 0.386029596027E+01 0.750528393948E+01 0.274692547325E+01
0.148798737381E+01 0.385986245189E+01 0.750677519747E+01 0.275574424287E+01
0.149087257502E+01 0.385961557705E+01 0.750918008702E+01 0.276729534916E+01
0.149423440337E+01 0.385934162120E+01 0.751250753845E+01 0.278235702907E+01
0.149770068811E+01 0.385894597728E+01 0.751614861775E+01 0.279863877803E+01
0.150104924606E+01 0.385838607872E+01 0.751977969100E+01 0.281508826143E+01
0.150424648482E+01 0.385767302250E+01 0.752334058631E+01 0.283135218197E+01
0.150729082140E+01 0.385681649344E+01 0.752682155740E+01 0.284735936609E+01
0.151020454403E+01 0.385581738520E+01 0.753024945039E+01 0.286320302014E+01
0.151299911555E+01 0.385467936876E+01 0.753363218341E+01 0.287894311996E+01
0.151567807786E+01 0.385340950270E+01 0.753697034814E+01 0.289459344911E+01
0.151824406653E+01 0.385201682299E+01 0.754027409830E+01 0.291013417276E+01
0.152070187601E+01 0.385051175756E+01 0.754355387842E+01 0.292552638307E+01
0.152305182743E+01 0.384888548197E+01 0.754682024128E+01 0.294087850027E+01
0.152529417270E+01 0.384714267465E+01 0.755007465280E+01 0.295618645076E+01
0.152742130672E+01 0.384528442035E+01 0.755331067435E+01 0.297147281400E+01
0.152942792490E+01 0.384332311581E+01 0.755651658806E+01 0.298665302099E+01
0.153131481554E+01 0.384125779821E+01 0.755970775195E+01 0.300175245358E+01
0.153307927291E+01 0.383908669691E+01 0.756288557223E+01 0.301681369510E+01
0.153471094464E+01 0.383680703805E+01 0.756604751381E+01 0.303184369847E+01
0.153621428704E+01 0.383443834865E+01 0.756918627979E+01 0.304674016825E+01
0.153757916466E+01 0.383197646152E+01 0.757229894548E+01 0.306155005150E+01
0.153880416149E+01 0.382942900289E+01 0.757538443966E+01 0.307625436496E+01
0.153988718549E+01 0.382680957296E+01 0.757843518784E+01 0.309081341593E+01
0.154081834416E+01 0.382412214983E+01 0.758144036328E+01 0.310518708389E+01
0.154160135759E+01 0.382136938351E+01 0.758440217767E+01 0.311938869857E+01
0.154223862726E+01 0.381856604794E+01 0.758731358687E+01 0.313340384403E+01
0.154272992062E+01 0.381573440859E+01 0.759016361424E+01 0.314715510923E+01
0.154308028517E+01 0.381288827653E+01 0.759294894996E+01 0.316061932961E+01
0.154328922229E+01 0.381004183872E+01 0.759566340504E+01 0.317376744056E+01
0.154336236752E+01 0.380722616693E+01 0.759829526322E+01 0.318654509403E+01
0.154331012174E+01 0.380449802605E+01 0.760082968833E+01 0.319887858247E+01
0.154313785690E+01 0.380193677692E+01 0.760323592771E+01 0.321062831912E+01
