0.111595415097E+01 0.396896753685E+01 0.731870522830E+01 0.190631546447E+01
0.110964892343E+01 0.396763804250E+01 0.731869465790E+01 0.190629934307E+01
0.110991449064E+01 0.396769920120E+01 0.731869465793E+01 0.190629929047E+01
0.111025553114E+01 0.396777912113E+01 0.731869465088E+01 0.190629917677E+01
0.111053517610E+01 0.396784402877E+01 0.731869465647E+01 0.190629894160E+01
0.111076188944E+01 0.396789577996E+01 0.731869466798E+01 0.190629840141E+01
0.111096200437E+01 0.396794050166E+01 0.731869469126E+01 0.190629716571E+01
0.111115503955E+01 0.396798262011E+01 0.731869474855E+01 0.190629473611E+01
0.111135543580E+01 0.396802518933E+01 0.731869484353E+01 0.190629072682E+01
0.111158704865E+01 0.396807325247E+01 0.731869497723E+01 0.190628464565E+01
0.111188852426E+01 0.396813518002E+01 0.731869515633E+01 0.190627559218E+01
0.111229748192E+01 0.396821922817E+01 0.731869537338E+01 0.190626265659E+01
0.111282326527E+01 0.396832749180E+01 0.731869563169E+01 0.190624427789E+01
0.111343168501E+01 0.396845261725E+01 0.731869592148E+01 0.190621789056E+01
0.111405228256E+01 0.396857950809E+01 0.731869619864E+01 0.190617992607E+01
0.111460446841E+01 0.396869104693E+01 0.731869632393E+01 0.190612517611E+01
0.111502538125E+01 0.396877399048E+01 0.731869585902E+01 0.190604613231E+01
0.111528619721E+01 0.396882219387E+01 0.731869372119E+01 0.190593205375E+01
0.111539030319E+01 0.396883592140E+01 0.731868841209E+01 0.190576608797E+01
0.111535623764E+01 0.396881802096E+01 0.731867686840E+01 0.190552419644E+01
0.111519655446E+01 0.396876938647E+01 0.731865351525E+01 0.190517330254E+01
0.111490045289E+01 0.396868533458E+01 0.731860869612E+01 0.190467199488E+01
0.111442471955E+01 0.396855375502E+01 0.731852681147E+01 0.190397737689E+01
0.111369226971E+01 0.396835442213E+01 0.731838524721E+01 0.190306268967E+01
0.111261931336E+01 0.396806155394E+01 0.731815715600E+01 0.190194989634E+01
0.111128383744E+01 0.396766934962E+01 0.731782518785E+01 0.190075475740E+01
0.111021854315E+01 0.396725330824E+01 0.731741436714E+01 0.189970998795E+01
0.111021084732E+01 0.396697520732E+01 0.731702435196E+01 0.189908371158E+01
0.111132392758E+01 0.396693076125E+01 0.731678701189E+01 0.189895733904E+01
0.111260251863E+01 0.396702183080E+01 0.731674139157E+01 0.189910451698E+01
0.111330220683E+01 0.396709146162E+01 0.731680574574E+01 0.189924091407E+01
0.111358118139E+01 0.396709761840E+01 0.731690261493E+01 0.189929402758E+01
0.111382746383E+01 0.396706921185E+01 0.731702159580E+01 0.189931687605E+01
0.111421654606E+01 0.396701643570E+01 0.731717731686E+01 0.189933708140E+01
0.111483654342E+01 0.396692428776E+01 0.731738441502E+01 0.189935369560E+01
0.111581583533E+01 0.396677060695E+01 0.731766535834E+01 0.189937100553E+01
0.111735007833E+01 0.396652417434E+01 0.731805805428E+01 0.189940002174E+01
0.111973314584E+01 0.396613543302E+01 0.731862402716E+01 0.189945990960E+01
0.112342875937E+01 0.396552654035E+01 0.731946293699E+01 0.189960914372E+01
0.112915772548E+01 0.396456247485E+01 0.732074078994E+01 0.189994209065E+01
0.113704578235E+01 0.396318217767E+01 0.732250477139E+01 0.190055538321E+01
0.114493069438E+01 0.396173775772E+01 0.732429258891E+01 0.190134907724E+01
0.115274334457E+01 0.396021728889E+01 0.732608056097E+01 0.190227441756E+01
0.116046364240E+01 0.395862888602E+01 0.732788263337E+01 0.190334417001E+01
0.116608435865E+01 0.395777110921E+01 0.732910875431E+01 0.190384267438E+01
0.117150844235E+01 0.395662023977E+01 0.733036525259E+01 0.190455757796E+01
0.117702560289E+01 0.395538066952E+01 0.733166592779E+01 0.190540413546E+01
0.118263872701E+01 0.395406456110E+01 0.733300790765E+01 0.190635534006E+01
0.118834310764E+01 0.395266679597E+01 0.733439393746E+01 0.190740586506E+01
0.119571808732E+01 0.395076043210E+01 0.733622132522E+01 0.190889359307E+01
0.120309695694E+01 0.394874781017E+01 0.733809291116E+01 0.191054169939E+01
0.121021171507E+01 0.394668708625E+01 0.733994162558E+01 0.191228712694E+01
0.121714315362E+01 0.394455002254E+01 0.734178898649E+01 0.191414837302E+01
0.122391252151E+01 0.394232116188E+01 0.734365101628E+01 0.191616587795E+01
0.123044836971E+01 0.393995954182E+01 0.734554738889E+01 0.191845331047E+01
0.123671751512E+01 0.393755613814E+01 0.734742141919E+01 0.192083483710E+01
0.124275301266E+01 0.393509784701E+01 0.734928315855E+01 0.192331774337E+01
0.124861392550E+01 0.393256105590E+01 0.735115086915E+01 0.192592475890E+01
0.125430413038E+01 0.392994240784E+01 0.735302684719E+01 0.192865940615E+01
0.125981269212E+01 0.392724471929E+01 0.735490838991E+01 0.193151794130E+01
0.126513564570E+01 0.392446839772E+01 0.735679527098E+01 0.193450045918E+01
0.127027288509E+01 0.392161250739E+01 0.735868863206E+01 0.193760960156E+01
0.127522562580E+01 0.391867603997E+01 0.736058966516E+01 0.194085132152E+01
0.128001145467E+01 0.391566293799E+01 0.736249885742E+01 0.194427330058E+01
0.128460892734E+01 0.391256863908E+01 0.736441927663E+01 0.194783645531E+01
0.128900769257E+01 0.390939481336E+01 0.736635265960E+01 0.195155095013E+01
0.129313104421E+01 0.390606991367E+01 0.736835751671E+01 0.195565821815E+01
0.129700593645E+01 0.390273738833E+01 0.737034151415E+01 0.195988381413E+01
0.130064640524E+01 0.389937575285E+01 0.737232097491E+01 0.196422469582E+01
0.130410400376E+01 0.389594405696E+01 0.737432383614E+01 0.196874063723E+01
0.130738832403E+01 0.389243806873E+01 0.737635795862E+01 0.197345184663E+01
0.131049687901E+01 0.388886474890E+01 0.737842517845E+01 0.197836658417E+01
0.131342921872E+01 0.388522426960E+01 0.738053350971E+01 0.198350683408E+01
0.131611862821E+01 0.388145530469E+01 0.738275914891E+01 0.198916347959E+01
0.131860642408E+01 0.387770363574E+01 0.738500399181E+01 0.199502258539E+01
0.132091672855E+01 0.387396887936E+01 0.738727906003E+01 0.200110656796E+01
0.132309103297E+01 0.387019785118E+01 0.738963124679E+01 0.200751132926E+01
0.132514997963E+01 0.386638646738E+01 0.739208356021E+01 0.201429928806E+01
0.132709991457E+01 0.386256077889E+01 0.739464860484E+01 0.202151098683E+01
0.132890111332E+01 0.385869168692E+01 0.739744527964E+01 0.202956319223E+01
0.133064770866E+01 0.385492763688E+01 0.740036214033E+01 0.203808979728E+01
0.133237804289E+01 0.385127192385E+01 0.740345206229E+01 0.204721358437E+01
0.133417161420E+01 0.384771686300E+01 0.740680920573E+01 0.205719095897E+01
0.133606367439E+01 0.384439857262E+01 0.741044598122E+01 0.206803410706E+01
0.133812405711E+01 0.384146275629E+01 0.741447911675E+01 0.208012021804E+01
0.134046024438E+01 0.383907367869E+01 0.741876259436E+01 0.209298564646E+01
0.134318548557E+01 0.383730529030E+01 0.742338939023E+01 0.210680889536E+01
0.134652197752E+01 0.383627514905E+01 0.742855571822E+01 0.212214347204E+01
0.135084896851E+01 0.383629027503E+01 0.743462104541E+01 0.214005936944E+01
0.135582361880E+01 0.383739677117E+01 0.744088634042E+01 0.215841979941E+01
0.136152567294E+01 0.383953736680E+01 0.744744024010E+01 0.217754960702E+01
0.136816914079E+01 0.384275401731E+01 0.745448595503E+01 0.219812542256E+01
0.137627691770E+01 0.384728337315E+01 0.746242994526E+01 0.222148912179E+01
0.138606006471E+01 0.385318778451E+01 0.747139258525E+01 0.224828398266E+01
0.139936745244E+01 0.386139481558E+01 0.748265198584E+01 0.228312064917E+01
0.141295882616E+01 0.386928020873E+01 0.749300396750E+01 0.231760144946E+01
0.144281049769E+01 0.388523440735E+01 0.751349726154E+01 0.239782180226E+01
0.147247739399E+01 0.387760649928E+01 0.750012367167E+01 0.283986662828E+01
0.144676287950E+01 0.383747397269E+01 0.745844826115E+01 0.288699333142E+01
0.146057230106E+01 0.382300517653E+01 0.745375825535E+01 0.294082397901E+01
0.146737698896E+01 0.381745373487E+01 0.745284241411E+01 0.296969049845E+01
0.147025691484E+01 0.381465228351E+01 0.745349535532E+01 0.298837332253E+01
0.147167516383E+01 0.381290032099E+01 0.745458682751E+01 0.300177892406E+01
0.147258933338E+01 0.381153875138E+01 0.745585634320E+01 0.301302610743E+01
0.147340986260E+01 0.381011121039E+01 0.745755599856E+01 0.302532242725E+01
