0.111596185784E+01 0.396897267201E+01 0.731871110366E+01 0.190633555960E+01
0.110969897803E+01 0.396765288397E+01 0.731870053043E+01 0.190631943154E+01
0.111002345726E+01 0.396772805644E+01 0.731870052818E+01 0.190631937831E+01
0.111037089812E+01 0.396780927446E+01 0.731870052017E+01 0.190631930010E+01
0.111064257271E+01 0.396787198462E+01 0.731870051978E+01 0.190631921210E+01
0.111086406629E+01 0.396792213104E+01 0.731870050594E+01 0.190631914362E+01
0.111106533377E+01 0.396796667883E+01 0.731870047966E+01 0.190631908161E+01
0.111126528004E+01 0.396800984199E+01 0.731870044326E+01 0.190631901019E+01
0.111148301502E+01 0.396805566424E+01 0.731870039209E+01 0.190631892284E+01
0.111175175608E+01 0.396811130309E+01 0.731870032071E+01 0.190631880830E+01
0.111211370247E+01 0.396818600275E+01 0.731870022597E+01 0.190631864713E+01
0.111259581766E+01 0.396828576684E+01 0.731870008994E+01 0.190631887260E+01
0.111318583868E+01 0.396840807514E+01 0.731869992545E+01 0.190632016676E+01
0.111382954769E+01 0.396854139870E+01 0.731869976133E+01 0.190632315967E+01
0.111444948068E+01 0.396866940079E+01 0.731869966023E+01 0.190632890289E+01
0.111497516434E+01 0.396877746968E+01 0.731869973175E+01 0.190633881716E+01
0.111536711324E+01 0.396885770604E+01 0.731870015545E+01 0.190635458937E+01
0.111562497914E+01 0.396891040840E+01 0.731870121972E+01 0.190637784960E+01
0.111577733986E+01 0.396894168776E+01 0.731870336958E+01 0.190640949885E+01
0.111586480756E+01 0.396895998427E+01 0.731870722558E+01 0.190644868440E+01
0.111592798072E+01 0.396897339489E+01 0.731871356732E+01 0.190649182740E+01
0.111598776906E+01 0.396898591520E+01 0.731872313972E+01 0.190653231191E+01
0.111604923488E+01 0.396899840433E+01 0.731873635803E+01 0.190656173903E+01
0.111610684872E+01 0.396900993554E+01 0.731875305301E+01 0.190657286703E+01
0.111614605166E+01 0.396901825032E+01 0.731877244514E+01 0.190656311169E+01
0.111614685104E+01 0.396901991153E+01 0.731879341977E+01 0.190653633960E+01
0.111610235737E+01 0.396901177771E+01 0.731881541387E+01 0.190650160548E+01
0.111604940640E+01 0.396899647454E+01 0.731884064224E+01 0.190646985452E+01
0.111604069016E+01 0.396898038684E+01 0.731887543547E+01 0.190644747427E+01
0.111609072292E+01 0.396896415371E+01 0.731892695227E+01 0.190643010972E+01
0.111619176270E+01 0.396894086024E+01 0.731899975195E+01 0.190640759300E+01
0.111636068738E+01 0.396890180243E+01 0.731909774251E+01 0.190637259370E+01
0.111664453104E+01 0.396883676983E+01 0.731922692381E+01 0.190632018048E+01
0.111711663145E+01 0.396873088280E+01 0.731939686120E+01 0.190624490549E+01
0.111788659733E+01 0.396856218265E+01 0.731962361954E+01 0.190614100950E+01
0.111916827835E+01 0.396833045751E+01 0.731994652353E+01 0.190604168557E+01
0.112116370890E+01 0.396796223645E+01 0.732039939501E+01 0.190590500469E+01
0.112423766508E+01 0.396736768016E+01 0.732105544159E+01 0.190572612287E+01
0.112900964180E+01 0.396644050041E+01 0.732205367279E+01 0.190556866916E+01
0.113648487800E+01 0.396498829626E+01 0.732362274218E+01 0.190562366209E+01
0.114411126979E+01 0.396346036627E+01 0.732525054884E+01 0.190589693484E+01
0.115174176893E+01 0.396186803727E+01 0.732691414823E+01 0.190636794593E+01
0.115932514535E+01 0.396022261861E+01 0.732860169095E+01 0.190705835508E+01
0.116682657686E+01 0.395851529347E+01 0.733031214081E+01 0.190791915082E+01
0.117422851696E+01 0.395674455721E+01 0.733204218880E+01 0.190894221787E+01
0.118152080523E+01 0.395490827287E+01 0.733378983001E+01 0.191012198045E+01
0.118869691843E+01 0.395300595506E+01 0.733555317817E+01 0.191146106732E+01
0.119575283069E+01 0.395103618334E+01 0.733733052402E+01 0.191296181258E+01
0.120267440641E+01 0.394899488572E+01 0.733912147705E+01 0.191460487116E+01
0.120945263240E+01 0.394688126756E+01 0.734092429243E+01 0.191638689103E+01
0.121608209667E+01 0.394469397362E+01 0.734273822532E+01 0.191830602353E+01
0.122255479289E+01 0.394243303075E+01 0.734456190879E+01 0.192036027426E+01
0.122886182794E+01 0.394009893409E+01 0.734639350614E+01 0.192254660669E+01
0.123499769073E+01 0.393769111055E+01 0.734823185010E+01 0.192486229345E+01
0.124095987429E+01 0.393520864658E+01 0.735007691821E+01 0.192730692931E+01
0.124674430363E+01 0.393265078796E+01 0.735192800980E+01 0.192987851108E+01
0.125234949048E+01 0.393001682525E+01 0.735378561127E+01 0.193257809036E+01
0.125777348609E+01 0.392730546271E+01 0.735564978675E+01 0.193540523662E+01
0.126301502262E+01 0.392451597468E+01 0.735752123666E+01 0.193836158945E+01
0.126807259606E+01 0.392164769129E+01 0.735940065277E+01 0.194144886417E+01
0.127295265805E+01 0.391870144081E+01 0.736128887417E+01 0.194468705425E+01
0.127766053972E+01 0.391567776272E+01 0.736318742129E+01 0.194809840594E+01
0.128217530677E+01 0.391257250743E+01 0.736510041634E+01 0.195166435181E+01
0.128641631452E+01 0.390931822970E+01 0.736708266677E+01 0.195561886781E+01
0.129040308044E+01 0.390605467325E+01 0.736904327627E+01 0.195968446979E+01
0.129415615856E+01 0.390276075388E+01 0.737099826792E+01 0.196386752708E+01
0.129772862718E+01 0.389939499297E+01 0.737297649830E+01 0.196822516959E+01
0.130112669580E+01 0.389595477334E+01 0.737498397194E+01 0.197277198283E+01
0.130434424099E+01 0.389244928489E+01 0.737702032479E+01 0.197750936342E+01
0.130738393215E+01 0.388887962410E+01 0.737909135018E+01 0.198245775276E+01
0.131022780749E+01 0.388522383151E+01 0.738122709421E+01 0.198772115130E+01
0.131283960472E+01 0.388147959823E+01 0.738345597159E+01 0.199342638837E+01
0.131526676139E+01 0.387775920926E+01 0.738570319094E+01 0.199934146519E+01
0.131752570093E+01 0.387403803374E+01 0.738799591099E+01 0.200549698313E+01
0.131965547604E+01 0.387027958505E+01 0.739037330623E+01 0.201199409205E+01
0.132167346302E+01 0.386648611022E+01 0.739285753425E+01 0.201889439130E+01
0.132356857276E+01 0.386266619436E+01 0.739549401036E+01 0.202635640245E+01
0.132534601635E+01 0.385885539405E+01 0.739832489410E+01 0.203454188003E+01
0.132708356776E+01 0.385514804079E+01 0.740129381936E+01 0.204325463864E+01
0.132882844338E+01 0.385154235102E+01 0.740446905332E+01 0.205264348995E+01
0.133065760097E+01 0.384806348434E+01 0.740793262422E+01 0.206294172695E+01
0.133260166975E+01 0.384486395061E+01 0.741181632740E+01 0.207457571991E+01
0.133474525960E+01 0.384216950860E+01 0.741590333075E+01 0.208684626697E+01
0.133718596470E+01 0.384003750206E+01 0.742026389823E+01 0.209991663029E+01
0.134011648520E+01 0.383853455700E+01 0.742508229181E+01 0.211427854064E+01
0.134389024580E+01 0.383792912860E+01 0.743074591578E+01 0.213108724574E+01
0.134850452645E+01 0.383840501251E+01 0.743693404373E+01 0.214932465969E+01
0.135381448392E+01 0.383996268878E+01 0.744337037078E+01 0.216816119289E+01
0.135994759747E+01 0.384258106563E+01 0.745018165735E+01 0.218805119149E+01
0.136747745064E+01 0.384652991029E+01 0.745787020729E+01 0.221061602024E+01
0.137650215788E+01 0.385180753053E+01 0.746644913453E+01 0.223604804006E+01
0.138862402157E+01 0.385923366603E+01 0.747706346802E+01 0.226840811775E+01
0.140017290394E+01 0.386611573927E+01 0.748629340441E+01 0.229803127250E+01
0.142287028259E+01 0.387912553480E+01 0.750297112807E+01 0.235684467658E+01
0.147027018346E+01 0.387501263264E+01 0.748128458460E+01 0.289595575867E+01
0.144643068796E+01 0.383278575328E+01 0.741622949021E+01 0.296853799708E+01
0.145869786784E+01 0.381809667581E+01 0.740227030463E+01 0.302850564344E+01
0.146479916619E+01 0.381315497203E+01 0.739688697879E+01 0.305949983933E+01
0.146734396808E+01 0.381079358934E+01 0.739560942265E+01 0.308044123514E+01
