-.107012770940E+01 0.361439578861E+01 0.697229254015E+01 0.189804268332E+01
-.107010203003E+01 0.361440280373E+01 0.697228626832E+01 0.189803310342E+01
-.107010276864E+01 0.361440268552E+01 0.697228649943E+01 0.189803282772E+01
-.107010617588E+01 0.361440210053E+01 0.697228742846E+01 0.189803173550E+01
-.107010540709E+01 0.361440223445E+01 0.697229035973E+01 0.189802828351E+01
-.107010751636E+01 0.361440186800E+01 0.697229791915E+01 0.189801925396E+01
-.107011049709E+01 0.361440133982E+01 0.697231259179E+01 0.189800132829E+01
-.107011470208E+01 0.361440058461E+01 0.697233555780E+01 0.189797260503E+01
-.107012066930E+01 0.361439950596E+01 0.697236670329E+01 0.189793258663E+01
-.107012914425E+01 0.361439796554E+01 0.697240709179E+01 0.189787913018E+01
-.107013560615E+01 0.361439669422E+01 0.697245877498E+01 0.189780838549E+01
-.107013615439E+01 0.361439631041E+01 0.697252474655E+01 0.189771466600E+01
-.107013602974E+01 0.361439587778E+01 0.697260787149E+01 0.189759123905E+01
-.107013499450E+01 0.361439535123E+01 0.697271204166E+01 0.189742882348E+01
-.107013429258E+01 0.361439518758E+01 0.697274469264E+01 0.189737619429E+01
-.107013239427E+01 0.361439459082E+01 0.697285716838E+01 0.189718786910E+01
-.107013009814E+01 0.361439403116E+01 0.697295494229E+01 0.189701631785E+01
-.107012754481E+01 0.361439349735E+01 0.697304181216E+01 0.189685733411E+01
-.107012484494E+01 0.361439297297E+01 0.697312077956E+01 0.189670762357E+01
-.107012028899E+01 0.361439220416E+01 0.697322772208E+01 0.189649694839E+01
-.107011316658E+01 0.361439108639E+01 0.697336845526E+01 0.189620440272E+01
-.107010223168E+01 0.361438943007E+01 0.697354962169E+01 0.189580203667E+01
-.107008571857E+01 0.361438693966E+01 0.697377614768E+01 0.189525473158E+01
-.107006135075E+01 0.361438311748E+01 0.697405255768E+01 0.189451479237E+01
-.107002669263E+01 0.361437707252E+01 0.697437949356E+01 0.189352074884E+01
-.106997982598E+01 0.361436726064E+01 0.697475559547E+01 0.189218706201E+01
-.106992208029E+01 0.361435081642E+01 0.697517025436E+01 0.189040287213E+01
-.106986372876E+01 0.361432243719E+01 0.697560680782E+01 0.188801249713E+01
-.106983711804E+01 0.361427212626E+01 0.697602783121E+01 0.188481685550E+01
-.106992319376E+01 0.361418110130E+01 0.697637623569E+01 0.188054847496E+01
-.107030269092E+01 0.361401454271E+01 0.697655478501E+01 0.187488232625E+01
-.107134796870E+01 0.361370877994E+01 0.697642301114E+01 0.186741679664E+01
-.107377628590E+01 0.361315040945E+01 0.697577117266E+01 0.185774082955E+01
-.107780958011E+01 0.361233839390E+01 0.697459581965E+01 0.184729008455E+01
-.108221841599E+01 0.361149194299E+01 0.697310692210E+01 0.183745595672E+01
-.108768893374E+01 0.361048994599E+01 0.697132744475E+01 0.182797459151E+01
-.109396128210E+01 0.360936213997E+01 0.696931655343E+01 0.181895068865E+01
-.110047183225E+01 0.360818035709E+01 0.696712652038E+01 0.181040113922E+01
-.110609151123E+01 0.360709851216E+01 0.696477364475E+01 0.180224105344E+01
-.111135295090E+01 0.360600452364E+01 0.696217844404E+01 0.179412399701E+01
-.111553517658E+01 0.360498822475E+01 0.695940024899E+01 0.178622042242E+01
-.111740128055E+01 0.360421006783E+01 0.695645613505E+01 0.177855401668E+01
-.111728535945E+01 0.360359082383E+01 0.695329727098E+01 0.177086063939E+01
-.111500212403E+01 0.360319538785E+01 0.695015098544E+01 0.176368893620E+01
-.111137209125E+01 0.360303738803E+01 0.694750434192E+01 0.175802540857E+01
-.110793616559E+01 0.360304193741E+01 0.694577321687E+01 0.175461481559E+01
-.110571328387E+01 0.360310669078E+01 0.694497647796E+01 0.175327519493E+01
-.110467970963E+01 0.360316589683E+01 0.694477891376E+01 0.175312064461E+01
-.110427136944E+01 0.360320375345E+01 0.694482000952E+01 0.175335957696E+01
-.110401306334E+01 0.360323411202E+01 0.694493370615E+01 0.175371344486E+01
-.110368649277E+01 0.360327337110E+01 0.694510272043E+01 0.175421639211E+01
-.110320099563E+01 0.360333129882E+01 0.694535540288E+01 0.175496882629E+01
-.110247053602E+01 0.360341843340E+01 0.694573541683E+01 0.175610033883E+01
-.110137026763E+01 0.360354951244E+01 0.694630867271E+01 0.175780764920E+01
-.109970942217E+01 0.360374710302E+01 0.694717495532E+01 0.176038715942E+01
-.109719359127E+01 0.360404594439E+01 0.694848955953E+01 0.176430106091E+01
-.109369540094E+01 0.360438311796E+01 0.695009468354E+01 0.176869636513E+01
-.109375135338E+01 0.360446292832E+01 0.695035108987E+01 0.176993269206E+01
-.109074594345E+01 0.360479690063E+01 0.695186565033E+01 0.177433191516E+01
-.108761630280E+01 0.360516748204E+01 0.695354148901E+01 0.177936524932E+01
-.108446953728E+01 0.360553541166E+01 0.695520832478E+01 0.178435046368E+01
-.108113774656E+01 0.360593966337E+01 0.695693821336E+01 0.178949371189E+01
-.107767458525E+01 0.360637011359E+01 0.695871376539E+01 0.179474399764E+01
-.107685985816E+01 0.360637385497E+01 0.695885244945E+01 0.179465496468E+01
