-.106984542660E+01 0.361446252778E+01 0.697172254109E+01 0.189955100469E+01
-.106983843641E+01 0.361446543237E+01 0.697171819388E+01 0.189954467354E+01
-.106982657246E+01 0.361446762583E+01 0.697171799031E+01 0.189954487834E+01
-.106982763535E+01 0.361446745168E+01 0.697171767907E+01 0.189954516902E+01
-.106983368485E+01 0.361446641415E+01 0.697171778189E+01 0.189954503824E+01
-.106984752710E+01 0.361446402106E+01 0.697172093494E+01 0.189954192847E+01
-.106983574213E+01 0.361446604953E+01 0.697173291927E+01 0.189953025930E+01
-.106983901283E+01 0.361446561291E+01 0.697176025941E+01 0.189950336189E+01
-.106984622208E+01 0.361446436529E+01 0.697181128679E+01 0.189945276390E+01
-.106985289125E+01 0.361446329009E+01 0.697182552331E+01 0.189943629310E+01
-.106985386191E+01 0.361446311939E+01 0.697185702850E+01 0.189940231058E+01
-.106985478480E+01 0.361446296081E+01 0.697190448653E+01 0.189935116409E+01
-.106985566364E+01 0.361446280763E+01 0.697195199442E+01 0.189929793840E+01
-.106985576219E+01 0.361446277039E+01 0.697196784638E+01 0.189927834605E+01
-.106985651374E+01 0.361446264527E+01 0.697201231823E+01 0.189922744697E+01
-.106985694239E+01 0.361446256559E+01 0.697204388402E+01 0.189919142549E+01
-.106985724249E+01 0.361446248941E+01 0.697207202244E+01 0.189915775077E+01
-.106985752040E+01 0.361446241065E+01 0.697209756661E+01 0.189912676614E+01
-.106985770485E+01 0.361446234745E+01 0.697212099387E+01 0.189909802214E+01
-.106985773046E+01 0.361446231747E+01 0.697214271590E+01 0.189907095172E+01
-.106985775382E+01 0.361446224950E+01 0.697217283297E+01 0.189903301877E+01
-.106985775519E+01 0.361446214477E+01 0.697221369545E+01 0.189898065243E+01
-.106985746325E+01 0.361446204370E+01 0.697226789557E+01 0.189890941074E+01
-.106985703235E+01 0.361446186664E+01 0.697233757828E+01 0.189881501304E+01
-.106985603739E+01 0.361446165404E+01 0.697242580545E+01 0.189869076111E+01
-.106985427569E+01 0.361446136323E+01 0.697253586748E+01 0.189852847095E+01
-.106985138960E+01 0.361446094894E+01 0.697266887126E+01 0.189832029763E+01
-.106984699374E+01 0.361446031887E+01 0.697282865931E+01 0.189805264133E+01
-.106984085852E+01 0.361445929120E+01 0.697301667728E+01 0.189771053280E+01
-.106983365565E+01 0.361445741462E+01 0.697323392956E+01 0.189727404264E+01
-.106982619618E+01 0.361445422799E+01 0.697347991278E+01 0.189671748483E+01
-.106982467410E+01 0.361444811763E+01 0.697374990676E+01 0.189601010017E+01
-.106984072303E+01 0.361443668767E+01 0.697403380392E+01 0.189511498076E+01
-.106989948160E+01 0.361441555842E+01 0.697431154927E+01 0.189399311677E+01
-.107005505796E+01 0.361437598362E+01 0.697455123320E+01 0.189260727093E+01
-.107040797870E+01 0.361430298844E+01 0.697470447025E+01 0.189093786940E+01
-.107112957303E+01 0.361417107767E+01 0.697470878560E+01 0.188900520716E+01
-.107240469480E+01 0.361394958515E+01 0.697450049931E+01 0.188690267442E+01
-.107416110528E+01 0.361363605237E+01 0.697405183586E+01 0.188482374168E+01
-.107575700708E+01 0.361331094491E+01 0.697342905524E+01 0.188305599796E+01
-.107638884232E+01 0.361309895621E+01 0.697281385401E+01 0.188187928470E+01
-.107601120360E+01 0.361304627880E+01 0.697240193156E+01 0.188137609349E+01
-.107533409245E+01 0.361308143402E+01 0.697224765776E+01 0.188136245528E+01
-.107484713240E+01 0.361312713283E+01 0.697226602561E+01 0.188158990368E+01
-.107450671461E+01 0.361316642458E+01 0.697236860001E+01 0.188195561110E+01
-.107412183671E+01 0.361321286335E+01 0.697253295549E+01 0.188249467374E+01
-.107356428787E+01 0.361328011739E+01 0.697278022750E+01 0.188330560045E+01
-.107272740973E+01 0.361338117838E+01 0.697315218038E+01 0.188452574665E+01
-.107146941519E+01 0.361353249820E+01 0.697371263084E+01 0.188636512230E+01
-.106957254154E+01 0.361376118682E+01 0.697455896941E+01 0.188914420412E+01
-.106670752030E+01 0.361410642222E+01 0.697584219663E+01 0.189336046719E+01
-.106236053968E+01 0.361463019227E+01 0.697780557525E+01 0.189986536482E+01
-.105573041820E+01 0.361542208582E+01 0.698081139768E+01 0.190991168431E+01
-.104801895397E+01 0.361638909983E+01 0.698427211127E+01 0.192153324980E+01
-.104059875620E+01 0.361735226736E+01 0.698758042044E+01 0.193272225727E+01
-.103368211890E+01 0.361824610532E+01 0.699071229439E+01 0.194344878848E+01
-.102687472613E+01 0.361912208914E+01 0.699383111350E+01 0.195420292612E+01
-.101997518645E+01 0.362002184631E+01 0.699701098165E+01 0.196527369474E+01
-.101275106916E+01 0.362103022764E+01 0.700026211295E+01 0.197655410629E+01
-.100576711187E+01 0.362200389201E+01 0.700344626794E+01 0.198774406045E+01
