0.654954776423E+00 0.386648458368E+01 0.725193305530E+01 0.196032659220E+01
0.652693107527E+00 0.386602985128E+01 0.725193076860E+01 0.196032312983E+01
0.652499581994E+00 0.386598443181E+01 0.725193075904E+01 0.196032310679E+01
0.652491557960E+00 0.386598189635E+01 0.725193076083E+01 0.196032309947E+01
0.652552863527E+00 0.386599571031E+01 0.725193076437E+01 0.196032306672E+01
0.652645462513E+00 0.386601681119E+01 0.725193078766E+01 0.196032296687E+01
0.652748319490E+00 0.386604020641E+01 0.725193087841E+01 0.196032266859E+01
0.652846397555E+00 0.386606233184E+01 0.725193114907E+01 0.196032185043E+01
0.652932575034E+00 0.386608146622E+01 0.725193178860E+01 0.196031996102E+01
0.653008425320E+00 0.386609789330E+01 0.725193298835E+01 0.196031642330E+01
0.653081653981E+00 0.386611328277E+01 0.725193486433E+01 0.196031080535E+01
0.653162588840E+00 0.386612985462E+01 0.725193753360E+01 0.196030253548E+01
0.653261905346E+00 0.386614985429E+01 0.725194140677E+01 0.196029033411E+01
0.653389314227E+00 0.386617528878E+01 0.725194701153E+01 0.196027233774E+01
0.653551296810E+00 0.386620747169E+01 0.725195477525E+01 0.196024627652E+01
0.653746243380E+00 0.386624600958E+01 0.725196570413E+01 0.196020828198E+01
0.653959631219E+00 0.386628780701E+01 0.725198083356E+01 0.196015324504E+01
0.654166606321E+00 0.386632761650E+01 0.725200125047E+01 0.196007422379E+01
0.654339354472E+00 0.386635957998E+01 0.725202849430E+01 0.195996106311E+01
0.654454967055E+00 0.386637881707E+01 0.725206373983E+01 0.195980034231E+01
0.654499879948E+00 0.386638223042E+01 0.725210764650E+01 0.195957398722E+01
0.654466858872E+00 0.386636776266E+01 0.725216038660E+01 0.195925696469E+01
0.654347453643E+00 0.386633274555E+01 0.725221861259E+01 0.195881889979E+01
0.654123824070E+00 0.386627215683E+01 0.725227616989E+01 0.195821965623E+01
0.653758249814E+00 0.386617646438E+01 0.725232056793E+01 0.195741136282E+01
0.653183100311E+00 0.386602959280E+01 0.725232764252E+01 0.195634750501E+01
0.652287661385E+00 0.386580585552E+01 0.725226264404E+01 0.195499805368E+01
0.650941040505E+00 0.386546987616E+01 0.725207742744E+01 0.195340064271E+01
0.649209568448E+00 0.386500803999E+01 0.725173165762E+01 0.195173786055E+01
0.647718905920E+00 0.386450007966E+01 0.725124999740E+01 0.195033308948E+01
0.647432670495E+00 0.386413768821E+01 0.725077768669E+01 0.194949907038E+01
0.648438876698E+00 0.386405019452E+01 0.725051239432E+01 0.194933586119E+01
0.649717682205E+00 0.386416032807E+01 0.725053129038E+01 0.194963867385E+01
0.650523123440E+00 0.386431728230E+01 0.725075064166E+01 0.195012539785E+01
0.650991840745E+00 0.386446327482E+01 0.725107243013E+01 0.195068969749E+01
0.651493460315E+00 0.386461342442E+01 0.725147354339E+01 0.195138290667E+01
0.652228822396E+00 0.386478122831E+01 0.725197767333E+01 0.195231132224E+01
0.653335824823E+00 0.386497162420E+01 0.725262532054E+01 0.195357757640E+01
0.655007688646E+00 0.386519572589E+01 0.725349045462E+01 0.195535591784E+01
0.657536976905E+00 0.386547353168E+01 0.725469191176E+01 0.195791392020E+01
0.661366017623E+00 0.386583650492E+01 0.725640209943E+01 0.196156681586E+01
0.667172641221E+00 0.386631261138E+01 0.725893961495E+01 0.196708080356E+01
0.676016163060E+00 0.386691382838E+01 0.726278979958E+01 0.197561685615E+01
0.685861020348E+00 0.386742898652E+01 0.726707909569E+01 0.198503082903E+01
0.695150922069E+00 0.386775107893E+01 0.727114576737E+01 0.199384118097E+01
0.702905287336E+00 0.386790818438E+01 0.727442579215E+01 0.200043064151E+01
0.710718019281E+00 0.386794172287E+01 0.727784364741E+01 0.200757348006E+01
0.718475780558E+00 0.386778565771E+01 0.728125424701E+01 0.201455770300E+01
0.726214966189E+00 0.386745047024E+01 0.728467547071E+01 0.202146018457E+01
0.733917152486E+00 0.386691488379E+01 0.728810490039E+01 0.202826611290E+01
0.740729931256E+00 0.386624808788E+01 0.729115447006E+01 0.203423417136E+01
0.747722152453E+00 0.386558169869E+01 0.729401033249E+01 0.203902554015E+01
0.754500485003E+00 0.386457858811E+01 0.729704221398E+01 0.204473872137E+01
0.760547981866E+00 0.386348126777E+01 0.729976920474E+01 0.204978963550E+01
0.760048578791E+00 0.386362182804E+01 0.729954202960E+01 0.204940322100E+01
0.764888441610E+00 0.386263531748E+01 0.730175327439E+01 0.205354470421E+01
0.762641398309E+00 0.386337299689E+01 0.730036550939E+01 0.205017690775E+01
0.764964356171E+00 0.386293872854E+01 0.730134097264E+01 0.205175007783E+01
0.767290824275E+00 0.386244671516E+01 0.730237950016E+01 0.205361979696E+01
0.769614127020E+00 0.386192348970E+01 0.730342376367E+01 0.205550493840E+01
0.771933865690E+00 0.386137238036E+01 0.730447310393E+01 0.205739797626E+01
0.775404137502E+00 0.386048404570E+01 0.730605162828E+01 0.206024747832E+01
0.780617106487E+00 0.385901674704E+01 0.730844639286E+01 0.206459326960E+01
0.785560444995E+00 0.385747067795E+01 0.731075452633E+01 0.206878385108E+01
0.782338453582E+00 0.385896109496E+01 0.730875864399E+01 0.206428602671E+01
0.783527583770E+00 0.385860024562E+01 0.730930969738E+01 0.206515546287E+01
0.784790034870E+00 0.385822912502E+01 0.730986398029E+01 0.206608734371E+01
0.786140953274E+00 0.385791224664E+01 0.731036278352E+01 0.206673651146E+01
0.787401863577E+00 0.385753218079E+01 0.731091793064E+01 0.206764547240E+01
0.789274871581E+00 0.385691436043E+01 0.731177565967E+01 0.206915036047E+01
0.792091577340E+00 0.385593941623E+01 0.731307647800E+01 0.207146700919E+01
0.796316748516E+00 0.385437179311E+01 0.731505724050E+01 0.207501327467E+01
0.801565710667E+00 0.385224352252E+01 0.731757379172E+01 0.207955996759E+01
0.806445296689E+00 0.385007200629E+01 0.731998032909E+01 0.208396119607E+01
0.810808364344E+00 0.384795386948E+01 0.732219698988E+01 0.208809965857E+01
0.814211824864E+00 0.384617773938E+01 0.732397695022E+01 0.209148490400E+01
0.818067558271E+00 0.384471041533E+01 0.732544750769E+01 0.209336908116E+01
0.821439113257E+00 0.384281530415E+01 0.732723797857E+01 0.209674089871E+01
0.824824350695E+00 0.384082505139E+01 0.732908083682E+01 0.210034121838E+01
0.828175434811E+00 0.383873353671E+01 0.733097290841E+01 0.210410873966E+01
0.831154492509E+00 0.383677358564E+01 0.733272103795E+01 0.210765539899E+01
0.833881842513E+00 0.383486650228E+01 0.733438722646E+01 0.211110038046E+01
0.836469198427E+00 0.383297942643E+01 0.733603282221E+01 0.211457222828E+01
0.838895431903E+00 0.383111413792E+01 0.733764153348E+01 0.211803334067E+01
0.841187334878E+00 0.382927048513E+01 0.733922938533E+01 0.212151275782E+01
0.843346480489E+00 0.382747148659E+01 0.734079434343E+01 0.212500579148E+01
0.845374963127E+00 0.382571197597E+01 0.734233657932E+01 0.212850676707E+01
0.847290168874E+00 0.382398783937E+01 0.734386679217E+01 0.213203845288E+01
0.849101901302E+00 0.382232409635E+01 0.734539060131E+01 0.213561300246E+01
0.850814701846E+00 0.382070826378E+01 0.734690990736E+01 0.213923408420E+01
0.852445378257E+00 0.381909473932E+01 0.734843734536E+01 0.214293561870E+01
0.853997901127E+00 0.381755741843E+01 0.734997651960E+01 0.214672488170E+01
0.855481291200E+00 0.381599140216E+01 0.735153807749E+01 0.215062714700E+01
0.856893145998E+00 0.381449750123E+01 0.735311926822E+01 0.215463636132E+01
0.858248005761E+00 0.381298797984E+01 0.735473846940E+01 0.215880088167E+01
0.859540996231E+00 0.381147941812E+01 0.735639005239E+01 0.216310951486E+01
0.860779829267E+00 0.381004769134E+01 0.735808336156E+01 0.216759195143E+01
0.861978394206E+00 0.380857093737E+01 0.735984341724E+01 0.217232353443E+01
0.863118791355E+00 0.380711366192E+01 0.736166696643E+01 0.217731011189E+01
0.864188949943E+00 0.380571857253E+01 0.736361417822E+01 0.218276283613E+01
0.865239007143E+00 0.380430514346E+01 0.736564175764E+01 0.218850607545E+01
0.866271823950E+00 0.380289099019E+01 0.736775356782E+01 0.219455150381E+01
0.867311590523E+00 0.380161392872E+01 0.736998246729E+01 0.220098959114E+01
0.868411611726E+00 0.380029570474E+01 0.737242661672E+01 0.220810727988E+01
0.869588010988E+00 0.379897663964E+01 0.737507222614E+01 0.221587581640E+01
0.870863861557E+00 0.379769655073E+01 0.737791735294E+01 0.222428440451E+01
0.872290645732E+00 0.379661009314E+01 0.738099359390E+01 0.223342006296E+01
0.874007102496E+00 0.379557952109E+01 0.738449555417E+01 0.224388054364E+01
0.876173562850E+00 0.379468539685E+01 0.738859426417E+01 0.225625034224E+01
0.878912667156E+00 0.379402060951E+01 0.739318439865E+01 0.227009709241E+01
0.882444959791E+00 0.379366108196E+01 0.739839626736E+01 0.228579711143E+01
0.887056587201E+00 0.379369816188E+01 0.740438528640E+01 0.230378160005E+01
0.892693441333E+00 0.379421291014E+01 0.741085988564E+01 0.232324094482E+01
0.899346140156E+00 0.379536689418E+01 0.741772419000E+01 0.234396162582E+01
0.907239817150E+00 0.379691365890E+01 0.742515438976E+01 0.236660651787E+01
0.917375017010E+00 0.379938387733E+01 0.743384733712E+01 0.239371655763E+01
0.931198212444E+00 0.380315951029E+01 0.744471575788E+01 0.242894229005E+01
0.945207056504E+00 0.380722875760E+01 0.745464211275E+01 0.246353462943E+01
0.974175763086E+00 0.381661743713E+01 0.747318913156E+01 0.253844853831E+01
0.102023305519E+01 0.381526801258E+01 0.745929603510E+01 0.299927111761E+01
0.978195354291E+00 0.378851445487E+01 0.741137501060E+01 0.300721961186E+01
0.993592605407E+00 0.378293170617E+01 0.740734246438E+01 0.305410841180E+01
0.999206806327E+00 0.378131287809E+01 0.740613061844E+01 0.307554341860E+01
0.100137914548E+01 0.378062966646E+01 0.740649811341E+01 0.308849893400E+01
0.100258401896E+01 0.378022662092E+01 0.740737406248E+01 0.309800476694E+01
0.100386222708E+01 0.377980266823E+01 0.740901065694E+01 0.310961074378E+01
0.100523691156E+01 0.377931171523E+01 0.741130892970E+01 0.312365453606E+01
0.100656489264E+01 0.377878230505E+01 0.741389221283E+01 0.313868700664E+01
0.100776792391E+01 0.377822632295E+01 0.741656453424E+01 0.315398188476E+01
0.100883483719E+01 0.377765007030E+01 0.741925189403E+01 0.316924339058E+01
0.100978291908E+01 0.377705927094E+01 0.742192654004E+01 0.318436585345E+01
0.101058379695E+01 0.377644644551E+01 0.742458653379E+01 0.319944391640E+01
0.101123650768E+01 0.377581269326E+01 0.742722300092E+01 0.321438708702E+01
0.101175573132E+01 0.377516022877E+01 0.742983884596E+01 0.322917045778E+01
0.101214550689E+01 0.377448908197E+01 0.743242773494E+01 0.324381879957E+01
0.101242314477E+01 0.377380237824E+01 0.743498777032E+01 0.325826707887E+01
0.101259124048E+01 0.377309779997E+01 0.743752304758E+01 0.327260866477E+01
0.101264762681E+01 0.377237312025E+01 0.744006120076E+01 0.328687511840E+01
0.101258309716E+01 0.377162682339E+01 0.744259399452E+01 0.330106449127E+01
0.101244267950E+01 0.377096812684E+01 0.744511927418E+01 0.331511697787E+01
0.101219299632E+01 0.377030274847E+01 0.744769389126E+01 0.332939686389E+01
0.101183118716E+01 0.376961995848E+01 0.745028081149E+01 0.334365689331E+01
0.101137014434E+01 0.376892419924E+01 0.745286412823E+01 0.335783911346E+01
0.101081103161E+01 0.376821586684E+01 0.745543973457E+01 0.337191861708E+01
0.101014268194E+01 0.376749176121E+01 0.745802316090E+01 0.338593587706E+01
0.100936406303E+01 0.376675100417E+01 0.746061442445E+01 0.339988504200E+01
0.100847644930E+01 0.376599286317E+01 0.746320013325E+01 0.341378963949E+01
0.100749302836E+01 0.376521867784E+01 0.746579382584E+01 0.342758819003E+01
0.100640355454E+01 0.376442577422E+01 0.746839216086E+01 0.344132119018E+01
0.100520301847E+01 0.376361263808E+01 0.747099268614E+01 0.345497850867E+01
0.100402133983E+01 0.376291068191E+01 0.747358349236E+01 0.346853162624E+01
0.100271036860E+01 0.376221229428E+01 0.747624403697E+01 0.348236196229E+01
0.100127211310E+01 0.376149519865E+01 0.747892380405E+01 0.349622655508E+01
0.999727944729E+00 0.376076370903E+01 0.748160732462E+01 0.351002517865E+01
0.998086290111E+00 0.376001747768E+01 0.748429686546E+01 0.352375555998E+01
