-.344605763542E-01 0.377128199221E+01 0.713714210941E+01 0.193464788509E+01
-.345689768153E-01 0.377127435012E+01 0.713697010689E+01 0.193481608866E+01
-.345855265123E-01 0.377127216962E+01 0.713708493760E+01 0.193471133690E+01
-.345525699794E-01 0.377127577953E+01 0.713702577110E+01 0.193478431399E+01
-.345214239116E-01 0.377127888461E+01 0.713703601068E+01 0.193480411717E+01
-.344767614714E-01 0.377128363868E+01 0.713691953130E+01 0.193497794247E+01
-.344410798762E-01 0.377128758568E+01 0.713706086963E+01 0.193494720048E+01
-.343392389590E-01 0.377129955442E+01 0.713693533805E+01 0.193527540743E+01
-.341532767895E-01 0.377132091697E+01 0.713694089832E+01 0.193564535739E+01
-.337638912986E-01 0.377136756984E+01 0.713682471104E+01 0.193641449124E+01
-.331492952624E-01 0.377144758167E+01 0.713692053330E+01 0.193736035931E+01
-.329482767804E-01 0.377147715385E+01 0.713674041020E+01 0.193790529889E+01
-.313439756715E-01 0.377167585981E+01 0.713578532410E+01 0.194214942626E+01
-.296880156181E-01 0.377190440777E+01 0.713589341294E+01 0.194474576953E+01
-.288429164381E-01 0.377205912418E+01 0.713638899926E+01 0.194583851891E+01
-.286413550902E-01 0.377214405827E+01 0.713664282213E+01 0.194651947940E+01
-.287219149747E-01 0.377218377164E+01 0.713689431128E+01 0.194684783364E+01
-.288747691473E-01 0.377220892049E+01 0.713700332435E+01 0.194728764022E+01
-.288724482926E-01 0.377223303006E+01 0.713730726569E+01 0.194760052093E+01
-.286018368573E-01 0.377227450494E+01 0.713746816121E+01 0.194828827212E+01
-.280911681805E-01 0.377233465116E+01 0.713779362945E+01 0.194917857769E+01
-.273308463445E-01 0.377241776671E+01 0.713807876866E+01 0.195061366177E+01
-.271893723473E-01 0.377243200744E+01 0.713835947053E+01 0.195028947876E+01
-.262992391630E-01 0.377252486026E+01 0.713872538075E+01 0.195170993490E+01
-.255020765059E-01 0.377259646531E+01 0.713920323431E+01 0.195284439564E+01
-.247186919677E-01 0.377266327792E+01 0.713943819226E+01 0.195416989687E+01
-.239571754057E-01 0.377272764582E+01 0.714003303495E+01 0.195505192877E+01
-.228176704478E-01 0.377284204703E+01 0.714044328608E+01 0.195680307671E+01
-.211496096625E-01 0.377300454611E+01 0.714129072084E+01 0.195913593450E+01
-.186758121276E-01 0.377322992996E+01 0.714222736732E+01 0.196289782261E+01
-.150120303999E-01 0.377354257885E+01 0.714406872410E+01 0.196801252022E+01
-.947575198234E-02 0.377398105387E+01 0.714632662919E+01 0.197749850623E+01
-.148341152556E-02 0.377456053447E+01 0.714982959084E+01 0.199111236837E+01
0.572360433222E-02 0.377501218045E+01 0.715277673478E+01 0.200378567163E+01
0.119329353515E-01 0.377533533278E+01 0.715568112037E+01 0.201453984576E+01
0.181117646793E-01 0.377580535186E+01 0.715824251181E+01 0.202543931030E+01
0.245350908138E-01 0.377627088661E+01 0.716110852398E+01 0.203667988046E+01
0.309277331249E-01 0.377668041188E+01 0.716380583491E+01 0.204818415368E+01
0.372627203765E-01 0.377703051913E+01 0.716678520302E+01 0.205944826050E+01
0.435168753144E-01 0.377732601682E+01 0.716951586807E+01 0.207096311489E+01
0.499316080961E-01 0.377771387454E+01 0.717245744995E+01 0.208263228683E+01
0.562355124591E-01 0.377813275363E+01 0.717520314856E+01 0.209429367965E+01
0.623710236155E-01 0.377848745214E+01 0.717820392492E+01 0.210549154136E+01
0.684508722190E-01 0.377878986550E+01 0.718094222864E+01 0.211700745507E+01
0.746559191984E-01 0.377904816396E+01 0.718391605042E+01 0.212877331649E+01
0.808182926522E-01 0.377930582888E+01 0.718672933080E+01 0.214073658453E+01
0.869869423386E-01 0.377968029327E+01 0.718983820894E+01 0.215239469663E+01
0.929350445163E-01 0.377999330450E+01 0.719248681870E+01 0.216418115231E+01
0.988817109166E-01 0.378025660224E+01 0.719564625166E+01 0.217564411400E+01
0.104763069551E+00 0.378047223813E+01 0.719842548494E+01 0.218753016663E+01
0.110761707069E+00 0.378064450169E+01 0.720150738011E+01 0.219962425710E+01
0.116710992630E+00 0.378089945482E+01 0.720435763965E+01 0.221188832399E+01
0.122539700878E+00 0.378118043806E+01 0.720750616165E+01 0.222366119422E+01
0.128192013531E+00 0.378140735098E+01 0.721020906100E+01 0.223563821355E+01
0.133901140040E+00 0.378159084927E+01 0.721337618832E+01 0.224750909146E+01
0.139545873923E+00 0.378173103284E+01 0.721610004020E+01 0.225987427596E+01
0.145217718516E+00 0.378182528623E+01 0.721935632238E+01 0.227200964698E+01
0.150815477865E+00 0.378201579591E+01 0.722211364158E+01 0.228452143085E+01
0.156381034151E+00 0.378222222020E+01 0.722530192452E+01 0.229666049699E+01
0.161738165263E+00 0.378237950187E+01 0.722800392425E+01 0.230893144574E+01
0.167124328883E+00 0.378249613262E+01 0.723114131474E+01 0.232107046806E+01
0.172439560243E+00 0.378257306988E+01 0.723393441257E+01 0.233358711425E+01
0.177788806191E+00 0.378260889015E+01 0.723709160461E+01 0.234608612265E+01
0.183052467864E+00 0.378266718728E+01 0.723995105526E+01 0.235883170584E+01
0.188309018746E+00 0.378281022455E+01 0.724316180051E+01 0.237133032749E+01
0.193363769722E+00 0.378290817052E+01 0.724601094872E+01 0.238386558052E+01
0.198398102246E+00 0.378296569669E+01 0.724924208589E+01 0.239625649849E+01
0.203369520529E+00 0.378298495159E+01 0.725225962243E+01 0.240899739436E+01
0.208354506051E+00 0.378296379367E+01 0.725564867465E+01 0.242179145122E+01
0.213231034366E+00 0.378290427780E+01 0.725891559309E+01 0.243478277564E+01
0.218067941201E+00 0.378285118693E+01 0.726245359120E+01 0.244779799466E+01
0.222812714517E+00 0.378288045579E+01 0.726595143293E+01 0.246088986527E+01
0.227401377894E+00 0.378286678840E+01 0.726951163245E+01 0.247388626622E+01
0.231861616395E+00 0.378281270880E+01 0.727302801769E+01 0.248696661428E+01
0.236250209711E+00 0.378272149840E+01 0.727649629339E+01 0.250027884345E+01
0.240555121654E+00 0.378259824181E+01 0.727976824206E+01 0.251379639872E+01
0.244753099410E+00 0.378245001835E+01 0.728269443733E+01 0.252739078261E+01
0.248832495437E+00 0.378228386116E+01 0.728515844362E+01 0.254092495445E+01
0.252821853441E+00 0.378215150546E+01 0.728714035421E+01 0.255430157926E+01
0.256764566825E+00 0.378211905441E+01 0.728868111581E+01 0.256744429786E+01
0.260619493435E+00 0.378207175087E+01 0.728983544724E+01 0.258026704163E+01
0.264472498060E+00 0.378200842672E+01 0.729070079040E+01 0.259297198103E+01
0.268391235584E+00 0.378192854135E+01 0.729135154451E+01 0.260572343526E+01
0.272396806289E+00 0.378183144406E+01 0.729183957660E+01 0.261855436821E+01
0.276488353442E+00 0.378171688464E+01 0.729220622108E+01 0.263145294819E+01
0.280668478665E+00 0.378158474824E+01 0.729249268733E+01 0.264442950112E+01
0.284942895772E+00 0.378143454122E+01 0.729272489124E+01 0.265752605043E+01
0.289309814885E+00 0.378126593307E+01 0.729292950677E+01 0.267076091940E+01
0.293779729393E+00 0.378113431095E+01 0.729313070545E+01 0.268412865492E+01
0.298315293024E+00 0.378104834232E+01 0.729333277535E+01 0.269755179789E+01
0.302864550560E+00 0.378094065487E+01 0.729354561524E+01 0.271099249983E+01
0.307455922318E+00 0.378081089988E+01 0.729377671209E+01 0.272456514915E+01
0.312089284577E+00 0.378065942557E+01 0.729403550645E+01 0.273829486260E+01
0.316746272055E+00 0.378048680969E+01 0.729432229217E+01 0.275216319824E+01
0.321411364815E+00 0.378029416493E+01 0.729464058133E+01 0.276614868703E+01
0.326073952258E+00 0.378008190395E+01 0.729498649316E+01 0.278025169400E+01
0.330723927906E+00 0.377985107397E+01 0.729536453941E+01 0.279445597597E+01
0.335351653983E+00 0.377960228061E+01 0.729577062924E+01 0.280875759752E+01
0.339950539807E+00 0.377933632607E+01 0.729620475663E+01 0.282315151064E+01
0.344511560324E+00 0.377905407308E+01 0.729666535839E+01 0.283762588514E+01
0.349029346882E+00 0.377875640907E+01 0.729715338447E+01 0.285217475005E+01
0.353496962810E+00 0.377844398240E+01 0.729766325678E+01 0.286679249165E+01
0.357910127497E+00 0.377812255781E+01 0.729819701586E+01 0.288146304172E+01
0.362292586182E+00 0.377786125795E+01 0.729875379103E+01 0.289616528441E+01
0.366588563602E+00 0.377758471372E+01 0.729932389915E+01 0.291084616771E+01
0.370819791746E+00 0.377729219238E+01 0.729991878271E+01 0.292556636788E+01
0.374987421094E+00 0.377698416789E+01 0.730053013567E+01 0.294034232069E+01
0.379087590612E+00 0.377666105354E+01 0.730115924128E+01 0.295516494814E+01
0.383115706259E+00 0.377632415051E+01 0.730180751644E+01 0.297001556552E+01
0.387067438209E+00 0.377597355675E+01 0.730246502297E+01 0.298489944501E+01
0.390937857275E+00 0.377561067199E+01 0.730313791797E+01 0.299978663327E+01
0.394724928243E+00 0.377523615847E+01 0.730381454891E+01 0.301468417809E+01
0.398424982361E+00 0.377485027895E+01 0.730450058968E+01 0.302957803057E+01
0.402037597565E+00 0.377445424458E+01 0.730520229768E+01 0.304445150171E+01
0.405566070752E+00 0.377404773351E+01 0.730590570715E+01 0.305934281014E+01
0.409008884236E+00 0.377363169892E+01 0.730662055337E+01 0.307422707162E+01
0.412363554601E+00 0.377320658762E+01 0.730734929266E+01 0.308909749541E+01
0.415633669582E+00 0.377277255373E+01 0.730808458592E+01 0.310397495359E+01
0.418819570396E+00 0.377233012856E+01 0.730882742816E+01 0.311885729355E+01
0.421918193932E+00 0.377187962491E+01 0.730958436684E+01 0.313372883723E+01
0.424932256060E+00 0.377142170212E+01 0.731035626340E+01 0.314859878658E+01
0.427860959853E+00 0.377095627526E+01 0.731112787722E+01 0.316347744265E+01
0.430706857299E+00 0.377048343913E+01 0.731191530126E+01 0.317836491409E+01
0.433465356163E+00 0.377000434613E+01 0.731271799798E+01 0.319323031813E+01
0.436141413855E+00 0.376951850309E+01 0.731353043005E+01 0.320811100202E+01
0.438732649811E+00 0.376902592242E+01 0.731434900190E+01 0.322299981866E+01
0.441240795469E+00 0.376852742790E+01 0.731518512570E+01 0.323788270497E+01
0.443662749175E+00 0.376802282252E+01 0.731603717372E+01 0.325275639104E+01
0.446003504388E+00 0.376751217189E+01 0.731689687387E+01 0.326764853259E+01
0.448260223585E+00 0.376699603065E+01 0.731776801145E+01 0.328253076690E+01
0.450433104825E+00 0.376647342124E+01 0.731865759162E+01 0.329742233724E+01
0.452525490858E+00 0.376594575285E+01 0.731956738395E+01 0.331230647235E+01
0.454534350216E+00 0.376541212622E+01 0.732048357203E+01 0.332719851342E+01
0.456461421928E+00 0.376487226887E+01 0.732141543776E+01 0.334210040699E+01
0.458307690146E+00 0.376432722966E+01 0.732236829182E+01 0.335699051993E+01
0.460071301107E+00 0.376377590773E+01 0.732334250363E+01 0.337188191294E+01
0.461755401908E+00 0.376321840991E+01 0.732432940337E+01 0.338678849745E+01
0.463357985295E+00 0.376265497377E+01 0.732533165733E+01 0.340168903745E+01
0.464881247804E+00 0.376208551048E+01 0.732635877538E+01 0.341658826963E+01
0.466321808239E+00 0.376150937692E+01 0.732740870201E+01 0.343148032132E+01
0.467685797106E+00 0.376092690753E+01 0.732848055272E+01 0.344637583918E+01
0.468970411329E+00 0.376033709647E+01 0.732956931550E+01 0.346128394488E+01
0.470172481015E+00 0.375973974137E+01 0.733068236036E+01 0.347618157450E+01
0.471299411788E+00 0.375913561553E+01 0.733182453896E+01 0.349107190918E+01
0.472346333606E+00 0.375852337124E+01 0.733299655309E+01 0.350595711001E+01
0.473312954523E+00 0.375790257175E+01 0.733418608896E+01 0.352084222797E+01
0.474203131301E+00 0.375727329299E+01 0.733540143251E+01 0.353572460710E+01
0.475017265357E+00 0.375663569883E+01 0.733664683841E+01 0.355058786778E+01
0.475751171221E+00 0.375598809160E+01 0.733792362895E+01 0.356543967891E+01
0.476405602230E+00 0.375532996835E+01 0.733923319331E+01 0.358028047185E+01
0.476981568703E+00 0.375466167881E+01 0.734056620102E+01 0.359509944909E+01
0.477480028671E+00 0.375398335176E+01 0.734191994836E+01 0.360988351314E+01
0.478028365439E+00 0.375335306750E+01 0.734328879324E+01 0.362459559629E+01
0.478551879559E+00 0.375273638200E+01 0.734469421025E+01 0.363936146727E+01
0.479002447665E+00 0.375210952408E+01 0.734613986109E+01 0.365415109533E+01
0.479385684266E+00 0.375147376274E+01 0.734761843658E+01 0.366891056605E+01
0.479704989502E+00 0.375082963125E+01 0.734912075327E+01 0.368362390316E+01
0.479960918914E+00 0.375017625600E+01 0.735064527050E+01 0.369830352487E+01
0.480153023668E+00 0.374951326909E+01 0.735219787053E+01 0.371293787474E+01
0.480277526041E+00 0.374883974483E+01 0.735377563756E+01 0.372751852023E+01
0.480336069479E+00 0.374815483225E+01 0.735538170466E+01 0.374205310420E+01
0.480327236053E+00 0.374745855878E+01 0.735700726054E+01 0.375651817389E+01
0.480254824361E+00 0.374675058669E+01 0.735865088130E+01 0.377091841991E+01
0.480120762166E+00 0.374603043577E+01 0.736031597093E+01 0.378525742468E+01
0.479918425614E+00 0.374529703391E+01 0.736199723908E+01 0.379952034622E+01
0.479647774287E+00 0.374454974356E+01 0.736369200591E+01 0.381369873518E+01
0.479309732249E+00 0.374378794483E+01 0.736539879995E+01 0.382779041679E+01
0.479017896312E+00 0.374304255430E+01 0.736710929545E+01 0.384178071199E+01
0.478981842766E+00 0.374237521544E+01 0.736880778361E+01 0.385571022737E+01
