-.106984140976E+01 0.361446338723E+01 0.697168419695E+01 0.189960226573E+01
-.106983341350E+01 0.361446657736E+01 0.697168005678E+01 0.189959598656E+01
-.106982297747E+01 0.361446842687E+01 0.697168005764E+01 0.189959600396E+01
-.106982845173E+01 0.361446749153E+01 0.697168003423E+01 0.189959601174E+01
-.106985994553E+01 0.361446182789E+01 0.697167997010E+01 0.189959602139E+01
-.106983042032E+01 0.361446713288E+01 0.697167988752E+01 0.189959614790E+01
-.106983394631E+01 0.361446660926E+01 0.697167964911E+01 0.189959636337E+01
-.106984046912E+01 0.361446549629E+01 0.697167912059E+01 0.189959685235E+01
-.106984916601E+01 0.361446405347E+01 0.697167797848E+01 0.189959792169E+01
-.106984859243E+01 0.361446413864E+01 0.697167562593E+01 0.189960018707E+01
-.106984948719E+01 0.361446399429E+01 0.697167098785E+01 0.189960463805E+01
-.106985038576E+01 0.361446385632E+01 0.697166252771E+01 0.189961274857E+01
-.106985124822E+01 0.361446374298E+01 0.697164836666E+01 0.189962630842E+01
-.106985217413E+01 0.361446364063E+01 0.697162616308E+01 0.189964754718E+01
-.106985363096E+01 0.361446344697E+01 0.697158171793E+01 0.189969006551E+01
-.106985640229E+01 0.361446304647E+01 0.697154641070E+01 0.189972383925E+01
-.106985900529E+01 0.361446265116E+01 0.697148956441E+01 0.189977828165E+01
-.106986209732E+01 0.361446225677E+01 0.697145048182E+01 0.189981569958E+01
-.106986482123E+01 0.361446185925E+01 0.697139344125E+01 0.189987028142E+01
-.106986804670E+01 0.361446142570E+01 0.697137839832E+01 0.189988455274E+01
-.106986909283E+01 0.361446124697E+01 0.697127879320E+01 0.189997994065E+01
-.106987365178E+01 0.361446066641E+01 0.697136430460E+01 0.189989732682E+01
-.106987311267E+01 0.361446075865E+01 0.697131037112E+01 0.189994714423E+01
-.106987370936E+01 0.361446063726E+01 0.697134994552E+01 0.189990770614E+01
-.106987054786E+01 0.361446096886E+01 0.697122502207E+01 0.190002687577E+01
-.106987134786E+01 0.361446096405E+01 0.697142686754E+01 0.189983037248E+01
-.106986682207E+01 0.361446131626E+01 0.697131246235E+01 0.189993581529E+01
-.106986436478E+01 0.361446143509E+01 0.697144961392E+01 0.189980317011E+01
-.106985363520E+01 0.361446277247E+01 0.697134243534E+01 0.189990814797E+01
-.106985169202E+01 0.361446259327E+01 0.697145984972E+01 0.189980490357E+01
-.106984375837E+01 0.361446311817E+01 0.697136922329E+01 0.189991512145E+01
-.106983696046E+01 0.361446282864E+01 0.697147326528E+01 0.189986179104E+01
-.106980133524E+01 0.361446610736E+01 0.697139945963E+01 0.190002248281E+01
-.106973766556E+01 0.361447237884E+01 0.697149680918E+01 0.190007994789E+01
-.106962408147E+01 0.361448554441E+01 0.697147890928E+01 0.190033913161E+01
-.106946239318E+01 0.361450433735E+01 0.697158431574E+01 0.190060715314E+01
-.106921333683E+01 0.361453440915E+01 0.697155372718E+01 0.190120974843E+01
-.106886026729E+01 0.361457544987E+01 0.697190956669E+01 0.190168071279E+01
-.106831336281E+01 0.361464040444E+01 0.697198775822E+01 0.190285875073E+01
-.106750243459E+01 0.361473562334E+01 0.697246651644E+01 0.190427614861E+01
-.106627253077E+01 0.361488118109E+01 0.697286355713E+01 0.190673353794E+01
-.106443109214E+01 0.361509731077E+01 0.697375628855E+01 0.191015092440E+01
-.106159940856E+01 0.361543771562E+01 0.697484834363E+01 0.191559590217E+01
-.105709611889E+01 0.361601204674E+01 0.697677662180E+01 0.192366809921E+01
-.105051172550E+01 0.361684880379E+01 0.697940959982E+01 0.193579739554E+01
-.104391701691E+01 0.361767357445E+01 0.698219032272E+01 0.194801590044E+01
-.103817343799E+01 0.361838805845E+01 0.698446976034E+01 0.195905500783E+01
-.103252087059E+01 0.361912371598E+01 0.698701571080E+01 0.196933302712E+01
-.102663162600E+01 0.361992051312E+01 0.698927178041E+01 0.198019509934E+01
-.102058753936E+01 0.362073121818E+01 0.699190867621E+01 0.199123289218E+01
-.101467969739E+01 0.362151675812E+01 0.699426151249E+01 0.200244465942E+01
-.100882604745E+01 0.362228705767E+01 0.699685169038E+01 0.201351779111E+01
-.100268693822E+01 0.362316397392E+01 0.699927948008E+01 0.202476112823E+01
-.996552818103E+00 0.362404664019E+01 0.700188803787E+01 0.203586666868E+01
-.990528628827E+00 0.362490648876E+01 0.700417292883E+01 0.204724157553E+01
