-.486584077356E+00 0.371156844596E+01 0.706358555917E+01 0.192508651590E+01
-.486477916768E+00 0.371159733894E+01 0.706357934894E+01 0.192507713149E+01
-.486479713738E+00 0.371159700899E+01 0.706357934332E+01 0.192507712971E+01
-.486482682891E+00 0.371159642293E+01 0.706357934681E+01 0.192507712467E+01
-.486486516910E+00 0.371159567652E+01 0.706357933290E+01 0.192507713670E+01
-.486492328179E+00 0.371159451230E+01 0.706357930520E+01 0.192507716051E+01
-.486499505661E+00 0.371159310590E+01 0.706357906243E+01 0.192507739157E+01
-.486509404749E+00 0.371159114956E+01 0.706357897421E+01 0.192507747447E+01
-.486522242327E+00 0.371158862361E+01 0.706357873579E+01 0.192507770167E+01
-.486538988015E+00 0.371158532710E+01 0.706357807950E+01 0.192507833566E+01
-.486560484202E+00 0.371158109378E+01 0.706357700199E+01 0.192507938133E+01
-.486586701866E+00 0.371157597657E+01 0.706357438996E+01 0.192508191909E+01
-.486620467670E+00 0.371156931771E+01 0.706355686054E+01 0.192509886719E+01
-.486660902678E+00 0.371156143583E+01 0.706355364330E+01 0.192510197822E+01
-.486707864936E+00 0.371155226824E+01 0.706354181418E+01 0.192511345946E+01
-.486763344748E+00 0.371154141120E+01 0.706351618068E+01 0.192513826721E+01
-.486824539347E+00 0.371152955319E+01 0.706348671520E+01 0.192516673063E+01
-.486890554592E+00 0.371151678872E+01 0.706344460547E+01 0.192520743227E+01
-.486959454925E+00 0.371150346723E+01 0.706340174365E+01 0.192524879624E+01
-.487026128138E+00 0.371149054019E+01 0.706336124373E+01 0.192528774698E+01
-.487085233764E+00 0.371147893586E+01 0.706332724214E+01 0.192532020167E+01
-.487132185225E+00 0.371146928314E+01 0.706330162292E+01 0.192534419613E+01
-.487152234026E+00 0.371146476167E+01 0.706328644002E+01 0.192535757377E+01
-.487150299951E+00 0.371146364884E+01 0.706328006656E+01 0.192536175880E+01
-.487113046099E+00 0.371146913203E+01 0.706328358146E+01 0.192535559706E+01
-.487055285081E+00 0.371147757365E+01 0.706329011748E+01 0.192534582225E+01
-.486977395035E+00 0.371148952003E+01 0.706330575379E+01 0.192532669931E+01
-.486893053020E+00 0.371150257520E+01 0.706331299199E+01 0.192531616478E+01
-.486814963867E+00 0.371151436857E+01 0.706333916005E+01 0.192528868879E+01
-.486752908564E+00 0.371152340264E+01 0.706332817836E+01 0.192530265208E+01
-.486703656932E+00 0.371153074950E+01 0.706339007909E+01 0.192525246104E+01
-.486676997769E+00 0.371153354610E+01 0.706324018718E+01 0.192543452826E+01
-.486637366812E+00 0.371153966748E+01 0.706350385249E+01 0.192522321418E+01
-.486606105190E+00 0.371154076384E+01 0.706336936211E+01 0.192545323895E+01
-.486488927476E+00 0.371155933148E+01 0.706351529711E+01 0.192548937218E+01
-.486331384877E+00 0.371158344797E+01 0.706346620253E+01 0.192582114846E+01
-.486092463957E+00 0.371162336183E+01 0.706362418910E+01 0.192610006865E+01
-.485749387464E+00 0.371167949235E+01 0.706368792317E+01 0.192668960762E+01
-.485232339996E+00 0.371176515279E+01 0.706389580987E+01 0.192746834465E+01
-.484451820562E+00 0.371189384696E+01 0.706400995417E+01 0.192887493427E+01
-.483309186644E+00 0.371207996123E+01 0.706465679295E+01 0.193062356469E+01
-.481596678318E+00 0.371235369884E+01 0.706512100816E+01 0.193375287211E+01
-.479036517845E+00 0.371275794717E+01 0.706618683795E+01 0.193805445765E+01
-.475240245463E+00 0.371333789564E+01 0.706756333059E+01 0.194465296371E+01
-.469558612777E+00 0.371417620702E+01 0.706991489667E+01 0.195429256152E+01
-.462433732881E+00 0.371518364397E+01 0.707276089209E+01 0.196664546055E+01
-.455584725461E+00 0.371609812371E+01 0.707562677949E+01 0.197866633299E+01
-.449387967727E+00 0.371689627891E+01 0.707811885099E+01 0.198984787801E+01
-.442950289427E+00 0.371785380740E+01 0.708092274501E+01 0.200057579027E+01
-.436632333978E+00 0.371874721717E+01 0.708341480705E+01 0.201163168479E+01
-.430198950417E+00 0.371961264891E+01 0.708618906553E+01 0.202289201909E+01
-.423887900066E+00 0.372041840403E+01 0.708868130475E+01 0.203441680770E+01
-.417685876758E+00 0.372116342979E+01 0.709158889660E+01 0.204555592324E+01
-.411345800369E+00 0.372199145479E+01 0.709411906306E+01 0.205708351329E+01
-.404785977143E+00 0.372289122888E+01 0.709699841757E+01 0.206852796131E+01
-.398514724737E+00 0.372370464449E+01 0.709958009727E+01 0.207989706557E+01
-.392275153529E+00 0.372446910884E+01 0.710234177315E+01 0.209126664191E+01
-.386106476546E+00 0.372518164285E+01 0.710492579633E+01 0.210290438815E+01
-.379979330353E+00 0.372584423767E+01 0.710782088066E+01 0.211440803550E+01
-.373541972623E+00 0.372666816105E+01 0.711049750076E+01 0.212622105145E+01
-.367157690973E+00 0.372747229684E+01 0.711335189328E+01 0.213782018175E+01
-.360980226078E+00 0.372820427288E+01 0.711594341530E+01 0.214946458169E+01
-.354829054797E+00 0.372888702564E+01 0.711888557499E+01 0.216095034643E+01
-.348745441468E+00 0.372952027452E+01 0.712153614793E+01 0.217282157020E+01
-.342627107342E+00 0.373011272631E+01 0.712444499756E+01 0.218479287017E+01
-.336210314769E+00 0.373088178194E+01 0.712716425614E+01 0.219693886557E+01
-.329980603337E+00 0.373160127306E+01 0.713016384560E+01 0.220852654663E+01
-.323918589758E+00 0.373225537819E+01 0.713282040750E+01 0.222031730143E+01
-.317760509583E+00 0.373287529845E+01 0.713576349239E+01 0.223230147658E+01
-.311704627499E+00 0.373344215629E+01 0.713848184075E+01 0.224451859461E+01
-.305717243320E+00 0.373395722868E+01 0.714151018057E+01 0.225653555073E+01
-.299496958558E+00 0.373460749994E+01 0.714417358309E+01 0.226895579352E+01
-.293257300558E+00 0.373527035183E+01 0.714735412525E+01 0.228085765775E+01
-.287260432599E+00 0.373586111852E+01 0.715001582999E+01 0.229295370982E+01
-.281156853578E+00 0.373641881290E+01 0.715305421012E+01 0.230518246094E+01
-.275182052995E+00 0.373692194875E+01 0.715575391214E+01 0.231767663215E+01
-.269254153264E+00 0.373737697042E+01 0.715889204098E+01 0.232988778708E+01
-.263355711809E+00 0.373783787737E+01 0.716150955574E+01 0.234256019770E+01
-.257070820080E+00 0.373845739516E+01 0.716481451996E+01 0.235489037615E+01
-.251122649069E+00 0.373899723545E+01 0.716750171081E+01 0.236726807088E+01
-.245091287245E+00 0.373950162184E+01 0.717055575213E+01 0.237971888342E+01
-.239186327244E+00 0.373995374323E+01 0.717329632141E+01 0.239238798034E+01
-.233297121512E+00 0.374036272862E+01 0.717637961426E+01 0.240491428483E+01
-.227516656076E+00 0.374072718112E+01 0.717905948622E+01 0.241778090261E+01
-.221578432325E+00 0.374113306835E+01 0.718220162631E+01 0.243048260222E+01
-.215523618841E+00 0.374164841751E+01 0.718488243343E+01 0.244341997094E+01
-.209548808174E+00 0.374211582991E+01 0.718795002514E+01 0.245597311340E+01
-.203727809641E+00 0.374253031710E+01 0.719051766701E+01 0.246881836383E+01
-.197830174134E+00 0.374291038610E+01 0.719358608289E+01 0.248155148742E+01
-.192051953255E+00 0.374324728836E+01 0.719612843990E+01 0.249467051222E+01
