-.345936671624E-01 0.377125555009E+01 0.713712090859E+01 0.193434437657E+01
-.346750400766E-01 0.377125323891E+01 0.713711848828E+01 0.193434053564E+01
-.346784489307E-01 0.377125275748E+01 0.713711873450E+01 0.193434005925E+01
-.346819162618E-01 0.377125225612E+01 0.713711947429E+01 0.193433861521E+01
-.346858878552E-01 0.377125168347E+01 0.713712104694E+01 0.193433551471E+01
-.346905334204E-01 0.377125101786E+01 0.713712353673E+01 0.193433046323E+01
-.346959647659E-01 0.377125024122E+01 0.713712722723E+01 0.193432287350E+01
-.347022350552E-01 0.377124934355E+01 0.713713245252E+01 0.193431186094E+01
-.347093222423E-01 0.377124831924E+01 0.713713988685E+01 0.193429583825E+01
-.347170728175E-01 0.377124717816E+01 0.713715026790E+01 0.193427275831E+01
-.347251244490E-01 0.377124594879E+01 0.713716483782E+01 0.193423939354E+01
-.347329217538E-01 0.377124467312E+01 0.713718456630E+01 0.193418769888E+01
-.347401584686E-01 0.377124336973E+01 0.713721194975E+01 0.193411518379E+01
-.347461002137E-01 0.377124204639E+01 0.713724915738E+01 0.193401239129E+01
-.347515078975E-01 0.377124054020E+01 0.713729858338E+01 0.193386674175E+01
-.347596917147E-01 0.377123836560E+01 0.713736256475E+01 0.193366137473E+01
-.347787031260E-01 0.377123445760E+01 0.713744274536E+01 0.193337379738E+01
-.348239315575E-01 0.377122691518E+01 0.713753894969E+01 0.193297459409E+01
-.349216986384E-01 0.377121256981E+01 0.713764735848E+01 0.193242656004E+01
-.351132651080E-01 0.377118656751E+01 0.713775774128E+01 0.193168542046E+01
-.354606847229E-01 0.377114183810E+01 0.713784968682E+01 0.193070475373E+01
-.360587722040E-01 0.377106784080E+01 0.713788875099E+01 0.192944931091E+01
-.370531733600E-01 0.377094814077E+01 0.713782411853E+01 0.192792503585E+01
-.386079991532E-01 0.377076004524E+01 0.713759569797E+01 0.192621831113E+01
-.406318856652E-01 0.377049563313E+01 0.713716292122E+01 0.192455162667E+01
-.423226908259E-01 0.377021385982E+01 0.713657545176E+01 0.192327978510E+01
-.425064680238E-01 0.377004780873E+01 0.713602156187E+01 0.192278860891E+01
-.411174041783E-01 0.377007279996E+01 0.713574770970E+01 0.192322465130E+01
-.393130007963E-01 0.377022977215E+01 0.713583825562E+01 0.192442926836E+01
-.378602388302E-01 0.377043388185E+01 0.713619998068E+01 0.192616912736E+01
-.365646074695E-01 0.377066667661E+01 0.713672585074E+01 0.192842956876E+01
-.351230872941E-01 0.377092768740E+01 0.713737433606E+01 0.193114075986E+01
-.334548697093E-01 0.377120020560E+01 0.713812140223E+01 0.193415990437E+01
-.315877432098E-01 0.377145381362E+01 0.713895265926E+01 0.193726100131E+01
-.294258689057E-01 0.377167834949E+01 0.713991298006E+01 0.194043025359E+01
-.266011764673E-01 0.377190737477E+01 0.714116864975E+01 0.194421491418E+01
-.225420011482E-01 0.377219212787E+01 0.714297107489E+01 0.194945090059E+01
-.164417366465E-01 0.377259039424E+01 0.714568445694E+01 0.195729316499E+01
-.729630488725E-02 0.377334744303E+01 0.714971852133E+01 0.196904677028E+01
0.156835411192E-02 0.377402115782E+01 0.715366796725E+01 0.198070710922E+01
0.983041544255E-02 0.377458891343E+01 0.715738546916E+01 0.199189262417E+01
0.178021258876E-01 0.377507054402E+01 0.716102420620E+01 0.200293131908E+01
0.257734273969E-01 0.377549185808E+01 0.716471354814E+01 0.201424428300E+01
0.338798067213E-01 0.377609292143E+01 0.716845154985E+01 0.202567629553E+01
0.416614775791E-01 0.377661026818E+01 0.717209130322E+01 0.203691356253E+01
0.493196405256E-01 0.377706051005E+01 0.717572188077E+01 0.204824424948E+01
0.569250546005E-01 0.377745016052E+01 0.717937937053E+01 0.205977542851E+01
0.644582020052E-01 0.377778135667E+01 0.718304238836E+01 0.207139214661E+01
0.719821994138E-01 0.377823174241E+01 0.718672460846E+01 0.208310103118E+01
0.793045701699E-01 0.377865553520E+01 0.719035783846E+01 0.209472970730E+01
0.864687916024E-01 0.377901703209E+01 0.719395537565E+01 0.210628983795E+01
0.935429998203E-01 0.377931852593E+01 0.719756949787E+01 0.211798875652E+01
0.100584914385E+00 0.377956560203E+01 0.720122178480E+01 0.212982349253E+01
0.107594938852E+00 0.377983678916E+01 0.720491278096E+01 0.214184458025E+01
0.114562964024E+00 0.378018453581E+01 0.720860520190E+01 0.215388058882E+01
0.121277767412E+00 0.378046773537E+01 0.721222835989E+01 0.216580393708E+01
0.127877465235E+00 0.378069513307E+01 0.721584721022E+01 0.217772716621E+01
0.134424944958E+00 0.378087157844E+01 0.721950022013E+01 0.218977284105E+01
0.140930082755E+00 0.378099718729E+01 0.722320941272E+01 0.220209582933E+01
0.147430975518E+00 0.378119677111E+01 0.722695636718E+01 0.221455183269E+01
0.153752116231E+00 0.378141707702E+01 0.723065089083E+01 0.222684012215E+01
0.159880388671E+00 0.378158293832E+01 0.723430099094E+01 0.223899717429E+01
0.165959869914E+00 0.378170187354E+01 0.723798961603E+01 0.225147974692E+01
0.171975190017E+00 0.378177333045E+01 0.724171366569E+01 0.226410206883E+01
0.177858777399E+00 0.378179762812E+01 0.724543776973E+01 0.227673501709E+01
0.183667886366E+00 0.378184695150E+01 0.724919978088E+01 0.228961084977E+01
0.189368808145E+00 0.378195968024E+01 0.725296172543E+01 0.230244661527E+01
0.194816095171E+00 0.378202122143E+01 0.725665904915E+01 0.231502139200E+01
0.200125318678E+00 0.378203376114E+01 0.726038512236E+01 0.232759827761E+01
0.205384522112E+00 0.378199900000E+01 0.726420828553E+01 0.234041489884E+01
0.210556114714E+00 0.378191437505E+01 0.726812868768E+01 0.235341495879E+01
0.211723001504E+00 0.378184900792E+01 0.726905299585E+01 0.235570266318E+01
0.213066749432E+00 0.378183159265E+01 0.727002760491E+01 0.235915116262E+01
0.214297423796E+00 0.378179456742E+01 0.727101629922E+01 0.236235006552E+01
0.215525930533E+00 0.378175410774E+01 0.727201107725E+01 0.236556316534E+01
0.216749156955E+00 0.378171018913E+01 0.727301536691E+01 0.236879098885E+01
0.218585082210E+00 0.378167432401E+01 0.727454439915E+01 0.237365859351E+01
0.221321081564E+00 0.378162707943E+01 0.727688736561E+01 0.238103420778E+01
0.225377202988E+00 0.378152202911E+01 0.728053980097E+01 0.239259847721E+01
0.229897961611E+00 0.378134168436E+01 0.728475307225E+01 0.240418043309E+01
0.230531361219E+00 0.378133230013E+01 0.728516844638E+01 0.240430924229E+01
0.231186154733E+00 0.378130960614E+01 0.728576629921E+01 0.240614035996E+01
0.231772783787E+00 0.378127940788E+01 0.728636058360E+01 0.240789266100E+01
0.232366155488E+00 0.378124815664E+01 0.728695701798E+01 0.240965466680E+01
0.232957728798E+00 0.378121577086E+01 0.728755721516E+01 0.241142334235E+01
0.233838261914E+00 0.378116403346E+01 0.728846559080E+01 0.241409115373E+01
0.235150122904E+00 0.378108180319E+01 0.728984704309E+01 0.241815272957E+01
0.235548462992E+00 0.378104548336E+01 0.729011510563E+01 0.241748301522E+01
0.237302718197E+00 0.378092479917E+01 0.729199246209E+01 0.242295175470E+01
0.238836992341E+00 0.378080474450E+01 0.729371377340E+01 0.242783902326E+01
0.240346363907E+00 0.378067940683E+01 0.729515451275E+01 0.243025075132E+01
0.241857981112E+00 0.378054772524E+01 0.729691134796E+01 0.243526716594E+01
0.243200117648E+00 0.378041980759E+01 0.729851996617E+01 0.243980927283E+01
0.242319001550E+00 0.378049629197E+01 0.729746760504E+01 0.243681470182E+01
0.242725033712E+00 0.378046716228E+01 0.729791294557E+01 0.243794835282E+01
0.242574290099E+00 0.378048100230E+01 0.729773546034E+01 0.243748992971E+01
0.242682094680E+00 0.378047203154E+01 0.729785821805E+01 0.243782250774E+01
0.242663439160E+00 0.378047370430E+01 0.729783452036E+01 0.243777523958E+01
0.242694509042E+00 0.378046833165E+01 0.729756422238E+01 0.243531559615E+01
0.242724964973E+00 0.378046568548E+01 0.729760223518E+01 0.243501462158E+01
0.242768158340E+00 0.378046098433E+01 0.729764953079E+01 0.243507243864E+01
0.242789526816E+00 0.378045377844E+01 0.729769851177E+01 0.243522625253E+01
0.242827193868E+00 0.378044704236E+01 0.729775133074E+01 0.243540090246E+01
0.242911297797E+00 0.378043903763E+01 0.729783861171E+01 0.243566479776E+01
0.243037469029E+00 0.378042810994E+01 0.729797408816E+01 0.243605159255E+01
0.243213933590E+00 0.378041170943E+01 0.729817848985E+01 0.243662601516E+01
0.243471650011E+00 0.378038677392E+01 0.729848565617E+01 0.243749034911E+01
0.243856925321E+00 0.378034897787E+01 0.729894852290E+01 0.243879510333E+01
0.244435147217E+00 0.378029160064E+01 0.729964803084E+01 0.244077214058E+01
0.245303580090E+00 0.378020405646E+01 0.730070917174E+01 0.244378488344E+01
0.246615130940E+00 0.378007021549E+01 0.730232748813E+01 0.244843392208E+01
0.247066952669E+00 0.378002203760E+01 0.730290282137E+01 0.245010271057E+01
0.245369965917E+00 0.378017074941E+01 0.730085528063E+01 0.244420819865E+01
0.245632253562E+00 0.378017459013E+01 0.730101662884E+01 0.244433049381E+01
0.245763248939E+00 0.378016112768E+01 0.730118296623E+01 0.244478930050E+01
0.245889950752E+00 0.378014550616E+01 0.730135086113E+01 0.244528925713E+01
0.245953063707E+00 0.378012552905E+01 0.730112430544E+01 0.244259729871E+01
0.246123923097E+00 0.378010355526E+01 0.730133305491E+01 0.244283639341E+01
0.246429102320E+00 0.378006814367E+01 0.730170600242E+01 0.244390787793E+01
0.246897187280E+00 0.378001691157E+01 0.730228399148E+01 0.244554279941E+01
0.247597001174E+00 0.377994000633E+01 0.730316276072E+01 0.244802561605E+01
0.248652204814E+00 0.377982327845E+01 0.730450134368E+01 0.245184062400E+01
0.250267300046E+00 0.377964700575E+01 0.730655270303E+01 0.245782795196E+01
0.250838432769E+00 0.377958560955E+01 0.730730768730E+01 0.246015663120E+01
0.250227747469E+00 0.377960104762E+01 0.730615578764E+01 0.245377756803E+01
0.251912552614E+00 0.377940508986E+01 0.730832628378E+01 0.245966725192E+01
0.253512357488E+00 0.377921792279E+01 0.731041540106E+01 0.246587651739E+01
0.251633895296E+00 0.377935674949E+01 0.730829079073E+01 0.245974400231E+01
0.251775273714E+00 0.377937927593E+01 0.730832525958E+01 0.245982453389E+01
0.251979784670E+00 0.377938404970E+01 0.730839901164E+01 0.246001851328E+01
0.252072899214E+00 0.377938293611E+01 0.730846559251E+01 0.246016434399E+01
0.252130646516E+00 0.377938051341E+01 0.730852516212E+01 0.246029835777E+01
0.252166674326E+00 0.377937690982E+01 0.730857984784E+01 0.246043535013E+01
0.252210734007E+00 0.377937037020E+01 0.730865793435E+01 0.246065266416E+01
0.252284753661E+00 0.377935982380E+01 0.730877312623E+01 0.246099092397E+01
0.252412638378E+00 0.377934414228E+01 0.730894665479E+01 0.246150542861E+01
0.252458539373E+00 0.377933882108E+01 0.730900792624E+01 0.246168251173E+01
0.252440210647E+00 0.377933996174E+01 0.730898285937E+01 0.246161997144E+01
0.252419219556E+00 0.377934101781E+01 0.730896046970E+01 0.246154903618E+01
0.252407029528E+00 0.377934300304E+01 0.730894157028E+01 0.246150114060E+01
0.252390795122E+00 0.377934430643E+01 0.730892422637E+01 0.246144346630E+01
0.252497309624E+00 0.377933459693E+01 0.730904995526E+01 0.246179603904E+01
0.252433908087E+00 0.377933937650E+01 0.730897622785E+01 0.246159197689E+01
0.252436637501E+00 0.377934065226E+01 0.730897368597E+01 0.246159357737E+01
0.252474839161E+00 0.377933727670E+01 0.730901848330E+01 0.246172195140E+01
0.252462932946E+00 0.377933740007E+01 0.730900867369E+01 0.246169619169E+01
0.252493546359E+00 0.377933516118E+01 0.730903981881E+01 0.246177654293E+01
0.252485026869E+00 0.377933530256E+01 0.730903365229E+01 0.246176395720E+01
0.252506511742E+00 0.377933359299E+01 0.730905414938E+01 0.246180701943E+01
0.252503010370E+00 0.377933362845E+01 0.730905220613E+01 0.246180479711E+01
0.252518795205E+00 0.377933215410E+01 0.730906477978E+01 0.246181185835E+01
0.252532971788E+00 0.377933085145E+01 0.730906117935E+01 0.246171652146E+01
0.252536221011E+00 0.377932942086E+01 0.730896392599E+01 0.246101546941E+01
0.252514622441E+00 0.377932798448E+01 0.730868966271E+01 0.245907546541E+01
0.252479311533E+00 0.377932789750E+01 0.730859144647E+01 0.245790399744E+01
0.252508561567E+00 0.377932974928E+01 0.730859552050E+01 0.245744168568E+01
0.252530835722E+00 0.377932984791E+01 0.730860705517E+01 0.245722368187E+01
0.252498691819E+00 0.377932553842E+01 0.730861095559E+01 0.245709955936E+01
0.252409273530E+00 0.377931572617E+01 0.730860772597E+01 0.245710896833E+01
0.252333009188E+00 0.377930152127E+01 0.730861655744E+01 0.245726780411E+01
0.252372361874E+00 0.377928758835E+01 0.730866652724E+01 0.245754579122E+01
0.252516446740E+00 0.377927520909E+01 0.730877387266E+01 0.245791050881E+01
0.252691589039E+00 0.377925981236E+01 0.730894576281E+01 0.245840428116E+01
0.252896782791E+00 0.377923608533E+01 0.730920290400E+01 0.245913253805E+01
0.253187010489E+00 0.377919981514E+01 0.730958881991E+01 0.246023516620E+01
0.253624374966E+00 0.377914534251E+01 0.731017186449E+01 0.246191330809E+01
0.254289144826E+00 0.377906386891E+01 0.731105682370E+01 0.246448450020E+01
0.255312035465E+00 0.377894296039E+01 0.731240693366E+01 0.246848597560E+01
0.256918033451E+00 0.377876642255E+01 0.731448709151E+01 0.247485430352E+01
0.259520252309E+00 0.377851716335E+01 0.731775772589E+01 0.248528888779E+01
0.263922988410E+00 0.377818628762E+01 0.732288545547E+01 0.250220228239E+01
0.268709805114E+00 0.377792730477E+01 0.732786739757E+01 0.251952291368E+01
0.274085089246E+00 0.377801411453E+01 0.733256172390E+01 0.253967491649E+01
0.279857634428E+00 0.377832898593E+01 0.733665459095E+01 0.256073760903E+01
0.285868238523E+00 0.377871276861E+01 0.734003344337E+01 0.258254901273E+01
0.292140508151E+00 0.377912147646E+01 0.734258796801E+01 0.260583538224E+01
0.298425196367E+00 0.377955418427E+01 0.734409305742E+01 0.263017043962E+01
0.304573109131E+00 0.378014434688E+01 0.734432470122E+01 0.265539508638E+01
0.309979709408E+00 0.378055462449E+01 0.734324410566E+01 0.268002254519E+01
0.314406939365E+00 0.378078362010E+01 0.734106621850E+01 0.270278545549E+01
0.317711260699E+00 0.378086330462E+01 0.733841020434E+01 0.272183184857E+01
0.320072913757E+00 0.378097751530E+01 0.733596365581E+01 0.273617089838E+01
0.321736817490E+00 0.378107770384E+01 0.733397675818E+01 0.274661860873E+01
0.323091673649E+00 0.378113198865E+01 0.733222810959E+01 0.275532618002E+01
0.324468089405E+00 0.378116086869E+01 0.733040002672E+01 0.276419022126E+01
0.325920992353E+00 0.378116526986E+01 0.732850674493E+01 0.277331413260E+01
0.327428269327E+00 0.378114354731E+01 0.732668932657E+01 0.278228444822E+01
0.329028760965E+00 0.378109487479E+01 0.732503044109E+01 0.279105221468E+01
0.330821967921E+00 0.378101579100E+01 0.732358238133E+01 0.279981951225E+01
0.332940350041E+00 0.378089881333E+01 0.732240852228E+01 0.280880590306E+01
0.335564994976E+00 0.378073090547E+01 0.732155982071E+01 0.281852607783E+01
0.338811479675E+00 0.378050027119E+01 0.732135845847E+01 0.282842048437E+01
0.342942962628E+00 0.378018580762E+01 0.732185264750E+01 0.283932983351E+01
0.348041883381E+00 0.377977390985E+01 0.732310983914E+01 0.285150904287E+01
0.353832872868E+00 0.377928256613E+01 0.732498345407E+01 0.286476623494E+01
0.360019445234E+00 0.377873830389E+01 0.732725073781E+01 0.287899897087E+01
0.366330001812E+00 0.377817082458E+01 0.732976086925E+01 0.289392611469E+01
0.372581387809E+00 0.377760049215E+01 0.733232357535E+01 0.290952183194E+01
0.378629177585E+00 0.377704191010E+01 0.733488428861E+01 0.292541061422E+01
0.384405933585E+00 0.377649958129E+01 0.733734802750E+01 0.294149648338E+01
0.389888550378E+00 0.377597337384E+01 0.733972537259E+01 0.295755723440E+01
0.395099974182E+00 0.377548781789E+01 0.734200258259E+01 0.297354030176E+01
0.400069444808E+00 0.377501332354E+01 0.734421218439E+01 0.298946044926E+01
0.404811402745E+00 0.377454069345E+01 0.734636485779E+01 0.300527269174E+01
0.409345648234E+00 0.377406554012E+01 0.734844898328E+01 0.302100670639E+01
0.413691843017E+00 0.377358609427E+01 0.735050159370E+01 0.303662879802E+01
0.417866338578E+00 0.377309996054E+01 0.735253323299E+01 0.305215046987E+01
0.421887606320E+00 0.377260497890E+01 0.735453208852E+01 0.306762786270E+01
0.425768269950E+00 0.377210144378E+01 0.735652808242E+01 0.308303898924E+01
0.429512827758E+00 0.377158787414E+01 0.735852769464E+01 0.309838929774E+01
0.433134845831E+00 0.377106443621E+01 0.736051650129E+01 0.311372662706E+01
0.436636216987E+00 0.377053038662E+01 0.736251609495E+01 0.312903472995E+01
0.440020989259E+00 0.376998668095E+01 0.736453293754E+01 0.314430257325E+01
0.443294841922E+00 0.376943254911E+01 0.736654968216E+01 0.315957940861E+01
0.446456898526E+00 0.376886806982E+01 0.736858198764E+01 0.317484306428E+01
0.449509321256E+00 0.376829458447E+01 0.737063628922E+01 0.319007417902E+01
0.452453224741E+00 0.376771023237E+01 0.737269731992E+01 0.320532214274E+01
0.455292294656E+00 0.376711668187E+01 0.737477406772E+01 0.322057022219E+01
0.458020793708E+00 0.376651395039E+01 0.737687209999E+01 0.323578788290E+01
0.460642974419E+00 0.376590104612E+01 0.737898527882E+01 0.325101503674E+01
0.463160369036E+00 0.376527877368E+01 0.738110694231E+01 0.326625353988E+01
0.465567687936E+00 0.376464657272E+01 0.738324985310E+01 0.328147348620E+01
0.467884515248E+00 0.376401705798E+01 0.738541743723E+01 0.329667879656E+01
0.470130542553E+00 0.376340920453E+01 0.738758418597E+01 0.331190626470E+01
0.472282245939E+00 0.376279303112E+01 0.738978239215E+01 0.332718063072E+01
0.474333660445E+00 0.376217106488E+01 0.739200217379E+01 0.334243425709E+01
0.476288861601E+00 0.376154215860E+01 0.739424002266E+01 0.335771295770E+01
0.478142156076E+00 0.376090636461E+01 0.739648078520E+01 0.337300274217E+01
0.479898818709E+00 0.376026469206E+01 0.739874142713E+01 0.338827700266E+01
0.481555044908E+00 0.375961616929E+01 0.740102142395E+01 0.340353735307E+01
0.483111345371E+00 0.375895977840E+01 0.740331142954E+01 0.341880681865E+01
0.484574337273E+00 0.375829652634E+01 0.740560751178E+01 0.343408874947E+01
0.485935504541E+00 0.375762514019E+01 0.740791932002E+01 0.344935850024E+01
0.487198169077E+00 0.375694644764E+01 0.741024343486E+01 0.346460138321E+01
0.488366562701E+00 0.375626008587E+01 0.741258132012E+01 0.347983352520E+01
0.489436973025E+00 0.375556529149E+01 0.741491576753E+01 0.349506109816E+01
0.490407581189E+00 0.375486118838E+01 0.741725946670E+01 0.351027414227E+01
0.491281798116E+00 0.375414860056E+01 0.741961203084E+01 0.352545528816E+01
0.492060457250E+00 0.375342777017E+01 0.742196871455E+01 0.354058775103E+01
0.492743621877E+00 0.375269725775E+01 0.742433249098E+01 0.355568542300E+01
0.493332345895E+00 0.375195635346E+01 0.742669231505E+01 0.357076881892E+01
0.493825206827E+00 0.375120476999E+01 0.742905264579E+01 0.358581879452E+01
0.494221174606E+00 0.375044252161E+01 0.743141190457E+01 0.360081054369E+01
0.494524310531E+00 0.374966962030E+01 0.743376788468E+01 0.361573663647E+01
0.494991025810E+00 0.374898242076E+01 0.743610560310E+01 0.363054962496E+01
0.495383496486E+00 0.374828943426E+01 0.743848217970E+01 0.364548171367E+01
0.495696122239E+00 0.374758538360E+01 0.744086996834E+01 0.366042038335E+01
0.495935692109E+00 0.374687205311E+01 0.744325583438E+01 0.367531707354E+01
0.496097824374E+00 0.374614828889E+01 0.744562824986E+01 0.369019496868E+01
0.496192664080E+00 0.374541635897E+01 0.744799726960E+01 0.370499356116E+01
0.496215846694E+00 0.374467465080E+01 0.745036066224E+01 0.371972290997E+01
0.496165519233E+00 0.374392184146E+01 0.745271504296E+01 0.373438565178E+01
0.496043895472E+00 0.374315773085E+01 0.745505828019E+01 0.374897723826E+01
0.495856520695E+00 0.374238210193E+01 0.745739186245E+01 0.376350059268E+01
0.495602206321E+00 0.374159486329E+01 0.745971030384E+01 0.377794170391E+01
0.495280393587E+00 0.374079513235E+01 0.746201160568E+01 0.379229804131E+01
0.495004786828E+00 0.374001204075E+01 0.746428652648E+01 0.380655056688E+01
0.495026403874E+00 0.373931033420E+01 0.746653579056E+01 0.382073829763E+01
0.494947594354E+00 0.373859028037E+01 0.746881122185E+01 0.383504325169E+01
