-.489334415718E+00 0.371075000864E+01 0.706386589906E+01 0.191807325489E+01
-.489135623782E+00 0.371080347670E+01 0.706385334629E+01 0.191805422053E+01
-.489136147460E+00 0.371080341739E+01 0.706385346420E+01 0.191805398733E+01
-.489136572460E+00 0.371080333519E+01 0.706385354185E+01 0.191805384263E+01
-.489138113178E+00 0.371080304190E+01 0.706385398632E+01 0.191805301136E+01
-.489140000133E+00 0.371080265448E+01 0.706385474482E+01 0.191805159152E+01
-.489141824839E+00 0.371080227498E+01 0.706385579322E+01 0.191804958739E+01
-.489143353503E+00 0.371080196171E+01 0.706385715186E+01 0.191804697038E+01
-.489145704496E+00 0.371080146188E+01 0.706385988654E+01 0.191804170622E+01
-.489148986270E+00 0.371080074532E+01 0.706386491605E+01 0.191803176628E+01
-.489153484395E+00 0.371079973530E+01 0.706387381509E+01 0.191801393127E+01
-.489159876965E+00 0.371079826201E+01 0.706388783830E+01 0.191798515712E+01
-.489168148722E+00 0.371079633337E+01 0.706390798456E+01 0.191794124787E+01
-.489179871254E+00 0.371079355547E+01 0.706393614640E+01 0.191787927273E+01
-.489196008353E+00 0.371078966396E+01 0.706397466737E+01 0.191779117336E+01
-.489217975560E+00 0.371078425316E+01 0.706402696648E+01 0.191766588332E+01
-.489247411135E+00 0.371077681606E+01 0.706409757689E+01 0.191748806026E+01
-.489257817136E+00 0.371077409809E+01 0.706411992840E+01 0.191742871907E+01
-.489255523372E+00 0.371077484255E+01 0.706411127229E+01 0.191745117988E+01
-.489285642598E+00 0.371076699486E+01 0.706418569722E+01 0.191725023198E+01
-.489313208155E+00 0.371075966005E+01 0.706425316835E+01 0.191705783951E+01
-.489340889761E+00 0.371075221975E+01 0.706431516035E+01 0.191687277413E+01
-.489366110809E+00 0.371074531931E+01 0.706437287084E+01 0.191669350442E+01
-.489406025418E+00 0.371073426501E+01 0.706445255743E+01 0.191643432200E+01
-.489436383323E+00 0.371072360912E+01 0.706456004004E+01 0.191606227755E+01
-.489421703109E+00 0.371071928782E+01 0.706470213917E+01 0.191553128440E+01
-.489391556047E+00 0.371071431179E+01 0.706488111712E+01 0.191478410033E+01
-.489341384426E+00 0.371070764883E+01 0.706510061368E+01 0.191373628582E+01
-.489264439431E+00 0.371069780167E+01 0.706535722071E+01 0.191227669214E+01
-.489154126410E+00 0.371068183184E+01 0.706563744027E+01 0.191025601868E+01
-.489007862910E+00 0.371065404191E+01 0.706592012088E+01 0.190745944347E+01
-.488837608951E+00 0.371060311697E+01 0.706615755039E+01 0.190360288022E+01
-.488693026858E+00 0.371050663913E+01 0.706627304105E+01 0.189829167702E+01
-.488713625503E+00 0.371031992384E+01 0.706614717888E+01 0.189097630299E+01
-.489233394518E+00 0.370995521451E+01 0.706559691456E+01 0.188091777425E+01
-.490670779203E+00 0.370935093905E+01 0.706453052598E+01 0.186892957248E+01
-.492979268457E+00 0.370857622589E+01 0.706317504211E+01 0.185710607218E+01
-.496157236418E+00 0.370763231427E+01 0.706161841493E+01 0.184553174438E+01
-.500264907301E+00 0.370650174371E+01 0.705988373680E+01 0.183396265004E+01
-.505213721778E+00 0.370519966253E+01 0.705800132792E+01 0.182245532494E+01
-.509054681653E+00 0.370411308821E+01 0.705601073711E+01 0.181104038454E+01
-.513559932210E+00 0.370288614602E+01 0.705384995168E+01 0.179929407770E+01
-.518880260930E+00 0.370149388051E+01 0.705159653912E+01 0.178757837717E+01
-.524936682754E+00 0.369995766125E+01 0.704929155855E+01 0.177603197426E+01
-.531819790010E+00 0.369825237228E+01 0.704694272841E+01 0.176465514011E+01
-.539474999326E+00 0.369638798548E+01 0.704456320557E+01 0.175345300881E+01
-.546712079105E+00 0.369460009514E+01 0.704216867268E+01 0.174244118674E+01
-.553517286077E+00 0.369288621023E+01 0.703970030300E+01 0.173134912287E+01
-.560975650407E+00 0.369102704890E+01 0.703715238531E+01 0.172011620677E+01
-.569068109438E+00 0.368903169824E+01 0.703458405225E+01 0.170900658162E+01
-.577823501776E+00 0.368689174770E+01 0.703201202837E+01 0.169806595765E+01
-.587173995177E+00 0.368462188837E+01 0.702944186877E+01 0.168729463375E+01
-.595936926228E+00 0.368245771938E+01 0.702687569169E+01 0.167669544597E+01
-.604296230534E+00 0.368035686355E+01 0.702425175032E+01 0.166599824507E+01
-.613209733192E+00 0.367812263731E+01 0.702156951632E+01 0.165519559310E+01
-.622639810930E+00 0.367576805539E+01 0.701888181859E+01 0.164449461954E+01
-.632608680716E+00 0.367328729487E+01 0.701619995874E+01 0.163393456652E+01
-.643092600963E+00 0.367068440010E+01 0.701352498844E+01 0.162351329361E+01
-.652356500886E+00 0.366831742566E+01 0.701085915218E+01 0.161322887156E+01
-.661759510629E+00 0.366589317077E+01 0.700811365865E+01 0.160273617623E+01
-.671565536884E+00 0.366336467497E+01 0.700534038214E+01 0.159223334188E+01
-.681740893172E+00 0.366074320672E+01 0.700256530697E+01 0.158181613854E+01
-.692311389773E+00 0.365802202265E+01 0.699979199053E+01 0.157149450619E+01
-.702731176016E+00 0.365531860691E+01 0.699702344570E+01 0.156127566690E+01
-.712044577525E+00 0.365282829431E+01 0.699423650864E+01 0.155106683356E+01
-.721585090941E+00 0.365026464566E+01 0.699137641712E+01 0.154066833230E+01
-.731266819002E+00 0.364765817514E+01 0.698850211809E+01 0.153029488486E+01
-.741063282744E+00 0.364501777648E+01 0.698562191647E+01 0.151997434962E+01
-.750918995054E+00 0.364235793464E+01 0.698273505685E+01 0.150970152474E+01
-.759589929451E+00 0.363993487159E+01 0.697984184468E+01 0.149946976701E+01
-.767926872053E+00 0.363756406327E+01 0.697687898600E+01 0.148905408920E+01
-.776112546816E+00 0.363521868677E+01 0.697388144254E+01 0.147858239619E+01
-.784128098025E+00 0.363290920999E+01 0.697086927727E+01 0.146812233112E+01
-.791983611427E+00 0.363063503366E+01 0.696784459535E+01 0.145767842167E+01
-.798693587838E+00 0.362859433286E+01 0.696481154607E+01 0.144725764501E+01
-.804972503729E+00 0.362662844065E+01 0.696171318066E+01 0.143666249372E+01
-.811095681887E+00 0.362468783278E+01 0.695858105745E+01 0.142600533305E+01
-.816997215441E+00 0.362279513850E+01 0.695543755645E+01 0.141536119105E+01
-.822282799652E+00 0.362102876859E+01 0.695228577841E+01 0.140473484085E+01
-.826664773768E+00 0.361943711324E+01 0.694910472821E+01 0.139404962314E+01
-.830736405877E+00 0.361790147782E+01 0.694587105258E+01 0.138322656504E+01
-.834525912538E+00 0.361642564914E+01 0.694262227776E+01 0.137239366191E+01
-.837588146911E+00 0.361508723203E+01 0.693936570138E+01 0.136157107138E+01
-.840107087303E+00 0.361384055772E+01 0.693606579427E+01 0.135063580542E+01
-.842390368232E+00 0.361263180070E+01 0.693272944713E+01 0.133961024110E+01
-.844154672941E+00 0.361151296246E+01 0.692938261816E+01 0.132857610277E+01
-.845347334462E+00 0.361048493105E+01 0.692600330292E+01 0.131745642281E+01
-.846320585525E+00 0.360948497627E+01 0.692258112373E+01 0.130622294444E+01
-.846617743916E+00 0.360859281807E+01 0.691914874864E+01 0.129497432165E+01
-.846567468483E+00 0.360774332186E+01 0.691566221227E+01 0.128356413879E+01
-.846016631484E+00 0.360696622047E+01 0.691215060446E+01 0.127208356669E+01
-.845009455802E+00 0.360624826001E+01 0.690859869521E+01 0.126047915790E+01
-.843513142477E+00 0.360559468770E+01 0.690501138512E+01 0.124876299978E+01
-.841578760874E+00 0.360499472143E+01 0.690138047257E+01 0.123691132314E+01
-.839101363043E+00 0.360446457303E+01 0.689771718818E+01 0.122495221024E+01
-.836250809397E+00 0.360397345669E+01 0.689400450970E+01 0.121282725835E+01
-.832870339090E+00 0.360355063556E+01 0.689026831305E+01 0.120061402822E+01
-.829079575558E+00 0.360317418988E+01 0.688649661436E+01 0.118826977095E+01
-.824949031234E+00 0.360283794907E+01 0.688270487705E+01 0.117584262172E+01
-.820419473842E+00 0.360255285992E+01 0.687891333436E+01 0.116339881518E+01
-.815645874281E+00 0.360230674121E+01 0.687515738195E+01 0.115105253844E+01
-.810689748155E+00 0.360209228491E+01 0.687144023151E+01 0.113881148274E+01
-.805492275959E+00 0.360191528304E+01 0.686775877546E+01 0.112665898562E+01
-.800158315595E+00 0.360176278419E+01 0.686411755833E+01 0.111461036639E+01
-.794707396497E+00 0.360163110540E+01 0.686050775235E+01 0.110263539186E+01
-.789087088245E+00 0.360152574386E+01 0.685692824832E+01 0.109072794311E+01
-.783389184833E+00 0.360143582661E+01 0.685338142592E+01 0.107890131611E+01
-.777600835186E+00 0.360136133615E+01 0.684986028439E+01 0.106712823645E+01
-.771707573459E+00 0.360130425446E+01 0.684636603128E+01 0.105541000495E+01
-.765763326635E+00 0.360125770956E+01 0.684289887119E+01 0.104374951841E+01
-.759743839021E+00 0.360122402241E+01 0.683945552885E+01 0.103213427859E+01
-.753657444746E+00 0.360120271992E+01 0.683603785270E+01 0.102057235301E+01
-.747522982698E+00 0.360119147734E+01 0.683264326056E+01 0.100905603755E+01
-.741332485011E+00 0.360119030441E+01 0.682927118917E+01 0.997583815519E+00
-.735091166709E+00 0.360119816571E+01 0.682592223749E+01 0.986159349796E+00
-.728804247007E+00 0.360121556782E+01 0.682259519524E+01 0.974782680056E+00
-.722479144497E+00 0.360124026571E+01 0.681928868341E+01 0.963452791194E+00
-.716097312202E+00 0.360127559232E+01 0.681600202421E+01 0.952170410172E+00
-.709668704264E+00 0.360131901006E+01 0.681273542418E+01 0.940942588127E+00
-.703179730081E+00 0.360137394555E+01 0.680948686729E+01 0.929770576269E+00
-.696644615345E+00 0.360143634327E+01 0.680625499946E+01 0.918659715633E+00
-.690045043694E+00 0.360150945804E+01 0.680303706968E+01 0.907613699181E+00
-.683371463119E+00 0.360159333175E+01 0.679983047839E+01 0.896641722227E+00
-.676608384965E+00 0.360169018597E+01 0.679662817927E+01 0.885763241183E+00
-.669710854791E+00 0.360180325715E+01 0.679341587636E+01 0.875024237709E+00
-.662351432231E+00 0.360196632505E+01 0.679008908681E+01 0.864836086527E+00
-.654783488419E+00 0.360214182914E+01 0.678668377583E+01 0.854575470822E+00
-.647082606965E+00 0.360232604286E+01 0.678322941534E+01 0.844168367051E+00
-.639394819400E+00 0.360251290887E+01 0.677978631025E+01 0.833796487846E+00
-.631744699504E+00 0.360270238482E+01 0.677636657906E+01 0.823496286206E+00
-.624137936637E+00 0.360289470281E+01 0.677297352491E+01 0.813277652281E+00
-.616588417819E+00 0.360308890630E+01 0.676961216275E+01 0.803155623055E+00
-.609103309015E+00 0.360328660672E+01 0.676628929705E+01 0.793150616062E+00
-.601709120167E+00 0.360348557018E+01 0.676301366797E+01 0.783288870798E+00
-.594430001797E+00 0.360368538908E+01 0.675979646882E+01 0.773604003298E+00
-.587301966074E+00 0.360388506508E+01 0.675665363968E+01 0.764143908576E+00
-.580377418649E+00 0.360408287264E+01 0.675360781011E+01 0.754976604289E+00
-.573731358525E+00 0.360427694861E+01 0.675069258403E+01 0.746203123977E+00
-.567489059071E+00 0.360446193124E+01 0.674795952781E+01 0.737978540070E+00
-.561837514504E+00 0.360463352291E+01 0.674549309805E+01 0.730556897279E+00
-.557137290614E+00 0.360477782885E+01 0.674344476726E+01 0.724393846375E+00
-.554240147169E+00 0.360486775021E+01 0.674218389382E+01 0.720600631085E+00
-.553133591271E+00 0.360490265837E+01 0.674170306793E+01 0.719154860988E+00
-.552975027967E+00 0.360490720655E+01 0.674163257942E+01 0.718944219971E+00
-.552989119794E+00 0.360490667303E+01 0.674163741937E+01 0.718960949321E+00
