-.107758527135E+01 0.361241856218E+01 0.697102496596E+01 0.187305662560E+01
-.107751087076E+01 0.361243882159E+01 0.697100340101E+01 0.187302377741E+01
-.107752241406E+01 0.361243671332E+01 0.697100372586E+01 0.187302291773E+01
-.107753358620E+01 0.361243467804E+01 0.697100485701E+01 0.187302000158E+01
-.107756797027E+01 0.361242816141E+01 0.697100762822E+01 0.187301260769E+01
-.107765121269E+01 0.361241192726E+01 0.697101299966E+01 0.187299807536E+01
-.107777369386E+01 0.361238802219E+01 0.697102123132E+01 0.187297498570E+01
-.107761355132E+01 0.361241980808E+01 0.697103330348E+01 0.187294062142E+01
-.107755504910E+01 0.361242949563E+01 0.697105061090E+01 0.187289019312E+01
-.107755458921E+01 0.361242868400E+01 0.697107466833E+01 0.187281690197E+01
-.107755381889E+01 0.361242743246E+01 0.697110850240E+01 0.187270999698E+01
-.107755160645E+01 0.361242575301E+01 0.697115537723E+01 0.187255486101E+01
-.107754744746E+01 0.361242335494E+01 0.697121928640E+01 0.187233103145E+01
-.107753990001E+01 0.361241995918E+01 0.697130516806E+01 0.187200925351E+01
-.107752677146E+01 0.361241514025E+01 0.697141850204E+01 0.187154867601E+01
-.107750464968E+01 0.361240827134E+01 0.697156249584E+01 0.187089575390E+01
-.107746826430E+01 0.361239844293E+01 0.697174236748E+01 0.186997070103E+01
-.107740994788E+01 0.361238423821E+01 0.697195765417E+01 0.186866780304E+01
-.107731872919E+01 0.361236345468E+01 0.697220137378E+01 0.186684154549E+01
-.107717997417E+01 0.361233251951E+01 0.697245654128E+01 0.186428922834E+01
-.107697617102E+01 0.361228547602E+01 0.697268744296E+01 0.186073750191E+01
-.107669039420E+01 0.361221204958E+01 0.697282828876E+01 0.185580374777E+01
-.107631931611E+01 0.361209400310E+01 0.697277251769E+01 0.184896821391E+01
-.107569682295E+01 0.361193109825E+01 0.697235404798E+01 0.183950900680E+01
-.107502612957E+01 0.361168434711E+01 0.697141573990E+01 0.182745013374E+01
-.107457361903E+01 0.361138680799E+01 0.697014820400E+01 0.181534854578E+01
-.107439038275E+01 0.361104318318E+01 0.696866404179E+01 0.180346453530E+01
-.107450603617E+01 0.361064263458E+01 0.696697168080E+01 0.179149307238E+01
-.107495241886E+01 0.361018217038E+01 0.696510146922E+01 0.177939716958E+01
-.107574746496E+01 0.360966465359E+01 0.696309028860E+01 0.176730364162E+01
-.107686672132E+01 0.360909741614E+01 0.696097047280E+01 0.175525094101E+01
-.107793783148E+01 0.360853991609E+01 0.695876442438E+01 0.174326151542E+01
-.107926259684E+01 0.360794399679E+01 0.695646947009E+01 0.173126108951E+01
-.108086394175E+01 0.360731016791E+01 0.695411247443E+01 0.171934249493E+01
-.108274936924E+01 0.360663881220E+01 0.695171053161E+01 0.170752332864E+01
-.108491389103E+01 0.360593213338E+01 0.694927358602E+01 0.169582245817E+01
-.108714977961E+01 0.360522041939E+01 0.694680843576E+01 0.168423529679E+01
-.108937215438E+01 0.360451455059E+01 0.694430984355E+01 0.167270864439E+01
-.109178152722E+01 0.360378404172E+01 0.694177589590E+01 0.166120941333E+01
-.109438501306E+01 0.360303005892E+01 0.693922318931E+01 0.164981170263E+01
-.109718082570E+01 0.360225363136E+01 0.693666080104E+01 0.163852573507E+01
-.109980782853E+01 0.360150540659E+01 0.693409577365E+01 0.162736185335E+01
-.110248320602E+01 0.360075047163E+01 0.693150195295E+01 0.161620746233E+01
-.110527504883E+01 0.359998106618E+01 0.692889498236E+01 0.160511903112E+01
-.110818559554E+01 0.359919795953E+01 0.692628517399E+01 0.159412984637E+01
-.111086732871E+01 0.359844734462E+01 0.692367690424E+01 0.158324331503E+01
-.111354354435E+01 0.359769523832E+01 0.692104479026E+01 0.157235161382E+01
-.111626595172E+01 0.359693747917E+01 0.691840376469E+01 0.156151333137E+01
-.111888017403E+01 0.359619529770E+01 0.691576485417E+01 0.155076611326E+01
-.112128889182E+01 0.359547871831E+01 0.691311787014E+01 0.154006129933E+01
-.112369241391E+01 0.359475939931E+01 0.691045081461E+01 0.152935027579E+01
-.112593855403E+01 0.359405823048E+01 0.690778313902E+01 0.151870484774E+01
-.112796734837E+01 0.359337959207E+01 0.690510329809E+01 0.150807731644E+01
-.112995279729E+01 0.359270069938E+01 0.690240113163E+01 0.149742938369E+01
-.113158320640E+01 0.359206038050E+01 0.689969675015E+01 0.148682853599E+01
-.113311030956E+01 0.359142264206E+01 0.689695798442E+01 0.147615060952E+01
-.113429370880E+01 0.359081884715E+01 0.689420931290E+01 0.146548462619E+01
-.113529384223E+01 0.359022608148E+01 0.689142466518E+01 0.145473559561E+01
-.113585662002E+01 0.358967482316E+01 0.688862285853E+01 0.144396238487E+01
-.113608808281E+01 0.358914734888E+01 0.688577602689E+01 0.143305544294E+01
-.113591776654E+01 0.358865229889E+01 0.688289243336E+01 0.142204959683E+01
-.113526259651E+01 0.358819628168E+01 0.687996613078E+01 0.141091007086E+01
-.113405215512E+01 0.358778377328E+01 0.687698819759E+01 0.139959298958E+01
-.113223651831E+01 0.358741702635E+01 0.687395061694E+01 0.138806686178E+01
-.112978898749E+01 0.358709605399E+01 0.687084865009E+01 0.137630270308E+01
-.112661135028E+01 0.358682858192E+01 0.686768510557E+01 0.136429234243E+01
-.112274005558E+01 0.358660840844E+01 0.686445521681E+01 0.135202158962E+01
-.111824634401E+01 0.358643497231E+01 0.686120335263E+01 0.133965596519E+01
-.111334749359E+01 0.358630570270E+01 0.685803063219E+01 0.132759267330E+01
-.110811775708E+01 0.358621228523E+01 0.685492767238E+01 0.131582712519E+01
-.110257303198E+01 0.358614942844E+01 0.685186887369E+01 0.130432923228E+01
-.109635288076E+01 0.358613829925E+01 0.684872879733E+01 0.129359010667E+01
-.108946148282E+01 0.358616964365E+01 0.684541343518E+01 0.128349007843E+01
-.108233705151E+01 0.358620221245E+01 0.684198556680E+01 0.127304972676E+01
-.107507800059E+01 0.358623584481E+01 0.683849300956E+01 0.126241512174E+01
-.106783587410E+01 0.358627000880E+01 0.683500897389E+01 0.125180924428E+01
-.106060981588E+01 0.358630425743E+01 0.683153214906E+01 0.124122807304E+01
-.105339578451E+01 0.358633991211E+01 0.682806319925E+01 0.123067359592E+01
-.104620225324E+01 0.358637570292E+01 0.682460374692E+01 0.122015071358E+01
-.103902778761E+01 0.358641217302E+01 0.682115418189E+01 0.120966057413E+01
-.103187722029E+01 0.358644891820E+01 0.681771607045E+01 0.119920790197E+01
-.102475080087E+01 0.358648651866E+01 0.681429071382E+01 0.118879661072E+01
-.101765347235E+01 0.358652481259E+01 0.681088021159E+01 0.117843303702E+01
-.101058987304E+01 0.358656366384E+01 0.680748658570E+01 0.116812327478E+01
-.100356463959E+01 0.358660319706E+01 0.680411237892E+01 0.115787499520E+01
-.996585324774E+00 0.358664317510E+01 0.680076083639E+01 0.114769799306E+01
-.989658593726E+00 0.358668387619E+01 0.679743581239E+01 0.113760390854E+01
-.982795970867E+00 0.358672503850E+01 0.679414246516E+01 0.112760832406E+01
-.976010256040E+00 0.358676665254E+01 0.679088709533E+01 0.111773027866E+01
-.969319394446E+00 0.358680852147E+01 0.678767816382E+01 0.110799534547E+01
-.962745684179E+00 0.358685079063E+01 0.678452697164E+01 0.109843769373E+01
-.956323268625E+00 0.358689289859E+01 0.678144924284E+01 0.108910487937E+01
-.950098951045E+00 0.358693434632E+01 0.677846705745E+01 0.108006367279E+01
-.944138743967E+00 0.358697536622E+01 0.677561347929E+01 0.107141412088E+01
-.938554170599E+00 0.358701409703E+01 0.677293976813E+01 0.106331134054E+01
-.933516475856E+00 0.358704981427E+01 0.677052896645E+01 0.105600664012E+01
-.929353713341E+00 0.358707986191E+01 0.676853752744E+01 0.104997366858E+01
-.926818268072E+00 0.358709838274E+01 0.676732470047E+01 0.104630019386E+01
-.925877893942E+00 0.358710527681E+01 0.676687454450E+01 0.104493743960E+01
-.925757560332E+00 0.358710617895E+01 0.676681634281E+01 0.104476239323E+01
-.925771583933E+00 0.358710598514E+01 0.676682181663E+01 0.104478085069E+01
-.925770701417E+00 0.358710598175E+01 0.676681980063E+01 0.104477756541E+01
-.925776494509E+00 0.358710579661E+01 0.676681993922E+01 0.104478216672E+01
-.925781837615E+00 0.358710565064E+01 0.676681868253E+01 0.104478488039E+01
-.925791673569E+00 0.358710529286E+01 0.676681750704E+01 0.104479081024E+01
-.925805501645E+00 0.358710496633E+01 0.676681568976E+01 0.104479961471E+01
-.925826336296E+00 0.358710437218E+01 0.676681298067E+01 0.104481231814E+01
-.925858135629E+00 0.358710347890E+01 0.676680938330E+01 0.104483216683E+01
-.925905572301E+00 0.358710239972E+01 0.676680366365E+01 0.104486317855E+01
-.925975022530E+00 0.358710068042E+01 0.676679535466E+01 0.104490647901E+01
-.926083229619E+00 0.358709777336E+01 0.676678265740E+01 0.104497553155E+01
-.926240424926E+00 0.358709367051E+01 0.676676185068E+01 0.104507303327E+01
-.926203919345E+00 0.358709267470E+01 0.676672624961E+01 0.104498803555E+01
-.926587305092E+00 0.358709170164E+01 0.676693903034E+01 0.104559187952E+01
