0.633938378672E+00 0.385548124028E+01 0.724122739803E+01 0.191370078489E+01
0.630810592766E+00 0.385488461036E+01 0.724122195500E+01 0.191369164741E+01
0.630563653376E+00 0.385482952397E+01 0.724122237600E+01 0.191368800306E+01
0.630552014182E+00 0.385482600683E+01 0.724122346640E+01 0.191367795405E+01
0.630616497082E+00 0.385483945830E+01 0.724122563474E+01 0.191365773138E+01
0.630714613337E+00 0.385486026240E+01 0.724122891068E+01 0.191362516155E+01
0.630817631219E+00 0.385488190785E+01 0.724123342392E+01 0.191357653104E+01
0.630902395125E+00 0.385489911099E+01 0.724124005707E+01 0.191350381203E+01
0.630952164775E+00 0.385490797688E+01 0.724124843333E+01 0.191339749002E+01
0.630960759500E+00 0.385490678521E+01 0.724126028970E+01 0.191323930224E+01
0.630922997444E+00 0.385489394356E+01 0.724127483110E+01 0.191300783485E+01
0.630834801582E+00 0.385486771659E+01 0.724129274592E+01 0.191266761560E+01
0.630682581121E+00 0.385482392830E+01 0.724131304161E+01 0.191216854488E+01
0.630445423117E+00 0.385475612482E+01 0.724133235499E+01 0.191144015907E+01
0.630089950611E+00 0.385465416327E+01 0.724134353888E+01 0.191037989947E+01
0.629555967697E+00 0.385450095215E+01 0.724133331168E+01 0.190884271200E+01
0.628737093699E+00 0.385426954709E+01 0.724127208482E+01 0.190663159274E+01
0.627454497181E+00 0.385391327774E+01 0.724111741761E+01 0.190345480482E+01
0.625387855251E+00 0.385335141333E+01 0.724078670532E+01 0.189887907889E+01
0.622053990043E+00 0.385246477083E+01 0.724015155006E+01 0.189235308018E+01
0.616875912604E+00 0.385113349717E+01 0.723905749688E+01 0.188342190143E+01
0.611220981820E+00 0.384972611247E+01 0.723784267808E+01 0.187488010757E+01
0.605663969433E+00 0.384836751624E+01 0.723658346173E+01 0.186690507760E+01
0.599955733401E+00 0.384699809052E+01 0.723524994186E+01 0.185905314616E+01
0.594074397886E+00 0.384561534343E+01 0.723386471012E+01 0.185135565426E+01
0.588118996190E+00 0.384424797051E+01 0.723245619521E+01 0.184388738633E+01
0.582134408537E+00 0.384291166574E+01 0.723103757576E+01 0.183664631317E+01
0.576129478285E+00 0.384161041137E+01 0.722961373009E+01 0.182961006325E+01
0.570098733755E+00 0.384034403618E+01 0.722818409925E+01 0.182275501988E+01
0.564038273895E+00 0.383911903426E+01 0.722675239762E+01 0.181604176729E+01
0.557916125881E+00 0.383790738380E+01 0.722531324700E+01 0.180945835507E+01
0.551713038464E+00 0.383670025983E+01 0.722386670525E+01 0.180295549383E+01
0.545435943207E+00 0.383553193664E+01 0.722240996304E+01 0.179653878924E+01
0.539049377720E+00 0.383433092819E+01 0.722094724206E+01 0.179019497442E+01
0.532602463953E+00 0.383319394135E+01 0.721947803608E+01 0.178391583358E+01
0.526007135577E+00 0.383199993141E+01 0.721799801713E+01 0.177768944952E+01
0.519371731540E+00 0.383088042843E+01 0.721651495928E+01 0.177152797784E+01
0.512573292084E+00 0.382969968585E+01 0.721502144159E+01 0.176539398263E+01
0.505745644325E+00 0.382858629710E+01 0.721352651816E+01 0.175933322116E+01
0.498746881708E+00 0.382742427988E+01 0.721201643272E+01 0.175327978545E+01
0.491705044898E+00 0.382630229351E+01 0.721050519405E+01 0.174728286295E+01
0.484506493749E+00 0.382516312032E+01 0.720897818978E+01 0.174128133829E+01
0.477217531407E+00 0.382401259111E+01 0.720744576734E+01 0.173531335359E+01
0.469845315974E+00 0.382290436806E+01 0.720590151752E+01 0.172936043198E+01
0.462255720570E+00 0.382170837958E+01 0.720433855164E+01 0.172338952362E+01
0.454747717018E+00 0.382063237638E+01 0.720277865363E+01 0.171748040564E+01
0.446860187388E+00 0.381945173197E+01 0.720117806415E+01 0.171146667921E+01
0.439052662626E+00 0.381830797623E+01 0.719958749448E+01 0.170553718618E+01
0.431052534427E+00 0.381717362026E+01 0.719796840633E+01 0.169954756661E+01
0.422821529688E+00 0.381594154394E+01 0.719633113826E+01 0.169353578728E+01
0.414846353754E+00 0.381485335267E+01 0.719469872085E+01 0.168758495865E+01
0.406228631653E+00 0.381363374925E+01 0.719299947855E+01 0.168143533257E+01
0.397780158858E+00 0.381240509307E+01 0.719132271251E+01 0.167540928732E+01
0.389479512869E+00 0.381129532731E+01 0.718962084525E+01 0.166933630949E+01
0.380320232301E+00 0.381000063828E+01 0.718784740357E+01 0.166305179807E+01
0.371723556703E+00 0.380878438215E+01 0.718611973946E+01 0.165696920259E+01
0.363011762838E+00 0.380762052305E+01 0.718432913997E+01 0.165070565973E+01
0.353340217097E+00 0.380625579199E+01 0.718248075801E+01 0.164428221033E+01
0.344628154033E+00 0.380503261892E+01 0.718069404655E+01 0.163811038800E+01
0.335652043694E+00 0.380383052803E+01 0.717880723039E+01 0.163163249128E+01
0.325428203870E+00 0.380239068262E+01 0.717686043877E+01 0.162499066627E+01
0.316519485520E+00 0.380112934045E+01 0.717500304171E+01 0.161869017486E+01
0.307589552867E+00 0.379992079454E+01 0.717302385966E+01 0.161201476559E+01
0.296876375903E+00 0.379841024412E+01 0.717094431361E+01 0.160504428999E+01
0.287574611855E+00 0.379707163685E+01 0.716899034296E+01 0.159853225669E+01
0.279017458478E+00 0.379588751300E+01 0.716692788896E+01 0.159169550561E+01
0.268052122260E+00 0.379432719175E+01 0.716468136453E+01 0.158429247013E+01
0.258096568429E+00 0.379286364593E+01 0.716259227840E+01 0.157744694943E+01
0.250149712585E+00 0.379172211943E+01 0.716045535846E+01 0.157047894754E+01
0.239304688336E+00 0.379014389801E+01 0.715801417122E+01 0.156256219948E+01
0.228410373265E+00 0.378849951682E+01 0.715574568541E+01 0.155524708063E+01
0.221229574537E+00 0.378740882313E+01 0.715354269742E+01 0.154817517108E+01
0.210922355124E+00 0.378584544383E+01 0.715088675153E+01 0.153969044434E+01
0.199877611668E+00 0.378412664491E+01 0.714839619433E+01 0.153177804804E+01
0.191980458728E+00 0.378285024928E+01 0.714603050021E+01 0.152429612260E+01
0.183205410213E+00 0.378142393181E+01 0.714333044733E+01 0.151579366789E+01
0.172945633728E+00 0.377974127453E+01 0.714057870372E+01 0.150717381271E+01
0.162954514397E+00 0.377805380420E+01 0.713795023310E+01 0.149898108166E+01
0.155998294929E+00 0.377680277495E+01 0.713532018531E+01 0.149081629346E+01
0.147009614306E+00 0.377519299967E+01 0.713229413324E+01 0.148145822020E+01
0.137169475780E+00 0.377341923525E+01 0.712936599665E+01 0.147244631834E+01
0.128473493748E+00 0.377178065013E+01 0.712654197735E+01 0.146379146795E+01
0.121624539981E+00 0.377038880539E+01 0.712360874586E+01 0.145483196248E+01
0.113383657950E+00 0.376871945759E+01 0.712039725353E+01 0.144505703081E+01
0.104395142788E+00 0.376689806750E+01 0.711725678026E+01 0.143554125162E+01
0.963125717525E-01 0.376517960773E+01 0.711419996044E+01 0.142631512279E+01
0.901660641354E-01 0.376372359188E+01 0.711105362858E+01 0.141684702969E+01
0.830160274561E-01 0.376203469988E+01 0.710764506645E+01 0.140661784062E+01
0.752271905907E-01 0.376020813533E+01 0.710428457450E+01 0.139656799356E+01
0.673759551219E-01 0.375833366691E+01 0.710098998057E+01 0.138674735827E+01
0.622431587686E-01 0.375686923659E+01 0.709770876455E+01 0.137699172324E+01
0.564919840305E-01 0.375522213831E+01 0.709416522080E+01 0.136648033549E+01
0.502839983797E-01 0.375346798704E+01 0.709064621882E+01 0.135607207123E+01
0.435636129291E-01 0.375159511906E+01 0.708716980130E+01 0.134581802893E+01
0.387509429341E-01 0.375001664075E+01 0.708374729540E+01 0.133574531400E+01
0.345316001838E-01 0.374847576724E+01 0.708017278423E+01 0.132523973382E+01
0.300164918011E-01 0.374684132244E+01 0.707653629453E+01 0.131456976815E+01
0.251779509574E-01 0.374512720419E+01 0.707292438964E+01 0.130399152926E+01
0.202956381132E-01 0.374337851150E+01 0.706934685357E+01 0.129353585878E+01
0.175738463488E-01 0.374198395677E+01 0.706578349446E+01 0.128313648731E+01
0.147695044951E-01 0.374050723654E+01 0.706204159778E+01 0.127222291124E+01
0.118029195940E-01 0.373898176118E+01 0.705830388003E+01 0.126133479781E+01
0.858735913499E-02 0.373739393918E+01 0.705458470199E+01 0.125051303960E+01
0.601393413487E-02 0.373590513561E+01 0.705089440704E+01 0.123978477819E+01
0.477176757935E-02 0.373462362737E+01 0.704715867777E+01 0.122892681512E+01
0.355394274389E-02 0.373330195430E+01 0.704331651651E+01 0.121775915847E+01
0.222826618996E-02 0.373194724991E+01 0.703947691843E+01 0.120660316888E+01
0.740470540920E-03 0.373055333421E+01 0.703564994477E+01 0.119549189076E+01
0.511803170821E-04 0.372929435108E+01 0.703184337487E+01 0.118444214414E+01
0.308053136813E-03 0.372817915243E+01 0.702797355710E+01 0.117320410688E+01
0.607832272874E-03 0.372704192443E+01 0.702403246891E+01 0.116175225902E+01
0.825893886317E-03 0.372588352285E+01 0.702009434039E+01 0.115030496340E+01
0.917575277257E-03 0.372469948649E+01 0.701616731966E+01 0.113888490219E+01
0.166341254554E-02 0.372363083902E+01 0.701225897251E+01 0.112751060210E+01
0.316905105291E-02 0.372268189458E+01 0.700830018401E+01 0.111597412168E+01
0.471094686703E-02 0.372171989014E+01 0.700428637602E+01 0.110426126277E+01
0.616561614633E-02 0.372074245466E+01 0.700027840298E+01 0.109255310705E+01
0.746372214752E-02 0.371973818223E+01 0.699628214627E+01 0.108086963616E+01
0.918484798828E-02 0.371881456152E+01 0.699230558977E+01 0.106922922740E+01
0.115765946318E-01 0.371800493398E+01 0.698830020194E+01 0.105748287747E+01
0.139417686719E-01 0.371717489697E+01 0.698424940262E+01 0.104558110331E+01
0.162068019418E-01 0.371633350691E+01 0.698021014231E+01 0.103369331837E+01
0.183005568611E-01 0.371546695045E+01 0.697618384071E+01 0.102182333443E+01
0.206038630174E-01 0.371464456559E+01 0.697217853230E+01 0.100999315448E+01
0.234637537403E-01 0.371392204068E+01 0.696816514499E+01 0.998111312319E+00
0.262867439864E-01 0.371318881049E+01 0.696412920711E+01 0.986134889748E+00
0.289602461721E-01 0.371243550139E+01 0.696010474770E+01 0.974167045689E+00
0.314508591140E-01 0.371165814612E+01 0.695609535353E+01 0.962218937461E+00
0.340901868144E-01 0.371091222849E+01 0.695210497279E+01 0.950299942203E+00
0.371514485113E-01 0.371024675213E+01 0.694811526450E+01 0.938351052878E+00
0.401345917347E-01 0.370956737613E+01 0.694411347921E+01 0.926337204529E+00
0.429333899621E-01 0.370886198857E+01 0.694012477075E+01 0.914335404284E+00
0.455201192270E-01 0.370812734583E+01 0.693615267915E+01 0.902356258313E+00
0.484738186382E-01 0.370746674206E+01 0.693220266330E+01 0.890411209211E+00
0.515527214933E-01 0.370682731829E+01 0.692824244904E+01 0.878399658166E+00
0.545274693352E-01 0.370617673564E+01 0.692428834355E+01 0.866373027628E+00
0.573002425443E-01 0.370549721750E+01 0.692034831342E+01 0.854356599884E+00
0.600559244041E-01 0.370482236188E+01 0.691642923926E+01 0.842369983394E+00
0.631668380431E-01 0.370421648621E+01 0.691252390510E+01 0.830385504441E+00
0.661904730956E-01 0.370359653980E+01 0.690861305868E+01 0.818344876628E+00
0.690369995231E-01 0.370295274707E+01 0.690471810947E+01 0.806316569727E+00
0.717985641171E-01 0.370230216333E+01 0.690084309919E+01 0.794312586058E+00
0.749032240268E-01 0.370171679664E+01 0.689698778665E+01 0.782325626450E+00
0.779683971023E-01 0.370112899270E+01 0.689312959399E+01 0.770286731930E+00
0.808424074633E-01 0.370051208290E+01 0.688928582857E+01 0.758252842245E+00
0.837544245828E-01 0.369991057534E+01 0.688546480536E+01 0.746251964148E+00
0.869024733457E-01 0.369935465428E+01 0.688165740321E+01 0.734248874798E+00
0.899542526586E-01 0.369878468678E+01 0.687785398378E+01 0.722214899510E+00
0.928453370954E-01 0.369819356500E+01 0.687406776444E+01 0.710193914353E+00
0.960125749661E-01 0.369765699740E+01 0.687030757711E+01 0.698206371577E+00
0.991952068091E-01 0.369712663567E+01 0.686655584680E+01 0.686197013043E+00
0.102254470928E+00 0.369658103520E+01 0.686282012884E+01 0.674193160522E+00
0.105423446909E+00 0.369605834407E+01 0.685910307034E+01 0.662197913447E+00
0.108714585441E+00 0.369556339012E+01 0.685540924646E+01 0.650224340619E+00
0.111906496466E+00 0.369505741547E+01 0.685173394440E+01 0.638260818944E+00
0.115175766683E+00 0.369456876575E+01 0.684807902353E+01 0.626309140141E+00
0.118584544867E+00 0.369411071579E+01 0.684444858784E+01 0.614381004780E+00
0.121901172315E+00 0.369364252538E+01 0.684083719985E+01 0.602469039743E+00
0.125351999931E+00 0.369320167457E+01 0.683724932567E+01 0.590577470979E+00
0.128871770174E+00 0.369277805587E+01 0.683368635182E+01 0.578710300613E+00
0.132305335187E+00 0.369234600187E+01 0.683014510627E+01 0.566861582263E+00
0.135990817210E+00 0.369196151104E+01 0.682663254313E+01 0.555041637017E+00
0.139637248165E+00 0.369157663328E+01 0.682314664401E+01 0.543252164055E+00
0.143328770480E+00 0.369120410777E+01 0.681968771376E+01 0.531491199405E+00
0.147144077000E+00 0.369085856162E+01 0.681625972283E+01 0.519768701615E+00
0.150904090233E+00 0.369050996770E+01 0.681285756781E+01 0.508080887616E+00
0.154873203371E+00 0.369020086517E+01 0.680948867047E+01 0.496442405273E+00
0.158797449058E+00 0.368989113525E+01 0.680614913409E+01 0.484848603604E+00
0.162868468177E+00 0.368961127203E+01 0.680284451376E+01 0.473308075301E+00
0.166945771563E+00 0.368933887549E+01 0.679957320118E+01 0.461823094879E+00
0.171123267690E+00 0.368908973215E+01 0.679634009603E+01 0.450406522574E+00
0.175338349613E+00 0.368885395487E+01 0.679314484576E+01 0.439062512392E+00
0.179631854844E+00 0.368863875253E+01 0.678999169595E+01 0.427805298830E+00
0.183963332420E+00 0.368843797151E+01 0.678687977244E+01 0.416648745993E+00
0.188368351340E+00 0.368825823936E+01 0.678381472711E+01 0.405609219146E+00
0.192793979674E+00 0.368809206519E+01 0.678079837294E+01 0.394697993029E+00
0.197284832089E+00 0.368794819373E+01 0.677784085233E+01 0.383951716240E+00
0.201755579140E+00 0.368781593745E+01 0.677494492019E+01 0.373392284401E+00
0.206270840102E+00 0.368770815008E+01 0.677212828701E+01 0.363084714950E+00
0.210695609886E+00 0.368760895050E+01 0.676939740370E+01 0.353070093480E+00
0.215103866602E+00 0.368753693973E+01 0.676678679953E+01 0.343478194201E+00
0.219302832754E+00 0.368747266361E+01 0.676432027419E+01 0.334417141064E+00
0.223275760307E+00 0.368743220803E+01 0.676206847527E+01 0.326175717868E+00
0.226744724231E+00 0.368740437207E+01 0.676012435564E+01 0.319110089864E+00
0.229226127594E+00 0.368740468721E+01 0.675879769460E+01 0.314445158052E+00
0.230371811980E+00 0.368742236215E+01 0.675823282431E+01 0.312673125122E+00
0.230603163892E+00 0.368743845215E+01 0.675815078296E+01 0.312582425741E+00
0.230604428695E+00 0.368744113620E+01 0.675815694030E+01 0.312650269380E+00
0.230610008497E+00 0.368744113058E+01 0.675815215868E+01 0.312630087570E+00
