-.668269869806E-01 0.376348376620E+01 0.712107429249E+01 0.186601774060E+01
-.669034880644E-01 0.376351793073E+01 0.712105484791E+01 0.186598756945E+01
-.669552192380E-01 0.376350970892E+01 0.712105532399E+01 0.186598420516E+01
-.670301853471E-01 0.376349754740E+01 0.712105649980E+01 0.186597529840E+01
-.670569593664E-01 0.376349315620E+01 0.712105872707E+01 0.186595807565E+01
-.670765631061E-01 0.376348981617E+01 0.712106202259E+01 0.186593088751E+01
-.671008439880E-01 0.376348559841E+01 0.712106665847E+01 0.186589032383E+01
-.671314126101E-01 0.376348016842E+01 0.712107349665E+01 0.186582961724E+01
-.671696693471E-01 0.376347319500E+01 0.712108235100E+01 0.186574088272E+01
-.672170366128E-01 0.376346426103E+01 0.712109524536E+01 0.186560846212E+01
-.672747926295E-01 0.376345288411E+01 0.712111159007E+01 0.186541505138E+01
-.673437186898E-01 0.376343849669E+01 0.712112837606E+01 0.186509706471E+01
-.674261212977E-01 0.376342027346E+01 0.712115526122E+01 0.186467626498E+01
-.675198456834E-01 0.376339714450E+01 0.712118680971E+01 0.186406520682E+01
-.676267695414E-01 0.376336747831E+01 0.712121899638E+01 0.186317828818E+01
-.677517881999E-01 0.376332831786E+01 0.712124386344E+01 0.186189473260E+01
-.679094604782E-01 0.376327430464E+01 0.712124644902E+01 0.186004165088E+01
-.681374052211E-01 0.376319541710E+01 0.712119362233E+01 0.185738445391E+01
-.685238649552E-01 0.376307271349E+01 0.712103469589E+01 0.185358294262E+01
-.692661924816E-01 0.376286970381E+01 0.712067860099E+01 0.184817338072E+01
-.707814446849E-01 0.376251604973E+01 0.711998075499E+01 0.184051178439E+01
-.737908732522E-01 0.376189434548E+01 0.711871652514E+01 0.182970151211E+01
-.759253692862E-01 0.376140700811E+01 0.711703771784E+01 0.181765108168E+01
-.791634570535E-01 0.376077547193E+01 0.711509750394E+01 0.180531287764E+01
-.835483315514E-01 0.375999348346E+01 0.711301816168E+01 0.179322096697E+01
-.890459943400E-01 0.375905586181E+01 0.711085009739E+01 0.178140887233E+01
-.955973357321E-01 0.375795914997E+01 0.710862360751E+01 0.176989498083E+01
-.103119163712E+00 0.375670307357E+01 0.710636572705E+01 0.175870390708E+01
-.108456307837E+00 0.375578465970E+01 0.710409890791E+01 0.174783794352E+01
-.114655029095E+00 0.375473045854E+01 0.710160882827E+01 0.173627335437E+01
-.121815941823E+00 0.375352382592E+01 0.709907025163E+01 0.172480793684E+01
-.129840002066E+00 0.375217042778E+01 0.709654729270E+01 0.171367254545E+01
-.138717665159E+00 0.375065900955E+01 0.709404152079E+01 0.170285625702E+01
-.146578410217E+00 0.374929036888E+01 0.709156342782E+01 0.169235095652E+01
-.153814468616E+00 0.374800909408E+01 0.708898643441E+01 0.168160260702E+01
-.162033421072E+00 0.374654817925E+01 0.708630272302E+01 0.167059934143E+01
-.171048202871E+00 0.374493488555E+01 0.708363818548E+01 0.165983403367E+01
-.180864792924E+00 0.374315707269E+01 0.708100906625E+01 0.164935559486E+01
-.190000879751E+00 0.374146273027E+01 0.707841967556E+01 0.163916147091E+01
-.198130479744E+00 0.373991520851E+01 0.707576942289E+01 0.162884751156E+01
-.207214474956E+00 0.373817052344E+01 0.707300435804E+01 0.161821183559E+01
-.217028192535E+00 0.373626905300E+01 0.707026047240E+01 0.160777268190E+01
-.227596826925E+00 0.373419737311E+01 0.706755585051E+01 0.159759033115E+01
-.237248761254E+00 0.373225250023E+01 0.706489599283E+01 0.158767130943E+01
-.246178141036E+00 0.373040095096E+01 0.706216691439E+01 0.157758412026E+01
-.255945088563E+00 0.372835604349E+01 0.705934859910E+01 0.156725963673E+01
-.266381998841E+00 0.372615196470E+01 0.705655291569E+01 0.155710781768E+01
-.277531925960E+00 0.372377415794E+01 0.705379473143E+01 0.154717846516E+01
-.287187188547E+00 0.372163997098E+01 0.705108068391E+01 0.153748526290E+01
-.296737175677E+00 0.371947849061E+01 0.704825968971E+01 0.152748613544E+01
-.306950508027E+00 0.371714825874E+01 0.704538819250E+01 0.151738531895E+01
-.317737243501E+00 0.371467166459E+01 0.704253896712E+01 0.150743837090E+01
-.329118474695E+00 0.371204247548E+01 0.703972161653E+01 0.149767523064E+01
-.338327909442E+00 0.370980400159E+01 0.703694281956E+01 0.148810667913E+01
-.348113148922E+00 0.370739670497E+01 0.703400878538E+01 0.147806617701E+01
-.358353560823E+00 0.370486368856E+01 0.703106782499E+01 0.146807183514E+01
-.369045169511E+00 0.370220899515E+01 0.702814867759E+01 0.145821727036E+01
-.379552668566E+00 0.369955844655E+01 0.702525528876E+01 0.144851012845E+01
-.388584874795E+00 0.369717017739E+01 0.702235141175E+01 0.143882041570E+01
-.398035155748E+00 0.369464827433E+01 0.701934778754E+01 0.142885065837E+01
-.407811423299E+00 0.369202903303E+01 0.701634409671E+01 0.141893704765E+01
-.417868473941E+00 0.368932725072E+01 0.701335310142E+01 0.140912213811E+01
-.427012266019E+00 0.368678232695E+01 0.701037532664E+01 0.139939961170E+01
-.435468724856E+00 0.368433775314E+01 0.700733713815E+01 0.138952395315E+01
-.444097086886E+00 0.368182078750E+01 0.700423972183E+01 0.137950003738E+01
-.452946950096E+00 0.367923079231E+01 0.700113834586E+01 0.136950756508E+01
-.462011120878E+00 0.367657274400E+01 0.699804303741E+01 0.135958255582E+01
-.469334169212E+00 0.367425237819E+01 0.699495787614E+01 0.134972850026E+01
-.476708761319E+00 0.367187092077E+01 0.699175834324E+01 0.133954440208E+01
-.484151801698E+00 0.366944871238E+01 0.698853874222E+01 0.132933323331E+01
-.491678208265E+00 0.366698776223E+01 0.698531393542E+01 0.131914108362E+01
-.498313545930E+00 0.366469214940E+01 0.698208816678E+01 0.130897634777E+01
-.504163109234E+00 0.366252565600E+01 0.697879991958E+01 0.129864407418E+01
-.509953088254E+00 0.366033741266E+01 0.697544748035E+01 0.128813967351E+01
-.515690526910E+00 0.365814068708E+01 0.697207788115E+01 0.127760998832E+01
-.520675159495E+00 0.365608625823E+01 0.696870040273E+01 0.126707952538E+01
-.524705734598E+00 0.365420108588E+01 0.696527224206E+01 0.125640901113E+01
-.528529608173E+00 0.365232744359E+01 0.696177435513E+01 0.124553864560E+01
-.532216654827E+00 0.365046586665E+01 0.695825559540E+01 0.123462121438E+01
-.534885257428E+00 0.364880282846E+01 0.695472703499E+01 0.122368665808E+01
-.536880088151E+00 0.364724848297E+01 0.695112794987E+01 0.121254557789E+01
-.538608202272E+00 0.364572860445E+01 0.694747978040E+01 0.120126294603E+01
-.539936544761E+00 0.364427864716E+01 0.694381246793E+01 0.118992945717E+01
-.540179865361E+00 0.364303699500E+01 0.694012050688E+01 0.117852109513E+01
-.540118397429E+00 0.364182980095E+01 0.693635336436E+01 0.116687956703E+01
-.539889634846E+00 0.364064718797E+01 0.693256787131E+01 0.115518197981E+01
-.538555121512E+00 0.363968380074E+01 0.692877808878E+01 0.114346386492E+01
-.536951532121E+00 0.363874864122E+01 0.692491949703E+01 0.113152329576E+01
-.535162599595E+00 0.363784823708E+01 0.692105136656E+01 0.111954532171E+01
-.532571118305E+00 0.363710353947E+01 0.691718176145E+01 0.110754799419E+01
-.529709969342E+00 0.363639813906E+01 0.691327126345E+01 0.109541059406E+01
-.526744291895E+00 0.363571214675E+01 0.690935580610E+01 0.108324379381E+01
-.523112627742E+00 0.363515792605E+01 0.690544744651E+01 0.107107810911E+01
-.519349715252E+00 0.363463067362E+01 0.690154685041E+01 0.105891502456E+01
-.515527884361E+00 0.363412071629E+01 0.689765810674E+01 0.104676672529E+01
-.511174732978E+00 0.363371666535E+01 0.689378252986E+01 0.103462889074E+01
-.506782896041E+00 0.363332670374E+01 0.688992897750E+01 0.102253193783E+01
-.502349948156E+00 0.363295005114E+01 0.688608831867E+01 0.101044555295E+01
-.497546868632E+00 0.363264780982E+01 0.688226328168E+01 0.998371506370E+00
-.492722378414E+00 0.363235793656E+01 0.687846005302E+01 0.986332029757E+00
-.487865341072E+00 0.363207783939E+01 0.687467088147E+01 0.974300326925E+00
-.482742866567E+00 0.363185417741E+01 0.687089953157E+01 0.962287802451E+00
-.477649602578E+00 0.363163149038E+01 0.686714772575E+01 0.950300949687E+00
-.472464033266E+00 0.363143021048E+01 0.686341194616E+01 0.938323215197E+00
-.467136287105E+00 0.363126232724E+01 0.685969626567E+01 0.926364848672E+00
-.461865322046E+00 0.363108987163E+01 0.685599960920E+01 0.914424356344E+00
-.456405585039E+00 0.363095751873E+01 0.685232243060E+01 0.902496467282E+00
-.450962965403E+00 0.363082759419E+01 0.684866806912E+01 0.890594190366E+00
-.445465947045E+00 0.363071520830E+01 0.684503403059E+01 0.878706988301E+00
-.439867798207E+00 0.363062602503E+01 0.684142218075E+01 0.866836985995E+00
-.434325964671E+00 0.363053338991E+01 0.683783295865E+01 0.854988886835E+00
-.428608940388E+00 0.363047787486E+01 0.683426750219E+01 0.843158895580E+00
-.422938935651E+00 0.363042085973E+01 0.683072661218E+01 0.831359964999E+00
-.417153558675E+00 0.363039019710E+01 0.682720970079E+01 0.819580511769E+00
-.411377306998E+00 0.363036394729E+01 0.682371814025E+01 0.807827502801E+00
-.405502574522E+00 0.363036183368E+01 0.682025334503E+01 0.796100405815E+00
-.399633392452E+00 0.363036413381E+01 0.681681545592E+01 0.784402414039E+00
-.393660051743E+00 0.363039170319E+01 0.681340683071E+01 0.772736705332E+00
-.387692137866E+00 0.363042484321E+01 0.681002648306E+01 0.761104732976E+00
-.381600191598E+00 0.363048612122E+01 0.680667750470E+01 0.749510672263E+00
-.375505987279E+00 0.363055392036E+01 0.680335929571E+01 0.737959497774E+00
-.369325457573E+00 0.363064384769E+01 0.680007260444E+01 0.726453228085E+00
-.363081926020E+00 0.363075099397E+01 0.679681783426E+01 0.714999624812E+00
-.356795823358E+00 0.363087224180E+01 0.679359447669E+01 0.703599035847E+00
-.350421089522E+00 0.363101542499E+01 0.679040453920E+01 0.692258427515E+00
-.343961202868E+00 0.363118082868E+01 0.678724947660E+01 0.680988636670E+00
-.337452209071E+00 0.363136047402E+01 0.678412831713E+01 0.669794995162E+00
-.330873463476E+00 0.363155927526E+01 0.678104168322E+01 0.658687792647E+00
-.324204940016E+00 0.363178213475E+01 0.677799058749E+01 0.647680042561E+00
-.317459634586E+00 0.363202574220E+01 0.677497554973E+01 0.636786920090E+00
-.310633192418E+00 0.363229188356E+01 0.677199753890E+01 0.626029255464E+00
-.303730559802E+00 0.363258057629E+01 0.676905687859E+01 0.615433586791E+00
-.296755376976E+00 0.363289214442E+01 0.676615384614E+01 0.605036463088E+00
-.289716430027E+00 0.363322743553E+01 0.676329213463E+01 0.594875015147E+00
-.282639064193E+00 0.363358547495E+01 0.676047769338E+01 0.585007744232E+00
-.275552503836E+00 0.363396558539E+01 0.675771945087E+01 0.575539880153E+00
-.268503381310E+00 0.363436859237E+01 0.675503186839E+01 0.566620387948E+00
-.261499395813E+00 0.363480808582E+01 0.675242789904E+01 0.558608998614E+00
-.255034975850E+00 0.363522263742E+01 0.675003743000E+01 0.551421423134E+00
-.249987773689E+00 0.363554653342E+01 0.674817147130E+01 0.545810966739E+00
-.247132026664E+00 0.363572891015E+01 0.674711375231E+01 0.542631023792E+00
-.246158821938E+00 0.363579053327E+01 0.674675186128E+01 0.541543773666E+00
-.246041568893E+00 0.363579790623E+01 0.674670748025E+01 0.541411785852E+00
-.246052531762E+00 0.363579714542E+01 0.674671030689E+01 0.541422506384E+00
-.246052814400E+00 0.363579690581E+01 0.674670830851E+01 0.541419792922E+00
