-.368573732561E-01 0.377078629618E+01 0.713654875151E+01 0.192936404429E+01
-.369413131622E-01 0.377079160859E+01 0.713654405881E+01 0.192935651676E+01
-.369798154437E-01 0.377078567313E+01 0.713654460126E+01 0.192935514641E+01
-.369864591727E-01 0.377078469429E+01 0.713654612605E+01 0.192935120701E+01
-.369940492577E-01 0.377078354819E+01 0.713654931747E+01 0.192934288403E+01
-.370030094049E-01 0.377078219129E+01 0.713655433520E+01 0.192932933057E+01
-.370136995746E-01 0.377078056558E+01 0.713656181150E+01 0.192930886377E+01
-.370264618911E-01 0.377077860849E+01 0.713657219685E+01 0.192927923526E+01
-.370415717477E-01 0.377077625625E+01 0.713658701452E+01 0.192923580890E+01
-.370593697056E-01 0.377077342998E+01 0.713660788796E+01 0.192917248272E+01
-.370801885146E-01 0.377077002741E+01 0.713663649308E+01 0.192908116015E+01
-.371043873659E-01 0.377076590392E+01 0.713667448561E+01 0.192893831830E+01
-.371334674674E-01 0.377076079479E+01 0.713672690062E+01 0.192874514273E+01
-.371669683276E-01 0.377075440093E+01 0.713679566163E+01 0.192847116365E+01
-.372071668241E-01 0.377074615085E+01 0.713688440609E+01 0.192808223073E+01
-.372586546147E-01 0.377073497471E+01 0.713699624217E+01 0.192753151244E+01
-.373317301570E-01 0.377071889173E+01 0.713713041542E+01 0.192675782685E+01
-.374486036677E-01 0.377069420103E+01 0.713728469822E+01 0.192567341840E+01
-.376561451849E-01 0.377065394493E+01 0.713744970160E+01 0.192415955981E+01
-.380460657005E-01 0.377058545732E+01 0.713760458067E+01 0.192205664302E+01
-.387860255346E-01 0.377046655528E+01 0.713771117420E+01 0.191915027234E+01
-.401619280117E-01 0.377026009331E+01 0.713770285854E+01 0.191516390070E+01
-.426301649768E-01 0.376990636840E+01 0.713747581041E+01 0.190974803946E+01
-.468884329598E-01 0.376931110056E+01 0.713687291739E+01 0.190250793056E+01
-.538863838571E-01 0.376834172812E+01 0.713566076400E+01 0.189300989826E+01
-.605882171212E-01 0.376751232434E+01 0.713406444067E+01 0.188345874754E+01
-.698712689647E-01 0.376634595975E+01 0.713209150116E+01 0.187387449734E+01
-.803466264776E-01 0.376495631775E+01 0.712995021735E+01 0.186504963754E+01
-.913754232682E-01 0.376337702253E+01 0.712765856880E+01 0.185683818825E+01
-.101564767420E+00 0.376180289393E+01 0.712520766185E+01 0.184903316648E+01
-.110063119174E+00 0.376038351704E+01 0.712250136782E+01 0.184128285298E+01
-.118366753228E+00 0.375876337628E+01 0.711941466906E+01 0.183328594688E+01
-.124377510074E+00 0.375719985369E+01 0.711612703185E+01 0.182551861781E+01
-.126877901086E+00 0.375583214523E+01 0.711258502958E+01 0.181781283015E+01
-.125102766717E+00 0.375482774208E+01 0.710895025654E+01 0.181046127844E+01
-.119303623619E+00 0.375424739481E+01 0.710538433186E+01 0.180373075776E+01
-.111572701501E+00 0.375407292461E+01 0.710244738345E+01 0.179858355701E+01
-.105036421312E+00 0.375410041461E+01 0.710061637090E+01 0.179573437963E+01
-.100885340938E+00 0.375426051286E+01 0.709989327005E+01 0.179493979556E+01
-.990327599957E-01 0.375439963667E+01 0.709982931829E+01 0.179519503281E+01
-.983207726439E-01 0.375449028215E+01 0.709998909875E+01 0.179571123285E+01
-.978293607868E-01 0.375456833835E+01 0.710022125679E+01 0.179633971644E+01
-.971600270432E-01 0.375467363162E+01 0.710055346474E+01 0.179723505419E+01
-.961564114636E-01 0.375482888326E+01 0.710104887785E+01 0.179857383495E+01
-.946659055814E-01 0.375505433166E+01 0.710178001331E+01 0.180054515496E+01
-.924579154160E-01 0.375537779329E+01 0.710285294416E+01 0.180343097605E+01
-.891981692799E-01 0.375583453262E+01 0.710442232231E+01 0.180762447547E+01
-.843748523228E-01 0.375647182574E+01 0.710672179944E+01 0.181372170465E+01
-.771670056840E-01 0.375735703362E+01 0.711013110174E+01 0.182269553104E+01
-.680371973894E-01 0.375838485079E+01 0.711443268622E+01 0.183396536389E+01
-.587558725466E-01 0.375935137580E+01 0.711883546049E+01 0.184553507105E+01
-.494869795853E-01 0.376040402487E+01 0.712318179496E+01 0.185693083970E+01
-.403324555538E-01 0.376142495895E+01 0.712747736913E+01 0.186817777691E+01
-.313260960117E-01 0.376235070686E+01 0.713173432698E+01 0.187933835310E+01
-.223080722156E-01 0.376320255026E+01 0.713602968978E+01 0.189061893344E+01
-.132809594534E-01 0.376397982102E+01 0.714038569979E+01 0.190217451068E+01
-.395280870967E-02 0.376493169033E+01 0.714484477245E+01 0.191396566345E+01
0.491794259437E-02 0.376578567708E+01 0.714909610557E+01 0.192518294186E+01
0.137575803728E-01 0.376656173877E+01 0.715336545794E+01 0.193646344225E+01
0.226928628704E-01 0.376727797657E+01 0.715771230778E+01 0.194801746494E+01
0.315673680836E-01 0.376791766552E+01 0.716209949829E+01 0.195977306539E+01
0.406175262850E-01 0.376872164070E+01 0.716653280140E+01 0.197159081409E+01
0.493248732566E-01 0.376944043496E+01 0.717082593193E+01 0.198303270440E+01
0.579942731398E-01 0.377008487217E+01 0.717513049192E+01 0.199456070915E+01
0.666813911601E-01 0.377066063630E+01 0.717951608254E+01 0.200639376575E+01
0.752744612166E-01 0.377116074344E+01 0.718389744672E+01 0.201822772844E+01
0.840025906384E-01 0.377179551540E+01 0.718832965902E+01 0.203015226218E+01
0.925252351037E-01 0.377238341041E+01 0.719268300551E+01 0.204189597536E+01
0.100950453760E+00 0.377289472876E+01 0.719706161249E+01 0.205379525808E+01
0.109232796536E+00 0.377332015493E+01 0.720140809295E+01 0.206558062302E+01
0.117612495493E+00 0.377369438903E+01 0.720586113199E+01 0.207770116111E+01
0.125988417106E+00 0.377411270152E+01 0.721033083986E+01 0.208985692671E+01
0.134309655790E+00 0.377456804542E+01 0.721482775924E+01 0.210217222165E+01
0.142363337351E+00 0.377494080394E+01 0.721923558449E+01 0.211424598724E+01
0.150315116535E+00 0.377524216322E+01 0.722364740983E+01 0.212633094327E+01
0.158264896045E+00 0.377547831682E+01 0.722812226258E+01 0.213858932934E+01
0.166194191944E+00 0.377564923603E+01 0.723265686816E+01 0.215102500782E+01
0.174200049529E+00 0.377591773419E+01 0.723730472945E+01 0.216385689030E+01
0.181911201125E+00 0.377614680674E+01 0.724184949758E+01 0.217638605268E+01
0.189403767709E+00 0.377630140736E+01 0.724634881763E+01 0.218877976659E+01
0.196871091940E+00 0.377638856644E+01 0.725090754452E+01 0.220138484236E+01
0.204281387024E+00 0.377640668527E+01 0.725552851045E+01 0.221415280140E+01
0.211596442675E+00 0.377635236261E+01 0.726025888618E+01 0.222732933909E+01
0.218711670042E+00 0.377625563420E+01 0.726497617356E+01 0.224042103733E+01
0.225687591311E+00 0.377620664225E+01 0.726969921128E+01 0.225346376778E+01
0.232365884328E+00 0.377606683977E+01 0.727437710751E+01 0.226631132939E+01
0.238848841514E+00 0.377582650431E+01 0.727910366003E+01 0.227918587455E+01
0.245149540822E+00 0.377547373509E+01 0.728391837753E+01 0.229217384876E+01
0.251198664489E+00 0.377499859446E+01 0.728880688339E+01 0.230522450589E+01
0.256875785180E+00 0.377439775770E+01 0.729371743693E+01 0.231817931677E+01
0.262043015845E+00 0.377368236383E+01 0.729856127268E+01 0.233081909729E+01
0.265500159542E+00 0.377297682039E+01 0.730219684012E+01 0.233997319225E+01
0.263102972302E+00 0.377366623904E+01 0.729885733230E+01 0.233147240075E+01
0.263296252059E+00 0.377363973417E+01 0.729908267327E+01 0.233147272724E+01
0.263647683093E+00 0.377357802769E+01 0.729940001414E+01 0.233225677552E+01
0.264026495791E+00 0.377351795112E+01 0.729974898598E+01 0.233312479240E+01
0.264397080792E+00 0.377345662595E+01 0.730010866872E+01 0.233403200164E+01
0.264935788165E+00 0.377336169508E+01 0.730065052977E+01 0.233540244096E+01
0.265735475845E+00 0.377321512158E+01 0.730146704086E+01 0.233747252550E+01
0.266922170258E+00 0.377298807991E+01 0.730270073096E+01 0.234061015472E+01
0.268659912586E+00 0.377262991553E+01 0.730456949113E+01 0.234535734546E+01
0.271175884467E+00 0.377205325507E+01 0.730742363529E+01 0.235259952627E+01
0.274764379262E+00 0.377109949399E+01 0.731185544543E+01 0.236387075244E+01
0.278234811049E+00 0.377005688781E+01 0.731654903131E+01 0.237595160325E+01
0.281153764541E+00 0.376908579305E+01 0.732089243583E+01 0.238730781117E+01
0.283227187475E+00 0.376825753843E+01 0.732438399670E+01 0.239650958997E+01
0.285852179437E+00 0.376751910547E+01 0.732778279159E+01 0.240498600951E+01
0.288208715231E+00 0.376669670087E+01 0.733184767900E+01 0.241606587649E+01
0.290887205582E+00 0.376588636047E+01 0.733640752556E+01 0.242883811829E+01
0.294100421154E+00 0.376513279921E+01 0.734166632308E+01 0.244399764547E+01
0.297780552444E+00 0.376457218930E+01 0.734721601399E+01 0.246050667728E+01
0.302046492801E+00 0.376426968497E+01 0.735308202226E+01 0.247868704514E+01
0.306866210004E+00 0.376426190640E+01 0.735891556946E+01 0.249732537689E+01
0.312446266738E+00 0.376464747743E+01 0.736478664611E+01 0.251644647496E+01
0.318996148066E+00 0.376527199885E+01 0.737103915357E+01 0.253762063039E+01
0.326389148273E+00 0.376605367742E+01 0.737750088602E+01 0.256037611058E+01
0.335324952823E+00 0.376707828120E+01 0.738459079670E+01 0.258688008985E+01
0.346774505206E+00 0.376869698131E+01 0.739257802530E+01 0.261882328470E+01
0.361829938735E+00 0.377051077110E+01 0.740210764283E+01 0.266187666644E+01
