0.109411737522E+01 0.395341210226E+01 0.730034443828E+01 0.184710481218E+01
0.108716545805E+01 0.395195556536E+01 0.730033123168E+01 0.184708269400E+01
0.108725259648E+01 0.395197347005E+01 0.730033120732E+01 0.184707488472E+01
0.108754079722E+01 0.395204098792E+01 0.730033107162E+01 0.184705679965E+01
0.108781608730E+01 0.395210497780E+01 0.730033076992E+01 0.184702597177E+01
0.108804075123E+01 0.395215605091E+01 0.730032988940E+01 0.184697967062E+01
0.108821775566E+01 0.395219459749E+01 0.730032848139E+01 0.184691038581E+01
0.108835951085E+01 0.395222318768E+01 0.730032609964E+01 0.184680708313E+01
0.108847387645E+01 0.395224306344E+01 0.730032117541E+01 0.184665503226E+01
0.108856258706E+01 0.395225360740E+01 0.730031324868E+01 0.184642814028E+01
0.108862804613E+01 0.395225384508E+01 0.730029835040E+01 0.184609445075E+01
0.108868335893E+01 0.395224459976E+01 0.730027366361E+01 0.184560219753E+01
0.108872682014E+01 0.395222254435E+01 0.730022972226E+01 0.184487835777E+01
0.108871551422E+01 0.395217395791E+01 0.730015371650E+01 0.184381681891E+01
0.108853327483E+01 0.395206705801E+01 0.730002412359E+01 0.184226379983E+01
0.108797447343E+01 0.395184753213E+01 0.729980485173E+01 0.183999885120E+01
0.108673148959E+01 0.395143414157E+01 0.729943642963E+01 0.183670175513E+01
0.108435728670E+01 0.395070734405E+01 0.729881670768E+01 0.183190570735E+01
0.108020950362E+01 0.394949457576E+01 0.729779273207E+01 0.182493242035E+01
0.107339778868E+01 0.394755959120E+01 0.729613719037E+01 0.181499304125E+01
0.106303586291E+01 0.394467633597E+01 0.729363666528E+01 0.180158624797E+01
0.105134769465E+01 0.394146883201E+01 0.729085901375E+01 0.178785313928E+01
0.103896727853E+01 0.393809194553E+01 0.728791804146E+01 0.177418022563E+01
0.102595682444E+01 0.393456550642E+01 0.728486392239E+01 0.176064125782E+01
0.101236561097E+01 0.393090351173E+01 0.728173122892E+01 0.174729062538E+01
0.998307976796E+00 0.392713351578E+01 0.727855495380E+01 0.173419175053E+01
0.983825630645E+00 0.392326183898E+01 0.727534303084E+01 0.172132506802E+01
0.968953462126E+00 0.391929290289E+01 0.727210019950E+01 0.170866216271E+01
0.953750189028E+00 0.391523726637E+01 0.726883288961E+01 0.169618972381E+01
0.938278443029E+00 0.391110699712E+01 0.726554811433E+01 0.168389795925E+01
0.922556458893E+00 0.390690376972E+01 0.726224471177E+01 0.167178043237E+01
0.906615006007E+00 0.390263383289E+01 0.725892955735E+01 0.165983015259E+01
0.890550253977E+00 0.389831973676E+01 0.725561990313E+01 0.164809108223E+01
0.874365801201E+00 0.389395953636E+01 0.725231268582E+01 0.163653717079E+01
0.858133048655E+00 0.388956939671E+01 0.724901662984E+01 0.162518518680E+01
0.841950582645E+00 0.388517277631E+01 0.724574503697E+01 0.161406723836E+01
0.825885230460E+00 0.388078573547E+01 0.724250429308E+01 0.160319153679E+01
0.810074338956E+00 0.387644430198E+01 0.723931475773E+01 0.159261251821E+01
0.794622211740E+00 0.387217761332E+01 0.723619121541E+01 0.158236486006E+01
0.779704725384E+00 0.386803675875E+01 0.723316383257E+01 0.157253240814E+01
0.765528884807E+00 0.386408451428E+01 0.723027103380E+01 0.156322347044E+01
0.752315446141E+00 0.386039208367E+01 0.722755675816E+01 0.155456169550E+01
0.740227558013E+00 0.385703019657E+01 0.722505676884E+01 0.154664691673E+01
0.729610418077E+00 0.385413785516E+01 0.722284955127E+01 0.153970675016E+01
0.720679450378E+00 0.385173879272E+01 0.722098091071E+01 0.153386477611E+01
0.712486056195E+00 0.384956056524E+01 0.721925528960E+01 0.152849579080E+01
0.704696767221E+00 0.384751177802E+01 0.721760263134E+01 0.152337613024E+01
0.697208124913E+00 0.384557149040E+01 0.721600251715E+01 0.151843935324E+01
0.689994997314E+00 0.384373502455E+01 0.721445018917E+01 0.151366834743E+01
0.682993016067E+00 0.384199268714E+01 0.721293291091E+01 0.150902197388E+01
0.676176124618E+00 0.384033960670E+01 0.721144493640E+01 0.150448109129E+01
0.669507842592E+00 0.383876164162E+01 0.720997717242E+01 0.150001669140E+01
0.662942023938E+00 0.383723487623E+01 0.720851726970E+01 0.149559029773E+01
0.656441494708E+00 0.383572783716E+01 0.720705368837E+01 0.149116635931E+01
0.649928654635E+00 0.383427698600E+01 0.720557748195E+01 0.148671892737E+01
0.643502039038E+00 0.383283887036E+01 0.720409806836E+01 0.148227615626E+01
0.637049418735E+00 0.383141023992E+01 0.720259467778E+01 0.147777515137E+01
0.630600361778E+00 0.383001186999E+01 0.720107412582E+01 0.147323637301E+01
0.624163040339E+00 0.382860033205E+01 0.719953119309E+01 0.146864414593E+01
0.617696605083E+00 0.382723378863E+01 0.719796301199E+01 0.146399013504E+01
0.611240762212E+00 0.382583517107E+01 0.719636806942E+01 0.145926989488E+01
0.604766414943E+00 0.382449078359E+01 0.719474426833E+01 0.145447753938E+01
0.598268038421E+00 0.382310324256E+01 0.719308489246E+01 0.144959336366E+01
0.591797921175E+00 0.382176699023E+01 0.719139627004E+01 0.144463643305E+01
0.585255860170E+00 0.382039269365E+01 0.718966159494E+01 0.143955756066E+01
0.578788496160E+00 0.381904457700E+01 0.718789696807E+01 0.143440443002E+01
0.572251682258E+00 0.381769392782E+01 0.718608009404E+01 0.142911211518E+01
0.565725865870E+00 0.381629980521E+01 0.718422371791E+01 0.142371829147E+01
0.559362144449E+00 0.381500187385E+01 0.718232860790E+01 0.141822553350E+01
0.552680479863E+00 0.381356976397E+01 0.718035185762E+01 0.141251122519E+01
0.546522534355E+00 0.381227623874E+01 0.717837291961E+01 0.140680629206E+01
0.539941418590E+00 0.381088457188E+01 0.717627397494E+01 0.140076965354E+01
0.533444876139E+00 0.380944279266E+01 0.717416311294E+01 0.139471436195E+01
0.527773883547E+00 0.380821708838E+01 0.717202080093E+01 0.138858318828E+01
0.521010023450E+00 0.380673232343E+01 0.716968157424E+01 0.138190175380E+01
0.514982446417E+00 0.380534079254E+01 0.716742036727E+01 0.137546019602E+01
0.509633925588E+00 0.380409804186E+01 0.716505918141E+01 0.136874669668E+01
0.503113428161E+00 0.380258950446E+01 0.716250134103E+01 0.136148716072E+01
0.497434039450E+00 0.380118988319E+01 0.716004542401E+01 0.135453450991E+01
0.492897804016E+00 0.379999715632E+01 0.715748040380E+01 0.134728458863E+01
0.486883237695E+00 0.379849545877E+01 0.715465142253E+01 0.133929943415E+01
0.481133630542E+00 0.379699960821E+01 0.715196109770E+01 0.133172488318E+01
0.478001872342E+00 0.379594563917E+01 0.714927318849E+01 0.132417195667E+01
0.473003879130E+00 0.379450821144E+01 0.714612636728E+01 0.131533447714E+01
0.467795441748E+00 0.379302962053E+01 0.714316379469E+01 0.130703735667E+01
0.464531861696E+00 0.379184335017E+01 0.714026470922E+01 0.129893217404E+01
0.461644544865E+00 0.379066558570E+01 0.713707711980E+01 0.129002356499E+01
0.457775127206E+00 0.378929627594E+01 0.713376168807E+01 0.128076795700E+01
0.453630061376E+00 0.378787183849E+01 0.713056033209E+01 0.127184762148E+01
0.452182689766E+00 0.378685760342E+01 0.712741532369E+01 0.126309351813E+01
0.450390214995E+00 0.378570095197E+01 0.712385268027E+01 0.125316973065E+01
0.447894661424E+00 0.378443532802E+01 0.712030507311E+01 0.124329922475E+01
0.445037153816E+00 0.378311094091E+01 0.711684328202E+01 0.123368153650E+01
0.444118948614E+00 0.378207099927E+01 0.711343962261E+01 0.122423468315E+01
0.443857065425E+00 0.378106309225E+01 0.710975386384E+01 0.121399694189E+01
0.442958516261E+00 0.377993642683E+01 0.710595586978E+01 0.120344760362E+01
0.441589189568E+00 0.377875150962E+01 0.710223411295E+01 0.119311743287E+01
0.439897543737E+00 0.377751608411E+01 0.709857131397E+01 0.118295575409E+01
0.440962915985E+00 0.377668893421E+01 0.709495874759E+01 0.117293159232E+01
0.441681413084E+00 0.377571806904E+01 0.709094952336E+01 0.116178297455E+01
0.441853076115E+00 0.377469204284E+01 0.708700361043E+01 0.115081098075E+01
0.441567341105E+00 0.377361297945E+01 0.708311193783E+01 0.113998841207E+01
0.440906038423E+00 0.377248575200E+01 0.707927289945E+01 0.112931199857E+01
0.442087244269E+00 0.377162939902E+01 0.707548321352E+01 0.111876966783E+01
0.443610057618E+00 0.377076661580E+01 0.707144654557E+01 0.110751697370E+01
0.444683004506E+00 0.376984309990E+01 0.706737822490E+01 0.109616525730E+01
0.445275705754E+00 0.376886987940E+01 0.706335546196E+01 0.108493341957E+01
0.445427477691E+00 0.376784806505E+01 0.705938144293E+01 0.107383012284E+01
0.445649475201E+00 0.376684515944E+01 0.705545573991E+01 0.106285228519E+01
0.447557951184E+00 0.376608012146E+01 0.705152142674E+01 0.105183220956E+01
0.449236342658E+00 0.376524267505E+01 0.704738234718E+01 0.104020794228E+01
0.450450469446E+00 0.376436132112E+01 0.704328139864E+01 0.102867609656E+01
0.451197686648E+00 0.376343264237E+01 0.703922197524E+01 0.101724575964E+01
0.451495186440E+00 0.376245586818E+01 0.703520879387E+01 0.100593052260E+01
0.452262956451E+00 0.376155639518E+01 0.703124439537E+01 0.994737658103E+00
0.454076418688E+00 0.376079475527E+01 0.702722456211E+01 0.983363115013E+00
0.455617197805E+00 0.375997929580E+01 0.702309416541E+01 0.971645384466E+00
0.456723904242E+00 0.375912211218E+01 0.701899789720E+01 0.960004281290E+00
0.457383249608E+00 0.375821943160E+01 0.701494114442E+01 0.948455225136E+00
0.457602498302E+00 0.375726959886E+01 0.701092827158E+01 0.937011337662E+00
0.458745846044E+00 0.375645956925E+01 0.700696456791E+01 0.925683420897E+00
0.460321579689E+00 0.375569354181E+01 0.700290334553E+01 0.914039593925E+00
0.461579970482E+00 0.375488533207E+01 0.699880967316E+01 0.902271599730E+00
0.462428440622E+00 0.375403627074E+01 0.699474961089E+01 0.890574898439E+00
0.462853564036E+00 0.375314286224E+01 0.699072856831E+01 0.878966538522E+00
0.463059809741E+00 0.375223081478E+01 0.698675042799E+01 0.867458539979E+00
0.464501670498E+00 0.375149759944E+01 0.698280180370E+01 0.856004561613E+00
0.465769596932E+00 0.375072047594E+01 0.697873629104E+01 0.844170296895E+00
0.466683141428E+00 0.374990802240E+01 0.697469871306E+01 0.832389661093E+00
0.467208376420E+00 0.374905488949E+01 0.697069484952E+01 0.820683218919E+00
0.467338441779E+00 0.374815860146E+01 0.696672975656E+01 0.809068125883E+00
0.468322841275E+00 0.374739023582E+01 0.696281124186E+01 0.797560728424E+00
0.469489793157E+00 0.374663422496E+01 0.695881608566E+01 0.785788161271E+00
0.470381441443E+00 0.374584468276E+01 0.695481648029E+01 0.773970740320E+00
0.470929173578E+00 0.374501875592E+01 0.695084772610E+01 0.762216956333E+00
0.471118248357E+00 0.374415348920E+01 0.694691429600E+01 0.750541835833E+00
0.471935062254E+00 0.374338319164E+01 0.694302466437E+01 0.738964988556E+00
0.473000798154E+00 0.374263886673E+01 0.693908515951E+01 0.727198061073E+00
0.473833931481E+00 0.374186424846E+01 0.693513681331E+01 0.715369189317E+00
0.474360521116E+00 0.374105633931E+01 0.693121752589E+01 0.703596783745E+00
0.474561664568E+00 0.374021172754E+01 0.692733156307E+01 0.691895710143E+00
0.475568377882E+00 0.373948639650E+01 0.692348951947E+01 0.680289391511E+00
0.476574956528E+00 0.373874934472E+01 0.691958644789E+01 0.668453071140E+00
0.477348167248E+00 0.373798566242E+01 0.691569762706E+01 0.656624458681E+00
0.477838041454E+00 0.373719023915E+01 0.691183801833E+01 0.644852521931E+00
0.478436526078E+00 0.373641641401E+01 0.690801427414E+01 0.633155516911E+00
0.479525843798E+00 0.373571065669E+01 0.690419474351E+01 0.621427786420E+00
0.480473997793E+00 0.373498086467E+01 0.690034718784E+01 0.609574937992E+00
0.481182598076E+00 0.373422373408E+01 0.689652361259E+01 0.597763983272E+00
0.481727769966E+00 0.373345064865E+01 0.689273013668E+01 0.586014569135E+00
0.482913908914E+00 0.373277007469E+01 0.688896850831E+01 0.574320830515E+00
0.484010485544E+00 0.373206897716E+01 0.688516579050E+01 0.562453337545E+00
0.484902040523E+00 0.373134459570E+01 0.688138517920E+01 0.550619495424E+00
0.485622932838E+00 0.373060243429E+01 0.687763313061E+01 0.538841507617E+00
0.486930513732E+00 0.372994549641E+01 0.687391554938E+01 0.527125779155E+00
0.488161200590E+00 0.372927017223E+01 0.687016329316E+01 0.515252775184E+00
0.489210123980E+00 0.372857439170E+01 0.686643303500E+01 0.503411900732E+00
0.490263704358E+00 0.372788430361E+01 0.686273323026E+01 0.491628801471E+00
0.491715946312E+00 0.372725100214E+01 0.685905321819E+01 0.479858579226E+00
0.493078904545E+00 0.372660096740E+01 0.685535705576E+01 0.467988469640E+00
0.494271797833E+00 0.372593186100E+01 0.685168443623E+01 0.456154751362E+00
0.495766310075E+00 0.372530931922E+01 0.684804759464E+01 0.444391172786E+00
0.497379158406E+00 0.372469948422E+01 0.684440309508E+01 0.432554305390E+00
0.498875367465E+00 0.372407486509E+01 0.684076769742E+01 0.420704023217E+00
0.500418282615E+00 0.372346138565E+01 0.683716232868E+01 0.408907126524E+00
0.502252526493E+00 0.372288891647E+01 0.683357787906E+01 0.397122328215E+00
0.504017313110E+00 0.372230495241E+01 0.682998967694E+01 0.385273281384E+00
0.505729619054E+00 0.372171863540E+01 0.682642927403E+01 0.373470296910E+00
0.507783497344E+00 0.372118212095E+01 0.682290435524E+01 0.361723720422E+00
0.509790469780E+00 0.372063618552E+01 0.681937354240E+01 0.349900182284E+00
0.511744519803E+00 0.372008812925E+01 0.681587185016E+01 0.338126553919E+00
0.514017388951E+00 0.371958782524E+01 0.681240832547E+01 0.326428408139E+00
0.516248120162E+00 0.371908073677E+01 0.680894751239E+01 0.314685572866E+00
0.518488008081E+00 0.371857965415E+01 0.680551889756E+01 0.303001716876E+00
0.520969422424E+00 0.371811584922E+01 0.680213008537E+01 0.291389019860E+00
0.523399644724E+00 0.371764762255E+01 0.679875994669E+01 0.279785264399E+00
0.525934822660E+00 0.371719972340E+01 0.679543437160E+01 0.268276849031E+00
0.528600376217E+00 0.371677467532E+01 0.679214842465E+01 0.256841980436E+00
0.531196912408E+00 0.371634660786E+01 0.678889513792E+01 0.245482275735E+00
0.534007473684E+00 0.371595651789E+01 0.678570455140E+01 0.234287582286E+00
0.536818131631E+00 0.371557428999E+01 0.678255844485E+01 0.223198262400E+00
0.539615370026E+00 0.371520278833E+01 0.677947706639E+01 0.212294013269E+00
0.542551814307E+00 0.371486620185E+01 0.677648681273E+01 0.201658463303E+00
0.545380962238E+00 0.371453740910E+01 0.677359509049E+01 0.191341791654E+00
0.548235307041E+00 0.371423915510E+01 0.677083369209E+01 0.181453205251E+00
0.551019598728E+00 0.371397051758E+01 0.676824314692E+01 0.172174586441E+00
0.553564907038E+00 0.371372418220E+01 0.676587528373E+01 0.163709103663E+00
0.555869239024E+00 0.371353236488E+01 0.676387055046E+01 0.156585728372E+00
0.557481749067E+00 0.371342781153E+01 0.676258842057E+01 0.152223750243E+00
0.558160842298E+00 0.371341019879E+01 0.676215081856E+01 0.151005220983E+00
0.558262808329E+00 0.371342519774E+01 0.676215421275E+01 0.151226567479E+00
0.558275261585E+00 0.371342500950E+01 0.676214700201E+01 0.151202730147E+00
0.558267814154E+00 0.371342505993E+01 0.676214977042E+01 0.151219824902E+00
